[35m[1mConsolidate compiler generated dependencies of target turtlesim_pkg_msgs__rosidl_generator_c[0m
[  2%] Built target turtlesim_pkg_msgs__cpp
[ 12%] Built target turtlesim_pkg_msgs__rosidl_generator_c
[ 12%] Built target ament_cmake_python_copy_turtlesim_pkg_msgs
[35m[1mConsolidate compiler generated dependencies of target turtlesim_pkg_msgs__rosidl_typesupport_c[0m
[35m[1mConsolidate compiler generated dependencies of target turtlesim_pkg_msgs__rosidl_typesupport_introspection_c[0m
[35m[1mConsolidate compiler generated dependencies of target turtlesim_pkg_msgs__rosidl_typesupport_fastrtps_c[0m
[35m[1mConsolidate compiler generated dependencies of target turtlesim_pkg_msgs__rosidl_typesupport_cpp[0m
[35m[1mConsolidate compiler generated dependencies of target turtlesim_pkg_msgs__rosidl_typesupport_introspection_cpp[0m
[35m[1mConsolidate compiler generated dependencies of target turtlesim_pkg_msgs__rosidl_typesupport_fastrtps_cpp[0m
[ 23%] Built target turtlesim_pkg_msgs__rosidl_typesupport_cpp
[ 34%] Built target turtlesim_pkg_msgs__rosidl_typesupport_introspection_c
[ 55%] Built target turtlesim_pkg_msgs__rosidl_typesupport_introspection_cpp
[ 55%] Built target turtlesim_pkg_msgs__rosidl_typesupport_fastrtps_c
[ 65%] Built target turtlesim_pkg_msgs__rosidl_typesupport_c
[ 76%] Built target turtlesim_pkg_msgs__rosidl_typesupport_fastrtps_cpp
[ 76%] Built target turtlesim_pkg_msgs
[ 78%] Built target turtlesim_pkg_msgs__py
[35m[1mConsolidate compiler generated dependencies of target turtlesim_pkg_msgs__rosidl_generator_py[0m
[ 87%] Built target turtlesim_pkg_msgs__rosidl_generator_py
[35m[1mConsolidate compiler generated dependencies of target turtlesim_pkg_msgs__rosidl_typesupport_introspection_c__pyext[0m
[35m[1mConsolidate compiler generated dependencies of target turtlesim_pkg_msgs__rosidl_typesupport_fastrtps_c__pyext[0m
[35m[1mConsolidate compiler generated dependencies of target turtlesim_pkg_msgs__rosidl_typesupport_c__pyext[0m
[100%] Built target turtlesim_pkg_msgs__rosidl_typesupport_c__pyext
[100%] Built target turtlesim_pkg_msgs__rosidl_typesupport_fastrtps_c__pyext
[100%] Built target turtlesim_pkg_msgs__rosidl_typesupport_introspection_c__pyext
running egg_info
writing turtlesim_pkg_msgs.egg-info/PKG-INFO
writing dependency_links to turtlesim_pkg_msgs.egg-info/dependency_links.txt
writing top-level names to turtlesim_pkg_msgs.egg-info/top_level.txt
reading manifest file 'turtlesim_pkg_msgs.egg-info/SOURCES.txt'
writing manifest file 'turtlesim_pkg_msgs.egg-info/SOURCES.txt'
[100%] Built target ament_cmake_python_build_turtlesim_pkg_msgs_egg
-- Install configuration: ""
-- Up-to-date: /home/sjmock/ros2_ws/src/install/turtlesim_pkg_msgs/share/ament_index/resource_index/rosidl_interfaces/turtlesim_pkg_msgs
-- Up-to-date: /home/sjmock/ros2_ws/src/install/turtlesim_pkg_msgs/include/turtlesim_pkg_msgs/turtlesim_pkg_msgs
-- Up-to-date: /home/sjmock/ros2_ws/src/install/turtlesim_pkg_msgs/include/turtlesim_pkg_msgs/turtlesim_pkg_msgs/srv
-- Up-to-date: /home/sjmock/ros2_ws/src/install/turtlesim_pkg_msgs/include/turtlesim_pkg_msgs/turtlesim_pkg_msgs/srv/detail
-- Up-to-date: /home/sjmock/ros2_ws/src/install/turtlesim_pkg_msgs/include/turtlesim_pkg_msgs/turtlesim_pkg_msgs/srv/detail/catch_turtle__struct.h
-- Up-to-date: /home/sjmock/ros2_ws/src/install/turtlesim_pkg_msgs/include/turtlesim_pkg_msgs/turtlesim_pkg_msgs/srv/detail/catch_turtle__functions.h
-- Up-to-date: /home/sjmock/ros2_ws/src/install/turtlesim_pkg_msgs/include/turtlesim_pkg_msgs/turtlesim_pkg_msgs/srv/detail/catch_turtle__type_support.h
-- Up-to-date: /home/sjmock/ros2_ws/src/install/turtlesim_pkg_msgs/include/turtlesim_pkg_msgs/turtlesim_pkg_msgs/srv/detail/catch_turtle__functions.c
-- Up-to-date: /home/sjmock/ros2_ws/src/install/turtlesim_pkg_msgs/include/turtlesim_pkg_msgs/turtlesim_pkg_msgs/srv/catch_turtle.h
-- Up-to-date: /home/sjmock/ros2_ws/src/install/turtlesim_pkg_msgs/include/turtlesim_pkg_msgs/turtlesim_pkg_msgs/msg
-- Up-to-date: /home/sjmock/ros2_ws/src/install/turtlesim_pkg_msgs/include/turtlesim_pkg_msgs/turtlesim_pkg_msgs/msg/turtle.h
-- Up-to-date: /home/sjmock/ros2_ws/src/install/turtlesim_pkg_msgs/include/turtlesim_pkg_msgs/turtlesim_pkg_msgs/msg/detail
-- Up-to-date: /home/sjmock/ros2_ws/src/install/turtlesim_pkg_msgs/include/turtlesim_pkg_msgs/turtlesim_pkg_msgs/msg/detail/turtle_array__functions.h
-- Up-to-date: /home/sjmock/ros2_ws/src/install/turtlesim_pkg_msgs/include/turtlesim_pkg_msgs/turtlesim_pkg_msgs/msg/detail/turtle__type_support.h
-- Up-to-date: /home/sjmock/ros2_ws/src/install/turtlesim_pkg_msgs/include/turtlesim_pkg_msgs/turtlesim_pkg_msgs/msg/detail/turtle_array__functions.c
-- Up-to-date: /home/sjmock/ros2_ws/src/install/turtlesim_pkg_msgs/include/turtlesim_pkg_msgs/turtlesim_pkg_msgs/msg/detail/turtle_array__type_support.h
-- Up-to-date: /home/sjmock/ros2_ws/src/install/turtlesim_pkg_msgs/include/turtlesim_pkg_msgs/turtlesim_pkg_msgs/msg/detail/turtle_array__struct.h
-- Up-to-date: /home/sjmock/ros2_ws/src/install/turtlesim_pkg_msgs/include/turtlesim_pkg_msgs/turtlesim_pkg_msgs/msg/detail/turtle__struct.h
-- Up-to-date: /home/sjmock/ros2_ws/src/install/turtlesim_pkg_msgs/include/turtlesim_pkg_msgs/turtlesim_pkg_msgs/msg/detail/turtle__functions.c
-- Up-to-date: /home/sjmock/ros2_ws/src/install/turtlesim_pkg_msgs/include/turtlesim_pkg_msgs/turtlesim_pkg_msgs/msg/detail/turtle__functions.h
-- Up-to-date: /home/sjmock/ros2_ws/src/install/turtlesim_pkg_msgs/include/turtlesim_pkg_msgs/turtlesim_pkg_msgs/msg/rosidl_generator_c__visibility_control.h
-- Up-to-date: /home/sjmock/ros2_ws/src/install/turtlesim_pkg_msgs/include/turtlesim_pkg_msgs/turtlesim_pkg_msgs/msg/turtle_array.h
-- Up-to-date: /home/sjmock/ros2_ws/src/install/turtlesim_pkg_msgs/share/turtlesim_pkg_msgs/environment/library_path.sh
-- Up-to-date: /home/sjmock/ros2_ws/src/install/turtlesim_pkg_msgs/share/turtlesim_pkg_msgs/environment/library_path.dsv
-- Up-to-date: /home/sjmock/ros2_ws/src/install/turtlesim_pkg_msgs/lib/libturtlesim_pkg_msgs__rosidl_generator_c.so
-- Up-to-date: /home/sjmock/ros2_ws/src/install/turtlesim_pkg_msgs/include/turtlesim_pkg_msgs/turtlesim_pkg_msgs
-- Up-to-date: /home/sjmock/ros2_ws/src/install/turtlesim_pkg_msgs/include/turtlesim_pkg_msgs/turtlesim_pkg_msgs/srv
-- Up-to-date: /home/sjmock/ros2_ws/src/install/turtlesim_pkg_msgs/include/turtlesim_pkg_msgs/turtlesim_pkg_msgs/srv/detail
-- Up-to-date: /home/sjmock/ros2_ws/src/install/turtlesim_pkg_msgs/include/turtlesim_pkg_msgs/turtlesim_pkg_msgs/srv/detail/catch_turtle__rosidl_typesupport_fastrtps_c.h
-- Up-to-date: /home/sjmock/ros2_ws/src/install/turtlesim_pkg_msgs/include/turtlesim_pkg_msgs/turtlesim_pkg_msgs/msg
-- Up-to-date: /home/sjmock/ros2_ws/src/install/turtlesim_pkg_msgs/include/turtlesim_pkg_msgs/turtlesim_pkg_msgs/msg/rosidl_typesupport_fastrtps_c__visibility_control.h
-- Up-to-date: /home/sjmock/ros2_ws/src/install/turtlesim_pkg_msgs/include/turtlesim_pkg_msgs/turtlesim_pkg_msgs/msg/detail
-- Up-to-date: /home/sjmock/ros2_ws/src/install/turtlesim_pkg_msgs/include/turtlesim_pkg_msgs/turtlesim_pkg_msgs/msg/detail/turtle__rosidl_typesupport_fastrtps_c.h
-- Up-to-date: /home/sjmock/ros2_ws/src/install/turtlesim_pkg_msgs/include/turtlesim_pkg_msgs/turtlesim_pkg_msgs/msg/detail/turtle_array__rosidl_typesupport_fastrtps_c.h
-- Up-to-date: /home/sjmock/ros2_ws/src/install/turtlesim_pkg_msgs/lib/libturtlesim_pkg_msgs__rosidl_typesupport_fastrtps_c.so
-- Up-to-date: /home/sjmock/ros2_ws/src/install/turtlesim_pkg_msgs/include/turtlesim_pkg_msgs/turtlesim_pkg_msgs
-- Up-to-date: /home/sjmock/ros2_ws/src/install/turtlesim_pkg_msgs/include/turtlesim_pkg_msgs/turtlesim_pkg_msgs/srv
-- Up-to-date: /home/sjmock/ros2_ws/src/install/turtlesim_pkg_msgs/include/turtlesim_pkg_msgs/turtlesim_pkg_msgs/srv/detail
-- Up-to-date: /home/sjmock/ros2_ws/src/install/turtlesim_pkg_msgs/include/turtlesim_pkg_msgs/turtlesim_pkg_msgs/srv/detail/catch_turtle__rosidl_typesupport_introspection_c.h
-- Up-to-date: /home/sjmock/ros2_ws/src/install/turtlesim_pkg_msgs/include/turtlesim_pkg_msgs/turtlesim_pkg_msgs/srv/detail/catch_turtle__type_support.c
-- Up-to-date: /home/sjmock/ros2_ws/src/install/turtlesim_pkg_msgs/include/turtlesim_pkg_msgs/turtlesim_pkg_msgs/msg
-- Up-to-date: /home/sjmock/ros2_ws/src/install/turtlesim_pkg_msgs/include/turtlesim_pkg_msgs/turtlesim_pkg_msgs/msg/rosidl_typesupport_introspection_c__visibility_control.h
-- Up-to-date: /home/sjmock/ros2_ws/src/install/turtlesim_pkg_msgs/include/turtlesim_pkg_msgs/turtlesim_pkg_msgs/msg/detail
-- Up-to-date: /home/sjmock/ros2_ws/src/install/turtlesim_pkg_msgs/include/turtlesim_pkg_msgs/turtlesim_pkg_msgs/msg/detail/turtle__rosidl_typesupport_introspection_c.h
-- Up-to-date: /home/sjmock/ros2_ws/src/install/turtlesim_pkg_msgs/include/turtlesim_pkg_msgs/turtlesim_pkg_msgs/msg/detail/turtle_array__rosidl_typesupport_introspection_c.h
-- Up-to-date: /home/sjmock/ros2_ws/src/install/turtlesim_pkg_msgs/include/turtlesim_pkg_msgs/turtlesim_pkg_msgs/msg/detail/turtle_array__type_support.c
-- Up-to-date: /home/sjmock/ros2_ws/src/install/turtlesim_pkg_msgs/include/turtlesim_pkg_msgs/turtlesim_pkg_msgs/msg/detail/turtle__type_support.c
-- Up-to-date: /home/sjmock/ros2_ws/src/install/turtlesim_pkg_msgs/lib/libturtlesim_pkg_msgs__rosidl_typesupport_introspection_c.so
-- Up-to-date: /home/sjmock/ros2_ws/src/install/turtlesim_pkg_msgs/lib/libturtlesim_pkg_msgs__rosidl_typesupport_c.so
-- Up-to-date: /home/sjmock/ros2_ws/src/install/turtlesim_pkg_msgs/include/turtlesim_pkg_msgs/turtlesim_pkg_msgs
-- Up-to-date: /home/sjmock/ros2_ws/src/install/turtlesim_pkg_msgs/include/turtlesim_pkg_msgs/turtlesim_pkg_msgs/srv
-- Up-to-date: /home/sjmock/ros2_ws/src/install/turtlesim_pkg_msgs/include/turtlesim_pkg_msgs/turtlesim_pkg_msgs/srv/catch_turtle.hpp
-- Up-to-date: /home/sjmock/ros2_ws/src/install/turtlesim_pkg_msgs/include/turtlesim_pkg_msgs/turtlesim_pkg_msgs/srv/detail
-- Up-to-date: /home/sjmock/ros2_ws/src/install/turtlesim_pkg_msgs/include/turtlesim_pkg_msgs/turtlesim_pkg_msgs/srv/detail/catch_turtle__traits.hpp
-- Up-to-date: /home/sjmock/ros2_ws/src/install/turtlesim_pkg_msgs/include/turtlesim_pkg_msgs/turtlesim_pkg_msgs/srv/detail/catch_turtle__struct.hpp
-- Up-to-date: /home/sjmock/ros2_ws/src/install/turtlesim_pkg_msgs/include/turtlesim_pkg_msgs/turtlesim_pkg_msgs/srv/detail/catch_turtle__builder.hpp
-- Up-to-date: /home/sjmock/ros2_ws/src/install/turtlesim_pkg_msgs/include/turtlesim_pkg_msgs/turtlesim_pkg_msgs/msg
-- Up-to-date: /home/sjmock/ros2_ws/src/install/turtlesim_pkg_msgs/include/turtlesim_pkg_msgs/turtlesim_pkg_msgs/msg/detail
-- Up-to-date: /home/sjmock/ros2_ws/src/install/turtlesim_pkg_msgs/include/turtlesim_pkg_msgs/turtlesim_pkg_msgs/msg/detail/turtle_array__traits.hpp
-- Up-to-date: /home/sjmock/ros2_ws/src/install/turtlesim_pkg_msgs/include/turtlesim_pkg_msgs/turtlesim_pkg_msgs/msg/detail/turtle__struct.hpp
-- Up-to-date: /home/sjmock/ros2_ws/src/install/turtlesim_pkg_msgs/include/turtlesim_pkg_msgs/turtlesim_pkg_msgs/msg/detail/turtle__traits.hpp
-- Up-to-date: /home/sjmock/ros2_ws/src/install/turtlesim_pkg_msgs/include/turtlesim_pkg_msgs/turtlesim_pkg_msgs/msg/detail/turtle__builder.hpp
-- Up-to-date: /home/sjmock/ros2_ws/src/install/turtlesim_pkg_msgs/include/turtlesim_pkg_msgs/turtlesim_pkg_msgs/msg/detail/turtle_array__builder.hpp
-- Up-to-date: /home/sjmock/ros2_ws/src/install/turtlesim_pkg_msgs/include/turtlesim_pkg_msgs/turtlesim_pkg_msgs/msg/detail/turtle_array__struct.hpp
-- Up-to-date: /home/sjmock/ros2_ws/src/install/turtlesim_pkg_msgs/include/turtlesim_pkg_msgs/turtlesim_pkg_msgs/msg/turtle.hpp
-- Up-to-date: /home/sjmock/ros2_ws/src/install/turtlesim_pkg_msgs/include/turtlesim_pkg_msgs/turtlesim_pkg_msgs/msg/turtle_array.hpp
-- Up-to-date: /home/sjmock/ros2_ws/src/install/turtlesim_pkg_msgs/include/turtlesim_pkg_msgs/turtlesim_pkg_msgs
-- Up-to-date: /home/sjmock/ros2_ws/src/install/turtlesim_pkg_msgs/include/turtlesim_pkg_msgs/turtlesim_pkg_msgs/srv
-- Up-to-date: /home/sjmock/ros2_ws/src/install/turtlesim_pkg_msgs/include/turtlesim_pkg_msgs/turtlesim_pkg_msgs/srv/detail
-- Up-to-date: /home/sjmock/ros2_ws/src/install/turtlesim_pkg_msgs/include/turtlesim_pkg_msgs/turtlesim_pkg_msgs/srv/detail/catch_turtle__rosidl_typesupport_fastrtps_cpp.hpp
-- Up-to-date: /home/sjmock/ros2_ws/src/install/turtlesim_pkg_msgs/include/turtlesim_pkg_msgs/turtlesim_pkg_msgs/srv/detail/dds_fastrtps
-- Up-to-date: /home/sjmock/ros2_ws/src/install/turtlesim_pkg_msgs/include/turtlesim_pkg_msgs/turtlesim_pkg_msgs/msg
-- Up-to-date: /home/sjmock/ros2_ws/src/install/turtlesim_pkg_msgs/include/turtlesim_pkg_msgs/turtlesim_pkg_msgs/msg/detail
-- Up-to-date: /home/sjmock/ros2_ws/src/install/turtlesim_pkg_msgs/include/turtlesim_pkg_msgs/turtlesim_pkg_msgs/msg/detail/turtle__rosidl_typesupport_fastrtps_cpp.hpp
-- Up-to-date: /home/sjmock/ros2_ws/src/install/turtlesim_pkg_msgs/include/turtlesim_pkg_msgs/turtlesim_pkg_msgs/msg/detail/dds_fastrtps
-- Up-to-date: /home/sjmock/ros2_ws/src/install/turtlesim_pkg_msgs/include/turtlesim_pkg_msgs/turtlesim_pkg_msgs/msg/detail/turtle_array__rosidl_typesupport_fastrtps_cpp.hpp
-- Up-to-date: /home/sjmock/ros2_ws/src/install/turtlesim_pkg_msgs/include/turtlesim_pkg_msgs/turtlesim_pkg_msgs/msg/rosidl_typesupport_fastrtps_cpp__visibility_control.h
-- Up-to-date: /home/sjmock/ros2_ws/src/install/turtlesim_pkg_msgs/lib/libturtlesim_pkg_msgs__rosidl_typesupport_fastrtps_cpp.so
-- Up-to-date: /home/sjmock/ros2_ws/src/install/turtlesim_pkg_msgs/include/turtlesim_pkg_msgs/turtlesim_pkg_msgs
-- Up-to-date: /home/sjmock/ros2_ws/src/install/turtlesim_pkg_msgs/include/turtlesim_pkg_msgs/turtlesim_pkg_msgs/srv
-- Up-to-date: /home/sjmock/ros2_ws/src/install/turtlesim_pkg_msgs/include/turtlesim_pkg_msgs/turtlesim_pkg_msgs/srv/detail
-- Up-to-date: /home/sjmock/ros2_ws/src/install/turtlesim_pkg_msgs/include/turtlesim_pkg_msgs/turtlesim_pkg_msgs/srv/detail/catch_turtle__rosidl_typesupport_introspection_cpp.hpp
-- Up-to-date: /home/sjmock/ros2_ws/src/install/turtlesim_pkg_msgs/include/turtlesim_pkg_msgs/turtlesim_pkg_msgs/srv/detail/catch_turtle__type_support.cpp
-- Up-to-date: /home/sjmock/ros2_ws/src/install/turtlesim_pkg_msgs/include/turtlesim_pkg_msgs/turtlesim_pkg_msgs/msg
-- Up-to-date: /home/sjmock/ros2_ws/src/install/turtlesim_pkg_msgs/include/turtlesim_pkg_msgs/turtlesim_pkg_msgs/msg/detail
-- Up-to-date: /home/sjmock/ros2_ws/src/install/turtlesim_pkg_msgs/include/turtlesim_pkg_msgs/turtlesim_pkg_msgs/msg/detail/turtle__rosidl_typesupport_introspection_cpp.hpp
-- Up-to-date: /home/sjmock/ros2_ws/src/install/turtlesim_pkg_msgs/include/turtlesim_pkg_msgs/turtlesim_pkg_msgs/msg/detail/turtle_array__rosidl_typesupport_introspection_cpp.hpp
-- Up-to-date: /home/sjmock/ros2_ws/src/install/turtlesim_pkg_msgs/include/turtlesim_pkg_msgs/turtlesim_pkg_msgs/msg/detail/turtle__type_support.cpp
-- Up-to-date: /home/sjmock/ros2_ws/src/install/turtlesim_pkg_msgs/include/turtlesim_pkg_msgs/turtlesim_pkg_msgs/msg/detail/turtle_array__type_support.cpp
-- Up-to-date: /home/sjmock/ros2_ws/src/install/turtlesim_pkg_msgs/lib/libturtlesim_pkg_msgs__rosidl_typesupport_introspection_cpp.so
-- Up-to-date: /home/sjmock/ros2_ws/src/install/turtlesim_pkg_msgs/lib/libturtlesim_pkg_msgs__rosidl_typesupport_cpp.so
-- Up-to-date: /home/sjmock/ros2_ws/src/install/turtlesim_pkg_msgs/share/turtlesim_pkg_msgs/environment/pythonpath.sh
-- Up-to-date: /home/sjmock/ros2_ws/src/install/turtlesim_pkg_msgs/share/turtlesim_pkg_msgs/environment/pythonpath.dsv
-- Up-to-date: /home/sjmock/ros2_ws/src/install/turtlesim_pkg_msgs/local/lib/python3.10/dist-packages/turtlesim_pkg_msgs-0.0.0-py3.10.egg-info
-- Installing: /home/sjmock/ros2_ws/src/install/turtlesim_pkg_msgs/local/lib/python3.10/dist-packages/turtlesim_pkg_msgs-0.0.0-py3.10.egg-info/dependency_links.txt
-- Installing: /home/sjmock/ros2_ws/src/install/turtlesim_pkg_msgs/local/lib/python3.10/dist-packages/turtlesim_pkg_msgs-0.0.0-py3.10.egg-info/PKG-INFO
-- Installing: /home/sjmock/ros2_ws/src/install/turtlesim_pkg_msgs/local/lib/python3.10/dist-packages/turtlesim_pkg_msgs-0.0.0-py3.10.egg-info/SOURCES.txt
-- Installing: /home/sjmock/ros2_ws/src/install/turtlesim_pkg_msgs/local/lib/python3.10/dist-packages/turtlesim_pkg_msgs-0.0.0-py3.10.egg-info/top_level.txt
-- Up-to-date: /home/sjmock/ros2_ws/src/install/turtlesim_pkg_msgs/local/lib/python3.10/dist-packages/turtlesim_pkg_msgs
-- Up-to-date: /home/sjmock/ros2_ws/src/install/turtlesim_pkg_msgs/local/lib/python3.10/dist-packages/turtlesim_pkg_msgs/turtlesim_pkg_msgs_s__rosidl_typesupport_c.cpython-310-x86_64-linux-gnu.so
-- Up-to-date: /home/sjmock/ros2_ws/src/install/turtlesim_pkg_msgs/local/lib/python3.10/dist-packages/turtlesim_pkg_msgs/srv
-- Up-to-date: /home/sjmock/ros2_ws/src/install/turtlesim_pkg_msgs/local/lib/python3.10/dist-packages/turtlesim_pkg_msgs/srv/_catch_turtle.py
-- Up-to-date: /home/sjmock/ros2_ws/src/install/turtlesim_pkg_msgs/local/lib/python3.10/dist-packages/turtlesim_pkg_msgs/srv/__init__.py
-- Up-to-date: /home/sjmock/ros2_ws/src/install/turtlesim_pkg_msgs/local/lib/python3.10/dist-packages/turtlesim_pkg_msgs/srv/_catch_turtle_s.c
-- Up-to-date: /home/sjmock/ros2_ws/src/install/turtlesim_pkg_msgs/local/lib/python3.10/dist-packages/turtlesim_pkg_msgs/__init__.py
-- Up-to-date: /home/sjmock/ros2_ws/src/install/turtlesim_pkg_msgs/local/lib/python3.10/dist-packages/turtlesim_pkg_msgs/turtlesim_pkg_msgs_s__rosidl_typesupport_introspection_c.cpython-310-x86_64-linux-gnu.so
-- Up-to-date: /home/sjmock/ros2_ws/src/install/turtlesim_pkg_msgs/local/lib/python3.10/dist-packages/turtlesim_pkg_msgs/turtlesim_pkg_msgs_s__rosidl_typesupport_fastrtps_c.cpython-310-x86_64-linux-gnu.so
-- Up-to-date: /home/sjmock/ros2_ws/src/install/turtlesim_pkg_msgs/local/lib/python3.10/dist-packages/turtlesim_pkg_msgs/_turtlesim_pkg_msgs_s.ep.rosidl_typesupport_fastrtps_c.c
-- Up-to-date: /home/sjmock/ros2_ws/src/install/turtlesim_pkg_msgs/local/lib/python3.10/dist-packages/turtlesim_pkg_msgs/msg
-- Up-to-date: /home/sjmock/ros2_ws/src/install/turtlesim_pkg_msgs/local/lib/python3.10/dist-packages/turtlesim_pkg_msgs/msg/_turtle_s.c
-- Up-to-date: /home/sjmock/ros2_ws/src/install/turtlesim_pkg_msgs/local/lib/python3.10/dist-packages/turtlesim_pkg_msgs/msg/_turtle_array.py
-- Up-to-date: /home/sjmock/ros2_ws/src/install/turtlesim_pkg_msgs/local/lib/python3.10/dist-packages/turtlesim_pkg_msgs/msg/__init__.py
-- Up-to-date: /home/sjmock/ros2_ws/src/install/turtlesim_pkg_msgs/local/lib/python3.10/dist-packages/turtlesim_pkg_msgs/msg/_turtle_array_s.c
-- Up-to-date: /home/sjmock/ros2_ws/src/install/turtlesim_pkg_msgs/local/lib/python3.10/dist-packages/turtlesim_pkg_msgs/msg/_turtle.py
-- Up-to-date: /home/sjmock/ros2_ws/src/install/turtlesim_pkg_msgs/local/lib/python3.10/dist-packages/turtlesim_pkg_msgs/libturtlesim_pkg_msgs__rosidl_generator_py.so
-- Up-to-date: /home/sjmock/ros2_ws/src/install/turtlesim_pkg_msgs/local/lib/python3.10/dist-packages/turtlesim_pkg_msgs/_turtlesim_pkg_msgs_s.ep.rosidl_typesupport_c.c
-- Up-to-date: /home/sjmock/ros2_ws/src/install/turtlesim_pkg_msgs/local/lib/python3.10/dist-packages/turtlesim_pkg_msgs/_turtlesim_pkg_msgs_s.ep.rosidl_typesupport_introspection_c.c
Listing '/home/sjmock/ros2_ws/src/install/turtlesim_pkg_msgs/local/lib/python3.10/dist-packages/turtlesim_pkg_msgs'...
Listing '/home/sjmock/ros2_ws/src/install/turtlesim_pkg_msgs/local/lib/python3.10/dist-packages/turtlesim_pkg_msgs/msg'...
Listing '/home/sjmock/ros2_ws/src/install/turtlesim_pkg_msgs/local/lib/python3.10/dist-packages/turtlesim_pkg_msgs/srv'...
-- Up-to-date: /home/sjmock/ros2_ws/src/install/turtlesim_pkg_msgs/local/lib/python3.10/dist-packages/turtlesim_pkg_msgs/turtlesim_pkg_msgs_s__rosidl_typesupport_fastrtps_c.cpython-310-x86_64-linux-gnu.so
-- Up-to-date: /home/sjmock/ros2_ws/src/install/turtlesim_pkg_msgs/local/lib/python3.10/dist-packages/turtlesim_pkg_msgs/turtlesim_pkg_msgs_s__rosidl_typesupport_introspection_c.cpython-310-x86_64-linux-gnu.so
-- Up-to-date: /home/sjmock/ros2_ws/src/install/turtlesim_pkg_msgs/local/lib/python3.10/dist-packages/turtlesim_pkg_msgs/turtlesim_pkg_msgs_s__rosidl_typesupport_c.cpython-310-x86_64-linux-gnu.so
-- Up-to-date: /home/sjmock/ros2_ws/src/install/turtlesim_pkg_msgs/lib/libturtlesim_pkg_msgs__rosidl_generator_py.so
-- Up-to-date: /home/sjmock/ros2_ws/src/install/turtlesim_pkg_msgs/share/turtlesim_pkg_msgs/msg/Turtle.idl
-- Up-to-date: /home/sjmock/ros2_ws/src/install/turtlesim_pkg_msgs/share/turtlesim_pkg_msgs/msg/TurtleArray.idl
-- Up-to-date: /home/sjmock/ros2_ws/src/install/turtlesim_pkg_msgs/share/turtlesim_pkg_msgs/srv/CatchTurtle.idl
-- Up-to-date: /home/sjmock/ros2_ws/src/install/turtlesim_pkg_msgs/share/turtlesim_pkg_msgs/msg/Turtle.msg
-- Up-to-date: /home/sjmock/ros2_ws/src/install/turtlesim_pkg_msgs/share/turtlesim_pkg_msgs/msg/TurtleArray.msg
-- Up-to-date: /home/sjmock/ros2_ws/src/install/turtlesim_pkg_msgs/share/turtlesim_pkg_msgs/srv/CatchTurtle.srv
-- Up-to-date: /home/sjmock/ros2_ws/src/install/turtlesim_pkg_msgs/share/turtlesim_pkg_msgs/srv/CatchTurtle_Request.msg
-- Up-to-date: /home/sjmock/ros2_ws/src/install/turtlesim_pkg_msgs/share/turtlesim_pkg_msgs/srv/CatchTurtle_Response.msg
-- Up-to-date: /home/sjmock/ros2_ws/src/install/turtlesim_pkg_msgs/share/ament_index/resource_index/package_run_dependencies/turtlesim_pkg_msgs
-- Up-to-date: /home/sjmock/ros2_ws/src/install/turtlesim_pkg_msgs/share/ament_index/resource_index/parent_prefix_path/turtlesim_pkg_msgs
-- Up-to-date: /home/sjmock/ros2_ws/src/install/turtlesim_pkg_msgs/share/turtlesim_pkg_msgs/environment/ament_prefix_path.sh
-- Up-to-date: /home/sjmock/ros2_ws/src/install/turtlesim_pkg_msgs/share/turtlesim_pkg_msgs/environment/ament_prefix_path.dsv
-- Up-to-date: /home/sjmock/ros2_ws/src/install/turtlesim_pkg_msgs/share/turtlesim_pkg_msgs/environment/path.sh
-- Up-to-date: /home/sjmock/ros2_ws/src/install/turtlesim_pkg_msgs/share/turtlesim_pkg_msgs/environment/path.dsv
-- Up-to-date: /home/sjmock/ros2_ws/src/install/turtlesim_pkg_msgs/share/turtlesim_pkg_msgs/local_setup.bash
-- Up-to-date: /home/sjmock/ros2_ws/src/install/turtlesim_pkg_msgs/share/turtlesim_pkg_msgs/local_setup.sh
-- Up-to-date: /home/sjmock/ros2_ws/src/install/turtlesim_pkg_msgs/share/turtlesim_pkg_msgs/local_setup.zsh
-- Up-to-date: /home/sjmock/ros2_ws/src/install/turtlesim_pkg_msgs/share/turtlesim_pkg_msgs/local_setup.dsv
-- Installing: /home/sjmock/ros2_ws/src/install/turtlesim_pkg_msgs/share/turtlesim_pkg_msgs/package.dsv
-- Up-to-date: /home/sjmock/ros2_ws/src/install/turtlesim_pkg_msgs/share/ament_index/resource_index/packages/turtlesim_pkg_msgs
-- Up-to-date: /home/sjmock/ros2_ws/src/install/turtlesim_pkg_msgs/share/turtlesim_pkg_msgs/cmake/export_turtlesim_pkg_msgs__rosidl_generator_cExport.cmake
-- Up-to-date: /home/sjmock/ros2_ws/src/install/turtlesim_pkg_msgs/share/turtlesim_pkg_msgs/cmake/export_turtlesim_pkg_msgs__rosidl_generator_cExport-noconfig.cmake
-- Up-to-date: /home/sjmock/ros2_ws/src/install/turtlesim_pkg_msgs/share/turtlesim_pkg_msgs/cmake/export_turtlesim_pkg_msgs__rosidl_typesupport_fastrtps_cExport.cmake
-- Up-to-date: /home/sjmock/ros2_ws/src/install/turtlesim_pkg_msgs/share/turtlesim_pkg_msgs/cmake/export_turtlesim_pkg_msgs__rosidl_typesupport_fastrtps_cExport-noconfig.cmake
-- Up-to-date: /home/sjmock/ros2_ws/src/install/turtlesim_pkg_msgs/share/turtlesim_pkg_msgs/cmake/turtlesim_pkg_msgs__rosidl_typesupport_introspection_cExport.cmake
-- Up-to-date: /home/sjmock/ros2_ws/src/install/turtlesim_pkg_msgs/share/turtlesim_pkg_msgs/cmake/turtlesim_pkg_msgs__rosidl_typesupport_introspection_cExport-noconfig.cmake
-- Up-to-date: /home/sjmock/ros2_ws/src/install/turtlesim_pkg_msgs/share/turtlesim_pkg_msgs/cmake/turtlesim_pkg_msgs__rosidl_typesupport_cExport.cmake
-- Up-to-date: /home/sjmock/ros2_ws/src/install/turtlesim_pkg_msgs/share/turtlesim_pkg_msgs/cmake/turtlesim_pkg_msgs__rosidl_typesupport_cExport-noconfig.cmake
-- Up-to-date: /home/sjmock/ros2_ws/src/install/turtlesim_pkg_msgs/share/turtlesim_pkg_msgs/cmake/export_turtlesim_pkg_msgs__rosidl_generator_cppExport.cmake
-- Up-to-date: /home/sjmock/ros2_ws/src/install/turtlesim_pkg_msgs/share/turtlesim_pkg_msgs/cmake/export_turtlesim_pkg_msgs__rosidl_typesupport_fastrtps_cppExport.cmake
-- Up-to-date: /home/sjmock/ros2_ws/src/install/turtlesim_pkg_msgs/share/turtlesim_pkg_msgs/cmake/export_turtlesim_pkg_msgs__rosidl_typesupport_fastrtps_cppExport-noconfig.cmake
-- Up-to-date: /home/sjmock/ros2_ws/src/install/turtlesim_pkg_msgs/share/turtlesim_pkg_msgs/cmake/turtlesim_pkg_msgs__rosidl_typesupport_introspection_cppExport.cmake
-- Up-to-date: /home/sjmock/ros2_ws/src/install/turtlesim_pkg_msgs/share/turtlesim_pkg_msgs/cmake/turtlesim_pkg_msgs__rosidl_typesupport_introspection_cppExport-noconfig.cmake
-- Up-to-date: /home/sjmock/ros2_ws/src/install/turtlesim_pkg_msgs/share/turtlesim_pkg_msgs/cmake/turtlesim_pkg_msgs__rosidl_typesupport_cppExport.cmake
-- Up-to-date: /home/sjmock/ros2_ws/src/install/turtlesim_pkg_msgs/share/turtlesim_pkg_msgs/cmake/turtlesim_pkg_msgs__rosidl_typesupport_cppExport-noconfig.cmake
-- Up-to-date: /home/sjmock/ros2_ws/src/install/turtlesim_pkg_msgs/share/turtlesim_pkg_msgs/cmake/export_turtlesim_pkg_msgs__rosidl_generator_pyExport.cmake
-- Up-to-date: /home/sjmock/ros2_ws/src/install/turtlesim_pkg_msgs/share/turtlesim_pkg_msgs/cmake/export_turtlesim_pkg_msgs__rosidl_generator_pyExport-noconfig.cmake
-- Up-to-date: /home/sjmock/ros2_ws/src/install/turtlesim_pkg_msgs/share/turtlesim_pkg_msgs/cmake/rosidl_cmake-extras.cmake
-- Up-to-date: /home/sjmock/ros2_ws/src/install/turtlesim_pkg_msgs/share/turtlesim_pkg_msgs/cmake/ament_cmake_export_include_directories-extras.cmake
-- Up-to-date: /home/sjmock/ros2_ws/src/install/turtlesim_pkg_msgs/share/turtlesim_pkg_msgs/cmake/ament_cmake_export_libraries-extras.cmake
-- Up-to-date: /home/sjmock/ros2_ws/src/install/turtlesim_pkg_msgs/share/turtlesim_pkg_msgs/cmake/ament_cmake_export_targets-extras.cmake
-- Up-to-date: /home/sjmock/ros2_ws/src/install/turtlesim_pkg_msgs/share/turtlesim_pkg_msgs/cmake/rosidl_cmake_export_typesupport_targets-extras.cmake
-- Up-to-date: /home/sjmock/ros2_ws/src/install/turtlesim_pkg_msgs/share/turtlesim_pkg_msgs/cmake/ament_cmake_export_dependencies-extras.cmake
-- Up-to-date: /home/sjmock/ros2_ws/src/install/turtlesim_pkg_msgs/share/turtlesim_pkg_msgs/cmake/rosidl_cmake_export_typesupport_libraries-extras.cmake
-- Up-to-date: /home/sjmock/ros2_ws/src/install/turtlesim_pkg_msgs/share/turtlesim_pkg_msgs/cmake/turtlesim_pkg_msgsConfig.cmake
-- Up-to-date: /home/sjmock/ros2_ws/src/install/turtlesim_pkg_msgs/share/turtlesim_pkg_msgs/cmake/turtlesim_pkg_msgsConfig-version.cmake
-- Up-to-date: /home/sjmock/ros2_ws/src/install/turtlesim_pkg_msgs/share/turtlesim_pkg_msgs/package.xml
