[0.009s] Invoking command in '/home/sjmock/ros2_ws/src/build/turtlesim_pkg_msgs': CMAKE_PREFIX_PATH=${CMAKE_PREFIX_PATH}:/home/sjmock/ros2_ws/install/turtlesim_pkg:/home/sjmock/ros2_ws/install/my_py_pkg:/opt/ros/humble /usr/bin/cmake --build /home/sjmock/ros2_ws/src/build/turtlesim_pkg_msgs -- -j16 -l16
[0.035s] [35m[1mConsolidate compiler generated dependencies of target turtlesim_pkg_msgs__rosidl_generator_c[0m
[0.043s] [  2%] Built target turtlesim_pkg_msgs__cpp
[0.044s] [ 12%] Built target turtlesim_pkg_msgs__rosidl_generator_c
[0.054s] [ 12%] Built target ament_cmake_python_copy_turtlesim_pkg_msgs
[0.054s] [35m[1mConsolidate compiler generated dependencies of target turtlesim_pkg_msgs__rosidl_typesupport_c[0m
[0.054s] [35m[1mConsolidate compiler generated dependencies of target turtlesim_pkg_msgs__rosidl_typesupport_introspection_c[0m
[0.054s] [35m[1mConsolidate compiler generated dependencies of target turtlesim_pkg_msgs__rosidl_typesupport_fastrtps_c[0m
[0.054s] [35m[1mConsolidate compiler generated dependencies of target turtlesim_pkg_msgs__rosidl_typesupport_cpp[0m
[0.055s] [35m[1mConsolidate compiler generated dependencies of target turtlesim_pkg_msgs__rosidl_typesupport_introspection_cpp[0m
[0.055s] [35m[1mConsolidate compiler generated dependencies of target turtlesim_pkg_msgs__rosidl_typesupport_fastrtps_cpp[0m
[0.069s] [ 23%] Built target turtlesim_pkg_msgs__rosidl_typesupport_cpp
[0.069s] [ 34%] Built target turtlesim_pkg_msgs__rosidl_typesupport_introspection_c
[0.069s] [ 55%] Built target turtlesim_pkg_msgs__rosidl_typesupport_introspection_cpp
[0.070s] [ 55%] Built target turtlesim_pkg_msgs__rosidl_typesupport_fastrtps_c
[0.070s] [ 65%] Built target turtlesim_pkg_msgs__rosidl_typesupport_c
[0.073s] [ 76%] Built target turtlesim_pkg_msgs__rosidl_typesupport_fastrtps_cpp
[0.089s] [ 76%] Built target turtlesim_pkg_msgs
[0.104s] [ 78%] Built target turtlesim_pkg_msgs__py
[0.112s] [35m[1mConsolidate compiler generated dependencies of target turtlesim_pkg_msgs__rosidl_generator_py[0m
[0.125s] [ 87%] Built target turtlesim_pkg_msgs__rosidl_generator_py
[0.134s] [35m[1mConsolidate compiler generated dependencies of target turtlesim_pkg_msgs__rosidl_typesupport_introspection_c__pyext[0m
[0.135s] [35m[1mConsolidate compiler generated dependencies of target turtlesim_pkg_msgs__rosidl_typesupport_fastrtps_c__pyext[0m
[0.135s] [35m[1mConsolidate compiler generated dependencies of target turtlesim_pkg_msgs__rosidl_typesupport_c__pyext[0m
[0.147s] [100%] Built target turtlesim_pkg_msgs__rosidl_typesupport_c__pyext
[0.147s] [100%] Built target turtlesim_pkg_msgs__rosidl_typesupport_fastrtps_c__pyext
[0.147s] [100%] Built target turtlesim_pkg_msgs__rosidl_typesupport_introspection_c__pyext
[0.279s] running egg_info
[0.279s] writing turtlesim_pkg_msgs.egg-info/PKG-INFO
[0.279s] writing dependency_links to turtlesim_pkg_msgs.egg-info/dependency_links.txt
[0.279s] writing top-level names to turtlesim_pkg_msgs.egg-info/top_level.txt
[0.281s] reading manifest file 'turtlesim_pkg_msgs.egg-info/SOURCES.txt'
[0.282s] writing manifest file 'turtlesim_pkg_msgs.egg-info/SOURCES.txt'
[0.306s] [100%] Built target ament_cmake_python_build_turtlesim_pkg_msgs_egg
[0.314s] Invoked command in '/home/sjmock/ros2_ws/src/build/turtlesim_pkg_msgs' returned '0': CMAKE_PREFIX_PATH=${CMAKE_PREFIX_PATH}:/home/sjmock/ros2_ws/install/turtlesim_pkg:/home/sjmock/ros2_ws/install/my_py_pkg:/opt/ros/humble /usr/bin/cmake --build /home/sjmock/ros2_ws/src/build/turtlesim_pkg_msgs -- -j16 -l16
[0.376s] Invoking command in '/home/sjmock/ros2_ws/src/build/turtlesim_pkg_msgs': CMAKE_PREFIX_PATH=${CMAKE_PREFIX_PATH}:/home/sjmock/ros2_ws/install/turtlesim_pkg:/home/sjmock/ros2_ws/install/my_py_pkg:/opt/ros/humble /usr/bin/cmake --install /home/sjmock/ros2_ws/src/build/turtlesim_pkg_msgs
[0.381s] -- Install configuration: ""
[0.382s] -- Up-to-date: /home/sjmock/ros2_ws/src/install/turtlesim_pkg_msgs/share/ament_index/resource_index/rosidl_interfaces/turtlesim_pkg_msgs
[0.382s] -- Up-to-date: /home/sjmock/ros2_ws/src/install/turtlesim_pkg_msgs/include/turtlesim_pkg_msgs/turtlesim_pkg_msgs
[0.382s] -- Up-to-date: /home/sjmock/ros2_ws/src/install/turtlesim_pkg_msgs/include/turtlesim_pkg_msgs/turtlesim_pkg_msgs/srv
[0.382s] -- Up-to-date: /home/sjmock/ros2_ws/src/install/turtlesim_pkg_msgs/include/turtlesim_pkg_msgs/turtlesim_pkg_msgs/srv/detail
[0.382s] -- Up-to-date: /home/sjmock/ros2_ws/src/install/turtlesim_pkg_msgs/include/turtlesim_pkg_msgs/turtlesim_pkg_msgs/srv/detail/catch_turtle__struct.h
[0.382s] -- Up-to-date: /home/sjmock/ros2_ws/src/install/turtlesim_pkg_msgs/include/turtlesim_pkg_msgs/turtlesim_pkg_msgs/srv/detail/catch_turtle__functions.h
[0.382s] -- Up-to-date: /home/sjmock/ros2_ws/src/install/turtlesim_pkg_msgs/include/turtlesim_pkg_msgs/turtlesim_pkg_msgs/srv/detail/catch_turtle__type_support.h
[0.382s] -- Up-to-date: /home/sjmock/ros2_ws/src/install/turtlesim_pkg_msgs/include/turtlesim_pkg_msgs/turtlesim_pkg_msgs/srv/detail/catch_turtle__functions.c
[0.382s] -- Up-to-date: /home/sjmock/ros2_ws/src/install/turtlesim_pkg_msgs/include/turtlesim_pkg_msgs/turtlesim_pkg_msgs/srv/catch_turtle.h
[0.382s] -- Up-to-date: /home/sjmock/ros2_ws/src/install/turtlesim_pkg_msgs/include/turtlesim_pkg_msgs/turtlesim_pkg_msgs/msg
[0.382s] -- Up-to-date: /home/sjmock/ros2_ws/src/install/turtlesim_pkg_msgs/include/turtlesim_pkg_msgs/turtlesim_pkg_msgs/msg/turtle.h
[0.383s] -- Up-to-date: /home/sjmock/ros2_ws/src/install/turtlesim_pkg_msgs/include/turtlesim_pkg_msgs/turtlesim_pkg_msgs/msg/detail
[0.383s] -- Up-to-date: /home/sjmock/ros2_ws/src/install/turtlesim_pkg_msgs/include/turtlesim_pkg_msgs/turtlesim_pkg_msgs/msg/detail/turtle_array__functions.h
[0.383s] -- Up-to-date: /home/sjmock/ros2_ws/src/install/turtlesim_pkg_msgs/include/turtlesim_pkg_msgs/turtlesim_pkg_msgs/msg/detail/turtle__type_support.h
[0.383s] -- Up-to-date: /home/sjmock/ros2_ws/src/install/turtlesim_pkg_msgs/include/turtlesim_pkg_msgs/turtlesim_pkg_msgs/msg/detail/turtle_array__functions.c
[0.383s] -- Up-to-date: /home/sjmock/ros2_ws/src/install/turtlesim_pkg_msgs/include/turtlesim_pkg_msgs/turtlesim_pkg_msgs/msg/detail/turtle_array__type_support.h
[0.383s] -- Up-to-date: /home/sjmock/ros2_ws/src/install/turtlesim_pkg_msgs/include/turtlesim_pkg_msgs/turtlesim_pkg_msgs/msg/detail/turtle_array__struct.h
[0.383s] -- Up-to-date: /home/sjmock/ros2_ws/src/install/turtlesim_pkg_msgs/include/turtlesim_pkg_msgs/turtlesim_pkg_msgs/msg/detail/turtle__struct.h
[0.383s] -- Up-to-date: /home/sjmock/ros2_ws/src/install/turtlesim_pkg_msgs/include/turtlesim_pkg_msgs/turtlesim_pkg_msgs/msg/detail/turtle__functions.c
[0.383s] -- Up-to-date: /home/sjmock/ros2_ws/src/install/turtlesim_pkg_msgs/include/turtlesim_pkg_msgs/turtlesim_pkg_msgs/msg/detail/turtle__functions.h
[0.383s] -- Up-to-date: /home/sjmock/ros2_ws/src/install/turtlesim_pkg_msgs/include/turtlesim_pkg_msgs/turtlesim_pkg_msgs/msg/rosidl_generator_c__visibility_control.h
[0.383s] -- Up-to-date: /home/sjmock/ros2_ws/src/install/turtlesim_pkg_msgs/include/turtlesim_pkg_msgs/turtlesim_pkg_msgs/msg/turtle_array.h
[0.383s] -- Up-to-date: /home/sjmock/ros2_ws/src/install/turtlesim_pkg_msgs/share/turtlesim_pkg_msgs/environment/library_path.sh
[0.384s] -- Up-to-date: /home/sjmock/ros2_ws/src/install/turtlesim_pkg_msgs/share/turtlesim_pkg_msgs/environment/library_path.dsv
[0.384s] -- Up-to-date: /home/sjmock/ros2_ws/src/install/turtlesim_pkg_msgs/lib/libturtlesim_pkg_msgs__rosidl_generator_c.so
[0.384s] -- Up-to-date: /home/sjmock/ros2_ws/src/install/turtlesim_pkg_msgs/include/turtlesim_pkg_msgs/turtlesim_pkg_msgs
[0.384s] -- Up-to-date: /home/sjmock/ros2_ws/src/install/turtlesim_pkg_msgs/include/turtlesim_pkg_msgs/turtlesim_pkg_msgs/srv
[0.384s] -- Up-to-date: /home/sjmock/ros2_ws/src/install/turtlesim_pkg_msgs/include/turtlesim_pkg_msgs/turtlesim_pkg_msgs/srv/detail
[0.384s] -- Up-to-date: /home/sjmock/ros2_ws/src/install/turtlesim_pkg_msgs/include/turtlesim_pkg_msgs/turtlesim_pkg_msgs/srv/detail/catch_turtle__rosidl_typesupport_fastrtps_c.h
[0.384s] -- Up-to-date: /home/sjmock/ros2_ws/src/install/turtlesim_pkg_msgs/include/turtlesim_pkg_msgs/turtlesim_pkg_msgs/msg
[0.384s] -- Up-to-date: /home/sjmock/ros2_ws/src/install/turtlesim_pkg_msgs/include/turtlesim_pkg_msgs/turtlesim_pkg_msgs/msg/rosidl_typesupport_fastrtps_c__visibility_control.h
[0.384s] -- Up-to-date: /home/sjmock/ros2_ws/src/install/turtlesim_pkg_msgs/include/turtlesim_pkg_msgs/turtlesim_pkg_msgs/msg/detail
[0.384s] -- Up-to-date: /home/sjmock/ros2_ws/src/install/turtlesim_pkg_msgs/include/turtlesim_pkg_msgs/turtlesim_pkg_msgs/msg/detail/turtle__rosidl_typesupport_fastrtps_c.h
[0.384s] -- Up-to-date: /home/sjmock/ros2_ws/src/install/turtlesim_pkg_msgs/include/turtlesim_pkg_msgs/turtlesim_pkg_msgs/msg/detail/turtle_array__rosidl_typesupport_fastrtps_c.h
[0.384s] -- Up-to-date: /home/sjmock/ros2_ws/src/install/turtlesim_pkg_msgs/lib/libturtlesim_pkg_msgs__rosidl_typesupport_fastrtps_c.so
[0.385s] -- Up-to-date: /home/sjmock/ros2_ws/src/install/turtlesim_pkg_msgs/include/turtlesim_pkg_msgs/turtlesim_pkg_msgs
[0.385s] -- Up-to-date: /home/sjmock/ros2_ws/src/install/turtlesim_pkg_msgs/include/turtlesim_pkg_msgs/turtlesim_pkg_msgs/srv
[0.385s] -- Up-to-date: /home/sjmock/ros2_ws/src/install/turtlesim_pkg_msgs/include/turtlesim_pkg_msgs/turtlesim_pkg_msgs/srv/detail
[0.385s] -- Up-to-date: /home/sjmock/ros2_ws/src/install/turtlesim_pkg_msgs/include/turtlesim_pkg_msgs/turtlesim_pkg_msgs/srv/detail/catch_turtle__rosidl_typesupport_introspection_c.h
[0.385s] -- Up-to-date: /home/sjmock/ros2_ws/src/install/turtlesim_pkg_msgs/include/turtlesim_pkg_msgs/turtlesim_pkg_msgs/srv/detail/catch_turtle__type_support.c
[0.385s] -- Up-to-date: /home/sjmock/ros2_ws/src/install/turtlesim_pkg_msgs/include/turtlesim_pkg_msgs/turtlesim_pkg_msgs/msg
[0.385s] -- Up-to-date: /home/sjmock/ros2_ws/src/install/turtlesim_pkg_msgs/include/turtlesim_pkg_msgs/turtlesim_pkg_msgs/msg/rosidl_typesupport_introspection_c__visibility_control.h
[0.385s] -- Up-to-date: /home/sjmock/ros2_ws/src/install/turtlesim_pkg_msgs/include/turtlesim_pkg_msgs/turtlesim_pkg_msgs/msg/detail
[0.385s] -- Up-to-date: /home/sjmock/ros2_ws/src/install/turtlesim_pkg_msgs/include/turtlesim_pkg_msgs/turtlesim_pkg_msgs/msg/detail/turtle__rosidl_typesupport_introspection_c.h
[0.385s] -- Up-to-date: /home/sjmock/ros2_ws/src/install/turtlesim_pkg_msgs/include/turtlesim_pkg_msgs/turtlesim_pkg_msgs/msg/detail/turtle_array__rosidl_typesupport_introspection_c.h
[0.386s] -- Up-to-date: /home/sjmock/ros2_ws/src/install/turtlesim_pkg_msgs/include/turtlesim_pkg_msgs/turtlesim_pkg_msgs/msg/detail/turtle_array__type_support.c
[0.386s] -- Up-to-date: /home/sjmock/ros2_ws/src/install/turtlesim_pkg_msgs/include/turtlesim_pkg_msgs/turtlesim_pkg_msgs/msg/detail/turtle__type_support.c
[0.386s] -- Up-to-date: /home/sjmock/ros2_ws/src/install/turtlesim_pkg_msgs/lib/libturtlesim_pkg_msgs__rosidl_typesupport_introspection_c.so
[0.387s] -- Up-to-date: /home/sjmock/ros2_ws/src/install/turtlesim_pkg_msgs/lib/libturtlesim_pkg_msgs__rosidl_typesupport_c.so
[0.387s] -- Up-to-date: /home/sjmock/ros2_ws/src/install/turtlesim_pkg_msgs/include/turtlesim_pkg_msgs/turtlesim_pkg_msgs
[0.387s] -- Up-to-date: /home/sjmock/ros2_ws/src/install/turtlesim_pkg_msgs/include/turtlesim_pkg_msgs/turtlesim_pkg_msgs/srv
[0.387s] -- Up-to-date: /home/sjmock/ros2_ws/src/install/turtlesim_pkg_msgs/include/turtlesim_pkg_msgs/turtlesim_pkg_msgs/srv/catch_turtle.hpp
[0.387s] -- Up-to-date: /home/sjmock/ros2_ws/src/install/turtlesim_pkg_msgs/include/turtlesim_pkg_msgs/turtlesim_pkg_msgs/srv/detail
[0.387s] -- Up-to-date: /home/sjmock/ros2_ws/src/install/turtlesim_pkg_msgs/include/turtlesim_pkg_msgs/turtlesim_pkg_msgs/srv/detail/catch_turtle__traits.hpp
[0.387s] -- Up-to-date: /home/sjmock/ros2_ws/src/install/turtlesim_pkg_msgs/include/turtlesim_pkg_msgs/turtlesim_pkg_msgs/srv/detail/catch_turtle__struct.hpp
[0.387s] -- Up-to-date: /home/sjmock/ros2_ws/src/install/turtlesim_pkg_msgs/include/turtlesim_pkg_msgs/turtlesim_pkg_msgs/srv/detail/catch_turtle__builder.hpp
[0.387s] -- Up-to-date: /home/sjmock/ros2_ws/src/install/turtlesim_pkg_msgs/include/turtlesim_pkg_msgs/turtlesim_pkg_msgs/msg
[0.387s] -- Up-to-date: /home/sjmock/ros2_ws/src/install/turtlesim_pkg_msgs/include/turtlesim_pkg_msgs/turtlesim_pkg_msgs/msg/detail
[0.387s] -- Up-to-date: /home/sjmock/ros2_ws/src/install/turtlesim_pkg_msgs/include/turtlesim_pkg_msgs/turtlesim_pkg_msgs/msg/detail/turtle_array__traits.hpp
[0.387s] -- Up-to-date: /home/sjmock/ros2_ws/src/install/turtlesim_pkg_msgs/include/turtlesim_pkg_msgs/turtlesim_pkg_msgs/msg/detail/turtle__struct.hpp
[0.387s] -- Up-to-date: /home/sjmock/ros2_ws/src/install/turtlesim_pkg_msgs/include/turtlesim_pkg_msgs/turtlesim_pkg_msgs/msg/detail/turtle__traits.hpp
[0.387s] -- Up-to-date: /home/sjmock/ros2_ws/src/install/turtlesim_pkg_msgs/include/turtlesim_pkg_msgs/turtlesim_pkg_msgs/msg/detail/turtle__builder.hpp
[0.387s] -- Up-to-date: /home/sjmock/ros2_ws/src/install/turtlesim_pkg_msgs/include/turtlesim_pkg_msgs/turtlesim_pkg_msgs/msg/detail/turtle_array__builder.hpp
[0.388s] -- Up-to-date: /home/sjmock/ros2_ws/src/install/turtlesim_pkg_msgs/include/turtlesim_pkg_msgs/turtlesim_pkg_msgs/msg/detail/turtle_array__struct.hpp
[0.388s] -- Up-to-date: /home/sjmock/ros2_ws/src/install/turtlesim_pkg_msgs/include/turtlesim_pkg_msgs/turtlesim_pkg_msgs/msg/turtle.hpp
[0.388s] -- Up-to-date: /home/sjmock/ros2_ws/src/install/turtlesim_pkg_msgs/include/turtlesim_pkg_msgs/turtlesim_pkg_msgs/msg/turtle_array.hpp
[0.388s] -- Up-to-date: /home/sjmock/ros2_ws/src/install/turtlesim_pkg_msgs/include/turtlesim_pkg_msgs/turtlesim_pkg_msgs
[0.388s] -- Up-to-date: /home/sjmock/ros2_ws/src/install/turtlesim_pkg_msgs/include/turtlesim_pkg_msgs/turtlesim_pkg_msgs/srv
[0.388s] -- Up-to-date: /home/sjmock/ros2_ws/src/install/turtlesim_pkg_msgs/include/turtlesim_pkg_msgs/turtlesim_pkg_msgs/srv/detail
[0.388s] -- Up-to-date: /home/sjmock/ros2_ws/src/install/turtlesim_pkg_msgs/include/turtlesim_pkg_msgs/turtlesim_pkg_msgs/srv/detail/catch_turtle__rosidl_typesupport_fastrtps_cpp.hpp
[0.388s] -- Up-to-date: /home/sjmock/ros2_ws/src/install/turtlesim_pkg_msgs/include/turtlesim_pkg_msgs/turtlesim_pkg_msgs/srv/detail/dds_fastrtps
[0.388s] -- Up-to-date: /home/sjmock/ros2_ws/src/install/turtlesim_pkg_msgs/include/turtlesim_pkg_msgs/turtlesim_pkg_msgs/msg
[0.388s] -- Up-to-date: /home/sjmock/ros2_ws/src/install/turtlesim_pkg_msgs/include/turtlesim_pkg_msgs/turtlesim_pkg_msgs/msg/detail
[0.388s] -- Up-to-date: /home/sjmock/ros2_ws/src/install/turtlesim_pkg_msgs/include/turtlesim_pkg_msgs/turtlesim_pkg_msgs/msg/detail/turtle__rosidl_typesupport_fastrtps_cpp.hpp
[0.388s] -- Up-to-date: /home/sjmock/ros2_ws/src/install/turtlesim_pkg_msgs/include/turtlesim_pkg_msgs/turtlesim_pkg_msgs/msg/detail/dds_fastrtps
[0.388s] -- Up-to-date: /home/sjmock/ros2_ws/src/install/turtlesim_pkg_msgs/include/turtlesim_pkg_msgs/turtlesim_pkg_msgs/msg/detail/turtle_array__rosidl_typesupport_fastrtps_cpp.hpp
[0.388s] -- Up-to-date: /home/sjmock/ros2_ws/src/install/turtlesim_pkg_msgs/include/turtlesim_pkg_msgs/turtlesim_pkg_msgs/msg/rosidl_typesupport_fastrtps_cpp__visibility_control.h
[0.389s] -- Up-to-date: /home/sjmock/ros2_ws/src/install/turtlesim_pkg_msgs/lib/libturtlesim_pkg_msgs__rosidl_typesupport_fastrtps_cpp.so
[0.389s] -- Up-to-date: /home/sjmock/ros2_ws/src/install/turtlesim_pkg_msgs/include/turtlesim_pkg_msgs/turtlesim_pkg_msgs
[0.389s] -- Up-to-date: /home/sjmock/ros2_ws/src/install/turtlesim_pkg_msgs/include/turtlesim_pkg_msgs/turtlesim_pkg_msgs/srv
[0.389s] -- Up-to-date: /home/sjmock/ros2_ws/src/install/turtlesim_pkg_msgs/include/turtlesim_pkg_msgs/turtlesim_pkg_msgs/srv/detail
[0.389s] -- Up-to-date: /home/sjmock/ros2_ws/src/install/turtlesim_pkg_msgs/include/turtlesim_pkg_msgs/turtlesim_pkg_msgs/srv/detail/catch_turtle__rosidl_typesupport_introspection_cpp.hpp
[0.389s] -- Up-to-date: /home/sjmock/ros2_ws/src/install/turtlesim_pkg_msgs/include/turtlesim_pkg_msgs/turtlesim_pkg_msgs/srv/detail/catch_turtle__type_support.cpp
[0.389s] -- Up-to-date: /home/sjmock/ros2_ws/src/install/turtlesim_pkg_msgs/include/turtlesim_pkg_msgs/turtlesim_pkg_msgs/msg
[0.389s] -- Up-to-date: /home/sjmock/ros2_ws/src/install/turtlesim_pkg_msgs/include/turtlesim_pkg_msgs/turtlesim_pkg_msgs/msg/detail
[0.390s] -- Up-to-date: /home/sjmock/ros2_ws/src/install/turtlesim_pkg_msgs/include/turtlesim_pkg_msgs/turtlesim_pkg_msgs/msg/detail/turtle__rosidl_typesupport_introspection_cpp.hpp
[0.390s] -- Up-to-date: /home/sjmock/ros2_ws/src/install/turtlesim_pkg_msgs/include/turtlesim_pkg_msgs/turtlesim_pkg_msgs/msg/detail/turtle_array__rosidl_typesupport_introspection_cpp.hpp
[0.390s] -- Up-to-date: /home/sjmock/ros2_ws/src/install/turtlesim_pkg_msgs/include/turtlesim_pkg_msgs/turtlesim_pkg_msgs/msg/detail/turtle__type_support.cpp
[0.390s] -- Up-to-date: /home/sjmock/ros2_ws/src/install/turtlesim_pkg_msgs/include/turtlesim_pkg_msgs/turtlesim_pkg_msgs/msg/detail/turtle_array__type_support.cpp
[0.390s] -- Up-to-date: /home/sjmock/ros2_ws/src/install/turtlesim_pkg_msgs/lib/libturtlesim_pkg_msgs__rosidl_typesupport_introspection_cpp.so
[0.390s] -- Up-to-date: /home/sjmock/ros2_ws/src/install/turtlesim_pkg_msgs/lib/libturtlesim_pkg_msgs__rosidl_typesupport_cpp.so
[0.390s] -- Up-to-date: /home/sjmock/ros2_ws/src/install/turtlesim_pkg_msgs/share/turtlesim_pkg_msgs/environment/pythonpath.sh
[0.390s] -- Up-to-date: /home/sjmock/ros2_ws/src/install/turtlesim_pkg_msgs/share/turtlesim_pkg_msgs/environment/pythonpath.dsv
[0.390s] -- Up-to-date: /home/sjmock/ros2_ws/src/install/turtlesim_pkg_msgs/local/lib/python3.10/dist-packages/turtlesim_pkg_msgs-0.0.0-py3.10.egg-info
[0.390s] -- Installing: /home/sjmock/ros2_ws/src/install/turtlesim_pkg_msgs/local/lib/python3.10/dist-packages/turtlesim_pkg_msgs-0.0.0-py3.10.egg-info/dependency_links.txt
[0.391s] -- Installing: /home/sjmock/ros2_ws/src/install/turtlesim_pkg_msgs/local/lib/python3.10/dist-packages/turtlesim_pkg_msgs-0.0.0-py3.10.egg-info/PKG-INFO
[0.391s] -- Installing: /home/sjmock/ros2_ws/src/install/turtlesim_pkg_msgs/local/lib/python3.10/dist-packages/turtlesim_pkg_msgs-0.0.0-py3.10.egg-info/SOURCES.txt
[0.391s] -- Installing: /home/sjmock/ros2_ws/src/install/turtlesim_pkg_msgs/local/lib/python3.10/dist-packages/turtlesim_pkg_msgs-0.0.0-py3.10.egg-info/top_level.txt
[0.392s] -- Up-to-date: /home/sjmock/ros2_ws/src/install/turtlesim_pkg_msgs/local/lib/python3.10/dist-packages/turtlesim_pkg_msgs
[0.392s] -- Up-to-date: /home/sjmock/ros2_ws/src/install/turtlesim_pkg_msgs/local/lib/python3.10/dist-packages/turtlesim_pkg_msgs/turtlesim_pkg_msgs_s__rosidl_typesupport_c.cpython-310-x86_64-linux-gnu.so
[0.392s] -- Up-to-date: /home/sjmock/ros2_ws/src/install/turtlesim_pkg_msgs/local/lib/python3.10/dist-packages/turtlesim_pkg_msgs/srv
[0.392s] -- Up-to-date: /home/sjmock/ros2_ws/src/install/turtlesim_pkg_msgs/local/lib/python3.10/dist-packages/turtlesim_pkg_msgs/srv/_catch_turtle.py
[0.392s] -- Up-to-date: /home/sjmock/ros2_ws/src/install/turtlesim_pkg_msgs/local/lib/python3.10/dist-packages/turtlesim_pkg_msgs/srv/__init__.py
[0.392s] -- Up-to-date: /home/sjmock/ros2_ws/src/install/turtlesim_pkg_msgs/local/lib/python3.10/dist-packages/turtlesim_pkg_msgs/srv/_catch_turtle_s.c
[0.392s] -- Up-to-date: /home/sjmock/ros2_ws/src/install/turtlesim_pkg_msgs/local/lib/python3.10/dist-packages/turtlesim_pkg_msgs/__init__.py
[0.392s] -- Up-to-date: /home/sjmock/ros2_ws/src/install/turtlesim_pkg_msgs/local/lib/python3.10/dist-packages/turtlesim_pkg_msgs/turtlesim_pkg_msgs_s__rosidl_typesupport_introspection_c.cpython-310-x86_64-linux-gnu.so
[0.392s] -- Up-to-date: /home/sjmock/ros2_ws/src/install/turtlesim_pkg_msgs/local/lib/python3.10/dist-packages/turtlesim_pkg_msgs/turtlesim_pkg_msgs_s__rosidl_typesupport_fastrtps_c.cpython-310-x86_64-linux-gnu.so
[0.392s] -- Up-to-date: /home/sjmock/ros2_ws/src/install/turtlesim_pkg_msgs/local/lib/python3.10/dist-packages/turtlesim_pkg_msgs/_turtlesim_pkg_msgs_s.ep.rosidl_typesupport_fastrtps_c.c
[0.392s] -- Up-to-date: /home/sjmock/ros2_ws/src/install/turtlesim_pkg_msgs/local/lib/python3.10/dist-packages/turtlesim_pkg_msgs/msg
[0.392s] -- Up-to-date: /home/sjmock/ros2_ws/src/install/turtlesim_pkg_msgs/local/lib/python3.10/dist-packages/turtlesim_pkg_msgs/msg/_turtle_s.c
[0.392s] -- Up-to-date: /home/sjmock/ros2_ws/src/install/turtlesim_pkg_msgs/local/lib/python3.10/dist-packages/turtlesim_pkg_msgs/msg/_turtle_array.py
[0.392s] -- Up-to-date: /home/sjmock/ros2_ws/src/install/turtlesim_pkg_msgs/local/lib/python3.10/dist-packages/turtlesim_pkg_msgs/msg/__init__.py
[0.392s] -- Up-to-date: /home/sjmock/ros2_ws/src/install/turtlesim_pkg_msgs/local/lib/python3.10/dist-packages/turtlesim_pkg_msgs/msg/_turtle_array_s.c
[0.392s] -- Up-to-date: /home/sjmock/ros2_ws/src/install/turtlesim_pkg_msgs/local/lib/python3.10/dist-packages/turtlesim_pkg_msgs/msg/_turtle.py
[0.392s] -- Up-to-date: /home/sjmock/ros2_ws/src/install/turtlesim_pkg_msgs/local/lib/python3.10/dist-packages/turtlesim_pkg_msgs/libturtlesim_pkg_msgs__rosidl_generator_py.so
[0.393s] -- Up-to-date: /home/sjmock/ros2_ws/src/install/turtlesim_pkg_msgs/local/lib/python3.10/dist-packages/turtlesim_pkg_msgs/_turtlesim_pkg_msgs_s.ep.rosidl_typesupport_c.c
[0.393s] -- Up-to-date: /home/sjmock/ros2_ws/src/install/turtlesim_pkg_msgs/local/lib/python3.10/dist-packages/turtlesim_pkg_msgs/_turtlesim_pkg_msgs_s.ep.rosidl_typesupport_introspection_c.c
[0.408s] Listing '/home/sjmock/ros2_ws/src/install/turtlesim_pkg_msgs/local/lib/python3.10/dist-packages/turtlesim_pkg_msgs'...
[0.408s] Listing '/home/sjmock/ros2_ws/src/install/turtlesim_pkg_msgs/local/lib/python3.10/dist-packages/turtlesim_pkg_msgs/msg'...
[0.408s] Listing '/home/sjmock/ros2_ws/src/install/turtlesim_pkg_msgs/local/lib/python3.10/dist-packages/turtlesim_pkg_msgs/srv'...
[0.411s] -- Up-to-date: /home/sjmock/ros2_ws/src/install/turtlesim_pkg_msgs/local/lib/python3.10/dist-packages/turtlesim_pkg_msgs/turtlesim_pkg_msgs_s__rosidl_typesupport_fastrtps_c.cpython-310-x86_64-linux-gnu.so
[0.412s] -- Up-to-date: /home/sjmock/ros2_ws/src/install/turtlesim_pkg_msgs/local/lib/python3.10/dist-packages/turtlesim_pkg_msgs/turtlesim_pkg_msgs_s__rosidl_typesupport_introspection_c.cpython-310-x86_64-linux-gnu.so
[0.412s] -- Up-to-date: /home/sjmock/ros2_ws/src/install/turtlesim_pkg_msgs/local/lib/python3.10/dist-packages/turtlesim_pkg_msgs/turtlesim_pkg_msgs_s__rosidl_typesupport_c.cpython-310-x86_64-linux-gnu.so
[0.412s] -- Up-to-date: /home/sjmock/ros2_ws/src/install/turtlesim_pkg_msgs/lib/libturtlesim_pkg_msgs__rosidl_generator_py.so
[0.412s] -- Up-to-date: /home/sjmock/ros2_ws/src/install/turtlesim_pkg_msgs/share/turtlesim_pkg_msgs/msg/Turtle.idl
[0.412s] -- Up-to-date: /home/sjmock/ros2_ws/src/install/turtlesim_pkg_msgs/share/turtlesim_pkg_msgs/msg/TurtleArray.idl
[0.412s] -- Up-to-date: /home/sjmock/ros2_ws/src/install/turtlesim_pkg_msgs/share/turtlesim_pkg_msgs/srv/CatchTurtle.idl
[0.412s] -- Up-to-date: /home/sjmock/ros2_ws/src/install/turtlesim_pkg_msgs/share/turtlesim_pkg_msgs/msg/Turtle.msg
[0.412s] -- Up-to-date: /home/sjmock/ros2_ws/src/install/turtlesim_pkg_msgs/share/turtlesim_pkg_msgs/msg/TurtleArray.msg
[0.413s] -- Up-to-date: /home/sjmock/ros2_ws/src/install/turtlesim_pkg_msgs/share/turtlesim_pkg_msgs/srv/CatchTurtle.srv
[0.413s] -- Up-to-date: /home/sjmock/ros2_ws/src/install/turtlesim_pkg_msgs/share/turtlesim_pkg_msgs/srv/CatchTurtle_Request.msg
[0.413s] -- Up-to-date: /home/sjmock/ros2_ws/src/install/turtlesim_pkg_msgs/share/turtlesim_pkg_msgs/srv/CatchTurtle_Response.msg
[0.413s] -- Up-to-date: /home/sjmock/ros2_ws/src/install/turtlesim_pkg_msgs/share/ament_index/resource_index/package_run_dependencies/turtlesim_pkg_msgs
[0.413s] -- Up-to-date: /home/sjmock/ros2_ws/src/install/turtlesim_pkg_msgs/share/ament_index/resource_index/parent_prefix_path/turtlesim_pkg_msgs
[0.413s] -- Up-to-date: /home/sjmock/ros2_ws/src/install/turtlesim_pkg_msgs/share/turtlesim_pkg_msgs/environment/ament_prefix_path.sh
[0.413s] -- Up-to-date: /home/sjmock/ros2_ws/src/install/turtlesim_pkg_msgs/share/turtlesim_pkg_msgs/environment/ament_prefix_path.dsv
[0.413s] -- Up-to-date: /home/sjmock/ros2_ws/src/install/turtlesim_pkg_msgs/share/turtlesim_pkg_msgs/environment/path.sh
[0.413s] -- Up-to-date: /home/sjmock/ros2_ws/src/install/turtlesim_pkg_msgs/share/turtlesim_pkg_msgs/environment/path.dsv
[0.413s] -- Up-to-date: /home/sjmock/ros2_ws/src/install/turtlesim_pkg_msgs/share/turtlesim_pkg_msgs/local_setup.bash
[0.413s] -- Up-to-date: /home/sjmock/ros2_ws/src/install/turtlesim_pkg_msgs/share/turtlesim_pkg_msgs/local_setup.sh
[0.413s] -- Up-to-date: /home/sjmock/ros2_ws/src/install/turtlesim_pkg_msgs/share/turtlesim_pkg_msgs/local_setup.zsh
[0.413s] -- Up-to-date: /home/sjmock/ros2_ws/src/install/turtlesim_pkg_msgs/share/turtlesim_pkg_msgs/local_setup.dsv
[0.414s] -- Installing: /home/sjmock/ros2_ws/src/install/turtlesim_pkg_msgs/share/turtlesim_pkg_msgs/package.dsv
[0.414s] -- Up-to-date: /home/sjmock/ros2_ws/src/install/turtlesim_pkg_msgs/share/ament_index/resource_index/packages/turtlesim_pkg_msgs
[0.414s] -- Up-to-date: /home/sjmock/ros2_ws/src/install/turtlesim_pkg_msgs/share/turtlesim_pkg_msgs/cmake/export_turtlesim_pkg_msgs__rosidl_generator_cExport.cmake
[0.414s] -- Up-to-date: /home/sjmock/ros2_ws/src/install/turtlesim_pkg_msgs/share/turtlesim_pkg_msgs/cmake/export_turtlesim_pkg_msgs__rosidl_generator_cExport-noconfig.cmake
[0.414s] -- Up-to-date: /home/sjmock/ros2_ws/src/install/turtlesim_pkg_msgs/share/turtlesim_pkg_msgs/cmake/export_turtlesim_pkg_msgs__rosidl_typesupport_fastrtps_cExport.cmake
[0.414s] -- Up-to-date: /home/sjmock/ros2_ws/src/install/turtlesim_pkg_msgs/share/turtlesim_pkg_msgs/cmake/export_turtlesim_pkg_msgs__rosidl_typesupport_fastrtps_cExport-noconfig.cmake
[0.414s] -- Up-to-date: /home/sjmock/ros2_ws/src/install/turtlesim_pkg_msgs/share/turtlesim_pkg_msgs/cmake/turtlesim_pkg_msgs__rosidl_typesupport_introspection_cExport.cmake
[0.414s] -- Up-to-date: /home/sjmock/ros2_ws/src/install/turtlesim_pkg_msgs/share/turtlesim_pkg_msgs/cmake/turtlesim_pkg_msgs__rosidl_typesupport_introspection_cExport-noconfig.cmake
[0.414s] -- Up-to-date: /home/sjmock/ros2_ws/src/install/turtlesim_pkg_msgs/share/turtlesim_pkg_msgs/cmake/turtlesim_pkg_msgs__rosidl_typesupport_cExport.cmake
[0.414s] -- Up-to-date: /home/sjmock/ros2_ws/src/install/turtlesim_pkg_msgs/share/turtlesim_pkg_msgs/cmake/turtlesim_pkg_msgs__rosidl_typesupport_cExport-noconfig.cmake
[0.415s] -- Up-to-date: /home/sjmock/ros2_ws/src/install/turtlesim_pkg_msgs/share/turtlesim_pkg_msgs/cmake/export_turtlesim_pkg_msgs__rosidl_generator_cppExport.cmake
[0.415s] -- Up-to-date: /home/sjmock/ros2_ws/src/install/turtlesim_pkg_msgs/share/turtlesim_pkg_msgs/cmake/export_turtlesim_pkg_msgs__rosidl_typesupport_fastrtps_cppExport.cmake
[0.415s] -- Up-to-date: /home/sjmock/ros2_ws/src/install/turtlesim_pkg_msgs/share/turtlesim_pkg_msgs/cmake/export_turtlesim_pkg_msgs__rosidl_typesupport_fastrtps_cppExport-noconfig.cmake
[0.416s] -- Up-to-date: /home/sjmock/ros2_ws/src/install/turtlesim_pkg_msgs/share/turtlesim_pkg_msgs/cmake/turtlesim_pkg_msgs__rosidl_typesupport_introspection_cppExport.cmake
[0.416s] -- Up-to-date: /home/sjmock/ros2_ws/src/install/turtlesim_pkg_msgs/share/turtlesim_pkg_msgs/cmake/turtlesim_pkg_msgs__rosidl_typesupport_introspection_cppExport-noconfig.cmake
[0.416s] -- Up-to-date: /home/sjmock/ros2_ws/src/install/turtlesim_pkg_msgs/share/turtlesim_pkg_msgs/cmake/turtlesim_pkg_msgs__rosidl_typesupport_cppExport.cmake
[0.417s] -- Up-to-date: /home/sjmock/ros2_ws/src/install/turtlesim_pkg_msgs/share/turtlesim_pkg_msgs/cmake/turtlesim_pkg_msgs__rosidl_typesupport_cppExport-noconfig.cmake
[0.417s] -- Up-to-date: /home/sjmock/ros2_ws/src/install/turtlesim_pkg_msgs/share/turtlesim_pkg_msgs/cmake/export_turtlesim_pkg_msgs__rosidl_generator_pyExport.cmake
[0.418s] -- Up-to-date: /home/sjmock/ros2_ws/src/install/turtlesim_pkg_msgs/share/turtlesim_pkg_msgs/cmake/export_turtlesim_pkg_msgs__rosidl_generator_pyExport-noconfig.cmake
[0.418s] -- Up-to-date: /home/sjmock/ros2_ws/src/install/turtlesim_pkg_msgs/share/turtlesim_pkg_msgs/cmake/rosidl_cmake-extras.cmake
[0.418s] -- Up-to-date: /home/sjmock/ros2_ws/src/install/turtlesim_pkg_msgs/share/turtlesim_pkg_msgs/cmake/ament_cmake_export_include_directories-extras.cmake
[0.418s] -- Up-to-date: /home/sjmock/ros2_ws/src/install/turtlesim_pkg_msgs/share/turtlesim_pkg_msgs/cmake/ament_cmake_export_libraries-extras.cmake
[0.419s] -- Up-to-date: /home/sjmock/ros2_ws/src/install/turtlesim_pkg_msgs/share/turtlesim_pkg_msgs/cmake/ament_cmake_export_targets-extras.cmake
[0.419s] -- Up-to-date: /home/sjmock/ros2_ws/src/install/turtlesim_pkg_msgs/share/turtlesim_pkg_msgs/cmake/rosidl_cmake_export_typesupport_targets-extras.cmake
[0.419s] -- Up-to-date: /home/sjmock/ros2_ws/src/install/turtlesim_pkg_msgs/share/turtlesim_pkg_msgs/cmake/ament_cmake_export_dependencies-extras.cmake
[0.419s] -- Up-to-date: /home/sjmock/ros2_ws/src/install/turtlesim_pkg_msgs/share/turtlesim_pkg_msgs/cmake/rosidl_cmake_export_typesupport_libraries-extras.cmake
[0.419s] -- Up-to-date: /home/sjmock/ros2_ws/src/install/turtlesim_pkg_msgs/share/turtlesim_pkg_msgs/cmake/turtlesim_pkg_msgsConfig.cmake
[0.419s] -- Up-to-date: /home/sjmock/ros2_ws/src/install/turtlesim_pkg_msgs/share/turtlesim_pkg_msgs/cmake/turtlesim_pkg_msgsConfig-version.cmake
[0.419s] -- Up-to-date: /home/sjmock/ros2_ws/src/install/turtlesim_pkg_msgs/share/turtlesim_pkg_msgs/package.xml
[0.423s] Invoked command in '/home/sjmock/ros2_ws/src/build/turtlesim_pkg_msgs' returned '0': CMAKE_PREFIX_PATH=${CMAKE_PREFIX_PATH}:/home/sjmock/ros2_ws/install/turtlesim_pkg:/home/sjmock/ros2_ws/install/my_py_pkg:/opt/ros/humble /usr/bin/cmake --install /home/sjmock/ros2_ws/src/build/turtlesim_pkg_msgs
