[0.007s] Invoking command in '/home/sjmock/ros2_ws/src/build/turtlesim_pkg_msgs': CMAKE_PREFIX_PATH=${CMAKE_PREFIX_PATH}:/home/sjmock/ros2_ws/install/turtlesim_pkg:/home/sjmock/ros2_ws/install/my_py_pkg:/opt/ros/humble /usr/bin/cmake /home/sjmock/ros2_ws/src/turtlesim_pkg_msgs -DCMAKE_INSTALL_PREFIX=/home/sjmock/ros2_ws/src/install/turtlesim_pkg_msgs
[0.040s] -- The C compiler identification is GNU 11.4.0
[0.077s] -- The CXX compiler identification is GNU 11.4.0
[0.081s] -- Detecting C compiler ABI info
[0.125s] -- Detecting C compiler ABI info - done
[0.134s] -- Check for working C compiler: /usr/bin/cc - skipped
[0.134s] -- Detecting C compile features
[0.135s] -- Detecting C compile features - done
[0.139s] -- Detecting CXX compiler ABI info
[0.191s] -- Detecting CXX compiler ABI info - done
[0.196s] -- Check for working CXX compiler: /usr/bin/c++ - skipped
[0.196s] -- Detecting CXX compile features
[0.196s] -- Detecting CXX compile features - done
[0.197s] -- Found ament_cmake: 1.3.5 (/opt/ros/humble/share/ament_cmake/cmake)
[0.320s] -- Found Python3: /usr/bin/python3.10 (found version "3.10.12") found components: Interpreter 
[0.389s] -- Found rosidl_default_generators: 1.2.0 (/opt/ros/humble/share/rosidl_default_generators/cmake)
[0.392s] -- Using all available rosidl_typesupport_c: rosidl_typesupport_fastrtps_c;rosidl_typesupport_introspection_c
[0.396s] -- Found rosidl_adapter: 3.1.5 (/opt/ros/humble/share/rosidl_adapter/cmake)
[0.424s] -- Using all available rosidl_typesupport_cpp: rosidl_typesupport_fastrtps_cpp;rosidl_typesupport_introspection_cpp
[0.448s] [31mCMake Error at /opt/ros/humble/share/rosidl_cmake/cmake/rosidl_generate_interfaces.cmake:93 (message):
[0.448s]   rosidl_generate_interfaces() the passed file 'msg/CatchTurtle.srv' doesn't
[0.448s]   exist relative to the CMAKE_CURRENT_SOURCE_DIR
[0.448s]   '/home/sjmock/ros2_ws/src/turtlesim_pkg_msgs'
[0.448s] Call Stack (most recent call first):
[0.448s]   CMakeLists.txt:16 (rosidl_generate_interfaces)
[0.448s] 
[0.448s] [0m
[0.448s] -- Configuring incomplete, errors occurred!
[0.448s] See also "/home/sjmock/ros2_ws/src/build/turtlesim_pkg_msgs/CMakeFiles/CMakeOutput.log".
[0.452s] Invoked command in '/home/sjmock/ros2_ws/src/build/turtlesim_pkg_msgs' returned '1': CMAKE_PREFIX_PATH=${CMAKE_PREFIX_PATH}:/home/sjmock/ros2_ws/install/turtlesim_pkg:/home/sjmock/ros2_ws/install/my_py_pkg:/opt/ros/humble /usr/bin/cmake /home/sjmock/ros2_ws/src/turtlesim_pkg_msgs -DCMAKE_INSTALL_PREFIX=/home/sjmock/ros2_ws/src/install/turtlesim_pkg_msgs
