[0.237s] Invoking command in '/home/sjmock/ros2_ws/src/build/my_cpp_pkg': AMENT_PREFIX_PATH=/home/sjmock/ros2_ws/src/install/my_robot_interfaces:${AMENT_PREFIX_PATH} CMAKE_PREFIX_PATH=/home/sjmock/ros2_ws/src/install/my_robot_interfaces:/home/sjmock/ros2_ws/install/turtlesim_pkg_msgs:/home/sjmock/ros2_ws/install/my_robot_bringup:/home/sjmock/ros2_ws/install/my_cpp_pkg:/home/sjmock/ros2_ws/install/my_robot_interfaces:/home/sjmock/ros2_ws/install/turtlesim_pkg:/home/sjmock/ros2_ws/install/my_py_pkg:/opt/ros/humble LD_LIBRARY_PATH=/home/sjmock/ros2_ws/src/install/my_robot_interfaces/lib:${LD_LIBRARY_PATH} PYTHONPATH=/home/sjmock/ros2_ws/src/install/my_robot_interfaces/local/lib/python3.10/dist-packages:${PYTHONPATH} /usr/bin/cmake --build /home/sjmock/ros2_ws/src/build/my_cpp_pkg -- -j16 -l16
[0.266s] [35m[1mConsolidate compiler generated dependencies of target number_reset[0m
[0.267s] [35m[1mConsolidate compiler generated dependencies of target add_two_ints_client_no_oop[0m
[0.267s] [35m[1mConsolidate compiler generated dependencies of target number_publisher[0m
[0.267s] [35m[1mConsolidate compiler generated dependencies of target cpp_node[0m
[0.267s] [35m[1mConsolidate compiler generated dependencies of target add_two_ints_server[0m
[0.267s] [35m[1mConsolidate compiler generated dependencies of target robot_news_station[0m
[0.267s] [35m[1mConsolidate compiler generated dependencies of target smartphone[0m
[0.267s] [35m[1mConsolidate compiler generated dependencies of target number_counter[0m
[0.267s] [35m[1mConsolidate compiler generated dependencies of target add_two_ints_client[0m
[0.267s] [35m[1mConsolidate compiler generated dependencies of target battery_node[0m
[0.267s] [35m[1mConsolidate compiler generated dependencies of target hw_status_publisher[0m
[0.268s] [35m[1mConsolidate compiler generated dependencies of target led_panel_node[0m
[0.282s] [ 16%] Built target add_two_ints_client_no_oop
[0.282s] [ 16%] Built target number_reset
[0.286s] [ 37%] Built target hw_status_publisher
[0.286s] [ 37%] Built target number_publisher
[0.286s] [ 45%] Built target add_two_ints_client
[0.286s] [ 66%] Built target add_two_ints_server
[0.286s] [ 66%] Built target cpp_node
[0.286s] [ 66%] Built target robot_news_station
[0.286s] [ 79%] Built target number_counter
[0.286s] [ 83%] Built target smartphone
[0.286s] [ 91%] Built target battery_node
[0.288s] [100%] Built target led_panel_node
[0.450s] Invoked command in '/home/sjmock/ros2_ws/src/build/my_cpp_pkg' returned '0': AMENT_PREFIX_PATH=/home/sjmock/ros2_ws/src/install/my_robot_interfaces:${AMENT_PREFIX_PATH} CMAKE_PREFIX_PATH=/home/sjmock/ros2_ws/src/install/my_robot_interfaces:/home/sjmock/ros2_ws/install/turtlesim_pkg_msgs:/home/sjmock/ros2_ws/install/my_robot_bringup:/home/sjmock/ros2_ws/install/my_cpp_pkg:/home/sjmock/ros2_ws/install/my_robot_interfaces:/home/sjmock/ros2_ws/install/turtlesim_pkg:/home/sjmock/ros2_ws/install/my_py_pkg:/opt/ros/humble LD_LIBRARY_PATH=/home/sjmock/ros2_ws/src/install/my_robot_interfaces/lib:${LD_LIBRARY_PATH} PYTHONPATH=/home/sjmock/ros2_ws/src/install/my_robot_interfaces/local/lib/python3.10/dist-packages:${PYTHONPATH} /usr/bin/cmake --build /home/sjmock/ros2_ws/src/build/my_cpp_pkg -- -j16 -l16
[0.485s] Invoking command in '/home/sjmock/ros2_ws/src/build/my_cpp_pkg': AMENT_PREFIX_PATH=/home/sjmock/ros2_ws/src/install/my_robot_interfaces:${AMENT_PREFIX_PATH} CMAKE_PREFIX_PATH=/home/sjmock/ros2_ws/src/install/my_robot_interfaces:/home/sjmock/ros2_ws/install/turtlesim_pkg_msgs:/home/sjmock/ros2_ws/install/my_robot_bringup:/home/sjmock/ros2_ws/install/my_cpp_pkg:/home/sjmock/ros2_ws/install/my_robot_interfaces:/home/sjmock/ros2_ws/install/turtlesim_pkg:/home/sjmock/ros2_ws/install/my_py_pkg:/opt/ros/humble LD_LIBRARY_PATH=/home/sjmock/ros2_ws/src/install/my_robot_interfaces/lib:${LD_LIBRARY_PATH} PYTHONPATH=/home/sjmock/ros2_ws/src/install/my_robot_interfaces/local/lib/python3.10/dist-packages:${PYTHONPATH} /usr/bin/cmake --install /home/sjmock/ros2_ws/src/build/my_cpp_pkg
[0.490s] -- Install configuration: ""
[0.491s] -- Up-to-date: /home/sjmock/ros2_ws/src/install/my_cpp_pkg/lib/my_cpp_pkg/cpp_node
[0.491s] -- Up-to-date: /home/sjmock/ros2_ws/src/install/my_cpp_pkg/lib/my_cpp_pkg/robot_news_station
[0.491s] -- Up-to-date: /home/sjmock/ros2_ws/src/install/my_cpp_pkg/lib/my_cpp_pkg/smartphone
[0.491s] -- Up-to-date: /home/sjmock/ros2_ws/src/install/my_cpp_pkg/lib/my_cpp_pkg/number_publisher
[0.491s] -- Up-to-date: /home/sjmock/ros2_ws/src/install/my_cpp_pkg/lib/my_cpp_pkg/number_counter
[0.491s] -- Up-to-date: /home/sjmock/ros2_ws/src/install/my_cpp_pkg/lib/my_cpp_pkg/add_two_ints_server
[0.492s] -- Up-to-date: /home/sjmock/ros2_ws/src/install/my_cpp_pkg/lib/my_cpp_pkg/add_two_ints_client
[0.492s] -- Up-to-date: /home/sjmock/ros2_ws/src/install/my_cpp_pkg/lib/my_cpp_pkg/add_two_ints_client_no_oop
[0.492s] -- Up-to-date: /home/sjmock/ros2_ws/src/install/my_cpp_pkg/lib/my_cpp_pkg/number_reset
[0.492s] -- Up-to-date: /home/sjmock/ros2_ws/src/install/my_cpp_pkg/lib/my_cpp_pkg/hw_status_publisher
[0.492s] -- Up-to-date: /home/sjmock/ros2_ws/src/install/my_cpp_pkg/lib/my_cpp_pkg/battery_node
[0.492s] -- Up-to-date: /home/sjmock/ros2_ws/src/install/my_cpp_pkg/lib/my_cpp_pkg/led_panel_node
[0.492s] -- Up-to-date: /home/sjmock/ros2_ws/src/install/my_cpp_pkg/share/my_cpp_pkg/launch
[0.492s] -- Up-to-date: /home/sjmock/ros2_ws/src/install/my_cpp_pkg/share/my_cpp_pkg/launch/testCPP.launch.py
[0.493s] -- Up-to-date: /home/sjmock/ros2_ws/src/install/my_cpp_pkg/share/ament_index/resource_index/package_run_dependencies/my_cpp_pkg
[0.493s] -- Up-to-date: /home/sjmock/ros2_ws/src/install/my_cpp_pkg/share/ament_index/resource_index/parent_prefix_path/my_cpp_pkg
[0.493s] -- Up-to-date: /home/sjmock/ros2_ws/src/install/my_cpp_pkg/share/my_cpp_pkg/environment/ament_prefix_path.sh
[0.493s] -- Up-to-date: /home/sjmock/ros2_ws/src/install/my_cpp_pkg/share/my_cpp_pkg/environment/ament_prefix_path.dsv
[0.493s] -- Up-to-date: /home/sjmock/ros2_ws/src/install/my_cpp_pkg/share/my_cpp_pkg/environment/path.sh
[0.493s] -- Up-to-date: /home/sjmock/ros2_ws/src/install/my_cpp_pkg/share/my_cpp_pkg/environment/path.dsv
[0.493s] -- Up-to-date: /home/sjmock/ros2_ws/src/install/my_cpp_pkg/share/my_cpp_pkg/local_setup.bash
[0.493s] -- Up-to-date: /home/sjmock/ros2_ws/src/install/my_cpp_pkg/share/my_cpp_pkg/local_setup.sh
[0.493s] -- Up-to-date: /home/sjmock/ros2_ws/src/install/my_cpp_pkg/share/my_cpp_pkg/local_setup.zsh
[0.493s] -- Up-to-date: /home/sjmock/ros2_ws/src/install/my_cpp_pkg/share/my_cpp_pkg/local_setup.dsv
[0.493s] -- Installing: /home/sjmock/ros2_ws/src/install/my_cpp_pkg/share/my_cpp_pkg/package.dsv
[0.493s] -- Up-to-date: /home/sjmock/ros2_ws/src/install/my_cpp_pkg/share/ament_index/resource_index/packages/my_cpp_pkg
[0.493s] -- Up-to-date: /home/sjmock/ros2_ws/src/install/my_cpp_pkg/share/my_cpp_pkg/cmake/my_cpp_pkgConfig.cmake
[0.493s] -- Up-to-date: /home/sjmock/ros2_ws/src/install/my_cpp_pkg/share/my_cpp_pkg/cmake/my_cpp_pkgConfig-version.cmake
[0.493s] -- Up-to-date: /home/sjmock/ros2_ws/src/install/my_cpp_pkg/share/my_cpp_pkg/package.xml
[0.496s] Invoked command in '/home/sjmock/ros2_ws/src/build/my_cpp_pkg' returned '0': AMENT_PREFIX_PATH=/home/sjmock/ros2_ws/src/install/my_robot_interfaces:${AMENT_PREFIX_PATH} CMAKE_PREFIX_PATH=/home/sjmock/ros2_ws/src/install/my_robot_interfaces:/home/sjmock/ros2_ws/install/turtlesim_pkg_msgs:/home/sjmock/ros2_ws/install/my_robot_bringup:/home/sjmock/ros2_ws/install/my_cpp_pkg:/home/sjmock/ros2_ws/install/my_robot_interfaces:/home/sjmock/ros2_ws/install/turtlesim_pkg:/home/sjmock/ros2_ws/install/my_py_pkg:/opt/ros/humble LD_LIBRARY_PATH=/home/sjmock/ros2_ws/src/install/my_robot_interfaces/lib:${LD_LIBRARY_PATH} PYTHONPATH=/home/sjmock/ros2_ws/src/install/my_robot_interfaces/local/lib/python3.10/dist-packages:${PYTHONPATH} /usr/bin/cmake --install /home/sjmock/ros2_ws/src/build/my_cpp_pkg
