[0.533s] Invoking command in '/home/sjmock/ros2_ws/src/my_py_pkg': AMENT_PREFIX_PATH=/home/sjmock/ros2_ws/src/install/my_robot_interfaces:${AMENT_PREFIX_PATH} CMAKE_PREFIX_PATH=/home/sjmock/ros2_ws/src/install/my_robot_interfaces:${CMAKE_PREFIX_PATH} LD_LIBRARY_PATH=/home/sjmock/ros2_ws/src/install/my_robot_interfaces/lib:${LD_LIBRARY_PATH} PYTHONPATH=/home/sjmock/ros2_ws/src/build/my_py_pkg/prefix_override:/home/sjmock/ros2_ws/src/install/my_py_pkg/lib/python3.10/site-packages:/home/sjmock/ros2_ws/src/install/my_robot_interfaces/local/lib/python3.10/dist-packages:${PYTHONPATH} /usr/bin/python3 setup.py egg_info --egg-base ../build/my_py_pkg build --build-base /home/sjmock/ros2_ws/src/build/my_py_pkg/build install --record /home/sjmock/ros2_ws/src/build/my_py_pkg/install.log --single-version-externally-managed
[0.732s] running egg_info
[0.732s] creating ../build/my_py_pkg/my_py_pkg.egg-info
[0.732s] writing ../build/my_py_pkg/my_py_pkg.egg-info/PKG-INFO
[0.733s] writing dependency_links to ../build/my_py_pkg/my_py_pkg.egg-info/dependency_links.txt
[0.733s] writing entry points to ../build/my_py_pkg/my_py_pkg.egg-info/entry_points.txt
[0.734s] writing requirements to ../build/my_py_pkg/my_py_pkg.egg-info/requires.txt
[0.734s] writing top-level names to ../build/my_py_pkg/my_py_pkg.egg-info/top_level.txt
[0.734s] writing manifest file '../build/my_py_pkg/my_py_pkg.egg-info/SOURCES.txt'
[0.735s] reading manifest file '../build/my_py_pkg/my_py_pkg.egg-info/SOURCES.txt'
[0.736s] writing manifest file '../build/my_py_pkg/my_py_pkg.egg-info/SOURCES.txt'
[0.736s] running build
[0.736s] running build_py
[0.736s] creating /home/sjmock/ros2_ws/src/build/my_py_pkg/build
[0.736s] creating /home/sjmock/ros2_ws/src/build/my_py_pkg/build/lib
[0.736s] creating /home/sjmock/ros2_ws/src/build/my_py_pkg/build/lib/my_py_pkg
[0.736s] copying my_py_pkg/smartphone.py -> /home/sjmock/ros2_ws/src/build/my_py_pkg/build/lib/my_py_pkg
[0.736s] copying my_py_pkg/robot_news_station.py -> /home/sjmock/ros2_ws/src/build/my_py_pkg/build/lib/my_py_pkg
[0.736s] copying my_py_pkg/add_two_ints_client_no_oop.py -> /home/sjmock/ros2_ws/src/build/my_py_pkg/build/lib/my_py_pkg
[0.736s] copying my_py_pkg/hw_status_publisher.py -> /home/sjmock/ros2_ws/src/build/my_py_pkg/build/lib/my_py_pkg
[0.736s] copying my_py_pkg/number_counter.py -> /home/sjmock/ros2_ws/src/build/my_py_pkg/build/lib/my_py_pkg
[0.737s] copying my_py_pkg/template_python_node.py -> /home/sjmock/ros2_ws/src/build/my_py_pkg/build/lib/my_py_pkg
[0.737s] copying my_py_pkg/__init__.py -> /home/sjmock/ros2_ws/src/build/my_py_pkg/build/lib/my_py_pkg
[0.737s] copying my_py_pkg/number_publisher.py -> /home/sjmock/ros2_ws/src/build/my_py_pkg/build/lib/my_py_pkg
[0.737s] copying my_py_pkg/add_two_ints_client.py -> /home/sjmock/ros2_ws/src/build/my_py_pkg/build/lib/my_py_pkg
[0.737s] copying my_py_pkg/my_first_node.py -> /home/sjmock/ros2_ws/src/build/my_py_pkg/build/lib/my_py_pkg
[0.737s] copying my_py_pkg/number_reset.py -> /home/sjmock/ros2_ws/src/build/my_py_pkg/build/lib/my_py_pkg
[0.737s] copying my_py_pkg/battery_node.py -> /home/sjmock/ros2_ws/src/build/my_py_pkg/build/lib/my_py_pkg
[0.737s] copying my_py_pkg/add_two_ints_server.py -> /home/sjmock/ros2_ws/src/build/my_py_pkg/build/lib/my_py_pkg
[0.737s] copying my_py_pkg/led_panel_node.py -> /home/sjmock/ros2_ws/src/build/my_py_pkg/build/lib/my_py_pkg
[0.738s] running install
[0.738s] running install_lib
[0.739s] creating /home/sjmock/ros2_ws/src/install/my_py_pkg/lib/python3.10/site-packages/my_py_pkg
[0.739s] copying /home/sjmock/ros2_ws/src/build/my_py_pkg/build/lib/my_py_pkg/smartphone.py -> /home/sjmock/ros2_ws/src/install/my_py_pkg/lib/python3.10/site-packages/my_py_pkg
[0.739s] copying /home/sjmock/ros2_ws/src/build/my_py_pkg/build/lib/my_py_pkg/robot_news_station.py -> /home/sjmock/ros2_ws/src/install/my_py_pkg/lib/python3.10/site-packages/my_py_pkg
[0.739s] copying /home/sjmock/ros2_ws/src/build/my_py_pkg/build/lib/my_py_pkg/add_two_ints_client_no_oop.py -> /home/sjmock/ros2_ws/src/install/my_py_pkg/lib/python3.10/site-packages/my_py_pkg
[0.739s] copying /home/sjmock/ros2_ws/src/build/my_py_pkg/build/lib/my_py_pkg/hw_status_publisher.py -> /home/sjmock/ros2_ws/src/install/my_py_pkg/lib/python3.10/site-packages/my_py_pkg
[0.739s] copying /home/sjmock/ros2_ws/src/build/my_py_pkg/build/lib/my_py_pkg/number_counter.py -> /home/sjmock/ros2_ws/src/install/my_py_pkg/lib/python3.10/site-packages/my_py_pkg
[0.739s] copying /home/sjmock/ros2_ws/src/build/my_py_pkg/build/lib/my_py_pkg/template_python_node.py -> /home/sjmock/ros2_ws/src/install/my_py_pkg/lib/python3.10/site-packages/my_py_pkg
[0.739s] copying /home/sjmock/ros2_ws/src/build/my_py_pkg/build/lib/my_py_pkg/__init__.py -> /home/sjmock/ros2_ws/src/install/my_py_pkg/lib/python3.10/site-packages/my_py_pkg
[0.740s] copying /home/sjmock/ros2_ws/src/build/my_py_pkg/build/lib/my_py_pkg/number_publisher.py -> /home/sjmock/ros2_ws/src/install/my_py_pkg/lib/python3.10/site-packages/my_py_pkg
[0.740s] copying /home/sjmock/ros2_ws/src/build/my_py_pkg/build/lib/my_py_pkg/add_two_ints_client.py -> /home/sjmock/ros2_ws/src/install/my_py_pkg/lib/python3.10/site-packages/my_py_pkg
[0.740s] copying /home/sjmock/ros2_ws/src/build/my_py_pkg/build/lib/my_py_pkg/my_first_node.py -> /home/sjmock/ros2_ws/src/install/my_py_pkg/lib/python3.10/site-packages/my_py_pkg
[0.740s] copying /home/sjmock/ros2_ws/src/build/my_py_pkg/build/lib/my_py_pkg/number_reset.py -> /home/sjmock/ros2_ws/src/install/my_py_pkg/lib/python3.10/site-packages/my_py_pkg
[0.740s] copying /home/sjmock/ros2_ws/src/build/my_py_pkg/build/lib/my_py_pkg/battery_node.py -> /home/sjmock/ros2_ws/src/install/my_py_pkg/lib/python3.10/site-packages/my_py_pkg
[0.740s] copying /home/sjmock/ros2_ws/src/build/my_py_pkg/build/lib/my_py_pkg/add_two_ints_server.py -> /home/sjmock/ros2_ws/src/install/my_py_pkg/lib/python3.10/site-packages/my_py_pkg
[0.740s] copying /home/sjmock/ros2_ws/src/build/my_py_pkg/build/lib/my_py_pkg/led_panel_node.py -> /home/sjmock/ros2_ws/src/install/my_py_pkg/lib/python3.10/site-packages/my_py_pkg
[0.740s] byte-compiling /home/sjmock/ros2_ws/src/install/my_py_pkg/lib/python3.10/site-packages/my_py_pkg/smartphone.py to smartphone.cpython-310.pyc
[0.741s] byte-compiling /home/sjmock/ros2_ws/src/install/my_py_pkg/lib/python3.10/site-packages/my_py_pkg/robot_news_station.py to robot_news_station.cpython-310.pyc
[0.741s] byte-compiling /home/sjmock/ros2_ws/src/install/my_py_pkg/lib/python3.10/site-packages/my_py_pkg/add_two_ints_client_no_oop.py to add_two_ints_client_no_oop.cpython-310.pyc
[0.742s] byte-compiling /home/sjmock/ros2_ws/src/install/my_py_pkg/lib/python3.10/site-packages/my_py_pkg/hw_status_publisher.py to hw_status_publisher.cpython-310.pyc
[0.742s] byte-compiling /home/sjmock/ros2_ws/src/install/my_py_pkg/lib/python3.10/site-packages/my_py_pkg/number_counter.py to number_counter.cpython-310.pyc
[0.742s] byte-compiling /home/sjmock/ros2_ws/src/install/my_py_pkg/lib/python3.10/site-packages/my_py_pkg/template_python_node.py to template_python_node.cpython-310.pyc
[0.743s] byte-compiling /home/sjmock/ros2_ws/src/install/my_py_pkg/lib/python3.10/site-packages/my_py_pkg/__init__.py to __init__.cpython-310.pyc
[0.743s] byte-compiling /home/sjmock/ros2_ws/src/install/my_py_pkg/lib/python3.10/site-packages/my_py_pkg/number_publisher.py to number_publisher.cpython-310.pyc
[0.743s] byte-compiling /home/sjmock/ros2_ws/src/install/my_py_pkg/lib/python3.10/site-packages/my_py_pkg/add_two_ints_client.py to add_two_ints_client.cpython-310.pyc
[0.743s] byte-compiling /home/sjmock/ros2_ws/src/install/my_py_pkg/lib/python3.10/site-packages/my_py_pkg/my_first_node.py to my_first_node.cpython-310.pyc
[0.743s] byte-compiling /home/sjmock/ros2_ws/src/install/my_py_pkg/lib/python3.10/site-packages/my_py_pkg/number_reset.py to number_reset.cpython-310.pyc
[0.744s] byte-compiling /home/sjmock/ros2_ws/src/install/my_py_pkg/lib/python3.10/site-packages/my_py_pkg/battery_node.py to battery_node.cpython-310.pyc
[0.744s] byte-compiling /home/sjmock/ros2_ws/src/install/my_py_pkg/lib/python3.10/site-packages/my_py_pkg/add_two_ints_server.py to add_two_ints_server.cpython-310.pyc
[0.744s] byte-compiling /home/sjmock/ros2_ws/src/install/my_py_pkg/lib/python3.10/site-packages/my_py_pkg/led_panel_node.py to led_panel_node.cpython-310.pyc
[0.745s] running install_data
[0.745s] creating /home/sjmock/ros2_ws/src/install/my_py_pkg/share/ament_index
[0.745s] creating /home/sjmock/ros2_ws/src/install/my_py_pkg/share/ament_index/resource_index
[0.746s] creating /home/sjmock/ros2_ws/src/install/my_py_pkg/share/ament_index/resource_index/packages
[0.746s] copying resource/my_py_pkg -> /home/sjmock/ros2_ws/src/install/my_py_pkg/share/ament_index/resource_index/packages
[0.746s] copying package.xml -> /home/sjmock/ros2_ws/src/install/my_py_pkg/share/my_py_pkg
[0.746s] running install_egg_info
[0.748s] Copying ../build/my_py_pkg/my_py_pkg.egg-info to /home/sjmock/ros2_ws/src/install/my_py_pkg/lib/python3.10/site-packages/my_py_pkg-0.0.0-py3.10.egg-info
[0.748s] running install_scripts
[0.770s] Installing add_two_ints_client script to /home/sjmock/ros2_ws/src/install/my_py_pkg/lib/my_py_pkg
[0.771s] Installing add_two_ints_client_no_oop script to /home/sjmock/ros2_ws/src/install/my_py_pkg/lib/my_py_pkg
[0.771s] Installing add_two_ints_server script to /home/sjmock/ros2_ws/src/install/my_py_pkg/lib/my_py_pkg
[0.771s] Installing battery_node script to /home/sjmock/ros2_ws/src/install/my_py_pkg/lib/my_py_pkg
[0.771s] Installing hw_status_publisher script to /home/sjmock/ros2_ws/src/install/my_py_pkg/lib/my_py_pkg
[0.771s] Installing led_panel_node script to /home/sjmock/ros2_ws/src/install/my_py_pkg/lib/my_py_pkg
[0.771s] Installing number_counter script to /home/sjmock/ros2_ws/src/install/my_py_pkg/lib/my_py_pkg
[0.771s] Installing number_publisher script to /home/sjmock/ros2_ws/src/install/my_py_pkg/lib/my_py_pkg
[0.772s] Installing number_reset script to /home/sjmock/ros2_ws/src/install/my_py_pkg/lib/my_py_pkg
[0.772s] Installing py_node script to /home/sjmock/ros2_ws/src/install/my_py_pkg/lib/my_py_pkg
[0.772s] Installing robot_news_station script to /home/sjmock/ros2_ws/src/install/my_py_pkg/lib/my_py_pkg
[0.772s] Installing smartphone script to /home/sjmock/ros2_ws/src/install/my_py_pkg/lib/my_py_pkg
[0.772s] writing list of installed files to '/home/sjmock/ros2_ws/src/build/my_py_pkg/install.log'
[0.807s] Invoked command in '/home/sjmock/ros2_ws/src/my_py_pkg' returned '0': AMENT_PREFIX_PATH=/home/sjmock/ros2_ws/src/install/my_robot_interfaces:${AMENT_PREFIX_PATH} CMAKE_PREFIX_PATH=/home/sjmock/ros2_ws/src/install/my_robot_interfaces:${CMAKE_PREFIX_PATH} LD_LIBRARY_PATH=/home/sjmock/ros2_ws/src/install/my_robot_interfaces/lib:${LD_LIBRARY_PATH} PYTHONPATH=/home/sjmock/ros2_ws/src/build/my_py_pkg/prefix_override:/home/sjmock/ros2_ws/src/install/my_py_pkg/lib/python3.10/site-packages:/home/sjmock/ros2_ws/src/install/my_robot_interfaces/local/lib/python3.10/dist-packages:${PYTHONPATH} /usr/bin/python3 setup.py egg_info --egg-base ../build/my_py_pkg build --build-base /home/sjmock/ros2_ws/src/build/my_py_pkg/build install --record /home/sjmock/ros2_ws/src/build/my_py_pkg/install.log --single-version-externally-managed
