[0.715s] Invoking command in '/home/sjmock/ros2_ws/src/my_py_pkg': AMENT_PREFIX_PATH=/home/sjmock/ros2_ws/src/install/my_robot_interfaces:${AMENT_PREFIX_PATH} CMAKE_PREFIX_PATH=/home/sjmock/ros2_ws/src/install/my_robot_interfaces:${CMAKE_PREFIX_PATH} LD_LIBRARY_PATH=/home/sjmock/ros2_ws/src/install/my_robot_interfaces/lib:${LD_LIBRARY_PATH} PYTHONPATH=/home/sjmock/ros2_ws/src/build/my_py_pkg/prefix_override:/home/sjmock/ros2_ws/src/install/my_py_pkg/lib/python3.10/site-packages:/home/sjmock/ros2_ws/src/install/my_robot_interfaces/local/lib/python3.10/dist-packages:${PYTHONPATH} /usr/bin/python3 setup.py egg_info --egg-base ../build/my_py_pkg build --build-base /home/sjmock/ros2_ws/src/build/my_py_pkg/build install --record /home/sjmock/ros2_ws/src/build/my_py_pkg/install.log --single-version-externally-managed
[0.896s] running egg_info
[0.897s] writing ../build/my_py_pkg/my_py_pkg.egg-info/PKG-INFO
[0.897s] writing dependency_links to ../build/my_py_pkg/my_py_pkg.egg-info/dependency_links.txt
[0.897s] writing entry points to ../build/my_py_pkg/my_py_pkg.egg-info/entry_points.txt
[0.897s] writing requirements to ../build/my_py_pkg/my_py_pkg.egg-info/requires.txt
[0.897s] writing top-level names to ../build/my_py_pkg/my_py_pkg.egg-info/top_level.txt
[0.899s] reading manifest file '../build/my_py_pkg/my_py_pkg.egg-info/SOURCES.txt'
[0.899s] writing manifest file '../build/my_py_pkg/my_py_pkg.egg-info/SOURCES.txt'
[0.899s] running build
[0.899s] running build_py
[0.900s] running install
[0.900s] running install_lib
[0.901s] running install_data
[0.901s] running install_egg_info
[0.903s] removing '/home/sjmock/ros2_ws/src/install/my_py_pkg/lib/python3.10/site-packages/my_py_pkg-0.0.0-py3.10.egg-info' (and everything under it)
[0.903s] Copying ../build/my_py_pkg/my_py_pkg.egg-info to /home/sjmock/ros2_ws/src/install/my_py_pkg/lib/python3.10/site-packages/my_py_pkg-0.0.0-py3.10.egg-info
[0.904s] running install_scripts
[0.919s] Installing add_two_ints_client script to /home/sjmock/ros2_ws/src/install/my_py_pkg/lib/my_py_pkg
[0.919s] Installing add_two_ints_client_no_oop script to /home/sjmock/ros2_ws/src/install/my_py_pkg/lib/my_py_pkg
[0.919s] Installing add_two_ints_server script to /home/sjmock/ros2_ws/src/install/my_py_pkg/lib/my_py_pkg
[0.919s] Installing battery_node script to /home/sjmock/ros2_ws/src/install/my_py_pkg/lib/my_py_pkg
[0.919s] Installing hw_status_publisher script to /home/sjmock/ros2_ws/src/install/my_py_pkg/lib/my_py_pkg
[0.919s] Installing led_panel_node script to /home/sjmock/ros2_ws/src/install/my_py_pkg/lib/my_py_pkg
[0.919s] Installing number_counter script to /home/sjmock/ros2_ws/src/install/my_py_pkg/lib/my_py_pkg
[0.919s] Installing number_publisher script to /home/sjmock/ros2_ws/src/install/my_py_pkg/lib/my_py_pkg
[0.919s] Installing number_reset script to /home/sjmock/ros2_ws/src/install/my_py_pkg/lib/my_py_pkg
[0.920s] Installing py_node script to /home/sjmock/ros2_ws/src/install/my_py_pkg/lib/my_py_pkg
[0.920s] Installing robot_news_station script to /home/sjmock/ros2_ws/src/install/my_py_pkg/lib/my_py_pkg
[0.920s] Installing smartphone script to /home/sjmock/ros2_ws/src/install/my_py_pkg/lib/my_py_pkg
[0.920s] writing list of installed files to '/home/sjmock/ros2_ws/src/build/my_py_pkg/install.log'
[0.949s] Invoked command in '/home/sjmock/ros2_ws/src/my_py_pkg' returned '0': AMENT_PREFIX_PATH=/home/sjmock/ros2_ws/src/install/my_robot_interfaces:${AMENT_PREFIX_PATH} CMAKE_PREFIX_PATH=/home/sjmock/ros2_ws/src/install/my_robot_interfaces:${CMAKE_PREFIX_PATH} LD_LIBRARY_PATH=/home/sjmock/ros2_ws/src/install/my_robot_interfaces/lib:${LD_LIBRARY_PATH} PYTHONPATH=/home/sjmock/ros2_ws/src/build/my_py_pkg/prefix_override:/home/sjmock/ros2_ws/src/install/my_py_pkg/lib/python3.10/site-packages:/home/sjmock/ros2_ws/src/install/my_robot_interfaces/local/lib/python3.10/dist-packages:${PYTHONPATH} /usr/bin/python3 setup.py egg_info --egg-base ../build/my_py_pkg build --build-base /home/sjmock/ros2_ws/src/build/my_py_pkg/build install --record /home/sjmock/ros2_ws/src/build/my_py_pkg/install.log --single-version-externally-managed
