[0.222s] DEBUG:colcon:Command line arguments: ['/usr/bin/colcon', 'build']
[0.222s] DEBUG:colcon:Parsed command line arguments: Namespace(log_base=None, log_level=None, verb_name='build', build_base='build', install_base='install', merge_install=False, symlink_install=False, test_result_base=None, continue_on_error=False, executor='parallel', parallel_workers=16, event_handlers=None, ignore_user_meta=False, metas=['./colcon.meta'], base_paths=['.'], packages_ignore=None, packages_ignore_regex=None, paths=None, packages_up_to=None, packages_up_to_regex=None, packages_above=None, packages_above_and_dependencies=None, packages_above_depth=None, packages_select_by_dep=None, packages_skip_by_dep=None, packages_skip_up_to=None, packages_select_build_failed=False, packages_skip_build_finished=False, packages_select_test_failures=False, packages_skip_test_passed=False, packages_select=None, packages_skip=None, packages_select_regex=None, packages_skip_regex=None, packages_start=None, packages_end=None, allow_overriding=[], cmake_args=None, cmake_target=None, cmake_target_skip_unavailable=False, cmake_clean_cache=False, cmake_clean_first=False, cmake_force_configure=False, ament_cmake_args=None, catkin_cmake_args=None, catkin_skip_building_tests=False, verb_parser=<colcon_defaults.argument_parser.defaults.DefaultArgumentsDecorator object at 0x7f7aa72b9b70>, verb_extension=<colcon_core.verb.build.BuildVerb object at 0x7f7aa72b9600>, main=<bound method BuildVerb.main of <colcon_core.verb.build.BuildVerb object at 0x7f7aa72b9600>>)
[0.238s] Level 1:colcon.colcon_core.package_discovery:discover_packages(colcon_meta) check parameters
[0.238s] Level 1:colcon.colcon_core.package_discovery:discover_packages(recursive) check parameters
[0.238s] Level 1:colcon.colcon_core.package_discovery:discover_packages(ignore) check parameters
[0.238s] Level 1:colcon.colcon_core.package_discovery:discover_packages(path) check parameters
[0.238s] Level 1:colcon.colcon_core.package_discovery:discover_packages(colcon_meta) discover
[0.238s] Level 1:colcon.colcon_core.package_discovery:discover_packages(recursive) discover
[0.238s] INFO:colcon.colcon_core.package_discovery:Crawling recursively for packages in '/home/sjmock/ros2_ws/src'
[0.238s] Level 1:colcon.colcon_core.package_identification:_identify(.) by extensions ['ignore', 'ignore_ament_install']
[0.238s] Level 1:colcon.colcon_core.package_identification:_identify(.) by extension 'ignore'
[0.238s] Level 1:colcon.colcon_core.package_identification:_identify(.) by extension 'ignore_ament_install'
[0.238s] Level 1:colcon.colcon_core.package_identification:_identify(.) by extensions ['colcon_pkg']
[0.238s] Level 1:colcon.colcon_core.package_identification:_identify(.) by extension 'colcon_pkg'
[0.238s] Level 1:colcon.colcon_core.package_identification:_identify(.) by extensions ['colcon_meta']
[0.238s] Level 1:colcon.colcon_core.package_identification:_identify(.) by extension 'colcon_meta'
[0.238s] Level 1:colcon.colcon_core.package_identification:_identify(.) by extensions ['ros']
[0.238s] Level 1:colcon.colcon_core.package_identification:_identify(.) by extension 'ros'
[0.245s] Level 1:colcon.colcon_core.package_identification:_identify(.) by extensions ['cmake', 'python']
[0.245s] Level 1:colcon.colcon_core.package_identification:_identify(.) by extension 'cmake'
[0.245s] Level 1:colcon.colcon_core.package_identification:_identify(.) by extension 'python'
[0.245s] Level 1:colcon.colcon_core.package_identification:_identify(.) by extensions ['python_setup_py']
[0.245s] Level 1:colcon.colcon_core.package_identification:_identify(.) by extension 'python_setup_py'
[0.245s] Level 1:colcon.colcon_core.package_identification:_identify(build) by extensions ['ignore', 'ignore_ament_install']
[0.246s] Level 1:colcon.colcon_core.package_identification:_identify(build) by extension 'ignore'
[0.246s] Level 1:colcon.colcon_core.package_identification:_identify(build) ignored
[0.246s] Level 1:colcon.colcon_core.package_identification:_identify(install) by extensions ['ignore', 'ignore_ament_install']
[0.246s] Level 1:colcon.colcon_core.package_identification:_identify(install) by extension 'ignore'
[0.246s] Level 1:colcon.colcon_core.package_identification:_identify(install) ignored
[0.246s] Level 1:colcon.colcon_core.package_identification:_identify(log) by extensions ['ignore', 'ignore_ament_install']
[0.246s] Level 1:colcon.colcon_core.package_identification:_identify(log) by extension 'ignore'
[0.246s] Level 1:colcon.colcon_core.package_identification:_identify(log) ignored
[0.246s] Level 1:colcon.colcon_core.package_identification:_identify(my_cpp_pkg) by extensions ['ignore', 'ignore_ament_install']
[0.246s] Level 1:colcon.colcon_core.package_identification:_identify(my_cpp_pkg) by extension 'ignore'
[0.246s] Level 1:colcon.colcon_core.package_identification:_identify(my_cpp_pkg) by extension 'ignore_ament_install'
[0.246s] Level 1:colcon.colcon_core.package_identification:_identify(my_cpp_pkg) by extensions ['colcon_pkg']
[0.246s] Level 1:colcon.colcon_core.package_identification:_identify(my_cpp_pkg) by extension 'colcon_pkg'
[0.246s] Level 1:colcon.colcon_core.package_identification:_identify(my_cpp_pkg) by extensions ['colcon_meta']
[0.246s] Level 1:colcon.colcon_core.package_identification:_identify(my_cpp_pkg) by extension 'colcon_meta'
[0.246s] Level 1:colcon.colcon_core.package_identification:_identify(my_cpp_pkg) by extensions ['ros']
[0.246s] Level 1:colcon.colcon_core.package_identification:_identify(my_cpp_pkg) by extension 'ros'
[0.248s] DEBUG:colcon.colcon_core.package_identification:Package 'my_cpp_pkg' with type 'ros.ament_cmake' and name 'my_cpp_pkg'
[0.248s] Level 1:colcon.colcon_core.package_identification:_identify(my_py_pkg) by extensions ['ignore', 'ignore_ament_install']
[0.248s] Level 1:colcon.colcon_core.package_identification:_identify(my_py_pkg) by extension 'ignore'
[0.248s] Level 1:colcon.colcon_core.package_identification:_identify(my_py_pkg) by extension 'ignore_ament_install'
[0.248s] Level 1:colcon.colcon_core.package_identification:_identify(my_py_pkg) by extensions ['colcon_pkg']
[0.248s] Level 1:colcon.colcon_core.package_identification:_identify(my_py_pkg) by extension 'colcon_pkg'
[0.248s] Level 1:colcon.colcon_core.package_identification:_identify(my_py_pkg) by extensions ['colcon_meta']
[0.248s] Level 1:colcon.colcon_core.package_identification:_identify(my_py_pkg) by extension 'colcon_meta'
[0.248s] Level 1:colcon.colcon_core.package_identification:_identify(my_py_pkg) by extensions ['ros']
[0.248s] Level 1:colcon.colcon_core.package_identification:_identify(my_py_pkg) by extension 'ros'
[0.249s] DEBUG:colcon.colcon_core.package_identification:Package 'my_py_pkg' with type 'ros.ament_python' and name 'my_py_pkg'
[0.249s] Level 1:colcon.colcon_core.package_identification:_identify(my_robot_bringup) by extensions ['ignore', 'ignore_ament_install']
[0.249s] Level 1:colcon.colcon_core.package_identification:_identify(my_robot_bringup) by extension 'ignore'
[0.249s] Level 1:colcon.colcon_core.package_identification:_identify(my_robot_bringup) by extension 'ignore_ament_install'
[0.249s] Level 1:colcon.colcon_core.package_identification:_identify(my_robot_bringup) by extensions ['colcon_pkg']
[0.249s] Level 1:colcon.colcon_core.package_identification:_identify(my_robot_bringup) by extension 'colcon_pkg'
[0.249s] Level 1:colcon.colcon_core.package_identification:_identify(my_robot_bringup) by extensions ['colcon_meta']
[0.249s] Level 1:colcon.colcon_core.package_identification:_identify(my_robot_bringup) by extension 'colcon_meta'
[0.249s] Level 1:colcon.colcon_core.package_identification:_identify(my_robot_bringup) by extensions ['ros']
[0.249s] Level 1:colcon.colcon_core.package_identification:_identify(my_robot_bringup) by extension 'ros'
[0.250s] DEBUG:colcon.colcon_core.package_identification:Package 'my_robot_bringup' with type 'ros.ament_cmake' and name 'my_robot_bringup'
[0.250s] Level 1:colcon.colcon_core.package_identification:_identify(my_robot_interfaces) by extensions ['ignore', 'ignore_ament_install']
[0.250s] Level 1:colcon.colcon_core.package_identification:_identify(my_robot_interfaces) by extension 'ignore'
[0.250s] Level 1:colcon.colcon_core.package_identification:_identify(my_robot_interfaces) by extension 'ignore_ament_install'
[0.250s] Level 1:colcon.colcon_core.package_identification:_identify(my_robot_interfaces) by extensions ['colcon_pkg']
[0.250s] Level 1:colcon.colcon_core.package_identification:_identify(my_robot_interfaces) by extension 'colcon_pkg'
[0.250s] Level 1:colcon.colcon_core.package_identification:_identify(my_robot_interfaces) by extensions ['colcon_meta']
[0.250s] Level 1:colcon.colcon_core.package_identification:_identify(my_robot_interfaces) by extension 'colcon_meta'
[0.250s] Level 1:colcon.colcon_core.package_identification:_identify(my_robot_interfaces) by extensions ['ros']
[0.250s] Level 1:colcon.colcon_core.package_identification:_identify(my_robot_interfaces) by extension 'ros'
[0.251s] DEBUG:colcon.colcon_core.package_identification:Package 'my_robot_interfaces' with type 'ros.ament_cmake' and name 'my_robot_interfaces'
[0.251s] Level 1:colcon.colcon_core.package_identification:_identify(testFolder) by extensions ['ignore', 'ignore_ament_install']
[0.251s] Level 1:colcon.colcon_core.package_identification:_identify(testFolder) by extension 'ignore'
[0.251s] Level 1:colcon.colcon_core.package_identification:_identify(testFolder) by extension 'ignore_ament_install'
[0.251s] Level 1:colcon.colcon_core.package_identification:_identify(testFolder) by extensions ['colcon_pkg']
[0.251s] Level 1:colcon.colcon_core.package_identification:_identify(testFolder) by extension 'colcon_pkg'
[0.251s] Level 1:colcon.colcon_core.package_identification:_identify(testFolder) by extensions ['colcon_meta']
[0.251s] Level 1:colcon.colcon_core.package_identification:_identify(testFolder) by extension 'colcon_meta'
[0.251s] Level 1:colcon.colcon_core.package_identification:_identify(testFolder) by extensions ['ros']
[0.251s] Level 1:colcon.colcon_core.package_identification:_identify(testFolder) by extension 'ros'
[0.251s] Level 1:colcon.colcon_core.package_identification:_identify(testFolder) by extensions ['cmake', 'python']
[0.251s] Level 1:colcon.colcon_core.package_identification:_identify(testFolder) by extension 'cmake'
[0.251s] Level 1:colcon.colcon_core.package_identification:_identify(testFolder) by extension 'python'
[0.251s] Level 1:colcon.colcon_core.package_identification:_identify(testFolder) by extensions ['python_setup_py']
[0.251s] Level 1:colcon.colcon_core.package_identification:_identify(testFolder) by extension 'python_setup_py'
[0.251s] Level 1:colcon.colcon_core.package_identification:_identify(turtlesim_pkg) by extensions ['ignore', 'ignore_ament_install']
[0.251s] Level 1:colcon.colcon_core.package_identification:_identify(turtlesim_pkg) by extension 'ignore'
[0.251s] Level 1:colcon.colcon_core.package_identification:_identify(turtlesim_pkg) by extension 'ignore_ament_install'
[0.251s] Level 1:colcon.colcon_core.package_identification:_identify(turtlesim_pkg) by extensions ['colcon_pkg']
[0.251s] Level 1:colcon.colcon_core.package_identification:_identify(turtlesim_pkg) by extension 'colcon_pkg'
[0.251s] Level 1:colcon.colcon_core.package_identification:_identify(turtlesim_pkg) by extensions ['colcon_meta']
[0.251s] Level 1:colcon.colcon_core.package_identification:_identify(turtlesim_pkg) by extension 'colcon_meta'
[0.251s] Level 1:colcon.colcon_core.package_identification:_identify(turtlesim_pkg) by extensions ['ros']
[0.251s] Level 1:colcon.colcon_core.package_identification:_identify(turtlesim_pkg) by extension 'ros'
[0.252s] DEBUG:colcon.colcon_core.package_identification:Package 'turtlesim_pkg' with type 'ros.ament_python' and name 'turtlesim_pkg'
[0.252s] Level 1:colcon.colcon_core.package_identification:_identify(turtlesim_pkg_msgs) by extensions ['ignore', 'ignore_ament_install']
[0.252s] Level 1:colcon.colcon_core.package_identification:_identify(turtlesim_pkg_msgs) by extension 'ignore'
[0.252s] Level 1:colcon.colcon_core.package_identification:_identify(turtlesim_pkg_msgs) by extension 'ignore_ament_install'
[0.252s] Level 1:colcon.colcon_core.package_identification:_identify(turtlesim_pkg_msgs) by extensions ['colcon_pkg']
[0.252s] Level 1:colcon.colcon_core.package_identification:_identify(turtlesim_pkg_msgs) by extension 'colcon_pkg'
[0.252s] Level 1:colcon.colcon_core.package_identification:_identify(turtlesim_pkg_msgs) by extensions ['colcon_meta']
[0.252s] Level 1:colcon.colcon_core.package_identification:_identify(turtlesim_pkg_msgs) by extension 'colcon_meta'
[0.252s] Level 1:colcon.colcon_core.package_identification:_identify(turtlesim_pkg_msgs) by extensions ['ros']
[0.252s] Level 1:colcon.colcon_core.package_identification:_identify(turtlesim_pkg_msgs) by extension 'ros'
[0.253s] DEBUG:colcon.colcon_core.package_identification:Package 'turtlesim_pkg_msgs' with type 'ros.ament_cmake' and name 'turtlesim_pkg_msgs'
[0.253s] Level 1:colcon.colcon_core.package_discovery:discover_packages(recursive) using defaults
[0.253s] Level 1:colcon.colcon_core.package_discovery:discover_packages(ignore) discover
[0.253s] Level 1:colcon.colcon_core.package_discovery:discover_packages(ignore) using defaults
[0.253s] Level 1:colcon.colcon_core.package_discovery:discover_packages(path) discover
[0.253s] Level 1:colcon.colcon_core.package_discovery:discover_packages(path) using defaults
[0.269s] Level 1:colcon.colcon_core.package_discovery:discover_packages(prefix_path) check parameters
[0.269s] Level 1:colcon.colcon_core.package_discovery:discover_packages(prefix_path) discover
[0.270s] DEBUG:colcon.colcon_installed_package_information.package_discovery:Found 6 installed packages in /home/sjmock/ros2_ws/install
[0.271s] DEBUG:colcon.colcon_installed_package_information.package_discovery:Found 270 installed packages in /opt/ros/humble
[0.272s] Level 1:colcon.colcon_core.package_discovery:discover_packages(prefix_path) using defaults
[0.311s] Level 5:colcon.colcon_core.verb:set package 'my_robot_interfaces' build argument 'cmake_args' from command line to 'None'
[0.311s] Level 5:colcon.colcon_core.verb:set package 'my_robot_interfaces' build argument 'cmake_target' from command line to 'None'
[0.311s] Level 5:colcon.colcon_core.verb:set package 'my_robot_interfaces' build argument 'cmake_target_skip_unavailable' from command line to 'False'
[0.311s] Level 5:colcon.colcon_core.verb:set package 'my_robot_interfaces' build argument 'cmake_clean_cache' from command line to 'False'
[0.311s] Level 5:colcon.colcon_core.verb:set package 'my_robot_interfaces' build argument 'cmake_clean_first' from command line to 'False'
[0.311s] Level 5:colcon.colcon_core.verb:set package 'my_robot_interfaces' build argument 'cmake_force_configure' from command line to 'False'
[0.311s] Level 5:colcon.colcon_core.verb:set package 'my_robot_interfaces' build argument 'ament_cmake_args' from command line to 'None'
[0.311s] Level 5:colcon.colcon_core.verb:set package 'my_robot_interfaces' build argument 'catkin_cmake_args' from command line to 'None'
[0.311s] Level 5:colcon.colcon_core.verb:set package 'my_robot_interfaces' build argument 'catkin_skip_building_tests' from command line to 'False'
[0.312s] DEBUG:colcon.colcon_core.verb:Building package 'my_robot_interfaces' with the following arguments: {'ament_cmake_args': None, 'build_base': '/home/sjmock/ros2_ws/src/build/my_robot_interfaces', 'catkin_cmake_args': None, 'catkin_skip_building_tests': False, 'cmake_args': None, 'cmake_clean_cache': False, 'cmake_clean_first': False, 'cmake_force_configure': False, 'cmake_target': None, 'cmake_target_skip_unavailable': False, 'install_base': '/home/sjmock/ros2_ws/src/install/my_robot_interfaces', 'merge_install': False, 'path': '/home/sjmock/ros2_ws/src/my_robot_interfaces', 'symlink_install': False, 'test_result_base': None}
[0.312s] Level 5:colcon.colcon_core.verb:set package 'turtlesim_pkg_msgs' build argument 'cmake_args' from command line to 'None'
[0.312s] Level 5:colcon.colcon_core.verb:set package 'turtlesim_pkg_msgs' build argument 'cmake_target' from command line to 'None'
[0.312s] Level 5:colcon.colcon_core.verb:set package 'turtlesim_pkg_msgs' build argument 'cmake_target_skip_unavailable' from command line to 'False'
[0.312s] Level 5:colcon.colcon_core.verb:set package 'turtlesim_pkg_msgs' build argument 'cmake_clean_cache' from command line to 'False'
[0.312s] Level 5:colcon.colcon_core.verb:set package 'turtlesim_pkg_msgs' build argument 'cmake_clean_first' from command line to 'False'
[0.312s] Level 5:colcon.colcon_core.verb:set package 'turtlesim_pkg_msgs' build argument 'cmake_force_configure' from command line to 'False'
[0.312s] Level 5:colcon.colcon_core.verb:set package 'turtlesim_pkg_msgs' build argument 'ament_cmake_args' from command line to 'None'
[0.312s] Level 5:colcon.colcon_core.verb:set package 'turtlesim_pkg_msgs' build argument 'catkin_cmake_args' from command line to 'None'
[0.312s] Level 5:colcon.colcon_core.verb:set package 'turtlesim_pkg_msgs' build argument 'catkin_skip_building_tests' from command line to 'False'
[0.312s] DEBUG:colcon.colcon_core.verb:Building package 'turtlesim_pkg_msgs' with the following arguments: {'ament_cmake_args': None, 'build_base': '/home/sjmock/ros2_ws/src/build/turtlesim_pkg_msgs', 'catkin_cmake_args': None, 'catkin_skip_building_tests': False, 'cmake_args': None, 'cmake_clean_cache': False, 'cmake_clean_first': False, 'cmake_force_configure': False, 'cmake_target': None, 'cmake_target_skip_unavailable': False, 'install_base': '/home/sjmock/ros2_ws/src/install/turtlesim_pkg_msgs', 'merge_install': False, 'path': '/home/sjmock/ros2_ws/src/turtlesim_pkg_msgs', 'symlink_install': False, 'test_result_base': None}
[0.313s] Level 5:colcon.colcon_core.verb:set package 'my_cpp_pkg' build argument 'cmake_args' from command line to 'None'
[0.313s] Level 5:colcon.colcon_core.verb:set package 'my_cpp_pkg' build argument 'cmake_target' from command line to 'None'
[0.313s] Level 5:colcon.colcon_core.verb:set package 'my_cpp_pkg' build argument 'cmake_target_skip_unavailable' from command line to 'False'
[0.313s] Level 5:colcon.colcon_core.verb:set package 'my_cpp_pkg' build argument 'cmake_clean_cache' from command line to 'False'
[0.313s] Level 5:colcon.colcon_core.verb:set package 'my_cpp_pkg' build argument 'cmake_clean_first' from command line to 'False'
[0.313s] Level 5:colcon.colcon_core.verb:set package 'my_cpp_pkg' build argument 'cmake_force_configure' from command line to 'False'
[0.313s] Level 5:colcon.colcon_core.verb:set package 'my_cpp_pkg' build argument 'ament_cmake_args' from command line to 'None'
[0.313s] Level 5:colcon.colcon_core.verb:set package 'my_cpp_pkg' build argument 'catkin_cmake_args' from command line to 'None'
[0.313s] Level 5:colcon.colcon_core.verb:set package 'my_cpp_pkg' build argument 'catkin_skip_building_tests' from command line to 'False'
[0.313s] DEBUG:colcon.colcon_core.verb:Building package 'my_cpp_pkg' with the following arguments: {'ament_cmake_args': None, 'build_base': '/home/sjmock/ros2_ws/src/build/my_cpp_pkg', 'catkin_cmake_args': None, 'catkin_skip_building_tests': False, 'cmake_args': None, 'cmake_clean_cache': False, 'cmake_clean_first': False, 'cmake_force_configure': False, 'cmake_target': None, 'cmake_target_skip_unavailable': False, 'install_base': '/home/sjmock/ros2_ws/src/install/my_cpp_pkg', 'merge_install': False, 'path': '/home/sjmock/ros2_ws/src/my_cpp_pkg', 'symlink_install': False, 'test_result_base': None}
[0.314s] Level 5:colcon.colcon_core.verb:set package 'my_py_pkg' build argument 'cmake_args' from command line to 'None'
[0.314s] Level 5:colcon.colcon_core.verb:set package 'my_py_pkg' build argument 'cmake_target' from command line to 'None'
[0.314s] Level 5:colcon.colcon_core.verb:set package 'my_py_pkg' build argument 'cmake_target_skip_unavailable' from command line to 'False'
[0.314s] Level 5:colcon.colcon_core.verb:set package 'my_py_pkg' build argument 'cmake_clean_cache' from command line to 'False'
[0.314s] Level 5:colcon.colcon_core.verb:set package 'my_py_pkg' build argument 'cmake_clean_first' from command line to 'False'
[0.314s] Level 5:colcon.colcon_core.verb:set package 'my_py_pkg' build argument 'cmake_force_configure' from command line to 'False'
[0.314s] Level 5:colcon.colcon_core.verb:set package 'my_py_pkg' build argument 'ament_cmake_args' from command line to 'None'
[0.314s] Level 5:colcon.colcon_core.verb:set package 'my_py_pkg' build argument 'catkin_cmake_args' from command line to 'None'
[0.314s] Level 5:colcon.colcon_core.verb:set package 'my_py_pkg' build argument 'catkin_skip_building_tests' from command line to 'False'
[0.314s] DEBUG:colcon.colcon_core.verb:Building package 'my_py_pkg' with the following arguments: {'ament_cmake_args': None, 'build_base': '/home/sjmock/ros2_ws/src/build/my_py_pkg', 'catkin_cmake_args': None, 'catkin_skip_building_tests': False, 'cmake_args': None, 'cmake_clean_cache': False, 'cmake_clean_first': False, 'cmake_force_configure': False, 'cmake_target': None, 'cmake_target_skip_unavailable': False, 'install_base': '/home/sjmock/ros2_ws/src/install/my_py_pkg', 'merge_install': False, 'path': '/home/sjmock/ros2_ws/src/my_py_pkg', 'symlink_install': False, 'test_result_base': None}
[0.315s] Level 5:colcon.colcon_core.verb:set package 'turtlesim_pkg' build argument 'cmake_args' from command line to 'None'
[0.315s] Level 5:colcon.colcon_core.verb:set package 'turtlesim_pkg' build argument 'cmake_target' from command line to 'None'
[0.315s] Level 5:colcon.colcon_core.verb:set package 'turtlesim_pkg' build argument 'cmake_target_skip_unavailable' from command line to 'False'
[0.315s] Level 5:colcon.colcon_core.verb:set package 'turtlesim_pkg' build argument 'cmake_clean_cache' from command line to 'False'
[0.315s] Level 5:colcon.colcon_core.verb:set package 'turtlesim_pkg' build argument 'cmake_clean_first' from command line to 'False'
[0.315s] Level 5:colcon.colcon_core.verb:set package 'turtlesim_pkg' build argument 'cmake_force_configure' from command line to 'False'
[0.315s] Level 5:colcon.colcon_core.verb:set package 'turtlesim_pkg' build argument 'ament_cmake_args' from command line to 'None'
[0.315s] Level 5:colcon.colcon_core.verb:set package 'turtlesim_pkg' build argument 'catkin_cmake_args' from command line to 'None'
[0.315s] Level 5:colcon.colcon_core.verb:set package 'turtlesim_pkg' build argument 'catkin_skip_building_tests' from command line to 'False'
[0.315s] DEBUG:colcon.colcon_core.verb:Building package 'turtlesim_pkg' with the following arguments: {'ament_cmake_args': None, 'build_base': '/home/sjmock/ros2_ws/src/build/turtlesim_pkg', 'catkin_cmake_args': None, 'catkin_skip_building_tests': False, 'cmake_args': None, 'cmake_clean_cache': False, 'cmake_clean_first': False, 'cmake_force_configure': False, 'cmake_target': None, 'cmake_target_skip_unavailable': False, 'install_base': '/home/sjmock/ros2_ws/src/install/turtlesim_pkg', 'merge_install': False, 'path': '/home/sjmock/ros2_ws/src/turtlesim_pkg', 'symlink_install': False, 'test_result_base': None}
[0.315s] Level 5:colcon.colcon_core.verb:set package 'my_robot_bringup' build argument 'cmake_args' from command line to 'None'
[0.315s] Level 5:colcon.colcon_core.verb:set package 'my_robot_bringup' build argument 'cmake_target' from command line to 'None'
[0.315s] Level 5:colcon.colcon_core.verb:set package 'my_robot_bringup' build argument 'cmake_target_skip_unavailable' from command line to 'False'
[0.315s] Level 5:colcon.colcon_core.verb:set package 'my_robot_bringup' build argument 'cmake_clean_cache' from command line to 'False'
[0.315s] Level 5:colcon.colcon_core.verb:set package 'my_robot_bringup' build argument 'cmake_clean_first' from command line to 'False'
[0.315s] Level 5:colcon.colcon_core.verb:set package 'my_robot_bringup' build argument 'cmake_force_configure' from command line to 'False'
[0.315s] Level 5:colcon.colcon_core.verb:set package 'my_robot_bringup' build argument 'ament_cmake_args' from command line to 'None'
[0.315s] Level 5:colcon.colcon_core.verb:set package 'my_robot_bringup' build argument 'catkin_cmake_args' from command line to 'None'
[0.315s] Level 5:colcon.colcon_core.verb:set package 'my_robot_bringup' build argument 'catkin_skip_building_tests' from command line to 'False'
[0.315s] DEBUG:colcon.colcon_core.verb:Building package 'my_robot_bringup' with the following arguments: {'ament_cmake_args': None, 'build_base': '/home/sjmock/ros2_ws/src/build/my_robot_bringup', 'catkin_cmake_args': None, 'catkin_skip_building_tests': False, 'cmake_args': None, 'cmake_clean_cache': False, 'cmake_clean_first': False, 'cmake_force_configure': False, 'cmake_target': None, 'cmake_target_skip_unavailable': False, 'install_base': '/home/sjmock/ros2_ws/src/install/my_robot_bringup', 'merge_install': False, 'path': '/home/sjmock/ros2_ws/src/my_robot_bringup', 'symlink_install': False, 'test_result_base': None}
[0.316s] INFO:colcon.colcon_core.executor:Executing jobs using 'parallel' executor
[0.318s] DEBUG:colcon.colcon_parallel_executor.executor.parallel:run_until_complete
[0.318s] INFO:colcon.colcon_ros.task.ament_cmake.build:Building ROS package in '/home/sjmock/ros2_ws/src/my_robot_interfaces' with build type 'ament_cmake'
[0.319s] INFO:colcon.colcon_cmake.task.cmake.build:Building CMake package in '/home/sjmock/ros2_ws/src/my_robot_interfaces'
[0.322s] INFO:colcon.colcon_core.plugin_system:Skipping extension 'colcon_core.shell.bat': Not used on non-Windows systems
[0.322s] INFO:colcon.colcon_core.shell:Skip shell extension 'powershell' for command environment: Not usable outside of PowerShell
[0.322s] DEBUG:colcon.colcon_core.shell:Skip shell extension 'dsv' for command environment
[0.325s] INFO:colcon.colcon_ros.task.ament_cmake.build:Building ROS package in '/home/sjmock/ros2_ws/src/turtlesim_pkg_msgs' with build type 'ament_cmake'
[0.325s] INFO:colcon.colcon_cmake.task.cmake.build:Building CMake package in '/home/sjmock/ros2_ws/src/turtlesim_pkg_msgs'
[0.326s] INFO:colcon.colcon_core.shell:Skip shell extension 'powershell' for command environment: Not usable outside of PowerShell
[0.326s] DEBUG:colcon.colcon_core.shell:Skip shell extension 'dsv' for command environment
[0.332s] DEBUG:colcon.colcon_core.event_handler.log_command:Invoking command in '/home/sjmock/ros2_ws/src/build/my_robot_interfaces': CMAKE_PREFIX_PATH=${CMAKE_PREFIX_PATH}:/home/sjmock/ros2_ws/install/turtlesim_pkg:/home/sjmock/ros2_ws/install/my_py_pkg:/opt/ros/humble /usr/bin/cmake --build /home/sjmock/ros2_ws/src/build/my_robot_interfaces -- -j16 -l16
[0.334s] DEBUG:colcon.colcon_core.event_handler.log_command:Invoking command in '/home/sjmock/ros2_ws/src/build/turtlesim_pkg_msgs': CMAKE_PREFIX_PATH=${CMAKE_PREFIX_PATH}:/home/sjmock/ros2_ws/install/turtlesim_pkg:/home/sjmock/ros2_ws/install/my_py_pkg:/opt/ros/humble /usr/bin/cmake --build /home/sjmock/ros2_ws/src/build/turtlesim_pkg_msgs -- -j16 -l16
[0.633s] DEBUG:colcon.colcon_core.event_handler.log_command:Invoked command in '/home/sjmock/ros2_ws/src/build/my_robot_interfaces' returned '0': CMAKE_PREFIX_PATH=${CMAKE_PREFIX_PATH}:/home/sjmock/ros2_ws/install/turtlesim_pkg:/home/sjmock/ros2_ws/install/my_py_pkg:/opt/ros/humble /usr/bin/cmake --build /home/sjmock/ros2_ws/src/build/my_robot_interfaces -- -j16 -l16
[0.639s] DEBUG:colcon.colcon_core.event_handler.log_command:Invoked command in '/home/sjmock/ros2_ws/src/build/turtlesim_pkg_msgs' returned '0': CMAKE_PREFIX_PATH=${CMAKE_PREFIX_PATH}:/home/sjmock/ros2_ws/install/turtlesim_pkg:/home/sjmock/ros2_ws/install/my_py_pkg:/opt/ros/humble /usr/bin/cmake --build /home/sjmock/ros2_ws/src/build/turtlesim_pkg_msgs -- -j16 -l16
[0.701s] DEBUG:colcon.colcon_core.event_handler.log_command:Invoking command in '/home/sjmock/ros2_ws/src/build/turtlesim_pkg_msgs': CMAKE_PREFIX_PATH=${CMAKE_PREFIX_PATH}:/home/sjmock/ros2_ws/install/turtlesim_pkg:/home/sjmock/ros2_ws/install/my_py_pkg:/opt/ros/humble /usr/bin/cmake --install /home/sjmock/ros2_ws/src/build/turtlesim_pkg_msgs
[0.702s] DEBUG:colcon.colcon_core.event_handler.log_command:Invoking command in '/home/sjmock/ros2_ws/src/build/my_robot_interfaces': CMAKE_PREFIX_PATH=${CMAKE_PREFIX_PATH}:/home/sjmock/ros2_ws/install/turtlesim_pkg:/home/sjmock/ros2_ws/install/my_py_pkg:/opt/ros/humble /usr/bin/cmake --install /home/sjmock/ros2_ws/src/build/my_robot_interfaces
[0.740s] Level 1:colcon.colcon_core.environment:create_environment_scripts_only(turtlesim_pkg_msgs)
[0.747s] Level 1:colcon.colcon_core.environment:checking '/home/sjmock/ros2_ws/src/install/turtlesim_pkg_msgs' for CMake module files
[0.748s] DEBUG:colcon.colcon_core.event_handler.log_command:Invoked command in '/home/sjmock/ros2_ws/src/build/turtlesim_pkg_msgs' returned '0': CMAKE_PREFIX_PATH=${CMAKE_PREFIX_PATH}:/home/sjmock/ros2_ws/install/turtlesim_pkg:/home/sjmock/ros2_ws/install/my_py_pkg:/opt/ros/humble /usr/bin/cmake --install /home/sjmock/ros2_ws/src/build/turtlesim_pkg_msgs
[0.748s] Level 1:colcon.colcon_core.environment:checking '/home/sjmock/ros2_ws/src/install/turtlesim_pkg_msgs' for CMake config files
[0.749s] Level 1:colcon.colcon_core.shell:create_environment_hook('turtlesim_pkg_msgs', 'cmake_prefix_path')
[0.750s] INFO:colcon.colcon_core.shell:Creating environment hook '/home/sjmock/ros2_ws/src/install/turtlesim_pkg_msgs/share/turtlesim_pkg_msgs/hook/cmake_prefix_path.ps1'
[0.750s] INFO:colcon.colcon_core.shell:Creating environment descriptor '/home/sjmock/ros2_ws/src/install/turtlesim_pkg_msgs/share/turtlesim_pkg_msgs/hook/cmake_prefix_path.dsv'
[0.751s] INFO:colcon.colcon_core.shell:Creating environment hook '/home/sjmock/ros2_ws/src/install/turtlesim_pkg_msgs/share/turtlesim_pkg_msgs/hook/cmake_prefix_path.sh'
[0.751s] Level 1:colcon.colcon_core.environment:checking '/home/sjmock/ros2_ws/src/install/turtlesim_pkg_msgs/lib'
[0.751s] Level 1:colcon.colcon_core.shell:create_environment_hook('turtlesim_pkg_msgs', 'ld_library_path_lib')
[0.752s] INFO:colcon.colcon_core.shell:Creating environment hook '/home/sjmock/ros2_ws/src/install/turtlesim_pkg_msgs/share/turtlesim_pkg_msgs/hook/ld_library_path_lib.ps1'
[0.753s] INFO:colcon.colcon_core.shell:Creating environment descriptor '/home/sjmock/ros2_ws/src/install/turtlesim_pkg_msgs/share/turtlesim_pkg_msgs/hook/ld_library_path_lib.dsv'
[0.753s] INFO:colcon.colcon_core.shell:Creating environment hook '/home/sjmock/ros2_ws/src/install/turtlesim_pkg_msgs/share/turtlesim_pkg_msgs/hook/ld_library_path_lib.sh'
[0.753s] Level 1:colcon.colcon_core.environment:checking '/home/sjmock/ros2_ws/src/install/turtlesim_pkg_msgs/bin'
[0.753s] Level 1:colcon.colcon_core.environment:checking '/home/sjmock/ros2_ws/src/install/turtlesim_pkg_msgs/lib/pkgconfig/turtlesim_pkg_msgs.pc'
[0.753s] Level 1:colcon.colcon_core.environment:checking '/home/sjmock/ros2_ws/src/install/turtlesim_pkg_msgs/lib/python3.10/site-packages'
[0.754s] Level 1:colcon.colcon_core.environment:checking '/home/sjmock/ros2_ws/src/install/turtlesim_pkg_msgs/bin'
[0.755s] INFO:colcon.colcon_core.shell:Creating package script '/home/sjmock/ros2_ws/src/install/turtlesim_pkg_msgs/share/turtlesim_pkg_msgs/package.ps1'
[0.755s] INFO:colcon.colcon_core.shell:Creating package descriptor '/home/sjmock/ros2_ws/src/install/turtlesim_pkg_msgs/share/turtlesim_pkg_msgs/package.dsv'
[0.755s] INFO:colcon.colcon_core.shell:Creating package script '/home/sjmock/ros2_ws/src/install/turtlesim_pkg_msgs/share/turtlesim_pkg_msgs/package.sh'
[0.756s] INFO:colcon.colcon_core.shell:Creating package script '/home/sjmock/ros2_ws/src/install/turtlesim_pkg_msgs/share/turtlesim_pkg_msgs/package.bash'
[0.756s] INFO:colcon.colcon_core.shell:Creating package script '/home/sjmock/ros2_ws/src/install/turtlesim_pkg_msgs/share/turtlesim_pkg_msgs/package.zsh'
[0.757s] Level 1:colcon.colcon_core.environment:create_file_with_runtime_dependencies(/home/sjmock/ros2_ws/src/install/turtlesim_pkg_msgs/share/colcon-core/packages/turtlesim_pkg_msgs)
[0.759s] Level 1:colcon.colcon_core.environment:create_environment_scripts_only(my_robot_interfaces)
[0.760s] Level 1:colcon.colcon_core.environment:checking '/home/sjmock/ros2_ws/src/install/my_robot_interfaces' for CMake module files
[0.761s] DEBUG:colcon.colcon_core.event_handler.log_command:Invoked command in '/home/sjmock/ros2_ws/src/build/my_robot_interfaces' returned '0': CMAKE_PREFIX_PATH=${CMAKE_PREFIX_PATH}:/home/sjmock/ros2_ws/install/turtlesim_pkg:/home/sjmock/ros2_ws/install/my_py_pkg:/opt/ros/humble /usr/bin/cmake --install /home/sjmock/ros2_ws/src/build/my_robot_interfaces
[0.761s] Level 1:colcon.colcon_core.environment:checking '/home/sjmock/ros2_ws/src/install/my_robot_interfaces' for CMake config files
[0.761s] Level 1:colcon.colcon_core.shell:create_environment_hook('my_robot_interfaces', 'cmake_prefix_path')
[0.762s] INFO:colcon.colcon_core.shell:Creating environment hook '/home/sjmock/ros2_ws/src/install/my_robot_interfaces/share/my_robot_interfaces/hook/cmake_prefix_path.ps1'
[0.763s] INFO:colcon.colcon_core.shell:Creating environment descriptor '/home/sjmock/ros2_ws/src/install/my_robot_interfaces/share/my_robot_interfaces/hook/cmake_prefix_path.dsv'
[0.763s] INFO:colcon.colcon_core.shell:Creating environment hook '/home/sjmock/ros2_ws/src/install/my_robot_interfaces/share/my_robot_interfaces/hook/cmake_prefix_path.sh'
[0.763s] Level 1:colcon.colcon_core.environment:checking '/home/sjmock/ros2_ws/src/install/my_robot_interfaces/lib'
[0.763s] Level 1:colcon.colcon_core.shell:create_environment_hook('my_robot_interfaces', 'ld_library_path_lib')
[0.764s] INFO:colcon.colcon_core.shell:Creating environment hook '/home/sjmock/ros2_ws/src/install/my_robot_interfaces/share/my_robot_interfaces/hook/ld_library_path_lib.ps1'
[0.764s] INFO:colcon.colcon_core.shell:Creating environment descriptor '/home/sjmock/ros2_ws/src/install/my_robot_interfaces/share/my_robot_interfaces/hook/ld_library_path_lib.dsv'
[0.765s] INFO:colcon.colcon_core.shell:Creating environment hook '/home/sjmock/ros2_ws/src/install/my_robot_interfaces/share/my_robot_interfaces/hook/ld_library_path_lib.sh'
[0.765s] Level 1:colcon.colcon_core.environment:checking '/home/sjmock/ros2_ws/src/install/my_robot_interfaces/bin'
[0.765s] Level 1:colcon.colcon_core.environment:checking '/home/sjmock/ros2_ws/src/install/my_robot_interfaces/lib/pkgconfig/my_robot_interfaces.pc'
[0.765s] Level 1:colcon.colcon_core.environment:checking '/home/sjmock/ros2_ws/src/install/my_robot_interfaces/lib/python3.10/site-packages'
[0.765s] Level 1:colcon.colcon_core.environment:checking '/home/sjmock/ros2_ws/src/install/my_robot_interfaces/bin'
[0.766s] INFO:colcon.colcon_core.shell:Creating package script '/home/sjmock/ros2_ws/src/install/my_robot_interfaces/share/my_robot_interfaces/package.ps1'
[0.767s] INFO:colcon.colcon_core.shell:Creating package descriptor '/home/sjmock/ros2_ws/src/install/my_robot_interfaces/share/my_robot_interfaces/package.dsv'
[0.767s] INFO:colcon.colcon_core.shell:Creating package script '/home/sjmock/ros2_ws/src/install/my_robot_interfaces/share/my_robot_interfaces/package.sh'
[0.767s] INFO:colcon.colcon_core.shell:Creating package script '/home/sjmock/ros2_ws/src/install/my_robot_interfaces/share/my_robot_interfaces/package.bash'
[0.767s] INFO:colcon.colcon_core.shell:Creating package script '/home/sjmock/ros2_ws/src/install/my_robot_interfaces/share/my_robot_interfaces/package.zsh'
[0.768s] Level 1:colcon.colcon_core.environment:create_file_with_runtime_dependencies(/home/sjmock/ros2_ws/src/install/my_robot_interfaces/share/colcon-core/packages/my_robot_interfaces)
[0.813s] Level 1:colcon.colcon_core.environment:create_environment_scripts_only(turtlesim_pkg_msgs)
[0.815s] Level 1:colcon.colcon_core.environment:checking '/home/sjmock/ros2_ws/src/install/turtlesim_pkg_msgs' for CMake module files
[0.815s] Level 1:colcon.colcon_core.environment:checking '/home/sjmock/ros2_ws/src/install/turtlesim_pkg_msgs' for CMake config files
[0.816s] Level 1:colcon.colcon_core.shell:create_environment_hook('turtlesim_pkg_msgs', 'cmake_prefix_path')
[0.817s] INFO:colcon.colcon_core.shell:Creating environment hook '/home/sjmock/ros2_ws/src/install/turtlesim_pkg_msgs/share/turtlesim_pkg_msgs/hook/cmake_prefix_path.ps1'
[0.818s] INFO:colcon.colcon_core.shell:Creating environment descriptor '/home/sjmock/ros2_ws/src/install/turtlesim_pkg_msgs/share/turtlesim_pkg_msgs/hook/cmake_prefix_path.dsv'
[0.818s] INFO:colcon.colcon_core.shell:Creating environment hook '/home/sjmock/ros2_ws/src/install/turtlesim_pkg_msgs/share/turtlesim_pkg_msgs/hook/cmake_prefix_path.sh'
[0.818s] Level 1:colcon.colcon_core.environment:checking '/home/sjmock/ros2_ws/src/install/turtlesim_pkg_msgs/lib'
[0.819s] Level 1:colcon.colcon_core.shell:create_environment_hook('turtlesim_pkg_msgs', 'ld_library_path_lib')
[0.819s] INFO:colcon.colcon_core.shell:Creating environment hook '/home/sjmock/ros2_ws/src/install/turtlesim_pkg_msgs/share/turtlesim_pkg_msgs/hook/ld_library_path_lib.ps1'
[0.820s] INFO:colcon.colcon_core.shell:Creating environment descriptor '/home/sjmock/ros2_ws/src/install/turtlesim_pkg_msgs/share/turtlesim_pkg_msgs/hook/ld_library_path_lib.dsv'
[0.820s] INFO:colcon.colcon_core.shell:Creating environment hook '/home/sjmock/ros2_ws/src/install/turtlesim_pkg_msgs/share/turtlesim_pkg_msgs/hook/ld_library_path_lib.sh'
[0.820s] Level 1:colcon.colcon_core.environment:checking '/home/sjmock/ros2_ws/src/install/turtlesim_pkg_msgs/bin'
[0.820s] Level 1:colcon.colcon_core.environment:checking '/home/sjmock/ros2_ws/src/install/turtlesim_pkg_msgs/lib/pkgconfig/turtlesim_pkg_msgs.pc'
[0.821s] Level 1:colcon.colcon_core.environment:checking '/home/sjmock/ros2_ws/src/install/turtlesim_pkg_msgs/lib/python3.10/site-packages'
[0.821s] Level 1:colcon.colcon_core.environment:checking '/home/sjmock/ros2_ws/src/install/turtlesim_pkg_msgs/bin'
[0.822s] INFO:colcon.colcon_core.shell:Creating package script '/home/sjmock/ros2_ws/src/install/turtlesim_pkg_msgs/share/turtlesim_pkg_msgs/package.ps1'
[0.823s] INFO:colcon.colcon_core.shell:Creating package descriptor '/home/sjmock/ros2_ws/src/install/turtlesim_pkg_msgs/share/turtlesim_pkg_msgs/package.dsv'
[0.823s] INFO:colcon.colcon_core.shell:Creating package script '/home/sjmock/ros2_ws/src/install/turtlesim_pkg_msgs/share/turtlesim_pkg_msgs/package.sh'
[0.823s] INFO:colcon.colcon_core.shell:Creating package script '/home/sjmock/ros2_ws/src/install/turtlesim_pkg_msgs/share/turtlesim_pkg_msgs/package.bash'
[0.824s] INFO:colcon.colcon_core.shell:Creating package script '/home/sjmock/ros2_ws/src/install/turtlesim_pkg_msgs/share/turtlesim_pkg_msgs/package.zsh'
[0.824s] Level 1:colcon.colcon_core.environment:create_file_with_runtime_dependencies(/home/sjmock/ros2_ws/src/install/turtlesim_pkg_msgs/share/colcon-core/packages/turtlesim_pkg_msgs)
[0.824s] INFO:colcon.colcon_ros.task.ament_python.build:Building ROS package in '/home/sjmock/ros2_ws/src/turtlesim_pkg' with build type 'ament_python'
[0.825s] Level 1:colcon.colcon_core.shell:create_environment_hook('turtlesim_pkg', 'ament_prefix_path')
[0.826s] INFO:colcon.colcon_core.shell:Creating environment hook '/home/sjmock/ros2_ws/src/install/turtlesim_pkg/share/turtlesim_pkg/hook/ament_prefix_path.ps1'
[0.826s] INFO:colcon.colcon_core.shell:Creating environment descriptor '/home/sjmock/ros2_ws/src/install/turtlesim_pkg/share/turtlesim_pkg/hook/ament_prefix_path.dsv'
[0.826s] INFO:colcon.colcon_core.shell:Creating environment hook '/home/sjmock/ros2_ws/src/install/turtlesim_pkg/share/turtlesim_pkg/hook/ament_prefix_path.sh'
[0.828s] INFO:colcon.colcon_core.shell:Skip shell extension 'powershell' for command environment: Not usable outside of PowerShell
[0.828s] DEBUG:colcon.colcon_core.shell:Skip shell extension 'dsv' for command environment
[0.833s] Level 1:colcon.colcon_core.environment:create_environment_scripts_only(my_robot_interfaces)
[0.835s] Level 1:colcon.colcon_core.environment:checking '/home/sjmock/ros2_ws/src/install/my_robot_interfaces' for CMake module files
[0.835s] Level 1:colcon.colcon_core.environment:checking '/home/sjmock/ros2_ws/src/install/my_robot_interfaces' for CMake config files
[0.836s] Level 1:colcon.colcon_core.shell:create_environment_hook('my_robot_interfaces', 'cmake_prefix_path')
[0.837s] INFO:colcon.colcon_core.shell:Creating environment hook '/home/sjmock/ros2_ws/src/install/my_robot_interfaces/share/my_robot_interfaces/hook/cmake_prefix_path.ps1'
[0.837s] INFO:colcon.colcon_core.shell:Creating environment descriptor '/home/sjmock/ros2_ws/src/install/my_robot_interfaces/share/my_robot_interfaces/hook/cmake_prefix_path.dsv'
[0.837s] INFO:colcon.colcon_core.shell:Creating environment hook '/home/sjmock/ros2_ws/src/install/my_robot_interfaces/share/my_robot_interfaces/hook/cmake_prefix_path.sh'
[0.838s] Level 1:colcon.colcon_core.environment:checking '/home/sjmock/ros2_ws/src/install/my_robot_interfaces/lib'
[0.838s] Level 1:colcon.colcon_core.shell:create_environment_hook('my_robot_interfaces', 'ld_library_path_lib')
[0.839s] INFO:colcon.colcon_core.shell:Creating environment hook '/home/sjmock/ros2_ws/src/install/my_robot_interfaces/share/my_robot_interfaces/hook/ld_library_path_lib.ps1'
[0.839s] INFO:colcon.colcon_core.shell:Creating environment descriptor '/home/sjmock/ros2_ws/src/install/my_robot_interfaces/share/my_robot_interfaces/hook/ld_library_path_lib.dsv'
[0.840s] INFO:colcon.colcon_core.shell:Creating environment hook '/home/sjmock/ros2_ws/src/install/my_robot_interfaces/share/my_robot_interfaces/hook/ld_library_path_lib.sh'
[0.840s] Level 1:colcon.colcon_core.environment:checking '/home/sjmock/ros2_ws/src/install/my_robot_interfaces/bin'
[0.840s] Level 1:colcon.colcon_core.environment:checking '/home/sjmock/ros2_ws/src/install/my_robot_interfaces/lib/pkgconfig/my_robot_interfaces.pc'
[0.840s] Level 1:colcon.colcon_core.environment:checking '/home/sjmock/ros2_ws/src/install/my_robot_interfaces/lib/python3.10/site-packages'
[0.840s] Level 1:colcon.colcon_core.environment:checking '/home/sjmock/ros2_ws/src/install/my_robot_interfaces/bin'
[0.841s] INFO:colcon.colcon_core.shell:Creating package script '/home/sjmock/ros2_ws/src/install/my_robot_interfaces/share/my_robot_interfaces/package.ps1'
[0.842s] INFO:colcon.colcon_core.shell:Creating package descriptor '/home/sjmock/ros2_ws/src/install/my_robot_interfaces/share/my_robot_interfaces/package.dsv'
[0.842s] INFO:colcon.colcon_core.shell:Creating package script '/home/sjmock/ros2_ws/src/install/my_robot_interfaces/share/my_robot_interfaces/package.sh'
[0.842s] INFO:colcon.colcon_core.shell:Creating package script '/home/sjmock/ros2_ws/src/install/my_robot_interfaces/share/my_robot_interfaces/package.bash'
[0.843s] INFO:colcon.colcon_core.shell:Creating package script '/home/sjmock/ros2_ws/src/install/my_robot_interfaces/share/my_robot_interfaces/package.zsh'
[0.843s] Level 1:colcon.colcon_core.environment:create_file_with_runtime_dependencies(/home/sjmock/ros2_ws/src/install/my_robot_interfaces/share/colcon-core/packages/my_robot_interfaces)
[0.844s] INFO:colcon.colcon_ros.task.ament_cmake.build:Building ROS package in '/home/sjmock/ros2_ws/src/my_cpp_pkg' with build type 'ament_cmake'
[0.844s] INFO:colcon.colcon_cmake.task.cmake.build:Building CMake package in '/home/sjmock/ros2_ws/src/my_cpp_pkg'
[0.845s] INFO:colcon.colcon_core.shell:Skip shell extension 'powershell' for command environment: Not usable outside of PowerShell
[0.845s] DEBUG:colcon.colcon_core.shell:Skip shell extension 'dsv' for command environment
[0.849s] INFO:colcon.colcon_ros.task.ament_python.build:Building ROS package in '/home/sjmock/ros2_ws/src/my_py_pkg' with build type 'ament_python'
[0.849s] Level 1:colcon.colcon_core.shell:create_environment_hook('my_py_pkg', 'ament_prefix_path')
[0.851s] INFO:colcon.colcon_core.shell:Creating environment hook '/home/sjmock/ros2_ws/src/install/my_py_pkg/share/my_py_pkg/hook/ament_prefix_path.ps1'
[0.851s] INFO:colcon.colcon_core.shell:Creating environment descriptor '/home/sjmock/ros2_ws/src/install/my_py_pkg/share/my_py_pkg/hook/ament_prefix_path.dsv'
[0.852s] INFO:colcon.colcon_core.shell:Creating environment hook '/home/sjmock/ros2_ws/src/install/my_py_pkg/share/my_py_pkg/hook/ament_prefix_path.sh'
[0.853s] INFO:colcon.colcon_core.shell:Skip shell extension 'powershell' for command environment: Not usable outside of PowerShell
[0.853s] DEBUG:colcon.colcon_core.shell:Skip shell extension 'dsv' for command environment
[1.073s] INFO:colcon.colcon_core.task.python.build:Building Python package in '/home/sjmock/ros2_ws/src/turtlesim_pkg'
[1.075s] INFO:colcon.colcon_core.shell:Skip shell extension 'powershell' for command environment: Not usable outside of PowerShell
[1.075s] DEBUG:colcon.colcon_core.shell:Skip shell extension 'dsv' for command environment
[1.083s] DEBUG:colcon.colcon_core.event_handler.log_command:Invoking command in '/home/sjmock/ros2_ws/src/build/my_cpp_pkg': AMENT_PREFIX_PATH=/home/sjmock/ros2_ws/src/install/my_robot_interfaces:${AMENT_PREFIX_PATH} CMAKE_PREFIX_PATH=/home/sjmock/ros2_ws/src/install/my_robot_interfaces:/home/sjmock/ros2_ws/install/turtlesim_pkg_msgs:/home/sjmock/ros2_ws/install/my_robot_bringup:/home/sjmock/ros2_ws/install/my_cpp_pkg:/home/sjmock/ros2_ws/install/my_robot_interfaces:/home/sjmock/ros2_ws/install/turtlesim_pkg:/home/sjmock/ros2_ws/install/my_py_pkg:/opt/ros/humble LD_LIBRARY_PATH=/home/sjmock/ros2_ws/src/install/my_robot_interfaces/lib:${LD_LIBRARY_PATH} PYTHONPATH=/home/sjmock/ros2_ws/src/install/my_robot_interfaces/local/lib/python3.10/dist-packages:${PYTHONPATH} /usr/bin/cmake --build /home/sjmock/ros2_ws/src/build/my_cpp_pkg -- -j16 -l16
[1.289s] INFO:colcon.colcon_core.task.python.build:Building Python package in '/home/sjmock/ros2_ws/src/my_py_pkg'
[1.291s] INFO:colcon.colcon_core.shell:Skip shell extension 'powershell' for command environment: Not usable outside of PowerShell
[1.291s] DEBUG:colcon.colcon_core.shell:Skip shell extension 'dsv' for command environment
[1.296s] DEBUG:colcon.colcon_core.event_handler.log_command:Invoked command in '/home/sjmock/ros2_ws/src/build/my_cpp_pkg' returned '0': AMENT_PREFIX_PATH=/home/sjmock/ros2_ws/src/install/my_robot_interfaces:${AMENT_PREFIX_PATH} CMAKE_PREFIX_PATH=/home/sjmock/ros2_ws/src/install/my_robot_interfaces:/home/sjmock/ros2_ws/install/turtlesim_pkg_msgs:/home/sjmock/ros2_ws/install/my_robot_bringup:/home/sjmock/ros2_ws/install/my_cpp_pkg:/home/sjmock/ros2_ws/install/my_robot_interfaces:/home/sjmock/ros2_ws/install/turtlesim_pkg:/home/sjmock/ros2_ws/install/my_py_pkg:/opt/ros/humble LD_LIBRARY_PATH=/home/sjmock/ros2_ws/src/install/my_robot_interfaces/lib:${LD_LIBRARY_PATH} PYTHONPATH=/home/sjmock/ros2_ws/src/install/my_robot_interfaces/local/lib/python3.10/dist-packages:${PYTHONPATH} /usr/bin/cmake --build /home/sjmock/ros2_ws/src/build/my_cpp_pkg -- -j16 -l16
[1.331s] DEBUG:colcon.colcon_core.event_handler.log_command:Invoking command in '/home/sjmock/ros2_ws/src/build/my_cpp_pkg': AMENT_PREFIX_PATH=/home/sjmock/ros2_ws/src/install/my_robot_interfaces:${AMENT_PREFIX_PATH} CMAKE_PREFIX_PATH=/home/sjmock/ros2_ws/src/install/my_robot_interfaces:/home/sjmock/ros2_ws/install/turtlesim_pkg_msgs:/home/sjmock/ros2_ws/install/my_robot_bringup:/home/sjmock/ros2_ws/install/my_cpp_pkg:/home/sjmock/ros2_ws/install/my_robot_interfaces:/home/sjmock/ros2_ws/install/turtlesim_pkg:/home/sjmock/ros2_ws/install/my_py_pkg:/opt/ros/humble LD_LIBRARY_PATH=/home/sjmock/ros2_ws/src/install/my_robot_interfaces/lib:${LD_LIBRARY_PATH} PYTHONPATH=/home/sjmock/ros2_ws/src/install/my_robot_interfaces/local/lib/python3.10/dist-packages:${PYTHONPATH} /usr/bin/cmake --install /home/sjmock/ros2_ws/src/build/my_cpp_pkg
[1.340s] Level 1:colcon.colcon_core.environment:create_environment_scripts_only(my_cpp_pkg)
[1.341s] Level 1:colcon.colcon_core.environment:checking '/home/sjmock/ros2_ws/src/install/my_cpp_pkg' for CMake module files
[1.342s] DEBUG:colcon.colcon_core.event_handler.log_command:Invoked command in '/home/sjmock/ros2_ws/src/build/my_cpp_pkg' returned '0': AMENT_PREFIX_PATH=/home/sjmock/ros2_ws/src/install/my_robot_interfaces:${AMENT_PREFIX_PATH} CMAKE_PREFIX_PATH=/home/sjmock/ros2_ws/src/install/my_robot_interfaces:/home/sjmock/ros2_ws/install/turtlesim_pkg_msgs:/home/sjmock/ros2_ws/install/my_robot_bringup:/home/sjmock/ros2_ws/install/my_cpp_pkg:/home/sjmock/ros2_ws/install/my_robot_interfaces:/home/sjmock/ros2_ws/install/turtlesim_pkg:/home/sjmock/ros2_ws/install/my_py_pkg:/opt/ros/humble LD_LIBRARY_PATH=/home/sjmock/ros2_ws/src/install/my_robot_interfaces/lib:${LD_LIBRARY_PATH} PYTHONPATH=/home/sjmock/ros2_ws/src/install/my_robot_interfaces/local/lib/python3.10/dist-packages:${PYTHONPATH} /usr/bin/cmake --install /home/sjmock/ros2_ws/src/build/my_cpp_pkg
[1.342s] Level 1:colcon.colcon_core.environment:checking '/home/sjmock/ros2_ws/src/install/my_cpp_pkg' for CMake config files
[1.342s] Level 1:colcon.colcon_core.shell:create_environment_hook('my_cpp_pkg', 'cmake_prefix_path')
[1.343s] INFO:colcon.colcon_core.shell:Creating environment hook '/home/sjmock/ros2_ws/src/install/my_cpp_pkg/share/my_cpp_pkg/hook/cmake_prefix_path.ps1'
[1.344s] INFO:colcon.colcon_core.shell:Creating environment descriptor '/home/sjmock/ros2_ws/src/install/my_cpp_pkg/share/my_cpp_pkg/hook/cmake_prefix_path.dsv'
[1.344s] INFO:colcon.colcon_core.shell:Creating environment hook '/home/sjmock/ros2_ws/src/install/my_cpp_pkg/share/my_cpp_pkg/hook/cmake_prefix_path.sh'
[1.344s] Level 1:colcon.colcon_core.environment:checking '/home/sjmock/ros2_ws/src/install/my_cpp_pkg/lib'
[1.344s] Level 1:colcon.colcon_core.environment:checking '/home/sjmock/ros2_ws/src/install/my_cpp_pkg/bin'
[1.344s] Level 1:colcon.colcon_core.environment:checking '/home/sjmock/ros2_ws/src/install/my_cpp_pkg/lib/pkgconfig/my_cpp_pkg.pc'
[1.344s] Level 1:colcon.colcon_core.environment:checking '/home/sjmock/ros2_ws/src/install/my_cpp_pkg/lib/python3.10/site-packages'
[1.345s] Level 1:colcon.colcon_core.environment:checking '/home/sjmock/ros2_ws/src/install/my_cpp_pkg/bin'
[1.346s] INFO:colcon.colcon_core.shell:Creating package script '/home/sjmock/ros2_ws/src/install/my_cpp_pkg/share/my_cpp_pkg/package.ps1'
[1.346s] INFO:colcon.colcon_core.shell:Creating package descriptor '/home/sjmock/ros2_ws/src/install/my_cpp_pkg/share/my_cpp_pkg/package.dsv'
[1.346s] INFO:colcon.colcon_core.shell:Creating package script '/home/sjmock/ros2_ws/src/install/my_cpp_pkg/share/my_cpp_pkg/package.sh'
[1.346s] INFO:colcon.colcon_core.shell:Creating package script '/home/sjmock/ros2_ws/src/install/my_cpp_pkg/share/my_cpp_pkg/package.bash'
[1.347s] INFO:colcon.colcon_core.shell:Creating package script '/home/sjmock/ros2_ws/src/install/my_cpp_pkg/share/my_cpp_pkg/package.zsh'
[1.347s] Level 1:colcon.colcon_core.environment:create_file_with_runtime_dependencies(/home/sjmock/ros2_ws/src/install/my_cpp_pkg/share/colcon-core/packages/my_cpp_pkg)
[1.384s] Level 1:colcon.colcon_core.environment:create_environment_scripts_only(my_cpp_pkg)
[1.385s] Level 1:colcon.colcon_core.environment:checking '/home/sjmock/ros2_ws/src/install/my_cpp_pkg' for CMake module files
[1.385s] Level 1:colcon.colcon_core.environment:checking '/home/sjmock/ros2_ws/src/install/my_cpp_pkg' for CMake config files
[1.385s] Level 1:colcon.colcon_core.shell:create_environment_hook('my_cpp_pkg', 'cmake_prefix_path')
[1.386s] INFO:colcon.colcon_core.shell:Creating environment hook '/home/sjmock/ros2_ws/src/install/my_cpp_pkg/share/my_cpp_pkg/hook/cmake_prefix_path.ps1'
[1.387s] INFO:colcon.colcon_core.shell:Creating environment descriptor '/home/sjmock/ros2_ws/src/install/my_cpp_pkg/share/my_cpp_pkg/hook/cmake_prefix_path.dsv'
[1.387s] INFO:colcon.colcon_core.shell:Creating environment hook '/home/sjmock/ros2_ws/src/install/my_cpp_pkg/share/my_cpp_pkg/hook/cmake_prefix_path.sh'
[1.387s] Level 1:colcon.colcon_core.environment:checking '/home/sjmock/ros2_ws/src/install/my_cpp_pkg/lib'
[1.387s] Level 1:colcon.colcon_core.environment:checking '/home/sjmock/ros2_ws/src/install/my_cpp_pkg/bin'
[1.387s] Level 1:colcon.colcon_core.environment:checking '/home/sjmock/ros2_ws/src/install/my_cpp_pkg/lib/pkgconfig/my_cpp_pkg.pc'
[1.388s] Level 1:colcon.colcon_core.environment:checking '/home/sjmock/ros2_ws/src/install/my_cpp_pkg/lib/python3.10/site-packages'
[1.388s] Level 1:colcon.colcon_core.environment:checking '/home/sjmock/ros2_ws/src/install/my_cpp_pkg/bin'
[1.389s] INFO:colcon.colcon_core.shell:Creating package script '/home/sjmock/ros2_ws/src/install/my_cpp_pkg/share/my_cpp_pkg/package.ps1'
[1.389s] INFO:colcon.colcon_core.shell:Creating package descriptor '/home/sjmock/ros2_ws/src/install/my_cpp_pkg/share/my_cpp_pkg/package.dsv'
[1.389s] INFO:colcon.colcon_core.shell:Creating package script '/home/sjmock/ros2_ws/src/install/my_cpp_pkg/share/my_cpp_pkg/package.sh'
[1.390s] INFO:colcon.colcon_core.shell:Creating package script '/home/sjmock/ros2_ws/src/install/my_cpp_pkg/share/my_cpp_pkg/package.bash'
[1.390s] INFO:colcon.colcon_core.shell:Creating package script '/home/sjmock/ros2_ws/src/install/my_cpp_pkg/share/my_cpp_pkg/package.zsh'
[1.390s] Level 1:colcon.colcon_core.environment:create_file_with_runtime_dependencies(/home/sjmock/ros2_ws/src/install/my_cpp_pkg/share/colcon-core/packages/my_cpp_pkg)
[1.565s] DEBUG:colcon.colcon_core.event_handler.log_command:Invoking command in '/home/sjmock/ros2_ws/src/my_py_pkg': AMENT_PREFIX_PATH=/home/sjmock/ros2_ws/src/install/my_robot_interfaces:${AMENT_PREFIX_PATH} CMAKE_PREFIX_PATH=/home/sjmock/ros2_ws/src/install/my_robot_interfaces:${CMAKE_PREFIX_PATH} LD_LIBRARY_PATH=/home/sjmock/ros2_ws/src/install/my_robot_interfaces/lib:${LD_LIBRARY_PATH} PYTHONPATH=/home/sjmock/ros2_ws/src/build/my_py_pkg/prefix_override:/home/sjmock/ros2_ws/src/install/my_py_pkg/lib/python3.10/site-packages:/home/sjmock/ros2_ws/src/install/my_robot_interfaces/local/lib/python3.10/dist-packages:${PYTHONPATH} /usr/bin/python3 setup.py egg_info --egg-base ../build/my_py_pkg build --build-base /home/sjmock/ros2_ws/src/build/my_py_pkg/build install --record /home/sjmock/ros2_ws/src/build/my_py_pkg/install.log --single-version-externally-managed
[1.574s] DEBUG:colcon.colcon_core.event_handler.log_command:Invoking command in '/home/sjmock/ros2_ws/src/turtlesim_pkg': AMENT_PREFIX_PATH=/home/sjmock/ros2_ws/src/install/turtlesim_pkg_msgs:${AMENT_PREFIX_PATH} CMAKE_PREFIX_PATH=/home/sjmock/ros2_ws/src/install/turtlesim_pkg_msgs:${CMAKE_PREFIX_PATH} LD_LIBRARY_PATH=/home/sjmock/ros2_ws/src/install/turtlesim_pkg_msgs/lib:${LD_LIBRARY_PATH} PYTHONPATH=/home/sjmock/ros2_ws/src/build/turtlesim_pkg/prefix_override:/home/sjmock/ros2_ws/src/install/turtlesim_pkg/lib/python3.10/site-packages:/home/sjmock/ros2_ws/src/install/turtlesim_pkg_msgs/local/lib/python3.10/dist-packages:${PYTHONPATH} /usr/bin/python3 setup.py egg_info --egg-base ../build/turtlesim_pkg build --build-base /home/sjmock/ros2_ws/src/build/turtlesim_pkg/build install --record /home/sjmock/ros2_ws/src/build/turtlesim_pkg/install.log --single-version-externally-managed
[1.798s] Level 1:colcon.colcon_core.environment:checking '/home/sjmock/ros2_ws/src/install/my_py_pkg' for CMake module files
[1.798s] DEBUG:colcon.colcon_core.event_handler.log_command:Invoked command in '/home/sjmock/ros2_ws/src/my_py_pkg' returned '0': AMENT_PREFIX_PATH=/home/sjmock/ros2_ws/src/install/my_robot_interfaces:${AMENT_PREFIX_PATH} CMAKE_PREFIX_PATH=/home/sjmock/ros2_ws/src/install/my_robot_interfaces:${CMAKE_PREFIX_PATH} LD_LIBRARY_PATH=/home/sjmock/ros2_ws/src/install/my_robot_interfaces/lib:${LD_LIBRARY_PATH} PYTHONPATH=/home/sjmock/ros2_ws/src/build/my_py_pkg/prefix_override:/home/sjmock/ros2_ws/src/install/my_py_pkg/lib/python3.10/site-packages:/home/sjmock/ros2_ws/src/install/my_robot_interfaces/local/lib/python3.10/dist-packages:${PYTHONPATH} /usr/bin/python3 setup.py egg_info --egg-base ../build/my_py_pkg build --build-base /home/sjmock/ros2_ws/src/build/my_py_pkg/build install --record /home/sjmock/ros2_ws/src/build/my_py_pkg/install.log --single-version-externally-managed
[1.799s] Level 1:colcon.colcon_core.environment:checking '/home/sjmock/ros2_ws/src/install/my_py_pkg' for CMake config files
[1.799s] Level 1:colcon.colcon_core.environment:checking '/home/sjmock/ros2_ws/src/install/my_py_pkg/lib'
[1.799s] Level 1:colcon.colcon_core.environment:checking '/home/sjmock/ros2_ws/src/install/my_py_pkg/bin'
[1.799s] Level 1:colcon.colcon_core.environment:checking '/home/sjmock/ros2_ws/src/install/my_py_pkg/lib/pkgconfig/my_py_pkg.pc'
[1.800s] Level 1:colcon.colcon_core.environment:checking '/home/sjmock/ros2_ws/src/install/my_py_pkg/lib/python3.10/site-packages'
[1.800s] Level 1:colcon.colcon_core.shell:create_environment_hook('my_py_pkg', 'pythonpath')
[1.801s] INFO:colcon.colcon_core.shell:Creating environment hook '/home/sjmock/ros2_ws/src/install/my_py_pkg/share/my_py_pkg/hook/pythonpath.ps1'
[1.801s] INFO:colcon.colcon_core.shell:Creating environment descriptor '/home/sjmock/ros2_ws/src/install/my_py_pkg/share/my_py_pkg/hook/pythonpath.dsv'
[1.801s] INFO:colcon.colcon_core.shell:Creating environment hook '/home/sjmock/ros2_ws/src/install/my_py_pkg/share/my_py_pkg/hook/pythonpath.sh'
[1.802s] Level 1:colcon.colcon_core.environment:checking '/home/sjmock/ros2_ws/src/install/my_py_pkg/bin'
[1.802s] Level 1:colcon.colcon_core.environment:create_environment_scripts_only(my_py_pkg)
[1.803s] INFO:colcon.colcon_core.shell:Creating package script '/home/sjmock/ros2_ws/src/install/my_py_pkg/share/my_py_pkg/package.ps1'
[1.803s] INFO:colcon.colcon_core.shell:Creating package descriptor '/home/sjmock/ros2_ws/src/install/my_py_pkg/share/my_py_pkg/package.dsv'
[1.803s] INFO:colcon.colcon_core.shell:Creating package script '/home/sjmock/ros2_ws/src/install/my_py_pkg/share/my_py_pkg/package.sh'
[1.804s] INFO:colcon.colcon_core.shell:Creating package script '/home/sjmock/ros2_ws/src/install/my_py_pkg/share/my_py_pkg/package.bash'
[1.804s] INFO:colcon.colcon_core.shell:Creating package script '/home/sjmock/ros2_ws/src/install/my_py_pkg/share/my_py_pkg/package.zsh'
[1.804s] Level 1:colcon.colcon_core.environment:create_file_with_runtime_dependencies(/home/sjmock/ros2_ws/src/install/my_py_pkg/share/colcon-core/packages/my_py_pkg)
[1.804s] INFO:colcon.colcon_ros.task.ament_cmake.build:Building ROS package in '/home/sjmock/ros2_ws/src/my_robot_bringup' with build type 'ament_cmake'
[1.805s] INFO:colcon.colcon_cmake.task.cmake.build:Building CMake package in '/home/sjmock/ros2_ws/src/my_robot_bringup'
[1.806s] INFO:colcon.colcon_core.shell:Skip shell extension 'powershell' for command environment: Not usable outside of PowerShell
[1.806s] DEBUG:colcon.colcon_core.shell:Skip shell extension 'dsv' for command environment
[1.811s] Level 1:colcon.colcon_core.environment:checking '/home/sjmock/ros2_ws/src/install/turtlesim_pkg' for CMake module files
[1.811s] DEBUG:colcon.colcon_core.event_handler.log_command:Invoked command in '/home/sjmock/ros2_ws/src/turtlesim_pkg' returned '0': AMENT_PREFIX_PATH=/home/sjmock/ros2_ws/src/install/turtlesim_pkg_msgs:${AMENT_PREFIX_PATH} CMAKE_PREFIX_PATH=/home/sjmock/ros2_ws/src/install/turtlesim_pkg_msgs:${CMAKE_PREFIX_PATH} LD_LIBRARY_PATH=/home/sjmock/ros2_ws/src/install/turtlesim_pkg_msgs/lib:${LD_LIBRARY_PATH} PYTHONPATH=/home/sjmock/ros2_ws/src/build/turtlesim_pkg/prefix_override:/home/sjmock/ros2_ws/src/install/turtlesim_pkg/lib/python3.10/site-packages:/home/sjmock/ros2_ws/src/install/turtlesim_pkg_msgs/local/lib/python3.10/dist-packages:${PYTHONPATH} /usr/bin/python3 setup.py egg_info --egg-base ../build/turtlesim_pkg build --build-base /home/sjmock/ros2_ws/src/build/turtlesim_pkg/build install --record /home/sjmock/ros2_ws/src/build/turtlesim_pkg/install.log --single-version-externally-managed
[1.811s] Level 1:colcon.colcon_core.environment:checking '/home/sjmock/ros2_ws/src/install/turtlesim_pkg' for CMake config files
[1.812s] Level 1:colcon.colcon_core.environment:checking '/home/sjmock/ros2_ws/src/install/turtlesim_pkg/lib'
[1.812s] Level 1:colcon.colcon_core.environment:checking '/home/sjmock/ros2_ws/src/install/turtlesim_pkg/bin'
[1.812s] Level 1:colcon.colcon_core.environment:checking '/home/sjmock/ros2_ws/src/install/turtlesim_pkg/lib/pkgconfig/turtlesim_pkg.pc'
[1.812s] Level 1:colcon.colcon_core.environment:checking '/home/sjmock/ros2_ws/src/install/turtlesim_pkg/lib/python3.10/site-packages'
[1.812s] Level 1:colcon.colcon_core.shell:create_environment_hook('turtlesim_pkg', 'pythonpath')
[1.813s] INFO:colcon.colcon_core.shell:Creating environment hook '/home/sjmock/ros2_ws/src/install/turtlesim_pkg/share/turtlesim_pkg/hook/pythonpath.ps1'
[1.813s] INFO:colcon.colcon_core.shell:Creating environment descriptor '/home/sjmock/ros2_ws/src/install/turtlesim_pkg/share/turtlesim_pkg/hook/pythonpath.dsv'
[1.813s] INFO:colcon.colcon_core.shell:Creating environment hook '/home/sjmock/ros2_ws/src/install/turtlesim_pkg/share/turtlesim_pkg/hook/pythonpath.sh'
[1.814s] Level 1:colcon.colcon_core.environment:checking '/home/sjmock/ros2_ws/src/install/turtlesim_pkg/bin'
[1.814s] Level 1:colcon.colcon_core.environment:create_environment_scripts_only(turtlesim_pkg)
[1.815s] INFO:colcon.colcon_core.shell:Creating package script '/home/sjmock/ros2_ws/src/install/turtlesim_pkg/share/turtlesim_pkg/package.ps1'
[1.815s] INFO:colcon.colcon_core.shell:Creating package descriptor '/home/sjmock/ros2_ws/src/install/turtlesim_pkg/share/turtlesim_pkg/package.dsv'
[1.815s] INFO:colcon.colcon_core.shell:Creating package script '/home/sjmock/ros2_ws/src/install/turtlesim_pkg/share/turtlesim_pkg/package.sh'
[1.816s] INFO:colcon.colcon_core.shell:Creating package script '/home/sjmock/ros2_ws/src/install/turtlesim_pkg/share/turtlesim_pkg/package.bash'
[1.816s] INFO:colcon.colcon_core.shell:Creating package script '/home/sjmock/ros2_ws/src/install/turtlesim_pkg/share/turtlesim_pkg/package.zsh'
[1.816s] Level 1:colcon.colcon_core.environment:create_file_with_runtime_dependencies(/home/sjmock/ros2_ws/src/install/turtlesim_pkg/share/colcon-core/packages/turtlesim_pkg)
[1.819s] DEBUG:colcon.colcon_core.event_handler.log_command:Invoking command in '/home/sjmock/ros2_ws/src/build/my_robot_bringup': AMENT_PREFIX_PATH=/home/sjmock/ros2_ws/src/install/my_py_pkg:/home/sjmock/ros2_ws/src/install/my_cpp_pkg:/home/sjmock/ros2_ws/src/install/my_robot_interfaces:${AMENT_PREFIX_PATH} CMAKE_PREFIX_PATH=/home/sjmock/ros2_ws/src/install/my_cpp_pkg:/home/sjmock/ros2_ws/src/install/my_robot_interfaces:/home/sjmock/ros2_ws/install/turtlesim_pkg_msgs:/home/sjmock/ros2_ws/install/my_robot_bringup:/home/sjmock/ros2_ws/install/my_cpp_pkg:/home/sjmock/ros2_ws/install/my_robot_interfaces:/home/sjmock/ros2_ws/install/turtlesim_pkg:/home/sjmock/ros2_ws/install/my_py_pkg:/opt/ros/humble LD_LIBRARY_PATH=/home/sjmock/ros2_ws/src/install/my_robot_interfaces/lib:${LD_LIBRARY_PATH} PYTHONPATH=/home/sjmock/ros2_ws/src/install/my_py_pkg/lib/python3.10/site-packages:/home/sjmock/ros2_ws/src/install/my_robot_interfaces/local/lib/python3.10/dist-packages:${PYTHONPATH} /usr/bin/cmake --build /home/sjmock/ros2_ws/src/build/my_robot_bringup -- -j16 -l16
[1.844s] DEBUG:colcon.colcon_core.event_handler.log_command:Invoked command in '/home/sjmock/ros2_ws/src/build/my_robot_bringup' returned '0': AMENT_PREFIX_PATH=/home/sjmock/ros2_ws/src/install/my_py_pkg:/home/sjmock/ros2_ws/src/install/my_cpp_pkg:/home/sjmock/ros2_ws/src/install/my_robot_interfaces:${AMENT_PREFIX_PATH} CMAKE_PREFIX_PATH=/home/sjmock/ros2_ws/src/install/my_cpp_pkg:/home/sjmock/ros2_ws/src/install/my_robot_interfaces:/home/sjmock/ros2_ws/install/turtlesim_pkg_msgs:/home/sjmock/ros2_ws/install/my_robot_bringup:/home/sjmock/ros2_ws/install/my_cpp_pkg:/home/sjmock/ros2_ws/install/my_robot_interfaces:/home/sjmock/ros2_ws/install/turtlesim_pkg:/home/sjmock/ros2_ws/install/my_py_pkg:/opt/ros/humble LD_LIBRARY_PATH=/home/sjmock/ros2_ws/src/install/my_robot_interfaces/lib:${LD_LIBRARY_PATH} PYTHONPATH=/home/sjmock/ros2_ws/src/install/my_py_pkg/lib/python3.10/site-packages:/home/sjmock/ros2_ws/src/install/my_robot_interfaces/local/lib/python3.10/dist-packages:${PYTHONPATH} /usr/bin/cmake --build /home/sjmock/ros2_ws/src/build/my_robot_bringup -- -j16 -l16
[1.859s] DEBUG:colcon.colcon_core.event_handler.log_command:Invoking command in '/home/sjmock/ros2_ws/src/build/my_robot_bringup': AMENT_PREFIX_PATH=/home/sjmock/ros2_ws/src/install/my_py_pkg:/home/sjmock/ros2_ws/src/install/my_cpp_pkg:/home/sjmock/ros2_ws/src/install/my_robot_interfaces:${AMENT_PREFIX_PATH} CMAKE_PREFIX_PATH=/home/sjmock/ros2_ws/src/install/my_cpp_pkg:/home/sjmock/ros2_ws/src/install/my_robot_interfaces:/home/sjmock/ros2_ws/install/turtlesim_pkg_msgs:/home/sjmock/ros2_ws/install/my_robot_bringup:/home/sjmock/ros2_ws/install/my_cpp_pkg:/home/sjmock/ros2_ws/install/my_robot_interfaces:/home/sjmock/ros2_ws/install/turtlesim_pkg:/home/sjmock/ros2_ws/install/my_py_pkg:/opt/ros/humble LD_LIBRARY_PATH=/home/sjmock/ros2_ws/src/install/my_robot_interfaces/lib:${LD_LIBRARY_PATH} PYTHONPATH=/home/sjmock/ros2_ws/src/install/my_py_pkg/lib/python3.10/site-packages:/home/sjmock/ros2_ws/src/install/my_robot_interfaces/local/lib/python3.10/dist-packages:${PYTHONPATH} /usr/bin/cmake --install /home/sjmock/ros2_ws/src/build/my_robot_bringup
[1.865s] Level 1:colcon.colcon_core.environment:create_environment_scripts_only(my_robot_bringup)
[1.866s] Level 1:colcon.colcon_core.environment:checking '/home/sjmock/ros2_ws/src/install/my_robot_bringup' for CMake module files
[1.867s] DEBUG:colcon.colcon_core.event_handler.log_command:Invoked command in '/home/sjmock/ros2_ws/src/build/my_robot_bringup' returned '0': AMENT_PREFIX_PATH=/home/sjmock/ros2_ws/src/install/my_py_pkg:/home/sjmock/ros2_ws/src/install/my_cpp_pkg:/home/sjmock/ros2_ws/src/install/my_robot_interfaces:${AMENT_PREFIX_PATH} CMAKE_PREFIX_PATH=/home/sjmock/ros2_ws/src/install/my_cpp_pkg:/home/sjmock/ros2_ws/src/install/my_robot_interfaces:/home/sjmock/ros2_ws/install/turtlesim_pkg_msgs:/home/sjmock/ros2_ws/install/my_robot_bringup:/home/sjmock/ros2_ws/install/my_cpp_pkg:/home/sjmock/ros2_ws/install/my_robot_interfaces:/home/sjmock/ros2_ws/install/turtlesim_pkg:/home/sjmock/ros2_ws/install/my_py_pkg:/opt/ros/humble LD_LIBRARY_PATH=/home/sjmock/ros2_ws/src/install/my_robot_interfaces/lib:${LD_LIBRARY_PATH} PYTHONPATH=/home/sjmock/ros2_ws/src/install/my_py_pkg/lib/python3.10/site-packages:/home/sjmock/ros2_ws/src/install/my_robot_interfaces/local/lib/python3.10/dist-packages:${PYTHONPATH} /usr/bin/cmake --install /home/sjmock/ros2_ws/src/build/my_robot_bringup
[1.867s] Level 1:colcon.colcon_core.environment:checking '/home/sjmock/ros2_ws/src/install/my_robot_bringup' for CMake config files
[1.867s] Level 1:colcon.colcon_core.shell:create_environment_hook('my_robot_bringup', 'cmake_prefix_path')
[1.868s] INFO:colcon.colcon_core.shell:Creating environment hook '/home/sjmock/ros2_ws/src/install/my_robot_bringup/share/my_robot_bringup/hook/cmake_prefix_path.ps1'
[1.868s] INFO:colcon.colcon_core.shell:Creating environment descriptor '/home/sjmock/ros2_ws/src/install/my_robot_bringup/share/my_robot_bringup/hook/cmake_prefix_path.dsv'
[1.868s] INFO:colcon.colcon_core.shell:Creating environment hook '/home/sjmock/ros2_ws/src/install/my_robot_bringup/share/my_robot_bringup/hook/cmake_prefix_path.sh'
[1.869s] Level 1:colcon.colcon_core.environment:checking '/home/sjmock/ros2_ws/src/install/my_robot_bringup/bin'
[1.869s] Level 1:colcon.colcon_core.environment:checking '/home/sjmock/ros2_ws/src/install/my_robot_bringup/lib/pkgconfig/my_robot_bringup.pc'
[1.869s] Level 1:colcon.colcon_core.environment:checking '/home/sjmock/ros2_ws/src/install/my_robot_bringup/lib/python3.10/site-packages'
[1.869s] Level 1:colcon.colcon_core.environment:checking '/home/sjmock/ros2_ws/src/install/my_robot_bringup/bin'
[1.870s] INFO:colcon.colcon_core.shell:Creating package script '/home/sjmock/ros2_ws/src/install/my_robot_bringup/share/my_robot_bringup/package.ps1'
[1.870s] INFO:colcon.colcon_core.shell:Creating package descriptor '/home/sjmock/ros2_ws/src/install/my_robot_bringup/share/my_robot_bringup/package.dsv'
[1.871s] INFO:colcon.colcon_core.shell:Creating package script '/home/sjmock/ros2_ws/src/install/my_robot_bringup/share/my_robot_bringup/package.sh'
[1.871s] INFO:colcon.colcon_core.shell:Creating package script '/home/sjmock/ros2_ws/src/install/my_robot_bringup/share/my_robot_bringup/package.bash'
[1.871s] INFO:colcon.colcon_core.shell:Creating package script '/home/sjmock/ros2_ws/src/install/my_robot_bringup/share/my_robot_bringup/package.zsh'
[1.871s] Level 1:colcon.colcon_core.environment:create_file_with_runtime_dependencies(/home/sjmock/ros2_ws/src/install/my_robot_bringup/share/colcon-core/packages/my_robot_bringup)
[1.886s] Level 1:colcon.colcon_core.environment:create_environment_scripts_only(my_robot_bringup)
[1.887s] Level 1:colcon.colcon_core.environment:checking '/home/sjmock/ros2_ws/src/install/my_robot_bringup' for CMake module files
[1.887s] Level 1:colcon.colcon_core.environment:checking '/home/sjmock/ros2_ws/src/install/my_robot_bringup' for CMake config files
[1.888s] Level 1:colcon.colcon_core.shell:create_environment_hook('my_robot_bringup', 'cmake_prefix_path')
[1.888s] INFO:colcon.colcon_core.shell:Creating environment hook '/home/sjmock/ros2_ws/src/install/my_robot_bringup/share/my_robot_bringup/hook/cmake_prefix_path.ps1'
[1.889s] INFO:colcon.colcon_core.shell:Creating environment descriptor '/home/sjmock/ros2_ws/src/install/my_robot_bringup/share/my_robot_bringup/hook/cmake_prefix_path.dsv'
[1.889s] INFO:colcon.colcon_core.shell:Creating environment hook '/home/sjmock/ros2_ws/src/install/my_robot_bringup/share/my_robot_bringup/hook/cmake_prefix_path.sh'
[1.889s] Level 1:colcon.colcon_core.environment:checking '/home/sjmock/ros2_ws/src/install/my_robot_bringup/bin'
[1.889s] Level 1:colcon.colcon_core.environment:checking '/home/sjmock/ros2_ws/src/install/my_robot_bringup/lib/pkgconfig/my_robot_bringup.pc'
[1.890s] Level 1:colcon.colcon_core.environment:checking '/home/sjmock/ros2_ws/src/install/my_robot_bringup/lib/python3.10/site-packages'
[1.890s] Level 1:colcon.colcon_core.environment:checking '/home/sjmock/ros2_ws/src/install/my_robot_bringup/bin'
[1.891s] INFO:colcon.colcon_core.shell:Creating package script '/home/sjmock/ros2_ws/src/install/my_robot_bringup/share/my_robot_bringup/package.ps1'
[1.891s] INFO:colcon.colcon_core.shell:Creating package descriptor '/home/sjmock/ros2_ws/src/install/my_robot_bringup/share/my_robot_bringup/package.dsv'
[1.891s] INFO:colcon.colcon_core.shell:Creating package script '/home/sjmock/ros2_ws/src/install/my_robot_bringup/share/my_robot_bringup/package.sh'
[1.892s] INFO:colcon.colcon_core.shell:Creating package script '/home/sjmock/ros2_ws/src/install/my_robot_bringup/share/my_robot_bringup/package.bash'
[1.892s] INFO:colcon.colcon_core.shell:Creating package script '/home/sjmock/ros2_ws/src/install/my_robot_bringup/share/my_robot_bringup/package.zsh'
[1.892s] Level 1:colcon.colcon_core.environment:create_file_with_runtime_dependencies(/home/sjmock/ros2_ws/src/install/my_robot_bringup/share/colcon-core/packages/my_robot_bringup)
[1.892s] DEBUG:colcon.colcon_parallel_executor.executor.parallel:closing loop
[1.892s] DEBUG:colcon.colcon_parallel_executor.executor.parallel:loop closed
[1.893s] DEBUG:colcon.colcon_parallel_executor.executor.parallel:run_until_complete finished with '0'
[1.893s] DEBUG:colcon.colcon_core.event_reactor:joining thread
[1.897s] INFO:colcon.colcon_core.plugin_system:Skipping extension 'colcon_notification.desktop_notification.terminal_notifier': Not used on non-Darwin systems
[1.897s] INFO:colcon.colcon_core.plugin_system:Skipping extension 'colcon_notification.desktop_notification.win32': Not used on non-Windows systems
[1.897s] INFO:colcon.colcon_notification.desktop_notification:Sending desktop notification using 'notify2'
[1.905s] DEBUG:colcon.colcon_core.event_reactor:joined thread
[1.907s] INFO:colcon.colcon_core.shell:Creating prefix script '/home/sjmock/ros2_ws/src/install/local_setup.ps1'
[1.907s] INFO:colcon.colcon_core.shell:Creating prefix util module '/home/sjmock/ros2_ws/src/install/_local_setup_util_ps1.py'
[1.908s] INFO:colcon.colcon_core.shell:Creating prefix chain script '/home/sjmock/ros2_ws/src/install/setup.ps1'
[1.909s] INFO:colcon.colcon_core.shell:Creating prefix script '/home/sjmock/ros2_ws/src/install/local_setup.sh'
[1.910s] INFO:colcon.colcon_core.shell:Creating prefix util module '/home/sjmock/ros2_ws/src/install/_local_setup_util_sh.py'
[1.910s] INFO:colcon.colcon_core.shell:Creating prefix chain script '/home/sjmock/ros2_ws/src/install/setup.sh'
[1.911s] INFO:colcon.colcon_core.shell:Creating prefix script '/home/sjmock/ros2_ws/src/install/local_setup.bash'
[1.911s] INFO:colcon.colcon_core.shell:Creating prefix chain script '/home/sjmock/ros2_ws/src/install/setup.bash'
[1.912s] INFO:colcon.colcon_core.shell:Creating prefix script '/home/sjmock/ros2_ws/src/install/local_setup.zsh'
[1.912s] INFO:colcon.colcon_core.shell:Creating prefix chain script '/home/sjmock/ros2_ws/src/install/setup.zsh'
