[0.007s] Invoking command in '/home/sjmock/ros2_ws/src/build/my_robot_bringup': AMENT_PREFIX_PATH=/home/sjmock/ros2_ws/src/install/my_py_pkg:/home/sjmock/ros2_ws/src/install/my_cpp_pkg:/home/sjmock/ros2_ws/src/install/my_robot_interfaces:${AMENT_PREFIX_PATH} CMAKE_PREFIX_PATH=/home/sjmock/ros2_ws/src/install/my_cpp_pkg:/home/sjmock/ros2_ws/src/install/my_robot_interfaces:/home/sjmock/ros2_ws/install/turtlesim_pkg_msgs:/home/sjmock/ros2_ws/install/my_robot_bringup:/home/sjmock/ros2_ws/install/my_cpp_pkg:/home/sjmock/ros2_ws/install/my_robot_interfaces:/home/sjmock/ros2_ws/install/turtlesim_pkg:/home/sjmock/ros2_ws/install/my_py_pkg:/opt/ros/humble LD_LIBRARY_PATH=/home/sjmock/ros2_ws/src/install/my_robot_interfaces/lib:${LD_LIBRARY_PATH} PYTHONPATH=/home/sjmock/ros2_ws/src/install/my_py_pkg/lib/python3.10/site-packages:/home/sjmock/ros2_ws/src/install/my_robot_interfaces/local/lib/python3.10/dist-packages:${PYTHONPATH} /usr/bin/cmake /home/sjmock/ros2_ws/src/my_robot_bringup -DCMAKE_INSTALL_PREFIX=/home/sjmock/ros2_ws/src/install/my_robot_bringup
[0.041s] -- The C compiler identification is GNU 11.4.0
[0.076s] -- The CXX compiler identification is GNU 11.4.0
[0.082s] -- Detecting C compiler ABI info
[0.124s] -- Detecting C compiler ABI info - done
[0.129s] -- Check for working C compiler: /usr/bin/cc - skipped
[0.130s] -- Detecting C compile features
[0.130s] -- Detecting C compile features - done
[0.135s] -- Detecting CXX compiler ABI info
[0.183s] -- Detecting CXX compiler ABI info - done
[0.188s] -- Check for working CXX compiler: /usr/bin/c++ - skipped
[0.188s] -- Detecting CXX compile features
[0.188s] -- Detecting CXX compile features - done
[0.190s] -- Found ament_cmake: 1.3.5 (/opt/ros/humble/share/ament_cmake/cmake)
[0.313s] -- Found Python3: /usr/bin/python3.10 (found version "3.10.12") found components: Interpreter 
[0.434s] -- Configuring done
[0.436s] -- Generating done
[0.436s] -- Build files have been written to: /home/sjmock/ros2_ws/src/build/my_robot_bringup
[0.439s] Invoked command in '/home/sjmock/ros2_ws/src/build/my_robot_bringup' returned '0': AMENT_PREFIX_PATH=/home/sjmock/ros2_ws/src/install/my_py_pkg:/home/sjmock/ros2_ws/src/install/my_cpp_pkg:/home/sjmock/ros2_ws/src/install/my_robot_interfaces:${AMENT_PREFIX_PATH} CMAKE_PREFIX_PATH=/home/sjmock/ros2_ws/src/install/my_cpp_pkg:/home/sjmock/ros2_ws/src/install/my_robot_interfaces:/home/sjmock/ros2_ws/install/turtlesim_pkg_msgs:/home/sjmock/ros2_ws/install/my_robot_bringup:/home/sjmock/ros2_ws/install/my_cpp_pkg:/home/sjmock/ros2_ws/install/my_robot_interfaces:/home/sjmock/ros2_ws/install/turtlesim_pkg:/home/sjmock/ros2_ws/install/my_py_pkg:/opt/ros/humble LD_LIBRARY_PATH=/home/sjmock/ros2_ws/src/install/my_robot_interfaces/lib:${LD_LIBRARY_PATH} PYTHONPATH=/home/sjmock/ros2_ws/src/install/my_py_pkg/lib/python3.10/site-packages:/home/sjmock/ros2_ws/src/install/my_robot_interfaces/local/lib/python3.10/dist-packages:${PYTHONPATH} /usr/bin/cmake /home/sjmock/ros2_ws/src/my_robot_bringup -DCMAKE_INSTALL_PREFIX=/home/sjmock/ros2_ws/src/install/my_robot_bringup
[0.440s] Invoking command in '/home/sjmock/ros2_ws/src/build/my_robot_bringup': AMENT_PREFIX_PATH=/home/sjmock/ros2_ws/src/install/my_py_pkg:/home/sjmock/ros2_ws/src/install/my_cpp_pkg:/home/sjmock/ros2_ws/src/install/my_robot_interfaces:${AMENT_PREFIX_PATH} CMAKE_PREFIX_PATH=/home/sjmock/ros2_ws/src/install/my_cpp_pkg:/home/sjmock/ros2_ws/src/install/my_robot_interfaces:/home/sjmock/ros2_ws/install/turtlesim_pkg_msgs:/home/sjmock/ros2_ws/install/my_robot_bringup:/home/sjmock/ros2_ws/install/my_cpp_pkg:/home/sjmock/ros2_ws/install/my_robot_interfaces:/home/sjmock/ros2_ws/install/turtlesim_pkg:/home/sjmock/ros2_ws/install/my_py_pkg:/opt/ros/humble LD_LIBRARY_PATH=/home/sjmock/ros2_ws/src/install/my_robot_interfaces/lib:${LD_LIBRARY_PATH} PYTHONPATH=/home/sjmock/ros2_ws/src/install/my_py_pkg/lib/python3.10/site-packages:/home/sjmock/ros2_ws/src/install/my_robot_interfaces/local/lib/python3.10/dist-packages:${PYTHONPATH} /usr/bin/cmake --build /home/sjmock/ros2_ws/src/build/my_robot_bringup -- -j16 -l16
[0.466s] Invoked command in '/home/sjmock/ros2_ws/src/build/my_robot_bringup' returned '0': AMENT_PREFIX_PATH=/home/sjmock/ros2_ws/src/install/my_py_pkg:/home/sjmock/ros2_ws/src/install/my_cpp_pkg:/home/sjmock/ros2_ws/src/install/my_robot_interfaces:${AMENT_PREFIX_PATH} CMAKE_PREFIX_PATH=/home/sjmock/ros2_ws/src/install/my_cpp_pkg:/home/sjmock/ros2_ws/src/install/my_robot_interfaces:/home/sjmock/ros2_ws/install/turtlesim_pkg_msgs:/home/sjmock/ros2_ws/install/my_robot_bringup:/home/sjmock/ros2_ws/install/my_cpp_pkg:/home/sjmock/ros2_ws/install/my_robot_interfaces:/home/sjmock/ros2_ws/install/turtlesim_pkg:/home/sjmock/ros2_ws/install/my_py_pkg:/opt/ros/humble LD_LIBRARY_PATH=/home/sjmock/ros2_ws/src/install/my_robot_interfaces/lib:${LD_LIBRARY_PATH} PYTHONPATH=/home/sjmock/ros2_ws/src/install/my_py_pkg/lib/python3.10/site-packages:/home/sjmock/ros2_ws/src/install/my_robot_interfaces/local/lib/python3.10/dist-packages:${PYTHONPATH} /usr/bin/cmake --build /home/sjmock/ros2_ws/src/build/my_robot_bringup -- -j16 -l16
[0.479s] Invoking command in '/home/sjmock/ros2_ws/src/build/my_robot_bringup': AMENT_PREFIX_PATH=/home/sjmock/ros2_ws/src/install/my_py_pkg:/home/sjmock/ros2_ws/src/install/my_cpp_pkg:/home/sjmock/ros2_ws/src/install/my_robot_interfaces:${AMENT_PREFIX_PATH} CMAKE_PREFIX_PATH=/home/sjmock/ros2_ws/src/install/my_cpp_pkg:/home/sjmock/ros2_ws/src/install/my_robot_interfaces:/home/sjmock/ros2_ws/install/turtlesim_pkg_msgs:/home/sjmock/ros2_ws/install/my_robot_bringup:/home/sjmock/ros2_ws/install/my_cpp_pkg:/home/sjmock/ros2_ws/install/my_robot_interfaces:/home/sjmock/ros2_ws/install/turtlesim_pkg:/home/sjmock/ros2_ws/install/my_py_pkg:/opt/ros/humble LD_LIBRARY_PATH=/home/sjmock/ros2_ws/src/install/my_robot_interfaces/lib:${LD_LIBRARY_PATH} PYTHONPATH=/home/sjmock/ros2_ws/src/install/my_py_pkg/lib/python3.10/site-packages:/home/sjmock/ros2_ws/src/install/my_robot_interfaces/local/lib/python3.10/dist-packages:${PYTHONPATH} /usr/bin/cmake --install /home/sjmock/ros2_ws/src/build/my_robot_bringup
[0.484s] -- Install configuration: ""
[0.484s] -- Installing: /home/sjmock/ros2_ws/src/install/my_robot_bringup/share/my_robot_bringup/launch
[0.484s] -- Installing: /home/sjmock/ros2_ws/src/install/my_robot_bringup/share/my_robot_bringup/launch/robot_news.launch.py
[0.484s] -- Installing: /home/sjmock/ros2_ws/src/install/my_robot_bringup/share/my_robot_bringup/launch/number_app.launch.py
[0.484s] -- Installing: /home/sjmock/ros2_ws/src/install/my_robot_bringup/share/ament_index/resource_index/package_run_dependencies/my_robot_bringup
[0.484s] -- Installing: /home/sjmock/ros2_ws/src/install/my_robot_bringup/share/ament_index/resource_index/parent_prefix_path/my_robot_bringup
[0.484s] -- Installing: /home/sjmock/ros2_ws/src/install/my_robot_bringup/share/my_robot_bringup/environment/ament_prefix_path.sh
[0.484s] -- Installing: /home/sjmock/ros2_ws/src/install/my_robot_bringup/share/my_robot_bringup/environment/ament_prefix_path.dsv
[0.485s] -- Installing: /home/sjmock/ros2_ws/src/install/my_robot_bringup/share/my_robot_bringup/environment/path.sh
[0.485s] -- Installing: /home/sjmock/ros2_ws/src/install/my_robot_bringup/share/my_robot_bringup/environment/path.dsv
[0.485s] -- Installing: /home/sjmock/ros2_ws/src/install/my_robot_bringup/share/my_robot_bringup/local_setup.bash
[0.485s] -- Installing: /home/sjmock/ros2_ws/src/install/my_robot_bringup/share/my_robot_bringup/local_setup.sh
[0.485s] -- Installing: /home/sjmock/ros2_ws/src/install/my_robot_bringup/share/my_robot_bringup/local_setup.zsh
[0.485s] -- Installing: /home/sjmock/ros2_ws/src/install/my_robot_bringup/share/my_robot_bringup/local_setup.dsv
[0.485s] -- Installing: /home/sjmock/ros2_ws/src/install/my_robot_bringup/share/my_robot_bringup/package.dsv
[0.485s] -- Installing: /home/sjmock/ros2_ws/src/install/my_robot_bringup/share/ament_index/resource_index/packages/my_robot_bringup
[0.485s] -- Installing: /home/sjmock/ros2_ws/src/install/my_robot_bringup/share/my_robot_bringup/cmake/my_robot_bringupConfig.cmake
[0.485s] -- Installing: /home/sjmock/ros2_ws/src/install/my_robot_bringup/share/my_robot_bringup/cmake/my_robot_bringupConfig-version.cmake
[0.485s] -- Installing: /home/sjmock/ros2_ws/src/install/my_robot_bringup/share/my_robot_bringup/package.xml
[0.486s] Invoked command in '/home/sjmock/ros2_ws/src/build/my_robot_bringup' returned '0': AMENT_PREFIX_PATH=/home/sjmock/ros2_ws/src/install/my_py_pkg:/home/sjmock/ros2_ws/src/install/my_cpp_pkg:/home/sjmock/ros2_ws/src/install/my_robot_interfaces:${AMENT_PREFIX_PATH} CMAKE_PREFIX_PATH=/home/sjmock/ros2_ws/src/install/my_cpp_pkg:/home/sjmock/ros2_ws/src/install/my_robot_interfaces:/home/sjmock/ros2_ws/install/turtlesim_pkg_msgs:/home/sjmock/ros2_ws/install/my_robot_bringup:/home/sjmock/ros2_ws/install/my_cpp_pkg:/home/sjmock/ros2_ws/install/my_robot_interfaces:/home/sjmock/ros2_ws/install/turtlesim_pkg:/home/sjmock/ros2_ws/install/my_py_pkg:/opt/ros/humble LD_LIBRARY_PATH=/home/sjmock/ros2_ws/src/install/my_robot_interfaces/lib:${LD_LIBRARY_PATH} PYTHONPATH=/home/sjmock/ros2_ws/src/install/my_py_pkg/lib/python3.10/site-packages:/home/sjmock/ros2_ws/src/install/my_robot_interfaces/local/lib/python3.10/dist-packages:${PYTHONPATH} /usr/bin/cmake --install /home/sjmock/ros2_ws/src/build/my_robot_bringup
