[0.231s] DEBUG:colcon:Command line arguments: ['/usr/bin/colcon', 'build']
[0.231s] DEBUG:colcon:Parsed command line arguments: Namespace(log_base=None, log_level=None, verb_name='build', build_base='build', install_base='install', merge_install=False, symlink_install=False, test_result_base=None, continue_on_error=False, executor='parallel', parallel_workers=16, event_handlers=None, ignore_user_meta=False, metas=['./colcon.meta'], base_paths=['.'], packages_ignore=None, packages_ignore_regex=None, paths=None, packages_up_to=None, packages_up_to_regex=None, packages_above=None, packages_above_and_dependencies=None, packages_above_depth=None, packages_select_by_dep=None, packages_skip_by_dep=None, packages_skip_up_to=None, packages_select_build_failed=False, packages_skip_build_finished=False, packages_select_test_failures=False, packages_skip_test_passed=False, packages_select=None, packages_skip=None, packages_select_regex=None, packages_skip_regex=None, packages_start=None, packages_end=None, allow_overriding=[], cmake_args=None, cmake_target=None, cmake_target_skip_unavailable=False, cmake_clean_cache=False, cmake_clean_first=False, cmake_force_configure=False, ament_cmake_args=None, catkin_cmake_args=None, catkin_skip_building_tests=False, verb_parser=<colcon_defaults.argument_parser.defaults.DefaultArgumentsDecorator object at 0x7f08f8865f00>, verb_extension=<colcon_core.verb.build.BuildVerb object at 0x7f08f8865990>, main=<bound method BuildVerb.main of <colcon_core.verb.build.BuildVerb object at 0x7f08f8865990>>)
[0.248s] Level 1:colcon.colcon_core.package_discovery:discover_packages(colcon_meta) check parameters
[0.248s] Level 1:colcon.colcon_core.package_discovery:discover_packages(recursive) check parameters
[0.248s] Level 1:colcon.colcon_core.package_discovery:discover_packages(ignore) check parameters
[0.248s] Level 1:colcon.colcon_core.package_discovery:discover_packages(path) check parameters
[0.248s] Level 1:colcon.colcon_core.package_discovery:discover_packages(colcon_meta) discover
[0.248s] Level 1:colcon.colcon_core.package_discovery:discover_packages(recursive) discover
[0.248s] INFO:colcon.colcon_core.package_discovery:Crawling recursively for packages in '/home/sjmock/ros2_ws/src'
[0.248s] Level 1:colcon.colcon_core.package_identification:_identify(.) by extensions ['ignore', 'ignore_ament_install']
[0.248s] Level 1:colcon.colcon_core.package_identification:_identify(.) by extension 'ignore'
[0.248s] Level 1:colcon.colcon_core.package_identification:_identify(.) by extension 'ignore_ament_install'
[0.248s] Level 1:colcon.colcon_core.package_identification:_identify(.) by extensions ['colcon_pkg']
[0.248s] Level 1:colcon.colcon_core.package_identification:_identify(.) by extension 'colcon_pkg'
[0.248s] Level 1:colcon.colcon_core.package_identification:_identify(.) by extensions ['colcon_meta']
[0.248s] Level 1:colcon.colcon_core.package_identification:_identify(.) by extension 'colcon_meta'
[0.248s] Level 1:colcon.colcon_core.package_identification:_identify(.) by extensions ['ros']
[0.248s] Level 1:colcon.colcon_core.package_identification:_identify(.) by extension 'ros'
[0.256s] Level 1:colcon.colcon_core.package_identification:_identify(.) by extensions ['cmake', 'python']
[0.256s] Level 1:colcon.colcon_core.package_identification:_identify(.) by extension 'cmake'
[0.256s] Level 1:colcon.colcon_core.package_identification:_identify(.) by extension 'python'
[0.256s] Level 1:colcon.colcon_core.package_identification:_identify(.) by extensions ['python_setup_py']
[0.256s] Level 1:colcon.colcon_core.package_identification:_identify(.) by extension 'python_setup_py'
[0.256s] Level 1:colcon.colcon_core.package_identification:_identify(build) by extensions ['ignore', 'ignore_ament_install']
[0.256s] Level 1:colcon.colcon_core.package_identification:_identify(build) by extension 'ignore'
[0.256s] Level 1:colcon.colcon_core.package_identification:_identify(build) ignored
[0.256s] Level 1:colcon.colcon_core.package_identification:_identify(install) by extensions ['ignore', 'ignore_ament_install']
[0.256s] Level 1:colcon.colcon_core.package_identification:_identify(install) by extension 'ignore'
[0.256s] Level 1:colcon.colcon_core.package_identification:_identify(install) ignored
[0.256s] Level 1:colcon.colcon_core.package_identification:_identify(log) by extensions ['ignore', 'ignore_ament_install']
[0.256s] Level 1:colcon.colcon_core.package_identification:_identify(log) by extension 'ignore'
[0.256s] Level 1:colcon.colcon_core.package_identification:_identify(log) ignored
[0.256s] Level 1:colcon.colcon_core.package_identification:_identify(my_cpp_pkg) by extensions ['ignore', 'ignore_ament_install']
[0.256s] Level 1:colcon.colcon_core.package_identification:_identify(my_cpp_pkg) by extension 'ignore'
[0.257s] Level 1:colcon.colcon_core.package_identification:_identify(my_cpp_pkg) by extension 'ignore_ament_install'
[0.257s] Level 1:colcon.colcon_core.package_identification:_identify(my_cpp_pkg) by extensions ['colcon_pkg']
[0.257s] Level 1:colcon.colcon_core.package_identification:_identify(my_cpp_pkg) by extension 'colcon_pkg'
[0.257s] Level 1:colcon.colcon_core.package_identification:_identify(my_cpp_pkg) by extensions ['colcon_meta']
[0.257s] Level 1:colcon.colcon_core.package_identification:_identify(my_cpp_pkg) by extension 'colcon_meta'
[0.257s] Level 1:colcon.colcon_core.package_identification:_identify(my_cpp_pkg) by extensions ['ros']
[0.257s] Level 1:colcon.colcon_core.package_identification:_identify(my_cpp_pkg) by extension 'ros'
[0.258s] DEBUG:colcon.colcon_core.package_identification:Package 'my_cpp_pkg' with type 'ros.ament_cmake' and name 'my_cpp_pkg'
[0.259s] Level 1:colcon.colcon_core.package_identification:_identify(my_py_pkg) by extensions ['ignore', 'ignore_ament_install']
[0.259s] Level 1:colcon.colcon_core.package_identification:_identify(my_py_pkg) by extension 'ignore'
[0.259s] Level 1:colcon.colcon_core.package_identification:_identify(my_py_pkg) by extension 'ignore_ament_install'
[0.259s] Level 1:colcon.colcon_core.package_identification:_identify(my_py_pkg) by extensions ['colcon_pkg']
[0.259s] Level 1:colcon.colcon_core.package_identification:_identify(my_py_pkg) by extension 'colcon_pkg'
[0.259s] Level 1:colcon.colcon_core.package_identification:_identify(my_py_pkg) by extensions ['colcon_meta']
[0.259s] Level 1:colcon.colcon_core.package_identification:_identify(my_py_pkg) by extension 'colcon_meta'
[0.259s] Level 1:colcon.colcon_core.package_identification:_identify(my_py_pkg) by extensions ['ros']
[0.259s] Level 1:colcon.colcon_core.package_identification:_identify(my_py_pkg) by extension 'ros'
[0.259s] DEBUG:colcon.colcon_core.package_identification:Package 'my_py_pkg' with type 'ros.ament_python' and name 'my_py_pkg'
[0.259s] Level 1:colcon.colcon_core.package_identification:_identify(my_robot_bringup) by extensions ['ignore', 'ignore_ament_install']
[0.259s] Level 1:colcon.colcon_core.package_identification:_identify(my_robot_bringup) by extension 'ignore'
[0.260s] Level 1:colcon.colcon_core.package_identification:_identify(my_robot_bringup) by extension 'ignore_ament_install'
[0.260s] Level 1:colcon.colcon_core.package_identification:_identify(my_robot_bringup) by extensions ['colcon_pkg']
[0.260s] Level 1:colcon.colcon_core.package_identification:_identify(my_robot_bringup) by extension 'colcon_pkg'
[0.260s] Level 1:colcon.colcon_core.package_identification:_identify(my_robot_bringup) by extensions ['colcon_meta']
[0.260s] Level 1:colcon.colcon_core.package_identification:_identify(my_robot_bringup) by extension 'colcon_meta'
[0.260s] Level 1:colcon.colcon_core.package_identification:_identify(my_robot_bringup) by extensions ['ros']
[0.260s] Level 1:colcon.colcon_core.package_identification:_identify(my_robot_bringup) by extension 'ros'
[0.260s] DEBUG:colcon.colcon_core.package_identification:Package 'my_robot_bringup' with type 'ros.ament_cmake' and name 'my_robot_bringup'
[0.260s] Level 1:colcon.colcon_core.package_identification:_identify(my_robot_interfaces) by extensions ['ignore', 'ignore_ament_install']
[0.260s] Level 1:colcon.colcon_core.package_identification:_identify(my_robot_interfaces) by extension 'ignore'
[0.260s] Level 1:colcon.colcon_core.package_identification:_identify(my_robot_interfaces) by extension 'ignore_ament_install'
[0.260s] Level 1:colcon.colcon_core.package_identification:_identify(my_robot_interfaces) by extensions ['colcon_pkg']
[0.260s] Level 1:colcon.colcon_core.package_identification:_identify(my_robot_interfaces) by extension 'colcon_pkg'
[0.260s] Level 1:colcon.colcon_core.package_identification:_identify(my_robot_interfaces) by extensions ['colcon_meta']
[0.260s] Level 1:colcon.colcon_core.package_identification:_identify(my_robot_interfaces) by extension 'colcon_meta'
[0.260s] Level 1:colcon.colcon_core.package_identification:_identify(my_robot_interfaces) by extensions ['ros']
[0.260s] Level 1:colcon.colcon_core.package_identification:_identify(my_robot_interfaces) by extension 'ros'
[0.261s] DEBUG:colcon.colcon_core.package_identification:Package 'my_robot_interfaces' with type 'ros.ament_cmake' and name 'my_robot_interfaces'
[0.261s] Level 1:colcon.colcon_core.package_identification:_identify(testFolder) by extensions ['ignore', 'ignore_ament_install']
[0.261s] Level 1:colcon.colcon_core.package_identification:_identify(testFolder) by extension 'ignore'
[0.261s] Level 1:colcon.colcon_core.package_identification:_identify(testFolder) by extension 'ignore_ament_install'
[0.261s] Level 1:colcon.colcon_core.package_identification:_identify(testFolder) by extensions ['colcon_pkg']
[0.261s] Level 1:colcon.colcon_core.package_identification:_identify(testFolder) by extension 'colcon_pkg'
[0.261s] Level 1:colcon.colcon_core.package_identification:_identify(testFolder) by extensions ['colcon_meta']
[0.261s] Level 1:colcon.colcon_core.package_identification:_identify(testFolder) by extension 'colcon_meta'
[0.261s] Level 1:colcon.colcon_core.package_identification:_identify(testFolder) by extensions ['ros']
[0.261s] Level 1:colcon.colcon_core.package_identification:_identify(testFolder) by extension 'ros'
[0.262s] Level 1:colcon.colcon_core.package_identification:_identify(testFolder) by extensions ['cmake', 'python']
[0.262s] Level 1:colcon.colcon_core.package_identification:_identify(testFolder) by extension 'cmake'
[0.262s] Level 1:colcon.colcon_core.package_identification:_identify(testFolder) by extension 'python'
[0.262s] Level 1:colcon.colcon_core.package_identification:_identify(testFolder) by extensions ['python_setup_py']
[0.262s] Level 1:colcon.colcon_core.package_identification:_identify(testFolder) by extension 'python_setup_py'
[0.262s] Level 1:colcon.colcon_core.package_identification:_identify(turtlesim_pkg) by extensions ['ignore', 'ignore_ament_install']
[0.262s] Level 1:colcon.colcon_core.package_identification:_identify(turtlesim_pkg) by extension 'ignore'
[0.262s] Level 1:colcon.colcon_core.package_identification:_identify(turtlesim_pkg) by extension 'ignore_ament_install'
[0.262s] Level 1:colcon.colcon_core.package_identification:_identify(turtlesim_pkg) by extensions ['colcon_pkg']
[0.262s] Level 1:colcon.colcon_core.package_identification:_identify(turtlesim_pkg) by extension 'colcon_pkg'
[0.262s] Level 1:colcon.colcon_core.package_identification:_identify(turtlesim_pkg) by extensions ['colcon_meta']
[0.262s] Level 1:colcon.colcon_core.package_identification:_identify(turtlesim_pkg) by extension 'colcon_meta'
[0.262s] Level 1:colcon.colcon_core.package_identification:_identify(turtlesim_pkg) by extensions ['ros']
[0.262s] Level 1:colcon.colcon_core.package_identification:_identify(turtlesim_pkg) by extension 'ros'
[0.262s] DEBUG:colcon.colcon_core.package_identification:Package 'turtlesim_pkg' with type 'ros.ament_python' and name 'turtlesim_pkg'
[0.263s] Level 1:colcon.colcon_core.package_identification:_identify(turtlesim_pkg_msgs) by extensions ['ignore', 'ignore_ament_install']
[0.263s] Level 1:colcon.colcon_core.package_identification:_identify(turtlesim_pkg_msgs) by extension 'ignore'
[0.263s] Level 1:colcon.colcon_core.package_identification:_identify(turtlesim_pkg_msgs) by extension 'ignore_ament_install'
[0.263s] Level 1:colcon.colcon_core.package_identification:_identify(turtlesim_pkg_msgs) by extensions ['colcon_pkg']
[0.263s] Level 1:colcon.colcon_core.package_identification:_identify(turtlesim_pkg_msgs) by extension 'colcon_pkg'
[0.263s] Level 1:colcon.colcon_core.package_identification:_identify(turtlesim_pkg_msgs) by extensions ['colcon_meta']
[0.263s] Level 1:colcon.colcon_core.package_identification:_identify(turtlesim_pkg_msgs) by extension 'colcon_meta'
[0.263s] Level 1:colcon.colcon_core.package_identification:_identify(turtlesim_pkg_msgs) by extensions ['ros']
[0.263s] Level 1:colcon.colcon_core.package_identification:_identify(turtlesim_pkg_msgs) by extension 'ros'
[0.263s] DEBUG:colcon.colcon_core.package_identification:Package 'turtlesim_pkg_msgs' with type 'ros.ament_cmake' and name 'turtlesim_pkg_msgs'
[0.263s] Level 1:colcon.colcon_core.package_discovery:discover_packages(recursive) using defaults
[0.263s] Level 1:colcon.colcon_core.package_discovery:discover_packages(ignore) discover
[0.263s] Level 1:colcon.colcon_core.package_discovery:discover_packages(ignore) using defaults
[0.263s] Level 1:colcon.colcon_core.package_discovery:discover_packages(path) discover
[0.263s] Level 1:colcon.colcon_core.package_discovery:discover_packages(path) using defaults
[0.280s] Level 1:colcon.colcon_core.package_discovery:discover_packages(prefix_path) check parameters
[0.280s] Level 1:colcon.colcon_core.package_discovery:discover_packages(prefix_path) discover
[0.282s] DEBUG:colcon.colcon_installed_package_information.package_discovery:Found 6 installed packages in /home/sjmock/ros2_ws/install
[0.283s] DEBUG:colcon.colcon_installed_package_information.package_discovery:Found 270 installed packages in /opt/ros/humble
[0.284s] Level 1:colcon.colcon_core.package_discovery:discover_packages(prefix_path) using defaults
[0.325s] Level 5:colcon.colcon_core.verb:set package 'my_robot_interfaces' build argument 'cmake_args' from command line to 'None'
[0.325s] Level 5:colcon.colcon_core.verb:set package 'my_robot_interfaces' build argument 'cmake_target' from command line to 'None'
[0.325s] Level 5:colcon.colcon_core.verb:set package 'my_robot_interfaces' build argument 'cmake_target_skip_unavailable' from command line to 'False'
[0.325s] Level 5:colcon.colcon_core.verb:set package 'my_robot_interfaces' build argument 'cmake_clean_cache' from command line to 'False'
[0.325s] Level 5:colcon.colcon_core.verb:set package 'my_robot_interfaces' build argument 'cmake_clean_first' from command line to 'False'
[0.325s] Level 5:colcon.colcon_core.verb:set package 'my_robot_interfaces' build argument 'cmake_force_configure' from command line to 'False'
[0.325s] Level 5:colcon.colcon_core.verb:set package 'my_robot_interfaces' build argument 'ament_cmake_args' from command line to 'None'
[0.325s] Level 5:colcon.colcon_core.verb:set package 'my_robot_interfaces' build argument 'catkin_cmake_args' from command line to 'None'
[0.325s] Level 5:colcon.colcon_core.verb:set package 'my_robot_interfaces' build argument 'catkin_skip_building_tests' from command line to 'False'
[0.325s] DEBUG:colcon.colcon_core.verb:Building package 'my_robot_interfaces' with the following arguments: {'ament_cmake_args': None, 'build_base': '/home/sjmock/ros2_ws/src/build/my_robot_interfaces', 'catkin_cmake_args': None, 'catkin_skip_building_tests': False, 'cmake_args': None, 'cmake_clean_cache': False, 'cmake_clean_first': False, 'cmake_force_configure': False, 'cmake_target': None, 'cmake_target_skip_unavailable': False, 'install_base': '/home/sjmock/ros2_ws/src/install/my_robot_interfaces', 'merge_install': False, 'path': '/home/sjmock/ros2_ws/src/my_robot_interfaces', 'symlink_install': False, 'test_result_base': None}
[0.326s] Level 5:colcon.colcon_core.verb:set package 'turtlesim_pkg_msgs' build argument 'cmake_args' from command line to 'None'
[0.326s] Level 5:colcon.colcon_core.verb:set package 'turtlesim_pkg_msgs' build argument 'cmake_target' from command line to 'None'
[0.326s] Level 5:colcon.colcon_core.verb:set package 'turtlesim_pkg_msgs' build argument 'cmake_target_skip_unavailable' from command line to 'False'
[0.326s] Level 5:colcon.colcon_core.verb:set package 'turtlesim_pkg_msgs' build argument 'cmake_clean_cache' from command line to 'False'
[0.326s] Level 5:colcon.colcon_core.verb:set package 'turtlesim_pkg_msgs' build argument 'cmake_clean_first' from command line to 'False'
[0.326s] Level 5:colcon.colcon_core.verb:set package 'turtlesim_pkg_msgs' build argument 'cmake_force_configure' from command line to 'False'
[0.326s] Level 5:colcon.colcon_core.verb:set package 'turtlesim_pkg_msgs' build argument 'ament_cmake_args' from command line to 'None'
[0.326s] Level 5:colcon.colcon_core.verb:set package 'turtlesim_pkg_msgs' build argument 'catkin_cmake_args' from command line to 'None'
[0.326s] Level 5:colcon.colcon_core.verb:set package 'turtlesim_pkg_msgs' build argument 'catkin_skip_building_tests' from command line to 'False'
[0.326s] DEBUG:colcon.colcon_core.verb:Building package 'turtlesim_pkg_msgs' with the following arguments: {'ament_cmake_args': None, 'build_base': '/home/sjmock/ros2_ws/src/build/turtlesim_pkg_msgs', 'catkin_cmake_args': None, 'catkin_skip_building_tests': False, 'cmake_args': None, 'cmake_clean_cache': False, 'cmake_clean_first': False, 'cmake_force_configure': False, 'cmake_target': None, 'cmake_target_skip_unavailable': False, 'install_base': '/home/sjmock/ros2_ws/src/install/turtlesim_pkg_msgs', 'merge_install': False, 'path': '/home/sjmock/ros2_ws/src/turtlesim_pkg_msgs', 'symlink_install': False, 'test_result_base': None}
[0.327s] Level 5:colcon.colcon_core.verb:set package 'my_cpp_pkg' build argument 'cmake_args' from command line to 'None'
[0.327s] Level 5:colcon.colcon_core.verb:set package 'my_cpp_pkg' build argument 'cmake_target' from command line to 'None'
[0.327s] Level 5:colcon.colcon_core.verb:set package 'my_cpp_pkg' build argument 'cmake_target_skip_unavailable' from command line to 'False'
[0.327s] Level 5:colcon.colcon_core.verb:set package 'my_cpp_pkg' build argument 'cmake_clean_cache' from command line to 'False'
[0.327s] Level 5:colcon.colcon_core.verb:set package 'my_cpp_pkg' build argument 'cmake_clean_first' from command line to 'False'
[0.327s] Level 5:colcon.colcon_core.verb:set package 'my_cpp_pkg' build argument 'cmake_force_configure' from command line to 'False'
[0.327s] Level 5:colcon.colcon_core.verb:set package 'my_cpp_pkg' build argument 'ament_cmake_args' from command line to 'None'
[0.327s] Level 5:colcon.colcon_core.verb:set package 'my_cpp_pkg' build argument 'catkin_cmake_args' from command line to 'None'
[0.327s] Level 5:colcon.colcon_core.verb:set package 'my_cpp_pkg' build argument 'catkin_skip_building_tests' from command line to 'False'
[0.327s] DEBUG:colcon.colcon_core.verb:Building package 'my_cpp_pkg' with the following arguments: {'ament_cmake_args': None, 'build_base': '/home/sjmock/ros2_ws/src/build/my_cpp_pkg', 'catkin_cmake_args': None, 'catkin_skip_building_tests': False, 'cmake_args': None, 'cmake_clean_cache': False, 'cmake_clean_first': False, 'cmake_force_configure': False, 'cmake_target': None, 'cmake_target_skip_unavailable': False, 'install_base': '/home/sjmock/ros2_ws/src/install/my_cpp_pkg', 'merge_install': False, 'path': '/home/sjmock/ros2_ws/src/my_cpp_pkg', 'symlink_install': False, 'test_result_base': None}
[0.328s] Level 5:colcon.colcon_core.verb:set package 'my_py_pkg' build argument 'cmake_args' from command line to 'None'
[0.328s] Level 5:colcon.colcon_core.verb:set package 'my_py_pkg' build argument 'cmake_target' from command line to 'None'
[0.328s] Level 5:colcon.colcon_core.verb:set package 'my_py_pkg' build argument 'cmake_target_skip_unavailable' from command line to 'False'
[0.328s] Level 5:colcon.colcon_core.verb:set package 'my_py_pkg' build argument 'cmake_clean_cache' from command line to 'False'
[0.328s] Level 5:colcon.colcon_core.verb:set package 'my_py_pkg' build argument 'cmake_clean_first' from command line to 'False'
[0.328s] Level 5:colcon.colcon_core.verb:set package 'my_py_pkg' build argument 'cmake_force_configure' from command line to 'False'
[0.328s] Level 5:colcon.colcon_core.verb:set package 'my_py_pkg' build argument 'ament_cmake_args' from command line to 'None'
[0.328s] Level 5:colcon.colcon_core.verb:set package 'my_py_pkg' build argument 'catkin_cmake_args' from command line to 'None'
[0.328s] Level 5:colcon.colcon_core.verb:set package 'my_py_pkg' build argument 'catkin_skip_building_tests' from command line to 'False'
[0.328s] DEBUG:colcon.colcon_core.verb:Building package 'my_py_pkg' with the following arguments: {'ament_cmake_args': None, 'build_base': '/home/sjmock/ros2_ws/src/build/my_py_pkg', 'catkin_cmake_args': None, 'catkin_skip_building_tests': False, 'cmake_args': None, 'cmake_clean_cache': False, 'cmake_clean_first': False, 'cmake_force_configure': False, 'cmake_target': None, 'cmake_target_skip_unavailable': False, 'install_base': '/home/sjmock/ros2_ws/src/install/my_py_pkg', 'merge_install': False, 'path': '/home/sjmock/ros2_ws/src/my_py_pkg', 'symlink_install': False, 'test_result_base': None}
[0.328s] Level 5:colcon.colcon_core.verb:set package 'turtlesim_pkg' build argument 'cmake_args' from command line to 'None'
[0.328s] Level 5:colcon.colcon_core.verb:set package 'turtlesim_pkg' build argument 'cmake_target' from command line to 'None'
[0.328s] Level 5:colcon.colcon_core.verb:set package 'turtlesim_pkg' build argument 'cmake_target_skip_unavailable' from command line to 'False'
[0.329s] Level 5:colcon.colcon_core.verb:set package 'turtlesim_pkg' build argument 'cmake_clean_cache' from command line to 'False'
[0.329s] Level 5:colcon.colcon_core.verb:set package 'turtlesim_pkg' build argument 'cmake_clean_first' from command line to 'False'
[0.329s] Level 5:colcon.colcon_core.verb:set package 'turtlesim_pkg' build argument 'cmake_force_configure' from command line to 'False'
[0.329s] Level 5:colcon.colcon_core.verb:set package 'turtlesim_pkg' build argument 'ament_cmake_args' from command line to 'None'
[0.329s] Level 5:colcon.colcon_core.verb:set package 'turtlesim_pkg' build argument 'catkin_cmake_args' from command line to 'None'
[0.329s] Level 5:colcon.colcon_core.verb:set package 'turtlesim_pkg' build argument 'catkin_skip_building_tests' from command line to 'False'
[0.329s] DEBUG:colcon.colcon_core.verb:Building package 'turtlesim_pkg' with the following arguments: {'ament_cmake_args': None, 'build_base': '/home/sjmock/ros2_ws/src/build/turtlesim_pkg', 'catkin_cmake_args': None, 'catkin_skip_building_tests': False, 'cmake_args': None, 'cmake_clean_cache': False, 'cmake_clean_first': False, 'cmake_force_configure': False, 'cmake_target': None, 'cmake_target_skip_unavailable': False, 'install_base': '/home/sjmock/ros2_ws/src/install/turtlesim_pkg', 'merge_install': False, 'path': '/home/sjmock/ros2_ws/src/turtlesim_pkg', 'symlink_install': False, 'test_result_base': None}
[0.329s] Level 5:colcon.colcon_core.verb:set package 'my_robot_bringup' build argument 'cmake_args' from command line to 'None'
[0.329s] Level 5:colcon.colcon_core.verb:set package 'my_robot_bringup' build argument 'cmake_target' from command line to 'None'
[0.329s] Level 5:colcon.colcon_core.verb:set package 'my_robot_bringup' build argument 'cmake_target_skip_unavailable' from command line to 'False'
[0.329s] Level 5:colcon.colcon_core.verb:set package 'my_robot_bringup' build argument 'cmake_clean_cache' from command line to 'False'
[0.329s] Level 5:colcon.colcon_core.verb:set package 'my_robot_bringup' build argument 'cmake_clean_first' from command line to 'False'
[0.329s] Level 5:colcon.colcon_core.verb:set package 'my_robot_bringup' build argument 'cmake_force_configure' from command line to 'False'
[0.329s] Level 5:colcon.colcon_core.verb:set package 'my_robot_bringup' build argument 'ament_cmake_args' from command line to 'None'
[0.329s] Level 5:colcon.colcon_core.verb:set package 'my_robot_bringup' build argument 'catkin_cmake_args' from command line to 'None'
[0.329s] Level 5:colcon.colcon_core.verb:set package 'my_robot_bringup' build argument 'catkin_skip_building_tests' from command line to 'False'
[0.329s] DEBUG:colcon.colcon_core.verb:Building package 'my_robot_bringup' with the following arguments: {'ament_cmake_args': None, 'build_base': '/home/sjmock/ros2_ws/src/build/my_robot_bringup', 'catkin_cmake_args': None, 'catkin_skip_building_tests': False, 'cmake_args': None, 'cmake_clean_cache': False, 'cmake_clean_first': False, 'cmake_force_configure': False, 'cmake_target': None, 'cmake_target_skip_unavailable': False, 'install_base': '/home/sjmock/ros2_ws/src/install/my_robot_bringup', 'merge_install': False, 'path': '/home/sjmock/ros2_ws/src/my_robot_bringup', 'symlink_install': False, 'test_result_base': None}
[0.330s] INFO:colcon.colcon_core.executor:Executing jobs using 'parallel' executor
[0.333s] DEBUG:colcon.colcon_parallel_executor.executor.parallel:run_until_complete
[0.333s] INFO:colcon.colcon_ros.task.ament_cmake.build:Building ROS package in '/home/sjmock/ros2_ws/src/my_robot_interfaces' with build type 'ament_cmake'
[0.333s] INFO:colcon.colcon_cmake.task.cmake.build:Building CMake package in '/home/sjmock/ros2_ws/src/my_robot_interfaces'
[0.336s] INFO:colcon.colcon_core.plugin_system:Skipping extension 'colcon_core.shell.bat': Not used on non-Windows systems
[0.336s] INFO:colcon.colcon_core.shell:Skip shell extension 'powershell' for command environment: Not usable outside of PowerShell
[0.336s] DEBUG:colcon.colcon_core.shell:Skip shell extension 'dsv' for command environment
[0.339s] INFO:colcon.colcon_ros.task.ament_cmake.build:Building ROS package in '/home/sjmock/ros2_ws/src/turtlesim_pkg_msgs' with build type 'ament_cmake'
[0.339s] INFO:colcon.colcon_cmake.task.cmake.build:Building CMake package in '/home/sjmock/ros2_ws/src/turtlesim_pkg_msgs'
[0.340s] INFO:colcon.colcon_core.shell:Skip shell extension 'powershell' for command environment: Not usable outside of PowerShell
[0.340s] DEBUG:colcon.colcon_core.shell:Skip shell extension 'dsv' for command environment
[0.346s] DEBUG:colcon.colcon_core.event_handler.log_command:Invoking command in '/home/sjmock/ros2_ws/src/build/my_robot_interfaces': CMAKE_PREFIX_PATH=${CMAKE_PREFIX_PATH}:/home/sjmock/ros2_ws/install/turtlesim_pkg:/home/sjmock/ros2_ws/install/my_py_pkg:/opt/ros/humble /usr/bin/cmake --build /home/sjmock/ros2_ws/src/build/my_robot_interfaces -- -j16 -l16
[0.348s] DEBUG:colcon.colcon_core.event_handler.log_command:Invoking command in '/home/sjmock/ros2_ws/src/build/turtlesim_pkg_msgs': CMAKE_PREFIX_PATH=${CMAKE_PREFIX_PATH}:/home/sjmock/ros2_ws/install/turtlesim_pkg:/home/sjmock/ros2_ws/install/my_py_pkg:/opt/ros/humble /usr/bin/cmake /home/sjmock/ros2_ws/src/turtlesim_pkg_msgs -DCMAKE_INSTALL_PREFIX=/home/sjmock/ros2_ws/src/install/turtlesim_pkg_msgs
[1.432s] DEBUG:colcon.colcon_core.event_handler.log_command:Invoked command in '/home/sjmock/ros2_ws/src/build/turtlesim_pkg_msgs' returned '0': CMAKE_PREFIX_PATH=${CMAKE_PREFIX_PATH}:/home/sjmock/ros2_ws/install/turtlesim_pkg:/home/sjmock/ros2_ws/install/my_py_pkg:/opt/ros/humble /usr/bin/cmake /home/sjmock/ros2_ws/src/turtlesim_pkg_msgs -DCMAKE_INSTALL_PREFIX=/home/sjmock/ros2_ws/src/install/turtlesim_pkg_msgs
[1.441s] DEBUG:colcon.colcon_core.event_handler.log_command:Invoking command in '/home/sjmock/ros2_ws/src/build/turtlesim_pkg_msgs': CMAKE_PREFIX_PATH=${CMAKE_PREFIX_PATH}:/home/sjmock/ros2_ws/install/turtlesim_pkg:/home/sjmock/ros2_ws/install/my_py_pkg:/opt/ros/humble /usr/bin/cmake --build /home/sjmock/ros2_ws/src/build/turtlesim_pkg_msgs -- -j16 -l16
[3.267s] DEBUG:colcon.colcon_core.event_handler.log_command:Invoked command in '/home/sjmock/ros2_ws/src/build/my_robot_interfaces' returned '0': CMAKE_PREFIX_PATH=${CMAKE_PREFIX_PATH}:/home/sjmock/ros2_ws/install/turtlesim_pkg:/home/sjmock/ros2_ws/install/my_py_pkg:/opt/ros/humble /usr/bin/cmake --build /home/sjmock/ros2_ws/src/build/my_robot_interfaces -- -j16 -l16
[3.345s] DEBUG:colcon.colcon_core.event_handler.log_command:Invoking command in '/home/sjmock/ros2_ws/src/build/my_robot_interfaces': CMAKE_PREFIX_PATH=${CMAKE_PREFIX_PATH}:/home/sjmock/ros2_ws/install/turtlesim_pkg:/home/sjmock/ros2_ws/install/my_py_pkg:/opt/ros/humble /usr/bin/cmake --install /home/sjmock/ros2_ws/src/build/my_robot_interfaces
[3.402s] Level 1:colcon.colcon_core.environment:create_environment_scripts_only(my_robot_interfaces)
[3.402s] DEBUG:colcon.colcon_core.event_handler.log_command:Invoked command in '/home/sjmock/ros2_ws/src/build/my_robot_interfaces' returned '0': CMAKE_PREFIX_PATH=${CMAKE_PREFIX_PATH}:/home/sjmock/ros2_ws/install/turtlesim_pkg:/home/sjmock/ros2_ws/install/my_py_pkg:/opt/ros/humble /usr/bin/cmake --install /home/sjmock/ros2_ws/src/build/my_robot_interfaces
[3.407s] Level 1:colcon.colcon_core.environment:checking '/home/sjmock/ros2_ws/src/install/my_robot_interfaces' for CMake module files
[3.407s] Level 1:colcon.colcon_core.environment:checking '/home/sjmock/ros2_ws/src/install/my_robot_interfaces' for CMake config files
[3.408s] Level 1:colcon.colcon_core.shell:create_environment_hook('my_robot_interfaces', 'cmake_prefix_path')
[3.409s] INFO:colcon.colcon_core.shell:Creating environment hook '/home/sjmock/ros2_ws/src/install/my_robot_interfaces/share/my_robot_interfaces/hook/cmake_prefix_path.ps1'
[3.409s] INFO:colcon.colcon_core.shell:Creating environment descriptor '/home/sjmock/ros2_ws/src/install/my_robot_interfaces/share/my_robot_interfaces/hook/cmake_prefix_path.dsv'
[3.409s] INFO:colcon.colcon_core.shell:Creating environment hook '/home/sjmock/ros2_ws/src/install/my_robot_interfaces/share/my_robot_interfaces/hook/cmake_prefix_path.sh'
[3.410s] Level 1:colcon.colcon_core.environment:checking '/home/sjmock/ros2_ws/src/install/my_robot_interfaces/lib'
[3.410s] Level 1:colcon.colcon_core.shell:create_environment_hook('my_robot_interfaces', 'ld_library_path_lib')
[3.411s] INFO:colcon.colcon_core.shell:Creating environment hook '/home/sjmock/ros2_ws/src/install/my_robot_interfaces/share/my_robot_interfaces/hook/ld_library_path_lib.ps1'
[3.411s] INFO:colcon.colcon_core.shell:Creating environment descriptor '/home/sjmock/ros2_ws/src/install/my_robot_interfaces/share/my_robot_interfaces/hook/ld_library_path_lib.dsv'
[3.411s] INFO:colcon.colcon_core.shell:Creating environment hook '/home/sjmock/ros2_ws/src/install/my_robot_interfaces/share/my_robot_interfaces/hook/ld_library_path_lib.sh'
[3.412s] Level 1:colcon.colcon_core.environment:checking '/home/sjmock/ros2_ws/src/install/my_robot_interfaces/bin'
[3.412s] Level 1:colcon.colcon_core.environment:checking '/home/sjmock/ros2_ws/src/install/my_robot_interfaces/lib/pkgconfig/my_robot_interfaces.pc'
[3.412s] Level 1:colcon.colcon_core.environment:checking '/home/sjmock/ros2_ws/src/install/my_robot_interfaces/lib/python3.10/site-packages'
[3.412s] Level 1:colcon.colcon_core.environment:checking '/home/sjmock/ros2_ws/src/install/my_robot_interfaces/bin'
[3.413s] INFO:colcon.colcon_core.shell:Creating package script '/home/sjmock/ros2_ws/src/install/my_robot_interfaces/share/my_robot_interfaces/package.ps1'
[3.413s] INFO:colcon.colcon_core.shell:Creating package descriptor '/home/sjmock/ros2_ws/src/install/my_robot_interfaces/share/my_robot_interfaces/package.dsv'
[3.414s] INFO:colcon.colcon_core.shell:Creating package script '/home/sjmock/ros2_ws/src/install/my_robot_interfaces/share/my_robot_interfaces/package.sh'
[3.414s] INFO:colcon.colcon_core.shell:Creating package script '/home/sjmock/ros2_ws/src/install/my_robot_interfaces/share/my_robot_interfaces/package.bash'
[3.415s] INFO:colcon.colcon_core.shell:Creating package script '/home/sjmock/ros2_ws/src/install/my_robot_interfaces/share/my_robot_interfaces/package.zsh'
[3.415s] Level 1:colcon.colcon_core.environment:create_file_with_runtime_dependencies(/home/sjmock/ros2_ws/src/install/my_robot_interfaces/share/colcon-core/packages/my_robot_interfaces)
[3.488s] Level 1:colcon.colcon_core.environment:create_environment_scripts_only(my_robot_interfaces)
[3.490s] Level 1:colcon.colcon_core.environment:checking '/home/sjmock/ros2_ws/src/install/my_robot_interfaces' for CMake module files
[3.490s] Level 1:colcon.colcon_core.environment:checking '/home/sjmock/ros2_ws/src/install/my_robot_interfaces' for CMake config files
[3.491s] Level 1:colcon.colcon_core.shell:create_environment_hook('my_robot_interfaces', 'cmake_prefix_path')
[3.491s] INFO:colcon.colcon_core.shell:Creating environment hook '/home/sjmock/ros2_ws/src/install/my_robot_interfaces/share/my_robot_interfaces/hook/cmake_prefix_path.ps1'
[3.492s] INFO:colcon.colcon_core.shell:Creating environment descriptor '/home/sjmock/ros2_ws/src/install/my_robot_interfaces/share/my_robot_interfaces/hook/cmake_prefix_path.dsv'
[3.492s] INFO:colcon.colcon_core.shell:Creating environment hook '/home/sjmock/ros2_ws/src/install/my_robot_interfaces/share/my_robot_interfaces/hook/cmake_prefix_path.sh'
[3.493s] Level 1:colcon.colcon_core.environment:checking '/home/sjmock/ros2_ws/src/install/my_robot_interfaces/lib'
[3.493s] Level 1:colcon.colcon_core.shell:create_environment_hook('my_robot_interfaces', 'ld_library_path_lib')
[3.494s] INFO:colcon.colcon_core.shell:Creating environment hook '/home/sjmock/ros2_ws/src/install/my_robot_interfaces/share/my_robot_interfaces/hook/ld_library_path_lib.ps1'
[3.494s] INFO:colcon.colcon_core.shell:Creating environment descriptor '/home/sjmock/ros2_ws/src/install/my_robot_interfaces/share/my_robot_interfaces/hook/ld_library_path_lib.dsv'
[3.494s] INFO:colcon.colcon_core.shell:Creating environment hook '/home/sjmock/ros2_ws/src/install/my_robot_interfaces/share/my_robot_interfaces/hook/ld_library_path_lib.sh'
[3.494s] Level 1:colcon.colcon_core.environment:checking '/home/sjmock/ros2_ws/src/install/my_robot_interfaces/bin'
[3.494s] Level 1:colcon.colcon_core.environment:checking '/home/sjmock/ros2_ws/src/install/my_robot_interfaces/lib/pkgconfig/my_robot_interfaces.pc'
[3.495s] Level 1:colcon.colcon_core.environment:checking '/home/sjmock/ros2_ws/src/install/my_robot_interfaces/lib/python3.10/site-packages'
[3.495s] Level 1:colcon.colcon_core.environment:checking '/home/sjmock/ros2_ws/src/install/my_robot_interfaces/bin'
[3.496s] INFO:colcon.colcon_core.shell:Creating package script '/home/sjmock/ros2_ws/src/install/my_robot_interfaces/share/my_robot_interfaces/package.ps1'
[3.496s] INFO:colcon.colcon_core.shell:Creating package descriptor '/home/sjmock/ros2_ws/src/install/my_robot_interfaces/share/my_robot_interfaces/package.dsv'
[3.496s] INFO:colcon.colcon_core.shell:Creating package script '/home/sjmock/ros2_ws/src/install/my_robot_interfaces/share/my_robot_interfaces/package.sh'
[3.497s] INFO:colcon.colcon_core.shell:Creating package script '/home/sjmock/ros2_ws/src/install/my_robot_interfaces/share/my_robot_interfaces/package.bash'
[3.497s] INFO:colcon.colcon_core.shell:Creating package script '/home/sjmock/ros2_ws/src/install/my_robot_interfaces/share/my_robot_interfaces/package.zsh'
[3.497s] Level 1:colcon.colcon_core.environment:create_file_with_runtime_dependencies(/home/sjmock/ros2_ws/src/install/my_robot_interfaces/share/colcon-core/packages/my_robot_interfaces)
[3.498s] INFO:colcon.colcon_ros.task.ament_cmake.build:Building ROS package in '/home/sjmock/ros2_ws/src/my_cpp_pkg' with build type 'ament_cmake'
[3.498s] INFO:colcon.colcon_cmake.task.cmake.build:Building CMake package in '/home/sjmock/ros2_ws/src/my_cpp_pkg'
[3.499s] INFO:colcon.colcon_core.shell:Skip shell extension 'powershell' for command environment: Not usable outside of PowerShell
[3.499s] DEBUG:colcon.colcon_core.shell:Skip shell extension 'dsv' for command environment
[3.502s] INFO:colcon.colcon_ros.task.ament_python.build:Building ROS package in '/home/sjmock/ros2_ws/src/my_py_pkg' with build type 'ament_python'
[3.502s] Level 1:colcon.colcon_core.shell:create_environment_hook('my_py_pkg', 'ament_prefix_path')
[3.503s] INFO:colcon.colcon_core.shell:Creating environment hook '/home/sjmock/ros2_ws/src/install/my_py_pkg/share/my_py_pkg/hook/ament_prefix_path.ps1'
[3.504s] INFO:colcon.colcon_core.shell:Creating environment descriptor '/home/sjmock/ros2_ws/src/install/my_py_pkg/share/my_py_pkg/hook/ament_prefix_path.dsv'
[3.504s] INFO:colcon.colcon_core.shell:Creating environment hook '/home/sjmock/ros2_ws/src/install/my_py_pkg/share/my_py_pkg/hook/ament_prefix_path.sh'
[3.505s] INFO:colcon.colcon_core.shell:Skip shell extension 'powershell' for command environment: Not usable outside of PowerShell
[3.505s] DEBUG:colcon.colcon_core.shell:Skip shell extension 'dsv' for command environment
[3.510s] DEBUG:colcon.colcon_core.event_handler.log_command:Invoking command in '/home/sjmock/ros2_ws/src/build/my_cpp_pkg': AMENT_PREFIX_PATH=/home/sjmock/ros2_ws/src/install/my_robot_interfaces:${AMENT_PREFIX_PATH} CMAKE_PREFIX_PATH=/home/sjmock/ros2_ws/src/install/my_robot_interfaces:/home/sjmock/ros2_ws/install/turtlesim_pkg_msgs:/home/sjmock/ros2_ws/install/my_robot_bringup:/home/sjmock/ros2_ws/install/my_cpp_pkg:/home/sjmock/ros2_ws/install/my_robot_interfaces:/home/sjmock/ros2_ws/install/turtlesim_pkg:/home/sjmock/ros2_ws/install/my_py_pkg:/opt/ros/humble LD_LIBRARY_PATH=/home/sjmock/ros2_ws/src/install/my_robot_interfaces/lib:${LD_LIBRARY_PATH} PYTHONPATH=/home/sjmock/ros2_ws/src/install/my_robot_interfaces/local/lib/python3.10/dist-packages:${PYTHONPATH} /usr/bin/cmake /home/sjmock/ros2_ws/src/my_cpp_pkg -DCMAKE_INSTALL_PREFIX=/home/sjmock/ros2_ws/src/install/my_cpp_pkg
[3.726s] INFO:colcon.colcon_core.task.python.build:Building Python package in '/home/sjmock/ros2_ws/src/my_py_pkg'
[3.727s] INFO:colcon.colcon_core.shell:Skip shell extension 'powershell' for command environment: Not usable outside of PowerShell
[3.727s] DEBUG:colcon.colcon_core.shell:Skip shell extension 'dsv' for command environment
[3.852s] DEBUG:colcon.colcon_core.event_handler.log_command:Invoked command in '/home/sjmock/ros2_ws/src/build/turtlesim_pkg_msgs' returned '0': CMAKE_PREFIX_PATH=${CMAKE_PREFIX_PATH}:/home/sjmock/ros2_ws/install/turtlesim_pkg:/home/sjmock/ros2_ws/install/my_py_pkg:/opt/ros/humble /usr/bin/cmake --build /home/sjmock/ros2_ws/src/build/turtlesim_pkg_msgs -- -j16 -l16
[3.910s] DEBUG:colcon.colcon_core.event_handler.log_command:Invoking command in '/home/sjmock/ros2_ws/src/build/turtlesim_pkg_msgs': CMAKE_PREFIX_PATH=${CMAKE_PREFIX_PATH}:/home/sjmock/ros2_ws/install/turtlesim_pkg:/home/sjmock/ros2_ws/install/my_py_pkg:/opt/ros/humble /usr/bin/cmake --install /home/sjmock/ros2_ws/src/build/turtlesim_pkg_msgs
[3.968s] Level 1:colcon.colcon_core.environment:create_environment_scripts_only(turtlesim_pkg_msgs)
[3.970s] Level 1:colcon.colcon_core.environment:checking '/home/sjmock/ros2_ws/src/install/turtlesim_pkg_msgs' for CMake module files
[3.970s] DEBUG:colcon.colcon_core.event_handler.log_command:Invoked command in '/home/sjmock/ros2_ws/src/build/turtlesim_pkg_msgs' returned '0': CMAKE_PREFIX_PATH=${CMAKE_PREFIX_PATH}:/home/sjmock/ros2_ws/install/turtlesim_pkg:/home/sjmock/ros2_ws/install/my_py_pkg:/opt/ros/humble /usr/bin/cmake --install /home/sjmock/ros2_ws/src/build/turtlesim_pkg_msgs
[3.971s] Level 1:colcon.colcon_core.environment:checking '/home/sjmock/ros2_ws/src/install/turtlesim_pkg_msgs' for CMake config files
[3.971s] Level 1:colcon.colcon_core.shell:create_environment_hook('turtlesim_pkg_msgs', 'cmake_prefix_path')
[3.973s] INFO:colcon.colcon_core.shell:Creating environment hook '/home/sjmock/ros2_ws/src/install/turtlesim_pkg_msgs/share/turtlesim_pkg_msgs/hook/cmake_prefix_path.ps1'
[3.973s] INFO:colcon.colcon_core.shell:Creating environment descriptor '/home/sjmock/ros2_ws/src/install/turtlesim_pkg_msgs/share/turtlesim_pkg_msgs/hook/cmake_prefix_path.dsv'
[3.973s] INFO:colcon.colcon_core.shell:Creating environment hook '/home/sjmock/ros2_ws/src/install/turtlesim_pkg_msgs/share/turtlesim_pkg_msgs/hook/cmake_prefix_path.sh'
[3.974s] Level 1:colcon.colcon_core.environment:checking '/home/sjmock/ros2_ws/src/install/turtlesim_pkg_msgs/lib'
[3.974s] Level 1:colcon.colcon_core.shell:create_environment_hook('turtlesim_pkg_msgs', 'ld_library_path_lib')
[3.975s] INFO:colcon.colcon_core.shell:Creating environment hook '/home/sjmock/ros2_ws/src/install/turtlesim_pkg_msgs/share/turtlesim_pkg_msgs/hook/ld_library_path_lib.ps1'
[3.975s] INFO:colcon.colcon_core.shell:Creating environment descriptor '/home/sjmock/ros2_ws/src/install/turtlesim_pkg_msgs/share/turtlesim_pkg_msgs/hook/ld_library_path_lib.dsv'
[3.975s] INFO:colcon.colcon_core.shell:Creating environment hook '/home/sjmock/ros2_ws/src/install/turtlesim_pkg_msgs/share/turtlesim_pkg_msgs/hook/ld_library_path_lib.sh'
[3.976s] Level 1:colcon.colcon_core.environment:checking '/home/sjmock/ros2_ws/src/install/turtlesim_pkg_msgs/bin'
[3.976s] Level 1:colcon.colcon_core.environment:checking '/home/sjmock/ros2_ws/src/install/turtlesim_pkg_msgs/lib/pkgconfig/turtlesim_pkg_msgs.pc'
[3.976s] Level 1:colcon.colcon_core.environment:checking '/home/sjmock/ros2_ws/src/install/turtlesim_pkg_msgs/lib/python3.10/site-packages'
[3.976s] Level 1:colcon.colcon_core.environment:checking '/home/sjmock/ros2_ws/src/install/turtlesim_pkg_msgs/bin'
[3.977s] INFO:colcon.colcon_core.shell:Creating package script '/home/sjmock/ros2_ws/src/install/turtlesim_pkg_msgs/share/turtlesim_pkg_msgs/package.ps1'
[3.978s] INFO:colcon.colcon_core.shell:Creating package descriptor '/home/sjmock/ros2_ws/src/install/turtlesim_pkg_msgs/share/turtlesim_pkg_msgs/package.dsv'
[3.978s] INFO:colcon.colcon_core.shell:Creating package script '/home/sjmock/ros2_ws/src/install/turtlesim_pkg_msgs/share/turtlesim_pkg_msgs/package.sh'
[3.978s] INFO:colcon.colcon_core.shell:Creating package script '/home/sjmock/ros2_ws/src/install/turtlesim_pkg_msgs/share/turtlesim_pkg_msgs/package.bash'
[3.978s] INFO:colcon.colcon_core.shell:Creating package script '/home/sjmock/ros2_ws/src/install/turtlesim_pkg_msgs/share/turtlesim_pkg_msgs/package.zsh'
[3.979s] Level 1:colcon.colcon_core.environment:create_file_with_runtime_dependencies(/home/sjmock/ros2_ws/src/install/turtlesim_pkg_msgs/share/colcon-core/packages/turtlesim_pkg_msgs)
[4.036s] DEBUG:colcon.colcon_core.event_handler.log_command:Invoking command in '/home/sjmock/ros2_ws/src/my_py_pkg': AMENT_PREFIX_PATH=/home/sjmock/ros2_ws/src/install/my_robot_interfaces:${AMENT_PREFIX_PATH} CMAKE_PREFIX_PATH=/home/sjmock/ros2_ws/src/install/my_robot_interfaces:${CMAKE_PREFIX_PATH} LD_LIBRARY_PATH=/home/sjmock/ros2_ws/src/install/my_robot_interfaces/lib:${LD_LIBRARY_PATH} PYTHONPATH=/home/sjmock/ros2_ws/src/build/my_py_pkg/prefix_override:/home/sjmock/ros2_ws/src/install/my_py_pkg/lib/python3.10/site-packages:/home/sjmock/ros2_ws/src/install/my_robot_interfaces/local/lib/python3.10/dist-packages:${PYTHONPATH} /usr/bin/python3 setup.py egg_info --egg-base ../build/my_py_pkg build --build-base /home/sjmock/ros2_ws/src/build/my_py_pkg/build install --record /home/sjmock/ros2_ws/src/build/my_py_pkg/install.log --single-version-externally-managed
[4.041s] Level 1:colcon.colcon_core.environment:create_environment_scripts_only(turtlesim_pkg_msgs)
[4.042s] Level 1:colcon.colcon_core.environment:checking '/home/sjmock/ros2_ws/src/install/turtlesim_pkg_msgs' for CMake module files
[4.042s] Level 1:colcon.colcon_core.environment:checking '/home/sjmock/ros2_ws/src/install/turtlesim_pkg_msgs' for CMake config files
[4.043s] Level 1:colcon.colcon_core.shell:create_environment_hook('turtlesim_pkg_msgs', 'cmake_prefix_path')
[4.044s] INFO:colcon.colcon_core.shell:Creating environment hook '/home/sjmock/ros2_ws/src/install/turtlesim_pkg_msgs/share/turtlesim_pkg_msgs/hook/cmake_prefix_path.ps1'
[4.044s] INFO:colcon.colcon_core.shell:Creating environment descriptor '/home/sjmock/ros2_ws/src/install/turtlesim_pkg_msgs/share/turtlesim_pkg_msgs/hook/cmake_prefix_path.dsv'
[4.044s] INFO:colcon.colcon_core.shell:Creating environment hook '/home/sjmock/ros2_ws/src/install/turtlesim_pkg_msgs/share/turtlesim_pkg_msgs/hook/cmake_prefix_path.sh'
[4.045s] Level 1:colcon.colcon_core.environment:checking '/home/sjmock/ros2_ws/src/install/turtlesim_pkg_msgs/lib'
[4.045s] Level 1:colcon.colcon_core.shell:create_environment_hook('turtlesim_pkg_msgs', 'ld_library_path_lib')
[4.046s] INFO:colcon.colcon_core.shell:Creating environment hook '/home/sjmock/ros2_ws/src/install/turtlesim_pkg_msgs/share/turtlesim_pkg_msgs/hook/ld_library_path_lib.ps1'
[4.046s] INFO:colcon.colcon_core.shell:Creating environment descriptor '/home/sjmock/ros2_ws/src/install/turtlesim_pkg_msgs/share/turtlesim_pkg_msgs/hook/ld_library_path_lib.dsv'
[4.046s] INFO:colcon.colcon_core.shell:Creating environment hook '/home/sjmock/ros2_ws/src/install/turtlesim_pkg_msgs/share/turtlesim_pkg_msgs/hook/ld_library_path_lib.sh'
[4.047s] Level 1:colcon.colcon_core.environment:checking '/home/sjmock/ros2_ws/src/install/turtlesim_pkg_msgs/bin'
[4.047s] Level 1:colcon.colcon_core.environment:checking '/home/sjmock/ros2_ws/src/install/turtlesim_pkg_msgs/lib/pkgconfig/turtlesim_pkg_msgs.pc'
[4.047s] Level 1:colcon.colcon_core.environment:checking '/home/sjmock/ros2_ws/src/install/turtlesim_pkg_msgs/lib/python3.10/site-packages'
[4.047s] Level 1:colcon.colcon_core.environment:checking '/home/sjmock/ros2_ws/src/install/turtlesim_pkg_msgs/bin'
[4.048s] INFO:colcon.colcon_core.shell:Creating package script '/home/sjmock/ros2_ws/src/install/turtlesim_pkg_msgs/share/turtlesim_pkg_msgs/package.ps1'
[4.048s] INFO:colcon.colcon_core.shell:Creating package descriptor '/home/sjmock/ros2_ws/src/install/turtlesim_pkg_msgs/share/turtlesim_pkg_msgs/package.dsv'
[4.049s] INFO:colcon.colcon_core.shell:Creating package script '/home/sjmock/ros2_ws/src/install/turtlesim_pkg_msgs/share/turtlesim_pkg_msgs/package.sh'
[4.049s] INFO:colcon.colcon_core.shell:Creating package script '/home/sjmock/ros2_ws/src/install/turtlesim_pkg_msgs/share/turtlesim_pkg_msgs/package.bash'
[4.049s] INFO:colcon.colcon_core.shell:Creating package script '/home/sjmock/ros2_ws/src/install/turtlesim_pkg_msgs/share/turtlesim_pkg_msgs/package.zsh'
[4.050s] Level 1:colcon.colcon_core.environment:create_file_with_runtime_dependencies(/home/sjmock/ros2_ws/src/install/turtlesim_pkg_msgs/share/colcon-core/packages/turtlesim_pkg_msgs)
[4.050s] INFO:colcon.colcon_ros.task.ament_python.build:Building ROS package in '/home/sjmock/ros2_ws/src/turtlesim_pkg' with build type 'ament_python'
[4.050s] Level 1:colcon.colcon_core.shell:create_environment_hook('turtlesim_pkg', 'ament_prefix_path')
[4.051s] INFO:colcon.colcon_core.shell:Creating environment hook '/home/sjmock/ros2_ws/src/install/turtlesim_pkg/share/turtlesim_pkg/hook/ament_prefix_path.ps1'
[4.052s] INFO:colcon.colcon_core.shell:Creating environment descriptor '/home/sjmock/ros2_ws/src/install/turtlesim_pkg/share/turtlesim_pkg/hook/ament_prefix_path.dsv'
[4.052s] INFO:colcon.colcon_core.shell:Creating environment hook '/home/sjmock/ros2_ws/src/install/turtlesim_pkg/share/turtlesim_pkg/hook/ament_prefix_path.sh'
[4.053s] INFO:colcon.colcon_core.shell:Skip shell extension 'powershell' for command environment: Not usable outside of PowerShell
[4.053s] DEBUG:colcon.colcon_core.shell:Skip shell extension 'dsv' for command environment
[4.277s] INFO:colcon.colcon_core.task.python.build:Building Python package in '/home/sjmock/ros2_ws/src/turtlesim_pkg'
[4.279s] INFO:colcon.colcon_core.shell:Skip shell extension 'powershell' for command environment: Not usable outside of PowerShell
[4.279s] DEBUG:colcon.colcon_core.shell:Skip shell extension 'dsv' for command environment
[4.309s] Level 1:colcon.colcon_core.environment:checking '/home/sjmock/ros2_ws/src/install/my_py_pkg' for CMake module files
[4.310s] DEBUG:colcon.colcon_core.event_handler.log_command:Invoked command in '/home/sjmock/ros2_ws/src/my_py_pkg' returned '0': AMENT_PREFIX_PATH=/home/sjmock/ros2_ws/src/install/my_robot_interfaces:${AMENT_PREFIX_PATH} CMAKE_PREFIX_PATH=/home/sjmock/ros2_ws/src/install/my_robot_interfaces:${CMAKE_PREFIX_PATH} LD_LIBRARY_PATH=/home/sjmock/ros2_ws/src/install/my_robot_interfaces/lib:${LD_LIBRARY_PATH} PYTHONPATH=/home/sjmock/ros2_ws/src/build/my_py_pkg/prefix_override:/home/sjmock/ros2_ws/src/install/my_py_pkg/lib/python3.10/site-packages:/home/sjmock/ros2_ws/src/install/my_robot_interfaces/local/lib/python3.10/dist-packages:${PYTHONPATH} /usr/bin/python3 setup.py egg_info --egg-base ../build/my_py_pkg build --build-base /home/sjmock/ros2_ws/src/build/my_py_pkg/build install --record /home/sjmock/ros2_ws/src/build/my_py_pkg/install.log --single-version-externally-managed
[4.310s] Level 1:colcon.colcon_core.environment:checking '/home/sjmock/ros2_ws/src/install/my_py_pkg' for CMake config files
[4.310s] Level 1:colcon.colcon_core.environment:checking '/home/sjmock/ros2_ws/src/install/my_py_pkg/lib'
[4.310s] Level 1:colcon.colcon_core.environment:checking '/home/sjmock/ros2_ws/src/install/my_py_pkg/bin'
[4.310s] Level 1:colcon.colcon_core.environment:checking '/home/sjmock/ros2_ws/src/install/my_py_pkg/lib/pkgconfig/my_py_pkg.pc'
[4.310s] Level 1:colcon.colcon_core.environment:checking '/home/sjmock/ros2_ws/src/install/my_py_pkg/lib/python3.10/site-packages'
[4.310s] Level 1:colcon.colcon_core.shell:create_environment_hook('my_py_pkg', 'pythonpath')
[4.312s] INFO:colcon.colcon_core.shell:Creating environment hook '/home/sjmock/ros2_ws/src/install/my_py_pkg/share/my_py_pkg/hook/pythonpath.ps1'
[4.312s] INFO:colcon.colcon_core.shell:Creating environment descriptor '/home/sjmock/ros2_ws/src/install/my_py_pkg/share/my_py_pkg/hook/pythonpath.dsv'
[4.312s] INFO:colcon.colcon_core.shell:Creating environment hook '/home/sjmock/ros2_ws/src/install/my_py_pkg/share/my_py_pkg/hook/pythonpath.sh'
[4.312s] Level 1:colcon.colcon_core.environment:checking '/home/sjmock/ros2_ws/src/install/my_py_pkg/bin'
[4.312s] Level 1:colcon.colcon_core.environment:create_environment_scripts_only(my_py_pkg)
[4.314s] INFO:colcon.colcon_core.shell:Creating package script '/home/sjmock/ros2_ws/src/install/my_py_pkg/share/my_py_pkg/package.ps1'
[4.314s] INFO:colcon.colcon_core.shell:Creating package descriptor '/home/sjmock/ros2_ws/src/install/my_py_pkg/share/my_py_pkg/package.dsv'
[4.314s] INFO:colcon.colcon_core.shell:Creating package script '/home/sjmock/ros2_ws/src/install/my_py_pkg/share/my_py_pkg/package.sh'
[4.314s] INFO:colcon.colcon_core.shell:Creating package script '/home/sjmock/ros2_ws/src/install/my_py_pkg/share/my_py_pkg/package.bash'
[4.315s] INFO:colcon.colcon_core.shell:Creating package script '/home/sjmock/ros2_ws/src/install/my_py_pkg/share/my_py_pkg/package.zsh'
[4.315s] Level 1:colcon.colcon_core.environment:create_file_with_runtime_dependencies(/home/sjmock/ros2_ws/src/install/my_py_pkg/share/colcon-core/packages/my_py_pkg)
[4.566s] DEBUG:colcon.colcon_core.event_handler.log_command:Invoking command in '/home/sjmock/ros2_ws/src/turtlesim_pkg': AMENT_PREFIX_PATH=/home/sjmock/ros2_ws/src/install/turtlesim_pkg_msgs:${AMENT_PREFIX_PATH} CMAKE_PREFIX_PATH=/home/sjmock/ros2_ws/src/install/turtlesim_pkg_msgs:${CMAKE_PREFIX_PATH} LD_LIBRARY_PATH=/home/sjmock/ros2_ws/src/install/turtlesim_pkg_msgs/lib:${LD_LIBRARY_PATH} PYTHONPATH=/home/sjmock/ros2_ws/src/build/turtlesim_pkg/prefix_override:/home/sjmock/ros2_ws/src/install/turtlesim_pkg/lib/python3.10/site-packages:/home/sjmock/ros2_ws/src/install/turtlesim_pkg_msgs/local/lib/python3.10/dist-packages:${PYTHONPATH} /usr/bin/python3 setup.py egg_info --egg-base ../build/turtlesim_pkg build --build-base /home/sjmock/ros2_ws/src/build/turtlesim_pkg/build install --record /home/sjmock/ros2_ws/src/build/turtlesim_pkg/install.log --single-version-externally-managed
[4.709s] DEBUG:colcon.colcon_core.event_handler.log_command:Invoked command in '/home/sjmock/ros2_ws/src/build/my_cpp_pkg' returned '0': AMENT_PREFIX_PATH=/home/sjmock/ros2_ws/src/install/my_robot_interfaces:${AMENT_PREFIX_PATH} CMAKE_PREFIX_PATH=/home/sjmock/ros2_ws/src/install/my_robot_interfaces:/home/sjmock/ros2_ws/install/turtlesim_pkg_msgs:/home/sjmock/ros2_ws/install/my_robot_bringup:/home/sjmock/ros2_ws/install/my_cpp_pkg:/home/sjmock/ros2_ws/install/my_robot_interfaces:/home/sjmock/ros2_ws/install/turtlesim_pkg:/home/sjmock/ros2_ws/install/my_py_pkg:/opt/ros/humble LD_LIBRARY_PATH=/home/sjmock/ros2_ws/src/install/my_robot_interfaces/lib:${LD_LIBRARY_PATH} PYTHONPATH=/home/sjmock/ros2_ws/src/install/my_robot_interfaces/local/lib/python3.10/dist-packages:${PYTHONPATH} /usr/bin/cmake /home/sjmock/ros2_ws/src/my_cpp_pkg -DCMAKE_INSTALL_PREFIX=/home/sjmock/ros2_ws/src/install/my_cpp_pkg
[4.710s] DEBUG:colcon.colcon_core.event_handler.log_command:Invoking command in '/home/sjmock/ros2_ws/src/build/my_cpp_pkg': AMENT_PREFIX_PATH=/home/sjmock/ros2_ws/src/install/my_robot_interfaces:${AMENT_PREFIX_PATH} CMAKE_PREFIX_PATH=/home/sjmock/ros2_ws/src/install/my_robot_interfaces:/home/sjmock/ros2_ws/install/turtlesim_pkg_msgs:/home/sjmock/ros2_ws/install/my_robot_bringup:/home/sjmock/ros2_ws/install/my_cpp_pkg:/home/sjmock/ros2_ws/install/my_robot_interfaces:/home/sjmock/ros2_ws/install/turtlesim_pkg:/home/sjmock/ros2_ws/install/my_py_pkg:/opt/ros/humble LD_LIBRARY_PATH=/home/sjmock/ros2_ws/src/install/my_robot_interfaces/lib:${LD_LIBRARY_PATH} PYTHONPATH=/home/sjmock/ros2_ws/src/install/my_robot_interfaces/local/lib/python3.10/dist-packages:${PYTHONPATH} /usr/bin/cmake --build /home/sjmock/ros2_ws/src/build/my_cpp_pkg -- -j16 -l16
[4.947s] Level 1:colcon.colcon_core.environment:checking '/home/sjmock/ros2_ws/src/install/turtlesim_pkg' for CMake module files
[4.948s] Level 1:colcon.colcon_core.environment:checking '/home/sjmock/ros2_ws/src/install/turtlesim_pkg' for CMake config files
[4.949s] Level 1:colcon.colcon_core.environment:checking '/home/sjmock/ros2_ws/src/install/turtlesim_pkg/lib'
[4.949s] Level 1:colcon.colcon_core.environment:checking '/home/sjmock/ros2_ws/src/install/turtlesim_pkg/bin'
[4.949s] Level 1:colcon.colcon_core.environment:checking '/home/sjmock/ros2_ws/src/install/turtlesim_pkg/lib/pkgconfig/turtlesim_pkg.pc'
[4.949s] Level 1:colcon.colcon_core.environment:checking '/home/sjmock/ros2_ws/src/install/turtlesim_pkg/lib/python3.10/site-packages'
[4.949s] Level 1:colcon.colcon_core.shell:create_environment_hook('turtlesim_pkg', 'pythonpath')
[4.951s] INFO:colcon.colcon_core.shell:Creating environment hook '/home/sjmock/ros2_ws/src/install/turtlesim_pkg/share/turtlesim_pkg/hook/pythonpath.ps1'
[4.952s] DEBUG:colcon.colcon_core.event_handler.log_command:Invoked command in '/home/sjmock/ros2_ws/src/turtlesim_pkg' returned '0': AMENT_PREFIX_PATH=/home/sjmock/ros2_ws/src/install/turtlesim_pkg_msgs:${AMENT_PREFIX_PATH} CMAKE_PREFIX_PATH=/home/sjmock/ros2_ws/src/install/turtlesim_pkg_msgs:${CMAKE_PREFIX_PATH} LD_LIBRARY_PATH=/home/sjmock/ros2_ws/src/install/turtlesim_pkg_msgs/lib:${LD_LIBRARY_PATH} PYTHONPATH=/home/sjmock/ros2_ws/src/build/turtlesim_pkg/prefix_override:/home/sjmock/ros2_ws/src/install/turtlesim_pkg/lib/python3.10/site-packages:/home/sjmock/ros2_ws/src/install/turtlesim_pkg_msgs/local/lib/python3.10/dist-packages:${PYTHONPATH} /usr/bin/python3 setup.py egg_info --egg-base ../build/turtlesim_pkg build --build-base /home/sjmock/ros2_ws/src/build/turtlesim_pkg/build install --record /home/sjmock/ros2_ws/src/build/turtlesim_pkg/install.log --single-version-externally-managed
[4.953s] INFO:colcon.colcon_core.shell:Creating environment descriptor '/home/sjmock/ros2_ws/src/install/turtlesim_pkg/share/turtlesim_pkg/hook/pythonpath.dsv'
[4.954s] INFO:colcon.colcon_core.shell:Creating environment hook '/home/sjmock/ros2_ws/src/install/turtlesim_pkg/share/turtlesim_pkg/hook/pythonpath.sh'
[4.955s] Level 1:colcon.colcon_core.environment:checking '/home/sjmock/ros2_ws/src/install/turtlesim_pkg/bin'
[4.955s] Level 1:colcon.colcon_core.environment:create_environment_scripts_only(turtlesim_pkg)
[4.957s] INFO:colcon.colcon_core.shell:Creating package script '/home/sjmock/ros2_ws/src/install/turtlesim_pkg/share/turtlesim_pkg/package.ps1'
[4.957s] INFO:colcon.colcon_core.shell:Creating package descriptor '/home/sjmock/ros2_ws/src/install/turtlesim_pkg/share/turtlesim_pkg/package.dsv'
[4.958s] INFO:colcon.colcon_core.shell:Creating package script '/home/sjmock/ros2_ws/src/install/turtlesim_pkg/share/turtlesim_pkg/package.sh'
[4.958s] INFO:colcon.colcon_core.shell:Creating package script '/home/sjmock/ros2_ws/src/install/turtlesim_pkg/share/turtlesim_pkg/package.bash'
[4.959s] INFO:colcon.colcon_core.shell:Creating package script '/home/sjmock/ros2_ws/src/install/turtlesim_pkg/share/turtlesim_pkg/package.zsh'
[4.959s] Level 1:colcon.colcon_core.environment:create_file_with_runtime_dependencies(/home/sjmock/ros2_ws/src/install/turtlesim_pkg/share/colcon-core/packages/turtlesim_pkg)
[14.823s] DEBUG:colcon.colcon_core.event_handler.log_command:Invoked command in '/home/sjmock/ros2_ws/src/build/my_cpp_pkg' returned '0': AMENT_PREFIX_PATH=/home/sjmock/ros2_ws/src/install/my_robot_interfaces:${AMENT_PREFIX_PATH} CMAKE_PREFIX_PATH=/home/sjmock/ros2_ws/src/install/my_robot_interfaces:/home/sjmock/ros2_ws/install/turtlesim_pkg_msgs:/home/sjmock/ros2_ws/install/my_robot_bringup:/home/sjmock/ros2_ws/install/my_cpp_pkg:/home/sjmock/ros2_ws/install/my_robot_interfaces:/home/sjmock/ros2_ws/install/turtlesim_pkg:/home/sjmock/ros2_ws/install/my_py_pkg:/opt/ros/humble LD_LIBRARY_PATH=/home/sjmock/ros2_ws/src/install/my_robot_interfaces/lib:${LD_LIBRARY_PATH} PYTHONPATH=/home/sjmock/ros2_ws/src/install/my_robot_interfaces/local/lib/python3.10/dist-packages:${PYTHONPATH} /usr/bin/cmake --build /home/sjmock/ros2_ws/src/build/my_cpp_pkg -- -j16 -l16
[14.859s] DEBUG:colcon.colcon_core.event_handler.log_command:Invoking command in '/home/sjmock/ros2_ws/src/build/my_cpp_pkg': AMENT_PREFIX_PATH=/home/sjmock/ros2_ws/src/install/my_robot_interfaces:${AMENT_PREFIX_PATH} CMAKE_PREFIX_PATH=/home/sjmock/ros2_ws/src/install/my_robot_interfaces:/home/sjmock/ros2_ws/install/turtlesim_pkg_msgs:/home/sjmock/ros2_ws/install/my_robot_bringup:/home/sjmock/ros2_ws/install/my_cpp_pkg:/home/sjmock/ros2_ws/install/my_robot_interfaces:/home/sjmock/ros2_ws/install/turtlesim_pkg:/home/sjmock/ros2_ws/install/my_py_pkg:/opt/ros/humble LD_LIBRARY_PATH=/home/sjmock/ros2_ws/src/install/my_robot_interfaces/lib:${LD_LIBRARY_PATH} PYTHONPATH=/home/sjmock/ros2_ws/src/install/my_robot_interfaces/local/lib/python3.10/dist-packages:${PYTHONPATH} /usr/bin/cmake --install /home/sjmock/ros2_ws/src/build/my_cpp_pkg
[14.877s] Level 1:colcon.colcon_core.environment:create_environment_scripts_only(my_cpp_pkg)
[14.878s] Level 1:colcon.colcon_core.environment:checking '/home/sjmock/ros2_ws/src/install/my_cpp_pkg' for CMake module files
[14.878s] DEBUG:colcon.colcon_core.event_handler.log_command:Invoked command in '/home/sjmock/ros2_ws/src/build/my_cpp_pkg' returned '0': AMENT_PREFIX_PATH=/home/sjmock/ros2_ws/src/install/my_robot_interfaces:${AMENT_PREFIX_PATH} CMAKE_PREFIX_PATH=/home/sjmock/ros2_ws/src/install/my_robot_interfaces:/home/sjmock/ros2_ws/install/turtlesim_pkg_msgs:/home/sjmock/ros2_ws/install/my_robot_bringup:/home/sjmock/ros2_ws/install/my_cpp_pkg:/home/sjmock/ros2_ws/install/my_robot_interfaces:/home/sjmock/ros2_ws/install/turtlesim_pkg:/home/sjmock/ros2_ws/install/my_py_pkg:/opt/ros/humble LD_LIBRARY_PATH=/home/sjmock/ros2_ws/src/install/my_robot_interfaces/lib:${LD_LIBRARY_PATH} PYTHONPATH=/home/sjmock/ros2_ws/src/install/my_robot_interfaces/local/lib/python3.10/dist-packages:${PYTHONPATH} /usr/bin/cmake --install /home/sjmock/ros2_ws/src/build/my_cpp_pkg
[14.879s] Level 1:colcon.colcon_core.environment:checking '/home/sjmock/ros2_ws/src/install/my_cpp_pkg' for CMake config files
[14.879s] Level 1:colcon.colcon_core.shell:create_environment_hook('my_cpp_pkg', 'cmake_prefix_path')
[14.880s] INFO:colcon.colcon_core.shell:Creating environment hook '/home/sjmock/ros2_ws/src/install/my_cpp_pkg/share/my_cpp_pkg/hook/cmake_prefix_path.ps1'
[14.880s] INFO:colcon.colcon_core.shell:Creating environment descriptor '/home/sjmock/ros2_ws/src/install/my_cpp_pkg/share/my_cpp_pkg/hook/cmake_prefix_path.dsv'
[14.880s] INFO:colcon.colcon_core.shell:Creating environment hook '/home/sjmock/ros2_ws/src/install/my_cpp_pkg/share/my_cpp_pkg/hook/cmake_prefix_path.sh'
[14.880s] Level 1:colcon.colcon_core.environment:checking '/home/sjmock/ros2_ws/src/install/my_cpp_pkg/lib'
[14.881s] Level 1:colcon.colcon_core.environment:checking '/home/sjmock/ros2_ws/src/install/my_cpp_pkg/bin'
[14.881s] Level 1:colcon.colcon_core.environment:checking '/home/sjmock/ros2_ws/src/install/my_cpp_pkg/lib/pkgconfig/my_cpp_pkg.pc'
[14.881s] Level 1:colcon.colcon_core.environment:checking '/home/sjmock/ros2_ws/src/install/my_cpp_pkg/lib/python3.10/site-packages'
[14.881s] Level 1:colcon.colcon_core.environment:checking '/home/sjmock/ros2_ws/src/install/my_cpp_pkg/bin'
[14.882s] INFO:colcon.colcon_core.shell:Creating package script '/home/sjmock/ros2_ws/src/install/my_cpp_pkg/share/my_cpp_pkg/package.ps1'
[14.882s] INFO:colcon.colcon_core.shell:Creating package descriptor '/home/sjmock/ros2_ws/src/install/my_cpp_pkg/share/my_cpp_pkg/package.dsv'
[14.882s] INFO:colcon.colcon_core.shell:Creating package script '/home/sjmock/ros2_ws/src/install/my_cpp_pkg/share/my_cpp_pkg/package.sh'
[14.882s] INFO:colcon.colcon_core.shell:Creating package script '/home/sjmock/ros2_ws/src/install/my_cpp_pkg/share/my_cpp_pkg/package.bash'
[14.882s] INFO:colcon.colcon_core.shell:Creating package script '/home/sjmock/ros2_ws/src/install/my_cpp_pkg/share/my_cpp_pkg/package.zsh'
[14.883s] Level 1:colcon.colcon_core.environment:create_file_with_runtime_dependencies(/home/sjmock/ros2_ws/src/install/my_cpp_pkg/share/colcon-core/packages/my_cpp_pkg)
[14.915s] Level 1:colcon.colcon_core.environment:create_environment_scripts_only(my_cpp_pkg)
[14.917s] Level 1:colcon.colcon_core.environment:checking '/home/sjmock/ros2_ws/src/install/my_cpp_pkg' for CMake module files
[14.917s] Level 1:colcon.colcon_core.environment:checking '/home/sjmock/ros2_ws/src/install/my_cpp_pkg' for CMake config files
[14.917s] Level 1:colcon.colcon_core.shell:create_environment_hook('my_cpp_pkg', 'cmake_prefix_path')
[14.918s] INFO:colcon.colcon_core.shell:Creating environment hook '/home/sjmock/ros2_ws/src/install/my_cpp_pkg/share/my_cpp_pkg/hook/cmake_prefix_path.ps1'
[14.918s] INFO:colcon.colcon_core.shell:Creating environment descriptor '/home/sjmock/ros2_ws/src/install/my_cpp_pkg/share/my_cpp_pkg/hook/cmake_prefix_path.dsv'
[14.918s] INFO:colcon.colcon_core.shell:Creating environment hook '/home/sjmock/ros2_ws/src/install/my_cpp_pkg/share/my_cpp_pkg/hook/cmake_prefix_path.sh'
[14.919s] Level 1:colcon.colcon_core.environment:checking '/home/sjmock/ros2_ws/src/install/my_cpp_pkg/lib'
[14.919s] Level 1:colcon.colcon_core.environment:checking '/home/sjmock/ros2_ws/src/install/my_cpp_pkg/bin'
[14.919s] Level 1:colcon.colcon_core.environment:checking '/home/sjmock/ros2_ws/src/install/my_cpp_pkg/lib/pkgconfig/my_cpp_pkg.pc'
[14.919s] Level 1:colcon.colcon_core.environment:checking '/home/sjmock/ros2_ws/src/install/my_cpp_pkg/lib/python3.10/site-packages'
[14.919s] Level 1:colcon.colcon_core.environment:checking '/home/sjmock/ros2_ws/src/install/my_cpp_pkg/bin'
[14.920s] INFO:colcon.colcon_core.shell:Creating package script '/home/sjmock/ros2_ws/src/install/my_cpp_pkg/share/my_cpp_pkg/package.ps1'
[14.920s] INFO:colcon.colcon_core.shell:Creating package descriptor '/home/sjmock/ros2_ws/src/install/my_cpp_pkg/share/my_cpp_pkg/package.dsv'
[14.920s] INFO:colcon.colcon_core.shell:Creating package script '/home/sjmock/ros2_ws/src/install/my_cpp_pkg/share/my_cpp_pkg/package.sh'
[14.921s] INFO:colcon.colcon_core.shell:Creating package script '/home/sjmock/ros2_ws/src/install/my_cpp_pkg/share/my_cpp_pkg/package.bash'
[14.921s] INFO:colcon.colcon_core.shell:Creating package script '/home/sjmock/ros2_ws/src/install/my_cpp_pkg/share/my_cpp_pkg/package.zsh'
[14.921s] Level 1:colcon.colcon_core.environment:create_file_with_runtime_dependencies(/home/sjmock/ros2_ws/src/install/my_cpp_pkg/share/colcon-core/packages/my_cpp_pkg)
[14.921s] INFO:colcon.colcon_ros.task.ament_cmake.build:Building ROS package in '/home/sjmock/ros2_ws/src/my_robot_bringup' with build type 'ament_cmake'
[14.921s] INFO:colcon.colcon_cmake.task.cmake.build:Building CMake package in '/home/sjmock/ros2_ws/src/my_robot_bringup'
[14.922s] INFO:colcon.colcon_core.shell:Skip shell extension 'powershell' for command environment: Not usable outside of PowerShell
[14.922s] DEBUG:colcon.colcon_core.shell:Skip shell extension 'dsv' for command environment
[14.930s] DEBUG:colcon.colcon_core.event_handler.log_command:Invoking command in '/home/sjmock/ros2_ws/src/build/my_robot_bringup': AMENT_PREFIX_PATH=/home/sjmock/ros2_ws/src/install/my_py_pkg:/home/sjmock/ros2_ws/src/install/my_cpp_pkg:/home/sjmock/ros2_ws/src/install/my_robot_interfaces:${AMENT_PREFIX_PATH} CMAKE_PREFIX_PATH=/home/sjmock/ros2_ws/src/install/my_cpp_pkg:/home/sjmock/ros2_ws/src/install/my_robot_interfaces:/home/sjmock/ros2_ws/install/turtlesim_pkg_msgs:/home/sjmock/ros2_ws/install/my_robot_bringup:/home/sjmock/ros2_ws/install/my_cpp_pkg:/home/sjmock/ros2_ws/install/my_robot_interfaces:/home/sjmock/ros2_ws/install/turtlesim_pkg:/home/sjmock/ros2_ws/install/my_py_pkg:/opt/ros/humble LD_LIBRARY_PATH=/home/sjmock/ros2_ws/src/install/my_robot_interfaces/lib:${LD_LIBRARY_PATH} PYTHONPATH=/home/sjmock/ros2_ws/src/install/my_py_pkg/lib/python3.10/site-packages:/home/sjmock/ros2_ws/src/install/my_robot_interfaces/local/lib/python3.10/dist-packages:${PYTHONPATH} /usr/bin/cmake /home/sjmock/ros2_ws/src/my_robot_bringup -DCMAKE_INSTALL_PREFIX=/home/sjmock/ros2_ws/src/install/my_robot_bringup
[15.362s] DEBUG:colcon.colcon_core.event_handler.log_command:Invoked command in '/home/sjmock/ros2_ws/src/build/my_robot_bringup' returned '0': AMENT_PREFIX_PATH=/home/sjmock/ros2_ws/src/install/my_py_pkg:/home/sjmock/ros2_ws/src/install/my_cpp_pkg:/home/sjmock/ros2_ws/src/install/my_robot_interfaces:${AMENT_PREFIX_PATH} CMAKE_PREFIX_PATH=/home/sjmock/ros2_ws/src/install/my_cpp_pkg:/home/sjmock/ros2_ws/src/install/my_robot_interfaces:/home/sjmock/ros2_ws/install/turtlesim_pkg_msgs:/home/sjmock/ros2_ws/install/my_robot_bringup:/home/sjmock/ros2_ws/install/my_cpp_pkg:/home/sjmock/ros2_ws/install/my_robot_interfaces:/home/sjmock/ros2_ws/install/turtlesim_pkg:/home/sjmock/ros2_ws/install/my_py_pkg:/opt/ros/humble LD_LIBRARY_PATH=/home/sjmock/ros2_ws/src/install/my_robot_interfaces/lib:${LD_LIBRARY_PATH} PYTHONPATH=/home/sjmock/ros2_ws/src/install/my_py_pkg/lib/python3.10/site-packages:/home/sjmock/ros2_ws/src/install/my_robot_interfaces/local/lib/python3.10/dist-packages:${PYTHONPATH} /usr/bin/cmake /home/sjmock/ros2_ws/src/my_robot_bringup -DCMAKE_INSTALL_PREFIX=/home/sjmock/ros2_ws/src/install/my_robot_bringup
[15.364s] DEBUG:colcon.colcon_core.event_handler.log_command:Invoking command in '/home/sjmock/ros2_ws/src/build/my_robot_bringup': AMENT_PREFIX_PATH=/home/sjmock/ros2_ws/src/install/my_py_pkg:/home/sjmock/ros2_ws/src/install/my_cpp_pkg:/home/sjmock/ros2_ws/src/install/my_robot_interfaces:${AMENT_PREFIX_PATH} CMAKE_PREFIX_PATH=/home/sjmock/ros2_ws/src/install/my_cpp_pkg:/home/sjmock/ros2_ws/src/install/my_robot_interfaces:/home/sjmock/ros2_ws/install/turtlesim_pkg_msgs:/home/sjmock/ros2_ws/install/my_robot_bringup:/home/sjmock/ros2_ws/install/my_cpp_pkg:/home/sjmock/ros2_ws/install/my_robot_interfaces:/home/sjmock/ros2_ws/install/turtlesim_pkg:/home/sjmock/ros2_ws/install/my_py_pkg:/opt/ros/humble LD_LIBRARY_PATH=/home/sjmock/ros2_ws/src/install/my_robot_interfaces/lib:${LD_LIBRARY_PATH} PYTHONPATH=/home/sjmock/ros2_ws/src/install/my_py_pkg/lib/python3.10/site-packages:/home/sjmock/ros2_ws/src/install/my_robot_interfaces/local/lib/python3.10/dist-packages:${PYTHONPATH} /usr/bin/cmake --build /home/sjmock/ros2_ws/src/build/my_robot_bringup -- -j16 -l16
[15.389s] DEBUG:colcon.colcon_core.event_handler.log_command:Invoked command in '/home/sjmock/ros2_ws/src/build/my_robot_bringup' returned '0': AMENT_PREFIX_PATH=/home/sjmock/ros2_ws/src/install/my_py_pkg:/home/sjmock/ros2_ws/src/install/my_cpp_pkg:/home/sjmock/ros2_ws/src/install/my_robot_interfaces:${AMENT_PREFIX_PATH} CMAKE_PREFIX_PATH=/home/sjmock/ros2_ws/src/install/my_cpp_pkg:/home/sjmock/ros2_ws/src/install/my_robot_interfaces:/home/sjmock/ros2_ws/install/turtlesim_pkg_msgs:/home/sjmock/ros2_ws/install/my_robot_bringup:/home/sjmock/ros2_ws/install/my_cpp_pkg:/home/sjmock/ros2_ws/install/my_robot_interfaces:/home/sjmock/ros2_ws/install/turtlesim_pkg:/home/sjmock/ros2_ws/install/my_py_pkg:/opt/ros/humble LD_LIBRARY_PATH=/home/sjmock/ros2_ws/src/install/my_robot_interfaces/lib:${LD_LIBRARY_PATH} PYTHONPATH=/home/sjmock/ros2_ws/src/install/my_py_pkg/lib/python3.10/site-packages:/home/sjmock/ros2_ws/src/install/my_robot_interfaces/local/lib/python3.10/dist-packages:${PYTHONPATH} /usr/bin/cmake --build /home/sjmock/ros2_ws/src/build/my_robot_bringup -- -j16 -l16
[15.402s] DEBUG:colcon.colcon_core.event_handler.log_command:Invoking command in '/home/sjmock/ros2_ws/src/build/my_robot_bringup': AMENT_PREFIX_PATH=/home/sjmock/ros2_ws/src/install/my_py_pkg:/home/sjmock/ros2_ws/src/install/my_cpp_pkg:/home/sjmock/ros2_ws/src/install/my_robot_interfaces:${AMENT_PREFIX_PATH} CMAKE_PREFIX_PATH=/home/sjmock/ros2_ws/src/install/my_cpp_pkg:/home/sjmock/ros2_ws/src/install/my_robot_interfaces:/home/sjmock/ros2_ws/install/turtlesim_pkg_msgs:/home/sjmock/ros2_ws/install/my_robot_bringup:/home/sjmock/ros2_ws/install/my_cpp_pkg:/home/sjmock/ros2_ws/install/my_robot_interfaces:/home/sjmock/ros2_ws/install/turtlesim_pkg:/home/sjmock/ros2_ws/install/my_py_pkg:/opt/ros/humble LD_LIBRARY_PATH=/home/sjmock/ros2_ws/src/install/my_robot_interfaces/lib:${LD_LIBRARY_PATH} PYTHONPATH=/home/sjmock/ros2_ws/src/install/my_py_pkg/lib/python3.10/site-packages:/home/sjmock/ros2_ws/src/install/my_robot_interfaces/local/lib/python3.10/dist-packages:${PYTHONPATH} /usr/bin/cmake --install /home/sjmock/ros2_ws/src/build/my_robot_bringup
[15.409s] Level 1:colcon.colcon_core.environment:create_environment_scripts_only(my_robot_bringup)
[15.409s] DEBUG:colcon.colcon_core.event_handler.log_command:Invoked command in '/home/sjmock/ros2_ws/src/build/my_robot_bringup' returned '0': AMENT_PREFIX_PATH=/home/sjmock/ros2_ws/src/install/my_py_pkg:/home/sjmock/ros2_ws/src/install/my_cpp_pkg:/home/sjmock/ros2_ws/src/install/my_robot_interfaces:${AMENT_PREFIX_PATH} CMAKE_PREFIX_PATH=/home/sjmock/ros2_ws/src/install/my_cpp_pkg:/home/sjmock/ros2_ws/src/install/my_robot_interfaces:/home/sjmock/ros2_ws/install/turtlesim_pkg_msgs:/home/sjmock/ros2_ws/install/my_robot_bringup:/home/sjmock/ros2_ws/install/my_cpp_pkg:/home/sjmock/ros2_ws/install/my_robot_interfaces:/home/sjmock/ros2_ws/install/turtlesim_pkg:/home/sjmock/ros2_ws/install/my_py_pkg:/opt/ros/humble LD_LIBRARY_PATH=/home/sjmock/ros2_ws/src/install/my_robot_interfaces/lib:${LD_LIBRARY_PATH} PYTHONPATH=/home/sjmock/ros2_ws/src/install/my_py_pkg/lib/python3.10/site-packages:/home/sjmock/ros2_ws/src/install/my_robot_interfaces/local/lib/python3.10/dist-packages:${PYTHONPATH} /usr/bin/cmake --install /home/sjmock/ros2_ws/src/build/my_robot_bringup
[15.411s] Level 1:colcon.colcon_core.environment:checking '/home/sjmock/ros2_ws/src/install/my_robot_bringup' for CMake module files
[15.411s] Level 1:colcon.colcon_core.environment:checking '/home/sjmock/ros2_ws/src/install/my_robot_bringup' for CMake config files
[15.411s] Level 1:colcon.colcon_core.shell:create_environment_hook('my_robot_bringup', 'cmake_prefix_path')
[15.412s] INFO:colcon.colcon_core.shell:Creating environment hook '/home/sjmock/ros2_ws/src/install/my_robot_bringup/share/my_robot_bringup/hook/cmake_prefix_path.ps1'
[15.412s] INFO:colcon.colcon_core.shell:Creating environment descriptor '/home/sjmock/ros2_ws/src/install/my_robot_bringup/share/my_robot_bringup/hook/cmake_prefix_path.dsv'
[15.412s] INFO:colcon.colcon_core.shell:Creating environment hook '/home/sjmock/ros2_ws/src/install/my_robot_bringup/share/my_robot_bringup/hook/cmake_prefix_path.sh'
[15.413s] Level 1:colcon.colcon_core.environment:checking '/home/sjmock/ros2_ws/src/install/my_robot_bringup/bin'
[15.413s] Level 1:colcon.colcon_core.environment:checking '/home/sjmock/ros2_ws/src/install/my_robot_bringup/lib/pkgconfig/my_robot_bringup.pc'
[15.413s] Level 1:colcon.colcon_core.environment:checking '/home/sjmock/ros2_ws/src/install/my_robot_bringup/lib/python3.10/site-packages'
[15.413s] Level 1:colcon.colcon_core.environment:checking '/home/sjmock/ros2_ws/src/install/my_robot_bringup/bin'
[15.414s] INFO:colcon.colcon_core.shell:Creating package script '/home/sjmock/ros2_ws/src/install/my_robot_bringup/share/my_robot_bringup/package.ps1'
[15.414s] INFO:colcon.colcon_core.shell:Creating package descriptor '/home/sjmock/ros2_ws/src/install/my_robot_bringup/share/my_robot_bringup/package.dsv'
[15.414s] INFO:colcon.colcon_core.shell:Creating package script '/home/sjmock/ros2_ws/src/install/my_robot_bringup/share/my_robot_bringup/package.sh'
[15.414s] INFO:colcon.colcon_core.shell:Creating package script '/home/sjmock/ros2_ws/src/install/my_robot_bringup/share/my_robot_bringup/package.bash'
[15.415s] INFO:colcon.colcon_core.shell:Creating package script '/home/sjmock/ros2_ws/src/install/my_robot_bringup/share/my_robot_bringup/package.zsh'
[15.415s] Level 1:colcon.colcon_core.environment:create_file_with_runtime_dependencies(/home/sjmock/ros2_ws/src/install/my_robot_bringup/share/colcon-core/packages/my_robot_bringup)
[15.429s] Level 1:colcon.colcon_core.environment:create_environment_scripts_only(my_robot_bringup)
[15.430s] Level 1:colcon.colcon_core.environment:checking '/home/sjmock/ros2_ws/src/install/my_robot_bringup' for CMake module files
[15.430s] Level 1:colcon.colcon_core.environment:checking '/home/sjmock/ros2_ws/src/install/my_robot_bringup' for CMake config files
[15.431s] Level 1:colcon.colcon_core.shell:create_environment_hook('my_robot_bringup', 'cmake_prefix_path')
[15.431s] INFO:colcon.colcon_core.shell:Creating environment hook '/home/sjmock/ros2_ws/src/install/my_robot_bringup/share/my_robot_bringup/hook/cmake_prefix_path.ps1'
[15.432s] INFO:colcon.colcon_core.shell:Creating environment descriptor '/home/sjmock/ros2_ws/src/install/my_robot_bringup/share/my_robot_bringup/hook/cmake_prefix_path.dsv'
[15.432s] INFO:colcon.colcon_core.shell:Creating environment hook '/home/sjmock/ros2_ws/src/install/my_robot_bringup/share/my_robot_bringup/hook/cmake_prefix_path.sh'
[15.432s] Level 1:colcon.colcon_core.environment:checking '/home/sjmock/ros2_ws/src/install/my_robot_bringup/bin'
[15.432s] Level 1:colcon.colcon_core.environment:checking '/home/sjmock/ros2_ws/src/install/my_robot_bringup/lib/pkgconfig/my_robot_bringup.pc'
[15.432s] Level 1:colcon.colcon_core.environment:checking '/home/sjmock/ros2_ws/src/install/my_robot_bringup/lib/python3.10/site-packages'
[15.433s] Level 1:colcon.colcon_core.environment:checking '/home/sjmock/ros2_ws/src/install/my_robot_bringup/bin'
[15.434s] INFO:colcon.colcon_core.shell:Creating package script '/home/sjmock/ros2_ws/src/install/my_robot_bringup/share/my_robot_bringup/package.ps1'
[15.434s] INFO:colcon.colcon_core.shell:Creating package descriptor '/home/sjmock/ros2_ws/src/install/my_robot_bringup/share/my_robot_bringup/package.dsv'
[15.434s] INFO:colcon.colcon_core.shell:Creating package script '/home/sjmock/ros2_ws/src/install/my_robot_bringup/share/my_robot_bringup/package.sh'
[15.434s] INFO:colcon.colcon_core.shell:Creating package script '/home/sjmock/ros2_ws/src/install/my_robot_bringup/share/my_robot_bringup/package.bash'
[15.435s] INFO:colcon.colcon_core.shell:Creating package script '/home/sjmock/ros2_ws/src/install/my_robot_bringup/share/my_robot_bringup/package.zsh'
[15.435s] Level 1:colcon.colcon_core.environment:create_file_with_runtime_dependencies(/home/sjmock/ros2_ws/src/install/my_robot_bringup/share/colcon-core/packages/my_robot_bringup)
[15.435s] DEBUG:colcon.colcon_parallel_executor.executor.parallel:closing loop
[15.435s] DEBUG:colcon.colcon_parallel_executor.executor.parallel:loop closed
[15.435s] DEBUG:colcon.colcon_parallel_executor.executor.parallel:run_until_complete finished with '0'
[15.435s] DEBUG:colcon.colcon_core.event_reactor:joining thread
[15.440s] INFO:colcon.colcon_core.plugin_system:Skipping extension 'colcon_notification.desktop_notification.terminal_notifier': Not used on non-Darwin systems
[15.440s] INFO:colcon.colcon_core.plugin_system:Skipping extension 'colcon_notification.desktop_notification.win32': Not used on non-Windows systems
[15.440s] INFO:colcon.colcon_notification.desktop_notification:Sending desktop notification using 'notify2'
[15.453s] DEBUG:colcon.colcon_core.event_reactor:joined thread
[15.455s] INFO:colcon.colcon_core.shell:Creating prefix script '/home/sjmock/ros2_ws/src/install/local_setup.ps1'
[15.455s] INFO:colcon.colcon_core.shell:Creating prefix util module '/home/sjmock/ros2_ws/src/install/_local_setup_util_ps1.py'
[15.456s] INFO:colcon.colcon_core.shell:Creating prefix chain script '/home/sjmock/ros2_ws/src/install/setup.ps1'
[15.457s] INFO:colcon.colcon_core.shell:Creating prefix script '/home/sjmock/ros2_ws/src/install/local_setup.sh'
[15.457s] INFO:colcon.colcon_core.shell:Creating prefix util module '/home/sjmock/ros2_ws/src/install/_local_setup_util_sh.py'
[15.458s] INFO:colcon.colcon_core.shell:Creating prefix chain script '/home/sjmock/ros2_ws/src/install/setup.sh'
[15.458s] INFO:colcon.colcon_core.shell:Creating prefix script '/home/sjmock/ros2_ws/src/install/local_setup.bash'
[15.459s] INFO:colcon.colcon_core.shell:Creating prefix chain script '/home/sjmock/ros2_ws/src/install/setup.bash'
[15.460s] INFO:colcon.colcon_core.shell:Creating prefix script '/home/sjmock/ros2_ws/src/install/local_setup.zsh'
[15.460s] INFO:colcon.colcon_core.shell:Creating prefix chain script '/home/sjmock/ros2_ws/src/install/setup.zsh'
