-- The C compiler identification is GNU 11.4.0
-- The CXX compiler identification is GNU 11.4.0
-- Detecting C compiler ABI info
-- Detecting C compiler ABI info - done
-- Check for working C compiler: /usr/bin/cc - skipped
-- Detecting C compile features
-- Detecting C compile features - done
-- Detecting CXX compiler ABI info
-- Detecting CXX compiler ABI info - done
-- Check for working CXX compiler: /usr/bin/c++ - skipped
-- Detecting CXX compile features
-- Detecting CXX compile features - done
-- Found ament_cmake: 1.3.5 (/opt/ros/humble/share/ament_cmake/cmake)
-- Found Python3: /usr/bin/python3.10 (found version "3.10.12") found components: Interpreter 
-- Found rclcpp: 16.0.5 (/opt/ros/humble/share/rclcpp/cmake)
-- Found rosidl_generator_c: 3.1.5 (/opt/ros/humble/share/rosidl_generator_c/cmake)
-- Found rosidl_adapter: 3.1.5 (/opt/ros/humble/share/rosidl_adapter/cmake)
-- Found rosidl_generator_cpp: 3.1.5 (/opt/ros/humble/share/rosidl_generator_cpp/cmake)
-- Using all available rosidl_typesupport_c: rosidl_typesupport_fastrtps_c;rosidl_typesupport_introspection_c
-- Using all available rosidl_typesupport_cpp: rosidl_typesupport_fastrtps_cpp;rosidl_typesupport_introspection_cpp
-- Found rmw_implementation_cmake: 6.1.1 (/opt/ros/humble/share/rmw_implementation_cmake/cmake)
-- Found rmw_fastrtps_cpp: 6.2.3 (/opt/ros/humble/share/rmw_fastrtps_cpp/cmake)
-- Found OpenSSL: /usr/lib/x86_64-linux-gnu/libcrypto.so (found version "3.0.2")  
-- Found FastRTPS: /opt/ros/humble/include  
-- Using RMW implementation 'rmw_fastrtps_cpp' as default
-- Looking for pthread.h
-- Looking for pthread.h - found
-- Performing Test CMAKE_HAVE_LIBC_PTHREAD
-- Performing Test CMAKE_HAVE_LIBC_PTHREAD - Success
-- Found Threads: TRUE  
-- Found example_interfaces: 0.9.3 (/opt/ros/humble/share/example_interfaces/cmake)
-- Found my_robot_interfaces: 0.0.0 (/home/sjmock/ros2_ws/src/install/my_robot_interfaces/share/my_robot_interfaces/cmake)
-- Configuring done
-- Generating done
-- Build files have been written to: /home/sjmock/ros2_ws/src/build/my_cpp_pkg
[ 37%] [32mBuilding CXX object CMakeFiles/smartphone.dir/src/smartphone.cpp.o[0m
[ 37%] [32mBuilding CXX object CMakeFiles/robot_news_station.dir/src/robot_news_station.cpp.o[0m
[ 37%] [32mBuilding CXX object CMakeFiles/number_counter.dir/src/number_counter.cpp.o[0m
[ 37%] [32mBuilding CXX object CMakeFiles/add_two_ints_client.dir/src/add_two_ints_client.cpp.o[0m
[ 37%] [32mBuilding CXX object CMakeFiles/hw_status_publisher.dir/src/hw_status_publisher.cpp.o[0m
[ 37%] [32mBuilding CXX object CMakeFiles/number_reset.dir/src/number_reset.cpp.o[0m
[ 37%] [32mBuilding CXX object CMakeFiles/number_publisher.dir/src/number_publisher.cpp.o[0m
[ 37%] [32mBuilding CXX object CMakeFiles/cpp_node.dir/src/my_first_node.cpp.o[0m
[ 37%] [32mBuilding CXX object CMakeFiles/add_two_ints_client_no_oop.dir/src/add_two_ints_client_no_oop.cpp.o[0m
[ 41%] [32mBuilding CXX object CMakeFiles/led_panel_node.dir/src/led_panel_node.cpp.o[0m
[ 45%] [32mBuilding CXX object CMakeFiles/battery_node.dir/src/battery_node.cpp.o[0m
[ 50%] [32mBuilding CXX object CMakeFiles/add_two_ints_server.dir/src/add_two_ints_server.cpp.o[0m
[ 54%] [32m[1mLinking CXX executable cpp_node[0m
[ 54%] Built target cpp_node
[ 58%] [32m[1mLinking CXX executable number_reset[0m
[ 58%] Built target number_reset
[ 62%] [32m[1mLinking CXX executable add_two_ints_server[0m
[ 66%] [32m[1mLinking CXX executable add_two_ints_client_no_oop[0m
[ 70%] [32m[1mLinking CXX executable add_two_ints_client[0m
[ 70%] Built target add_two_ints_server
[ 75%] [32m[1mLinking CXX executable hw_status_publisher[0m
[ 75%] Built target add_two_ints_client
[ 79%] [32m[1mLinking CXX executable battery_node[0m
[ 79%] Built target add_two_ints_client_no_oop
[ 79%] Built target hw_status_publisher
[ 83%] [32m[1mLinking CXX executable robot_news_station[0m
[ 83%] Built target battery_node
[ 83%] Built target robot_news_station
[ 87%] [32m[1mLinking CXX executable number_publisher[0m
[ 87%] Built target number_publisher
[ 91%] [32m[1mLinking CXX executable led_panel_node[0m
[ 91%] Built target led_panel_node
[ 95%] [32m[1mLinking CXX executable smartphone[0m
[ 95%] Built target smartphone
[100%] [32m[1mLinking CXX executable number_counter[0m
[100%] Built target number_counter
-- Install configuration: ""
-- Installing: /home/sjmock/ros2_ws/src/install/my_cpp_pkg/lib/my_cpp_pkg/cpp_node
-- Set runtime path of "/home/sjmock/ros2_ws/src/install/my_cpp_pkg/lib/my_cpp_pkg/cpp_node" to ""
-- Installing: /home/sjmock/ros2_ws/src/install/my_cpp_pkg/lib/my_cpp_pkg/robot_news_station
-- Set runtime path of "/home/sjmock/ros2_ws/src/install/my_cpp_pkg/lib/my_cpp_pkg/robot_news_station" to ""
-- Installing: /home/sjmock/ros2_ws/src/install/my_cpp_pkg/lib/my_cpp_pkg/smartphone
-- Set runtime path of "/home/sjmock/ros2_ws/src/install/my_cpp_pkg/lib/my_cpp_pkg/smartphone" to ""
-- Installing: /home/sjmock/ros2_ws/src/install/my_cpp_pkg/lib/my_cpp_pkg/number_publisher
-- Set runtime path of "/home/sjmock/ros2_ws/src/install/my_cpp_pkg/lib/my_cpp_pkg/number_publisher" to ""
-- Installing: /home/sjmock/ros2_ws/src/install/my_cpp_pkg/lib/my_cpp_pkg/number_counter
-- Set runtime path of "/home/sjmock/ros2_ws/src/install/my_cpp_pkg/lib/my_cpp_pkg/number_counter" to ""
-- Installing: /home/sjmock/ros2_ws/src/install/my_cpp_pkg/lib/my_cpp_pkg/add_two_ints_server
-- Set runtime path of "/home/sjmock/ros2_ws/src/install/my_cpp_pkg/lib/my_cpp_pkg/add_two_ints_server" to ""
-- Installing: /home/sjmock/ros2_ws/src/install/my_cpp_pkg/lib/my_cpp_pkg/add_two_ints_client
-- Set runtime path of "/home/sjmock/ros2_ws/src/install/my_cpp_pkg/lib/my_cpp_pkg/add_two_ints_client" to ""
-- Installing: /home/sjmock/ros2_ws/src/install/my_cpp_pkg/lib/my_cpp_pkg/add_two_ints_client_no_oop
-- Set runtime path of "/home/sjmock/ros2_ws/src/install/my_cpp_pkg/lib/my_cpp_pkg/add_two_ints_client_no_oop" to ""
-- Installing: /home/sjmock/ros2_ws/src/install/my_cpp_pkg/lib/my_cpp_pkg/number_reset
-- Set runtime path of "/home/sjmock/ros2_ws/src/install/my_cpp_pkg/lib/my_cpp_pkg/number_reset" to ""
-- Installing: /home/sjmock/ros2_ws/src/install/my_cpp_pkg/lib/my_cpp_pkg/hw_status_publisher
-- Set runtime path of "/home/sjmock/ros2_ws/src/install/my_cpp_pkg/lib/my_cpp_pkg/hw_status_publisher" to ""
-- Installing: /home/sjmock/ros2_ws/src/install/my_cpp_pkg/lib/my_cpp_pkg/battery_node
-- Set runtime path of "/home/sjmock/ros2_ws/src/install/my_cpp_pkg/lib/my_cpp_pkg/battery_node" to ""
-- Installing: /home/sjmock/ros2_ws/src/install/my_cpp_pkg/lib/my_cpp_pkg/led_panel_node
-- Set runtime path of "/home/sjmock/ros2_ws/src/install/my_cpp_pkg/lib/my_cpp_pkg/led_panel_node" to ""
-- Installing: /home/sjmock/ros2_ws/src/install/my_cpp_pkg/share/my_cpp_pkg/launch
-- Installing: /home/sjmock/ros2_ws/src/install/my_cpp_pkg/share/my_cpp_pkg/launch/testCPP.launch.py
-- Installing: /home/sjmock/ros2_ws/src/install/my_cpp_pkg/share/ament_index/resource_index/package_run_dependencies/my_cpp_pkg
-- Installing: /home/sjmock/ros2_ws/src/install/my_cpp_pkg/share/ament_index/resource_index/parent_prefix_path/my_cpp_pkg
-- Installing: /home/sjmock/ros2_ws/src/install/my_cpp_pkg/share/my_cpp_pkg/environment/ament_prefix_path.sh
-- Installing: /home/sjmock/ros2_ws/src/install/my_cpp_pkg/share/my_cpp_pkg/environment/ament_prefix_path.dsv
-- Installing: /home/sjmock/ros2_ws/src/install/my_cpp_pkg/share/my_cpp_pkg/environment/path.sh
-- Installing: /home/sjmock/ros2_ws/src/install/my_cpp_pkg/share/my_cpp_pkg/environment/path.dsv
-- Installing: /home/sjmock/ros2_ws/src/install/my_cpp_pkg/share/my_cpp_pkg/local_setup.bash
-- Installing: /home/sjmock/ros2_ws/src/install/my_cpp_pkg/share/my_cpp_pkg/local_setup.sh
-- Installing: /home/sjmock/ros2_ws/src/install/my_cpp_pkg/share/my_cpp_pkg/local_setup.zsh
-- Installing: /home/sjmock/ros2_ws/src/install/my_cpp_pkg/share/my_cpp_pkg/local_setup.dsv
-- Installing: /home/sjmock/ros2_ws/src/install/my_cpp_pkg/share/my_cpp_pkg/package.dsv
-- Installing: /home/sjmock/ros2_ws/src/install/my_cpp_pkg/share/ament_index/resource_index/packages/my_cpp_pkg
-- Installing: /home/sjmock/ros2_ws/src/install/my_cpp_pkg/share/my_cpp_pkg/cmake/my_cpp_pkgConfig.cmake
-- Installing: /home/sjmock/ros2_ws/src/install/my_cpp_pkg/share/my_cpp_pkg/cmake/my_cpp_pkgConfig-version.cmake
-- Installing: /home/sjmock/ros2_ws/src/install/my_cpp_pkg/share/my_cpp_pkg/package.xml
