-- Found ament_cmake: 1.3.5 (/opt/ros/humble/share/ament_cmake/cmake)
-- Found rosidl_default_generators: 1.2.0 (/opt/ros/humble/share/rosidl_default_generators/cmake)
-- Using all available rosidl_typesupport_c: rosidl_typesupport_fastrtps_c;rosidl_typesupport_introspection_c
-- Found rosidl_adapter: 3.1.5 (/opt/ros/humble/share/rosidl_adapter/cmake)
-- Using all available rosidl_typesupport_cpp: rosidl_typesupport_fastrtps_cpp;rosidl_typesupport_introspection_cpp
-- Found ament_cmake_ros: 0.10.0 (/opt/ros/humble/share/ament_cmake_ros/cmake)
-- Using all available rosidl_typesupport_c: rosidl_typesupport_fastrtps_c;rosidl_typesupport_introspection_c
-- Using all available rosidl_typesupport_cpp: rosidl_typesupport_fastrtps_cpp;rosidl_typesupport_introspection_cpp
-- Found PythonInterp: /usr/bin/python3 (found suitable version "3.10.12", minimum required is "3.6") 
-- Found python_cmake_module: 0.10.0 (/opt/ros/humble/share/python_cmake_module/cmake)
-- Found PythonLibs: /usr/lib/x86_64-linux-gnu/libpython3.10.so (found suitable version "3.10.12", minimum required is "3.5") 
-- Using PYTHON_EXECUTABLE: /usr/bin/python3
-- Using PYTHON_INCLUDE_DIRS: /usr/include/python3.10
-- Using PYTHON_LIBRARIES: /usr/lib/x86_64-linux-gnu/libpython3.10.so
-- Found PythonExtra: .so  
-- Configuring done
-- Generating done
-- Build files have been written to: /home/sjmock/ros2_ws/src/build/turtlesim_pkg_msgs
[  2%] [34m[1mGenerating C code for ROS interfaces[0m
[  4%] [34m[1mGenerating C++ code for ROS interfaces[0m
[  4%] Built target ament_cmake_python_copy_turtlesim_pkg_msgs
running egg_info
creating turtlesim_pkg_msgs.egg-info
writing turtlesim_pkg_msgs.egg-info/PKG-INFO
writing dependency_links to turtlesim_pkg_msgs.egg-info/dependency_links.txt
writing top-level names to turtlesim_pkg_msgs.egg-info/top_level.txt
writing manifest file 'turtlesim_pkg_msgs.egg-info/SOURCES.txt'
reading manifest file 'turtlesim_pkg_msgs.egg-info/SOURCES.txt'
writing manifest file 'turtlesim_pkg_msgs.egg-info/SOURCES.txt'
[  4%] Built target ament_cmake_python_build_turtlesim_pkg_msgs_egg
[  4%] Built target turtlesim_pkg_msgs__cpp
[  6%] [34m[1mGenerating C++ type support for eProsima Fast-RTPS[0m
[  8%] [34m[1mGenerating C++ introspection for ROS interfaces[0m
[ 10%] [34m[1mGenerating C++ type support dispatch for ROS interfaces[0m
[ 14%] [32mBuilding C object CMakeFiles/turtlesim_pkg_msgs__rosidl_generator_c.dir/rosidl_generator_c/turtlesim_pkg_msgs/msg/detail/turtle__functions.c.o[0m
[ 14%] [32mBuilding C object CMakeFiles/turtlesim_pkg_msgs__rosidl_generator_c.dir/rosidl_generator_c/turtlesim_pkg_msgs/msg/detail/turtle_array__functions.c.o[0m
[ 17%] [32mBuilding C object CMakeFiles/turtlesim_pkg_msgs__rosidl_generator_c.dir/rosidl_generator_c/turtlesim_pkg_msgs/srv/detail/catch_turtle__functions.c.o[0m
[ 19%] [32m[1mLinking C shared library libturtlesim_pkg_msgs__rosidl_generator_c.so[0m
[ 19%] Built target turtlesim_pkg_msgs__rosidl_generator_c
[ 23%] [34m[1mGenerating C type support for eProsima Fast-RTPS[0m
[ 23%] [34m[1mGenerating C type support dispatch for ROS interfaces[0m
[ 25%] [34m[1mGenerating C introspection for ROS interfaces[0m
[ 27%] [32mBuilding CXX object CMakeFiles/turtlesim_pkg_msgs__rosidl_typesupport_cpp.dir/rosidl_typesupport_cpp/turtlesim_pkg_msgs/srv/catch_turtle__type_support.cpp.o[0m
[ 31%] [32mBuilding CXX object CMakeFiles/turtlesim_pkg_msgs__rosidl_typesupport_cpp.dir/rosidl_typesupport_cpp/turtlesim_pkg_msgs/msg/turtle_array__type_support.cpp.o[0m
[ 31%] [32mBuilding CXX object CMakeFiles/turtlesim_pkg_msgs__rosidl_typesupport_cpp.dir/rosidl_typesupport_cpp/turtlesim_pkg_msgs/msg/turtle__type_support.cpp.o[0m
[ 36%] [32mBuilding CXX object CMakeFiles/turtlesim_pkg_msgs__rosidl_typesupport_introspection_cpp.dir/rosidl_typesupport_introspection_cpp/turtlesim_pkg_msgs/msg/detail/turtle__type_support.cpp.o[0m
[ 36%] [32mBuilding CXX object CMakeFiles/turtlesim_pkg_msgs__rosidl_typesupport_introspection_cpp.dir/rosidl_typesupport_introspection_cpp/turtlesim_pkg_msgs/srv/detail/catch_turtle__type_support.cpp.o[0m
[ 38%] [32mBuilding CXX object CMakeFiles/turtlesim_pkg_msgs__rosidl_typesupport_introspection_cpp.dir/rosidl_typesupport_introspection_cpp/turtlesim_pkg_msgs/msg/detail/turtle_array__type_support.cpp.o[0m
[ 42%] [32mBuilding CXX object CMakeFiles/turtlesim_pkg_msgs__rosidl_typesupport_fastrtps_cpp.dir/rosidl_typesupport_fastrtps_cpp/turtlesim_pkg_msgs/srv/detail/dds_fastrtps/catch_turtle__type_support.cpp.o[0m
[ 42%] [32mBuilding CXX object CMakeFiles/turtlesim_pkg_msgs__rosidl_typesupport_fastrtps_cpp.dir/rosidl_typesupport_fastrtps_cpp/turtlesim_pkg_msgs/msg/detail/dds_fastrtps/turtle_array__type_support.cpp.o[0m
[ 44%] [32mBuilding CXX object CMakeFiles/turtlesim_pkg_msgs__rosidl_typesupport_fastrtps_cpp.dir/rosidl_typesupport_fastrtps_cpp/turtlesim_pkg_msgs/msg/detail/dds_fastrtps/turtle__type_support.cpp.o[0m
[ 46%] [32mBuilding CXX object CMakeFiles/turtlesim_pkg_msgs__rosidl_typesupport_c.dir/rosidl_typesupport_c/turtlesim_pkg_msgs/msg/turtle_array__type_support.cpp.o[0m
[ 48%] [32mBuilding CXX object CMakeFiles/turtlesim_pkg_msgs__rosidl_typesupport_c.dir/rosidl_typesupport_c/turtlesim_pkg_msgs/msg/turtle__type_support.cpp.o[0m
[ 51%] [32mBuilding CXX object CMakeFiles/turtlesim_pkg_msgs__rosidl_typesupport_c.dir/rosidl_typesupport_c/turtlesim_pkg_msgs/srv/catch_turtle__type_support.cpp.o[0m
[ 53%] [32m[1mLinking CXX shared library libturtlesim_pkg_msgs__rosidl_typesupport_c.so[0m
[ 55%] [32mBuilding CXX object CMakeFiles/turtlesim_pkg_msgs__rosidl_typesupport_fastrtps_c.dir/rosidl_typesupport_fastrtps_c/turtlesim_pkg_msgs/msg/detail/turtle_array__type_support_c.cpp.o[0m
[ 57%] [32mBuilding CXX object CMakeFiles/turtlesim_pkg_msgs__rosidl_typesupport_fastrtps_c.dir/rosidl_typesupport_fastrtps_c/turtlesim_pkg_msgs/srv/detail/catch_turtle__type_support_c.cpp.o[0m
[ 59%] [32mBuilding CXX object CMakeFiles/turtlesim_pkg_msgs__rosidl_typesupport_fastrtps_c.dir/rosidl_typesupport_fastrtps_c/turtlesim_pkg_msgs/msg/detail/turtle__type_support_c.cpp.o[0m
[ 59%] Built target turtlesim_pkg_msgs__rosidl_typesupport_c
[ 61%] [32mBuilding C object CMakeFiles/turtlesim_pkg_msgs__rosidl_typesupport_introspection_c.dir/rosidl_typesupport_introspection_c/turtlesim_pkg_msgs/msg/detail/turtle__type_support.c.o[0m
[ 63%] [32mBuilding C object CMakeFiles/turtlesim_pkg_msgs__rosidl_typesupport_introspection_c.dir/rosidl_typesupport_introspection_c/turtlesim_pkg_msgs/msg/detail/turtle_array__type_support.c.o[0m
[ 65%] [32mBuilding C object CMakeFiles/turtlesim_pkg_msgs__rosidl_typesupport_introspection_c.dir/rosidl_typesupport_introspection_c/turtlesim_pkg_msgs/srv/detail/catch_turtle__type_support.c.o[0m
[ 68%] [32m[1mLinking CXX shared library libturtlesim_pkg_msgs__rosidl_typesupport_cpp.so[0m
[ 70%] [32m[1mLinking C shared library libturtlesim_pkg_msgs__rosidl_typesupport_introspection_c.so[0m
[ 70%] Built target turtlesim_pkg_msgs__rosidl_typesupport_cpp
[ 70%] Built target turtlesim_pkg_msgs__rosidl_typesupport_introspection_c
[ 72%] [32m[1mLinking CXX shared library libturtlesim_pkg_msgs__rosidl_typesupport_introspection_cpp.so[0m
[ 74%] [32m[1mLinking CXX shared library libturtlesim_pkg_msgs__rosidl_typesupport_fastrtps_cpp.so[0m
[ 76%] [32m[1mLinking CXX shared library libturtlesim_pkg_msgs__rosidl_typesupport_fastrtps_c.so[0m
[ 76%] Built target turtlesim_pkg_msgs__rosidl_typesupport_introspection_cpp
[ 76%] Built target turtlesim_pkg_msgs__rosidl_typesupport_fastrtps_cpp
[ 76%] Built target turtlesim_pkg_msgs__rosidl_typesupport_fastrtps_c
[ 76%] Built target turtlesim_pkg_msgs
[ 78%] [34m[1mGenerating Python code for ROS interfaces[0m
[ 78%] Built target turtlesim_pkg_msgs__py
[ 85%] [32mBuilding C object CMakeFiles/turtlesim_pkg_msgs__rosidl_generator_py.dir/rosidl_generator_py/turtlesim_pkg_msgs/msg/_turtle_array_s.c.o[0m
[ 85%] [32mBuilding C object CMakeFiles/turtlesim_pkg_msgs__rosidl_generator_py.dir/rosidl_generator_py/turtlesim_pkg_msgs/srv/_catch_turtle_s.c.o[0m
[ 85%] [32mBuilding C object CMakeFiles/turtlesim_pkg_msgs__rosidl_generator_py.dir/rosidl_generator_py/turtlesim_pkg_msgs/msg/_turtle_s.c.o[0m
[ 87%] [32m[1mLinking C shared library rosidl_generator_py/turtlesim_pkg_msgs/libturtlesim_pkg_msgs__rosidl_generator_py.so[0m
[ 87%] Built target turtlesim_pkg_msgs__rosidl_generator_py
[ 93%] [32mBuilding C object CMakeFiles/turtlesim_pkg_msgs__rosidl_typesupport_c__pyext.dir/rosidl_generator_py/turtlesim_pkg_msgs/_turtlesim_pkg_msgs_s.ep.rosidl_typesupport_c.c.o[0m
[ 93%] [32mBuilding C object CMakeFiles/turtlesim_pkg_msgs__rosidl_typesupport_fastrtps_c__pyext.dir/rosidl_generator_py/turtlesim_pkg_msgs/_turtlesim_pkg_msgs_s.ep.rosidl_typesupport_fastrtps_c.c.o[0m
[ 93%] [32mBuilding C object CMakeFiles/turtlesim_pkg_msgs__rosidl_typesupport_introspection_c__pyext.dir/rosidl_generator_py/turtlesim_pkg_msgs/_turtlesim_pkg_msgs_s.ep.rosidl_typesupport_introspection_c.c.o[0m
[ 97%] [32m[1mLinking C shared library rosidl_generator_py/turtlesim_pkg_msgs/turtlesim_pkg_msgs_s__rosidl_typesupport_c.cpython-310-x86_64-linux-gnu.so[0m
[ 97%] [32m[1mLinking C shared library rosidl_generator_py/turtlesim_pkg_msgs/turtlesim_pkg_msgs_s__rosidl_typesupport_introspection_c.cpython-310-x86_64-linux-gnu.so[0m
[100%] [32m[1mLinking C shared library rosidl_generator_py/turtlesim_pkg_msgs/turtlesim_pkg_msgs_s__rosidl_typesupport_fastrtps_c.cpython-310-x86_64-linux-gnu.so[0m
[100%] Built target turtlesim_pkg_msgs__rosidl_typesupport_introspection_c__pyext
[100%] Built target turtlesim_pkg_msgs__rosidl_typesupport_fastrtps_c__pyext
[100%] Built target turtlesim_pkg_msgs__rosidl_typesupport_c__pyext
-- Install configuration: ""
-- Installing: /home/sjmock/ros2_ws/src/install/turtlesim_pkg_msgs/share/ament_index/resource_index/rosidl_interfaces/turtlesim_pkg_msgs
-- Installing: /home/sjmock/ros2_ws/src/install/turtlesim_pkg_msgs/include/turtlesim_pkg_msgs/turtlesim_pkg_msgs
-- Installing: /home/sjmock/ros2_ws/src/install/turtlesim_pkg_msgs/include/turtlesim_pkg_msgs/turtlesim_pkg_msgs/srv
-- Installing: /home/sjmock/ros2_ws/src/install/turtlesim_pkg_msgs/include/turtlesim_pkg_msgs/turtlesim_pkg_msgs/srv/detail
-- Installing: /home/sjmock/ros2_ws/src/install/turtlesim_pkg_msgs/include/turtlesim_pkg_msgs/turtlesim_pkg_msgs/srv/detail/catch_turtle__struct.h
-- Installing: /home/sjmock/ros2_ws/src/install/turtlesim_pkg_msgs/include/turtlesim_pkg_msgs/turtlesim_pkg_msgs/srv/detail/catch_turtle__functions.h
-- Installing: /home/sjmock/ros2_ws/src/install/turtlesim_pkg_msgs/include/turtlesim_pkg_msgs/turtlesim_pkg_msgs/srv/detail/catch_turtle__type_support.h
-- Installing: /home/sjmock/ros2_ws/src/install/turtlesim_pkg_msgs/include/turtlesim_pkg_msgs/turtlesim_pkg_msgs/srv/detail/catch_turtle__functions.c
-- Installing: /home/sjmock/ros2_ws/src/install/turtlesim_pkg_msgs/include/turtlesim_pkg_msgs/turtlesim_pkg_msgs/srv/catch_turtle.h
-- Installing: /home/sjmock/ros2_ws/src/install/turtlesim_pkg_msgs/include/turtlesim_pkg_msgs/turtlesim_pkg_msgs/msg
-- Installing: /home/sjmock/ros2_ws/src/install/turtlesim_pkg_msgs/include/turtlesim_pkg_msgs/turtlesim_pkg_msgs/msg/turtle.h
-- Installing: /home/sjmock/ros2_ws/src/install/turtlesim_pkg_msgs/include/turtlesim_pkg_msgs/turtlesim_pkg_msgs/msg/detail
-- Installing: /home/sjmock/ros2_ws/src/install/turtlesim_pkg_msgs/include/turtlesim_pkg_msgs/turtlesim_pkg_msgs/msg/detail/turtle_array__functions.h
-- Installing: /home/sjmock/ros2_ws/src/install/turtlesim_pkg_msgs/include/turtlesim_pkg_msgs/turtlesim_pkg_msgs/msg/detail/turtle__type_support.h
-- Installing: /home/sjmock/ros2_ws/src/install/turtlesim_pkg_msgs/include/turtlesim_pkg_msgs/turtlesim_pkg_msgs/msg/detail/turtle_array__functions.c
-- Installing: /home/sjmock/ros2_ws/src/install/turtlesim_pkg_msgs/include/turtlesim_pkg_msgs/turtlesim_pkg_msgs/msg/detail/turtle_array__type_support.h
-- Installing: /home/sjmock/ros2_ws/src/install/turtlesim_pkg_msgs/include/turtlesim_pkg_msgs/turtlesim_pkg_msgs/msg/detail/turtle_array__struct.h
-- Installing: /home/sjmock/ros2_ws/src/install/turtlesim_pkg_msgs/include/turtlesim_pkg_msgs/turtlesim_pkg_msgs/msg/detail/turtle__struct.h
-- Installing: /home/sjmock/ros2_ws/src/install/turtlesim_pkg_msgs/include/turtlesim_pkg_msgs/turtlesim_pkg_msgs/msg/detail/turtle__functions.c
-- Installing: /home/sjmock/ros2_ws/src/install/turtlesim_pkg_msgs/include/turtlesim_pkg_msgs/turtlesim_pkg_msgs/msg/detail/turtle__functions.h
-- Installing: /home/sjmock/ros2_ws/src/install/turtlesim_pkg_msgs/include/turtlesim_pkg_msgs/turtlesim_pkg_msgs/msg/rosidl_generator_c__visibility_control.h
-- Installing: /home/sjmock/ros2_ws/src/install/turtlesim_pkg_msgs/include/turtlesim_pkg_msgs/turtlesim_pkg_msgs/msg/turtle_array.h
-- Installing: /home/sjmock/ros2_ws/src/install/turtlesim_pkg_msgs/share/turtlesim_pkg_msgs/environment/library_path.sh
-- Installing: /home/sjmock/ros2_ws/src/install/turtlesim_pkg_msgs/share/turtlesim_pkg_msgs/environment/library_path.dsv
-- Installing: /home/sjmock/ros2_ws/src/install/turtlesim_pkg_msgs/lib/libturtlesim_pkg_msgs__rosidl_generator_c.so
-- Set runtime path of "/home/sjmock/ros2_ws/src/install/turtlesim_pkg_msgs/lib/libturtlesim_pkg_msgs__rosidl_generator_c.so" to ""
-- Up-to-date: /home/sjmock/ros2_ws/src/install/turtlesim_pkg_msgs/include/turtlesim_pkg_msgs/turtlesim_pkg_msgs
-- Up-to-date: /home/sjmock/ros2_ws/src/install/turtlesim_pkg_msgs/include/turtlesim_pkg_msgs/turtlesim_pkg_msgs/srv
-- Up-to-date: /home/sjmock/ros2_ws/src/install/turtlesim_pkg_msgs/include/turtlesim_pkg_msgs/turtlesim_pkg_msgs/srv/detail
-- Installing: /home/sjmock/ros2_ws/src/install/turtlesim_pkg_msgs/include/turtlesim_pkg_msgs/turtlesim_pkg_msgs/srv/detail/catch_turtle__rosidl_typesupport_fastrtps_c.h
-- Up-to-date: /home/sjmock/ros2_ws/src/install/turtlesim_pkg_msgs/include/turtlesim_pkg_msgs/turtlesim_pkg_msgs/msg
-- Installing: /home/sjmock/ros2_ws/src/install/turtlesim_pkg_msgs/include/turtlesim_pkg_msgs/turtlesim_pkg_msgs/msg/rosidl_typesupport_fastrtps_c__visibility_control.h
-- Up-to-date: /home/sjmock/ros2_ws/src/install/turtlesim_pkg_msgs/include/turtlesim_pkg_msgs/turtlesim_pkg_msgs/msg/detail
-- Installing: /home/sjmock/ros2_ws/src/install/turtlesim_pkg_msgs/include/turtlesim_pkg_msgs/turtlesim_pkg_msgs/msg/detail/turtle__rosidl_typesupport_fastrtps_c.h
-- Installing: /home/sjmock/ros2_ws/src/install/turtlesim_pkg_msgs/include/turtlesim_pkg_msgs/turtlesim_pkg_msgs/msg/detail/turtle_array__rosidl_typesupport_fastrtps_c.h
-- Installing: /home/sjmock/ros2_ws/src/install/turtlesim_pkg_msgs/lib/libturtlesim_pkg_msgs__rosidl_typesupport_fastrtps_c.so
-- Set runtime path of "/home/sjmock/ros2_ws/src/install/turtlesim_pkg_msgs/lib/libturtlesim_pkg_msgs__rosidl_typesupport_fastrtps_c.so" to ""
-- Up-to-date: /home/sjmock/ros2_ws/src/install/turtlesim_pkg_msgs/include/turtlesim_pkg_msgs/turtlesim_pkg_msgs
-- Up-to-date: /home/sjmock/ros2_ws/src/install/turtlesim_pkg_msgs/include/turtlesim_pkg_msgs/turtlesim_pkg_msgs/srv
-- Up-to-date: /home/sjmock/ros2_ws/src/install/turtlesim_pkg_msgs/include/turtlesim_pkg_msgs/turtlesim_pkg_msgs/srv/detail
-- Installing: /home/sjmock/ros2_ws/src/install/turtlesim_pkg_msgs/include/turtlesim_pkg_msgs/turtlesim_pkg_msgs/srv/detail/catch_turtle__rosidl_typesupport_introspection_c.h
-- Installing: /home/sjmock/ros2_ws/src/install/turtlesim_pkg_msgs/include/turtlesim_pkg_msgs/turtlesim_pkg_msgs/srv/detail/catch_turtle__type_support.c
-- Up-to-date: /home/sjmock/ros2_ws/src/install/turtlesim_pkg_msgs/include/turtlesim_pkg_msgs/turtlesim_pkg_msgs/msg
-- Installing: /home/sjmock/ros2_ws/src/install/turtlesim_pkg_msgs/include/turtlesim_pkg_msgs/turtlesim_pkg_msgs/msg/rosidl_typesupport_introspection_c__visibility_control.h
-- Up-to-date: /home/sjmock/ros2_ws/src/install/turtlesim_pkg_msgs/include/turtlesim_pkg_msgs/turtlesim_pkg_msgs/msg/detail
-- Installing: /home/sjmock/ros2_ws/src/install/turtlesim_pkg_msgs/include/turtlesim_pkg_msgs/turtlesim_pkg_msgs/msg/detail/turtle__rosidl_typesupport_introspection_c.h
-- Installing: /home/sjmock/ros2_ws/src/install/turtlesim_pkg_msgs/include/turtlesim_pkg_msgs/turtlesim_pkg_msgs/msg/detail/turtle_array__rosidl_typesupport_introspection_c.h
-- Installing: /home/sjmock/ros2_ws/src/install/turtlesim_pkg_msgs/include/turtlesim_pkg_msgs/turtlesim_pkg_msgs/msg/detail/turtle_array__type_support.c
-- Installing: /home/sjmock/ros2_ws/src/install/turtlesim_pkg_msgs/include/turtlesim_pkg_msgs/turtlesim_pkg_msgs/msg/detail/turtle__type_support.c
-- Installing: /home/sjmock/ros2_ws/src/install/turtlesim_pkg_msgs/lib/libturtlesim_pkg_msgs__rosidl_typesupport_introspection_c.so
-- Set runtime path of "/home/sjmock/ros2_ws/src/install/turtlesim_pkg_msgs/lib/libturtlesim_pkg_msgs__rosidl_typesupport_introspection_c.so" to ""
-- Installing: /home/sjmock/ros2_ws/src/install/turtlesim_pkg_msgs/lib/libturtlesim_pkg_msgs__rosidl_typesupport_c.so
-- Set runtime path of "/home/sjmock/ros2_ws/src/install/turtlesim_pkg_msgs/lib/libturtlesim_pkg_msgs__rosidl_typesupport_c.so" to ""
-- Up-to-date: /home/sjmock/ros2_ws/src/install/turtlesim_pkg_msgs/include/turtlesim_pkg_msgs/turtlesim_pkg_msgs
-- Up-to-date: /home/sjmock/ros2_ws/src/install/turtlesim_pkg_msgs/include/turtlesim_pkg_msgs/turtlesim_pkg_msgs/srv
-- Installing: /home/sjmock/ros2_ws/src/install/turtlesim_pkg_msgs/include/turtlesim_pkg_msgs/turtlesim_pkg_msgs/srv/catch_turtle.hpp
-- Up-to-date: /home/sjmock/ros2_ws/src/install/turtlesim_pkg_msgs/include/turtlesim_pkg_msgs/turtlesim_pkg_msgs/srv/detail
-- Installing: /home/sjmock/ros2_ws/src/install/turtlesim_pkg_msgs/include/turtlesim_pkg_msgs/turtlesim_pkg_msgs/srv/detail/catch_turtle__traits.hpp
-- Installing: /home/sjmock/ros2_ws/src/install/turtlesim_pkg_msgs/include/turtlesim_pkg_msgs/turtlesim_pkg_msgs/srv/detail/catch_turtle__struct.hpp
-- Installing: /home/sjmock/ros2_ws/src/install/turtlesim_pkg_msgs/include/turtlesim_pkg_msgs/turtlesim_pkg_msgs/srv/detail/catch_turtle__builder.hpp
-- Up-to-date: /home/sjmock/ros2_ws/src/install/turtlesim_pkg_msgs/include/turtlesim_pkg_msgs/turtlesim_pkg_msgs/msg
-- Up-to-date: /home/sjmock/ros2_ws/src/install/turtlesim_pkg_msgs/include/turtlesim_pkg_msgs/turtlesim_pkg_msgs/msg/detail
-- Installing: /home/sjmock/ros2_ws/src/install/turtlesim_pkg_msgs/include/turtlesim_pkg_msgs/turtlesim_pkg_msgs/msg/detail/turtle_array__traits.hpp
-- Installing: /home/sjmock/ros2_ws/src/install/turtlesim_pkg_msgs/include/turtlesim_pkg_msgs/turtlesim_pkg_msgs/msg/detail/turtle__struct.hpp
-- Installing: /home/sjmock/ros2_ws/src/install/turtlesim_pkg_msgs/include/turtlesim_pkg_msgs/turtlesim_pkg_msgs/msg/detail/turtle__traits.hpp
-- Installing: /home/sjmock/ros2_ws/src/install/turtlesim_pkg_msgs/include/turtlesim_pkg_msgs/turtlesim_pkg_msgs/msg/detail/turtle__builder.hpp
-- Installing: /home/sjmock/ros2_ws/src/install/turtlesim_pkg_msgs/include/turtlesim_pkg_msgs/turtlesim_pkg_msgs/msg/detail/turtle_array__builder.hpp
-- Installing: /home/sjmock/ros2_ws/src/install/turtlesim_pkg_msgs/include/turtlesim_pkg_msgs/turtlesim_pkg_msgs/msg/detail/turtle_array__struct.hpp
-- Installing: /home/sjmock/ros2_ws/src/install/turtlesim_pkg_msgs/include/turtlesim_pkg_msgs/turtlesim_pkg_msgs/msg/turtle.hpp
-- Installing: /home/sjmock/ros2_ws/src/install/turtlesim_pkg_msgs/include/turtlesim_pkg_msgs/turtlesim_pkg_msgs/msg/turtle_array.hpp
-- Up-to-date: /home/sjmock/ros2_ws/src/install/turtlesim_pkg_msgs/include/turtlesim_pkg_msgs/turtlesim_pkg_msgs
-- Up-to-date: /home/sjmock/ros2_ws/src/install/turtlesim_pkg_msgs/include/turtlesim_pkg_msgs/turtlesim_pkg_msgs/srv
-- Up-to-date: /home/sjmock/ros2_ws/src/install/turtlesim_pkg_msgs/include/turtlesim_pkg_msgs/turtlesim_pkg_msgs/srv/detail
-- Installing: /home/sjmock/ros2_ws/src/install/turtlesim_pkg_msgs/include/turtlesim_pkg_msgs/turtlesim_pkg_msgs/srv/detail/catch_turtle__rosidl_typesupport_fastrtps_cpp.hpp
-- Installing: /home/sjmock/ros2_ws/src/install/turtlesim_pkg_msgs/include/turtlesim_pkg_msgs/turtlesim_pkg_msgs/srv/detail/dds_fastrtps
-- Up-to-date: /home/sjmock/ros2_ws/src/install/turtlesim_pkg_msgs/include/turtlesim_pkg_msgs/turtlesim_pkg_msgs/msg
-- Up-to-date: /home/sjmock/ros2_ws/src/install/turtlesim_pkg_msgs/include/turtlesim_pkg_msgs/turtlesim_pkg_msgs/msg/detail
-- Installing: /home/sjmock/ros2_ws/src/install/turtlesim_pkg_msgs/include/turtlesim_pkg_msgs/turtlesim_pkg_msgs/msg/detail/turtle__rosidl_typesupport_fastrtps_cpp.hpp
-- Installing: /home/sjmock/ros2_ws/src/install/turtlesim_pkg_msgs/include/turtlesim_pkg_msgs/turtlesim_pkg_msgs/msg/detail/dds_fastrtps
-- Installing: /home/sjmock/ros2_ws/src/install/turtlesim_pkg_msgs/include/turtlesim_pkg_msgs/turtlesim_pkg_msgs/msg/detail/turtle_array__rosidl_typesupport_fastrtps_cpp.hpp
-- Installing: /home/sjmock/ros2_ws/src/install/turtlesim_pkg_msgs/include/turtlesim_pkg_msgs/turtlesim_pkg_msgs/msg/rosidl_typesupport_fastrtps_cpp__visibility_control.h
-- Installing: /home/sjmock/ros2_ws/src/install/turtlesim_pkg_msgs/lib/libturtlesim_pkg_msgs__rosidl_typesupport_fastrtps_cpp.so
-- Set runtime path of "/home/sjmock/ros2_ws/src/install/turtlesim_pkg_msgs/lib/libturtlesim_pkg_msgs__rosidl_typesupport_fastrtps_cpp.so" to ""
-- Up-to-date: /home/sjmock/ros2_ws/src/install/turtlesim_pkg_msgs/include/turtlesim_pkg_msgs/turtlesim_pkg_msgs
-- Up-to-date: /home/sjmock/ros2_ws/src/install/turtlesim_pkg_msgs/include/turtlesim_pkg_msgs/turtlesim_pkg_msgs/srv
-- Up-to-date: /home/sjmock/ros2_ws/src/install/turtlesim_pkg_msgs/include/turtlesim_pkg_msgs/turtlesim_pkg_msgs/srv/detail
-- Installing: /home/sjmock/ros2_ws/src/install/turtlesim_pkg_msgs/include/turtlesim_pkg_msgs/turtlesim_pkg_msgs/srv/detail/catch_turtle__rosidl_typesupport_introspection_cpp.hpp
-- Installing: /home/sjmock/ros2_ws/src/install/turtlesim_pkg_msgs/include/turtlesim_pkg_msgs/turtlesim_pkg_msgs/srv/detail/catch_turtle__type_support.cpp
-- Up-to-date: /home/sjmock/ros2_ws/src/install/turtlesim_pkg_msgs/include/turtlesim_pkg_msgs/turtlesim_pkg_msgs/msg
-- Up-to-date: /home/sjmock/ros2_ws/src/install/turtlesim_pkg_msgs/include/turtlesim_pkg_msgs/turtlesim_pkg_msgs/msg/detail
-- Installing: /home/sjmock/ros2_ws/src/install/turtlesim_pkg_msgs/include/turtlesim_pkg_msgs/turtlesim_pkg_msgs/msg/detail/turtle__rosidl_typesupport_introspection_cpp.hpp
-- Installing: /home/sjmock/ros2_ws/src/install/turtlesim_pkg_msgs/include/turtlesim_pkg_msgs/turtlesim_pkg_msgs/msg/detail/turtle_array__rosidl_typesupport_introspection_cpp.hpp
-- Installing: /home/sjmock/ros2_ws/src/install/turtlesim_pkg_msgs/include/turtlesim_pkg_msgs/turtlesim_pkg_msgs/msg/detail/turtle__type_support.cpp
-- Installing: /home/sjmock/ros2_ws/src/install/turtlesim_pkg_msgs/include/turtlesim_pkg_msgs/turtlesim_pkg_msgs/msg/detail/turtle_array__type_support.cpp
-- Installing: /home/sjmock/ros2_ws/src/install/turtlesim_pkg_msgs/lib/libturtlesim_pkg_msgs__rosidl_typesupport_introspection_cpp.so
-- Set runtime path of "/home/sjmock/ros2_ws/src/install/turtlesim_pkg_msgs/lib/libturtlesim_pkg_msgs__rosidl_typesupport_introspection_cpp.so" to ""
-- Installing: /home/sjmock/ros2_ws/src/install/turtlesim_pkg_msgs/lib/libturtlesim_pkg_msgs__rosidl_typesupport_cpp.so
-- Set runtime path of "/home/sjmock/ros2_ws/src/install/turtlesim_pkg_msgs/lib/libturtlesim_pkg_msgs__rosidl_typesupport_cpp.so" to ""
-- Installing: /home/sjmock/ros2_ws/src/install/turtlesim_pkg_msgs/share/turtlesim_pkg_msgs/environment/pythonpath.sh
-- Installing: /home/sjmock/ros2_ws/src/install/turtlesim_pkg_msgs/share/turtlesim_pkg_msgs/environment/pythonpath.dsv
-- Installing: /home/sjmock/ros2_ws/src/install/turtlesim_pkg_msgs/local/lib/python3.10/dist-packages/turtlesim_pkg_msgs-0.0.0-py3.10.egg-info
-- Installing: /home/sjmock/ros2_ws/src/install/turtlesim_pkg_msgs/local/lib/python3.10/dist-packages/turtlesim_pkg_msgs-0.0.0-py3.10.egg-info/dependency_links.txt
-- Installing: /home/sjmock/ros2_ws/src/install/turtlesim_pkg_msgs/local/lib/python3.10/dist-packages/turtlesim_pkg_msgs-0.0.0-py3.10.egg-info/PKG-INFO
-- Installing: /home/sjmock/ros2_ws/src/install/turtlesim_pkg_msgs/local/lib/python3.10/dist-packages/turtlesim_pkg_msgs-0.0.0-py3.10.egg-info/SOURCES.txt
-- Installing: /home/sjmock/ros2_ws/src/install/turtlesim_pkg_msgs/local/lib/python3.10/dist-packages/turtlesim_pkg_msgs-0.0.0-py3.10.egg-info/top_level.txt
-- Installing: /home/sjmock/ros2_ws/src/install/turtlesim_pkg_msgs/local/lib/python3.10/dist-packages/turtlesim_pkg_msgs
-- Installing: /home/sjmock/ros2_ws/src/install/turtlesim_pkg_msgs/local/lib/python3.10/dist-packages/turtlesim_pkg_msgs/turtlesim_pkg_msgs_s__rosidl_typesupport_c.cpython-310-x86_64-linux-gnu.so
-- Installing: /home/sjmock/ros2_ws/src/install/turtlesim_pkg_msgs/local/lib/python3.10/dist-packages/turtlesim_pkg_msgs/srv
-- Installing: /home/sjmock/ros2_ws/src/install/turtlesim_pkg_msgs/local/lib/python3.10/dist-packages/turtlesim_pkg_msgs/srv/_catch_turtle.py
-- Installing: /home/sjmock/ros2_ws/src/install/turtlesim_pkg_msgs/local/lib/python3.10/dist-packages/turtlesim_pkg_msgs/srv/__init__.py
-- Installing: /home/sjmock/ros2_ws/src/install/turtlesim_pkg_msgs/local/lib/python3.10/dist-packages/turtlesim_pkg_msgs/srv/_catch_turtle_s.c
-- Installing: /home/sjmock/ros2_ws/src/install/turtlesim_pkg_msgs/local/lib/python3.10/dist-packages/turtlesim_pkg_msgs/__init__.py
-- Installing: /home/sjmock/ros2_ws/src/install/turtlesim_pkg_msgs/local/lib/python3.10/dist-packages/turtlesim_pkg_msgs/turtlesim_pkg_msgs_s__rosidl_typesupport_introspection_c.cpython-310-x86_64-linux-gnu.so
-- Installing: /home/sjmock/ros2_ws/src/install/turtlesim_pkg_msgs/local/lib/python3.10/dist-packages/turtlesim_pkg_msgs/turtlesim_pkg_msgs_s__rosidl_typesupport_fastrtps_c.cpython-310-x86_64-linux-gnu.so
-- Installing: /home/sjmock/ros2_ws/src/install/turtlesim_pkg_msgs/local/lib/python3.10/dist-packages/turtlesim_pkg_msgs/_turtlesim_pkg_msgs_s.ep.rosidl_typesupport_fastrtps_c.c
-- Installing: /home/sjmock/ros2_ws/src/install/turtlesim_pkg_msgs/local/lib/python3.10/dist-packages/turtlesim_pkg_msgs/msg
-- Installing: /home/sjmock/ros2_ws/src/install/turtlesim_pkg_msgs/local/lib/python3.10/dist-packages/turtlesim_pkg_msgs/msg/_turtle_s.c
-- Installing: /home/sjmock/ros2_ws/src/install/turtlesim_pkg_msgs/local/lib/python3.10/dist-packages/turtlesim_pkg_msgs/msg/_turtle_array.py
-- Installing: /home/sjmock/ros2_ws/src/install/turtlesim_pkg_msgs/local/lib/python3.10/dist-packages/turtlesim_pkg_msgs/msg/__init__.py
-- Installing: /home/sjmock/ros2_ws/src/install/turtlesim_pkg_msgs/local/lib/python3.10/dist-packages/turtlesim_pkg_msgs/msg/_turtle_array_s.c
-- Installing: /home/sjmock/ros2_ws/src/install/turtlesim_pkg_msgs/local/lib/python3.10/dist-packages/turtlesim_pkg_msgs/msg/_turtle.py
-- Installing: /home/sjmock/ros2_ws/src/install/turtlesim_pkg_msgs/local/lib/python3.10/dist-packages/turtlesim_pkg_msgs/libturtlesim_pkg_msgs__rosidl_generator_py.so
-- Installing: /home/sjmock/ros2_ws/src/install/turtlesim_pkg_msgs/local/lib/python3.10/dist-packages/turtlesim_pkg_msgs/_turtlesim_pkg_msgs_s.ep.rosidl_typesupport_c.c
-- Installing: /home/sjmock/ros2_ws/src/install/turtlesim_pkg_msgs/local/lib/python3.10/dist-packages/turtlesim_pkg_msgs/_turtlesim_pkg_msgs_s.ep.rosidl_typesupport_introspection_c.c
Listing '/home/sjmock/ros2_ws/src/install/turtlesim_pkg_msgs/local/lib/python3.10/dist-packages/turtlesim_pkg_msgs'...
Compiling '/home/sjmock/ros2_ws/src/install/turtlesim_pkg_msgs/local/lib/python3.10/dist-packages/turtlesim_pkg_msgs/__init__.py'...
Listing '/home/sjmock/ros2_ws/src/install/turtlesim_pkg_msgs/local/lib/python3.10/dist-packages/turtlesim_pkg_msgs/msg'...
Compiling '/home/sjmock/ros2_ws/src/install/turtlesim_pkg_msgs/local/lib/python3.10/dist-packages/turtlesim_pkg_msgs/msg/__init__.py'...
Compiling '/home/sjmock/ros2_ws/src/install/turtlesim_pkg_msgs/local/lib/python3.10/dist-packages/turtlesim_pkg_msgs/msg/_turtle.py'...
Compiling '/home/sjmock/ros2_ws/src/install/turtlesim_pkg_msgs/local/lib/python3.10/dist-packages/turtlesim_pkg_msgs/msg/_turtle_array.py'...
Listing '/home/sjmock/ros2_ws/src/install/turtlesim_pkg_msgs/local/lib/python3.10/dist-packages/turtlesim_pkg_msgs/srv'...
Compiling '/home/sjmock/ros2_ws/src/install/turtlesim_pkg_msgs/local/lib/python3.10/dist-packages/turtlesim_pkg_msgs/srv/__init__.py'...
Compiling '/home/sjmock/ros2_ws/src/install/turtlesim_pkg_msgs/local/lib/python3.10/dist-packages/turtlesim_pkg_msgs/srv/_catch_turtle.py'...
-- Installing: /home/sjmock/ros2_ws/src/install/turtlesim_pkg_msgs/local/lib/python3.10/dist-packages/turtlesim_pkg_msgs/turtlesim_pkg_msgs_s__rosidl_typesupport_fastrtps_c.cpython-310-x86_64-linux-gnu.so
-- Set runtime path of "/home/sjmock/ros2_ws/src/install/turtlesim_pkg_msgs/local/lib/python3.10/dist-packages/turtlesim_pkg_msgs/turtlesim_pkg_msgs_s__rosidl_typesupport_fastrtps_c.cpython-310-x86_64-linux-gnu.so" to ""
-- Installing: /home/sjmock/ros2_ws/src/install/turtlesim_pkg_msgs/local/lib/python3.10/dist-packages/turtlesim_pkg_msgs/turtlesim_pkg_msgs_s__rosidl_typesupport_introspection_c.cpython-310-x86_64-linux-gnu.so
-- Set runtime path of "/home/sjmock/ros2_ws/src/install/turtlesim_pkg_msgs/local/lib/python3.10/dist-packages/turtlesim_pkg_msgs/turtlesim_pkg_msgs_s__rosidl_typesupport_introspection_c.cpython-310-x86_64-linux-gnu.so" to ""
-- Installing: /home/sjmock/ros2_ws/src/install/turtlesim_pkg_msgs/local/lib/python3.10/dist-packages/turtlesim_pkg_msgs/turtlesim_pkg_msgs_s__rosidl_typesupport_c.cpython-310-x86_64-linux-gnu.so
-- Set runtime path of "/home/sjmock/ros2_ws/src/install/turtlesim_pkg_msgs/local/lib/python3.10/dist-packages/turtlesim_pkg_msgs/turtlesim_pkg_msgs_s__rosidl_typesupport_c.cpython-310-x86_64-linux-gnu.so" to ""
-- Installing: /home/sjmock/ros2_ws/src/install/turtlesim_pkg_msgs/lib/libturtlesim_pkg_msgs__rosidl_generator_py.so
-- Set runtime path of "/home/sjmock/ros2_ws/src/install/turtlesim_pkg_msgs/lib/libturtlesim_pkg_msgs__rosidl_generator_py.so" to ""
-- Installing: /home/sjmock/ros2_ws/src/install/turtlesim_pkg_msgs/share/turtlesim_pkg_msgs/msg/Turtle.idl
-- Installing: /home/sjmock/ros2_ws/src/install/turtlesim_pkg_msgs/share/turtlesim_pkg_msgs/msg/TurtleArray.idl
-- Installing: /home/sjmock/ros2_ws/src/install/turtlesim_pkg_msgs/share/turtlesim_pkg_msgs/srv/CatchTurtle.idl
-- Installing: /home/sjmock/ros2_ws/src/install/turtlesim_pkg_msgs/share/turtlesim_pkg_msgs/msg/Turtle.msg
-- Installing: /home/sjmock/ros2_ws/src/install/turtlesim_pkg_msgs/share/turtlesim_pkg_msgs/msg/TurtleArray.msg
-- Installing: /home/sjmock/ros2_ws/src/install/turtlesim_pkg_msgs/share/turtlesim_pkg_msgs/srv/CatchTurtle.srv
-- Installing: /home/sjmock/ros2_ws/src/install/turtlesim_pkg_msgs/share/turtlesim_pkg_msgs/srv/CatchTurtle_Request.msg
-- Installing: /home/sjmock/ros2_ws/src/install/turtlesim_pkg_msgs/share/turtlesim_pkg_msgs/srv/CatchTurtle_Response.msg
-- Installing: /home/sjmock/ros2_ws/src/install/turtlesim_pkg_msgs/share/ament_index/resource_index/package_run_dependencies/turtlesim_pkg_msgs
-- Installing: /home/sjmock/ros2_ws/src/install/turtlesim_pkg_msgs/share/ament_index/resource_index/parent_prefix_path/turtlesim_pkg_msgs
-- Installing: /home/sjmock/ros2_ws/src/install/turtlesim_pkg_msgs/share/turtlesim_pkg_msgs/environment/ament_prefix_path.sh
-- Installing: /home/sjmock/ros2_ws/src/install/turtlesim_pkg_msgs/share/turtlesim_pkg_msgs/environment/ament_prefix_path.dsv
-- Installing: /home/sjmock/ros2_ws/src/install/turtlesim_pkg_msgs/share/turtlesim_pkg_msgs/environment/path.sh
-- Installing: /home/sjmock/ros2_ws/src/install/turtlesim_pkg_msgs/share/turtlesim_pkg_msgs/environment/path.dsv
-- Installing: /home/sjmock/ros2_ws/src/install/turtlesim_pkg_msgs/share/turtlesim_pkg_msgs/local_setup.bash
-- Installing: /home/sjmock/ros2_ws/src/install/turtlesim_pkg_msgs/share/turtlesim_pkg_msgs/local_setup.sh
-- Installing: /home/sjmock/ros2_ws/src/install/turtlesim_pkg_msgs/share/turtlesim_pkg_msgs/local_setup.zsh
-- Installing: /home/sjmock/ros2_ws/src/install/turtlesim_pkg_msgs/share/turtlesim_pkg_msgs/local_setup.dsv
-- Installing: /home/sjmock/ros2_ws/src/install/turtlesim_pkg_msgs/share/turtlesim_pkg_msgs/package.dsv
-- Installing: /home/sjmock/ros2_ws/src/install/turtlesim_pkg_msgs/share/ament_index/resource_index/packages/turtlesim_pkg_msgs
-- Installing: /home/sjmock/ros2_ws/src/install/turtlesim_pkg_msgs/share/turtlesim_pkg_msgs/cmake/export_turtlesim_pkg_msgs__rosidl_generator_cExport.cmake
-- Installing: /home/sjmock/ros2_ws/src/install/turtlesim_pkg_msgs/share/turtlesim_pkg_msgs/cmake/export_turtlesim_pkg_msgs__rosidl_generator_cExport-noconfig.cmake
-- Installing: /home/sjmock/ros2_ws/src/install/turtlesim_pkg_msgs/share/turtlesim_pkg_msgs/cmake/export_turtlesim_pkg_msgs__rosidl_typesupport_fastrtps_cExport.cmake
-- Installing: /home/sjmock/ros2_ws/src/install/turtlesim_pkg_msgs/share/turtlesim_pkg_msgs/cmake/export_turtlesim_pkg_msgs__rosidl_typesupport_fastrtps_cExport-noconfig.cmake
-- Installing: /home/sjmock/ros2_ws/src/install/turtlesim_pkg_msgs/share/turtlesim_pkg_msgs/cmake/turtlesim_pkg_msgs__rosidl_typesupport_introspection_cExport.cmake
-- Installing: /home/sjmock/ros2_ws/src/install/turtlesim_pkg_msgs/share/turtlesim_pkg_msgs/cmake/turtlesim_pkg_msgs__rosidl_typesupport_introspection_cExport-noconfig.cmake
-- Installing: /home/sjmock/ros2_ws/src/install/turtlesim_pkg_msgs/share/turtlesim_pkg_msgs/cmake/turtlesim_pkg_msgs__rosidl_typesupport_cExport.cmake
-- Installing: /home/sjmock/ros2_ws/src/install/turtlesim_pkg_msgs/share/turtlesim_pkg_msgs/cmake/turtlesim_pkg_msgs__rosidl_typesupport_cExport-noconfig.cmake
-- Installing: /home/sjmock/ros2_ws/src/install/turtlesim_pkg_msgs/share/turtlesim_pkg_msgs/cmake/export_turtlesim_pkg_msgs__rosidl_generator_cppExport.cmake
-- Installing: /home/sjmock/ros2_ws/src/install/turtlesim_pkg_msgs/share/turtlesim_pkg_msgs/cmake/export_turtlesim_pkg_msgs__rosidl_typesupport_fastrtps_cppExport.cmake
-- Installing: /home/sjmock/ros2_ws/src/install/turtlesim_pkg_msgs/share/turtlesim_pkg_msgs/cmake/export_turtlesim_pkg_msgs__rosidl_typesupport_fastrtps_cppExport-noconfig.cmake
-- Installing: /home/sjmock/ros2_ws/src/install/turtlesim_pkg_msgs/share/turtlesim_pkg_msgs/cmake/turtlesim_pkg_msgs__rosidl_typesupport_introspection_cppExport.cmake
-- Installing: /home/sjmock/ros2_ws/src/install/turtlesim_pkg_msgs/share/turtlesim_pkg_msgs/cmake/turtlesim_pkg_msgs__rosidl_typesupport_introspection_cppExport-noconfig.cmake
-- Installing: /home/sjmock/ros2_ws/src/install/turtlesim_pkg_msgs/share/turtlesim_pkg_msgs/cmake/turtlesim_pkg_msgs__rosidl_typesupport_cppExport.cmake
-- Installing: /home/sjmock/ros2_ws/src/install/turtlesim_pkg_msgs/share/turtlesim_pkg_msgs/cmake/turtlesim_pkg_msgs__rosidl_typesupport_cppExport-noconfig.cmake
-- Installing: /home/sjmock/ros2_ws/src/install/turtlesim_pkg_msgs/share/turtlesim_pkg_msgs/cmake/export_turtlesim_pkg_msgs__rosidl_generator_pyExport.cmake
-- Installing: /home/sjmock/ros2_ws/src/install/turtlesim_pkg_msgs/share/turtlesim_pkg_msgs/cmake/export_turtlesim_pkg_msgs__rosidl_generator_pyExport-noconfig.cmake
-- Installing: /home/sjmock/ros2_ws/src/install/turtlesim_pkg_msgs/share/turtlesim_pkg_msgs/cmake/rosidl_cmake-extras.cmake
-- Installing: /home/sjmock/ros2_ws/src/install/turtlesim_pkg_msgs/share/turtlesim_pkg_msgs/cmake/ament_cmake_export_include_directories-extras.cmake
-- Installing: /home/sjmock/ros2_ws/src/install/turtlesim_pkg_msgs/share/turtlesim_pkg_msgs/cmake/ament_cmake_export_libraries-extras.cmake
-- Installing: /home/sjmock/ros2_ws/src/install/turtlesim_pkg_msgs/share/turtlesim_pkg_msgs/cmake/ament_cmake_export_targets-extras.cmake
-- Installing: /home/sjmock/ros2_ws/src/install/turtlesim_pkg_msgs/share/turtlesim_pkg_msgs/cmake/rosidl_cmake_export_typesupport_targets-extras.cmake
-- Installing: /home/sjmock/ros2_ws/src/install/turtlesim_pkg_msgs/share/turtlesim_pkg_msgs/cmake/ament_cmake_export_dependencies-extras.cmake
-- Installing: /home/sjmock/ros2_ws/src/install/turtlesim_pkg_msgs/share/turtlesim_pkg_msgs/cmake/rosidl_cmake_export_typesupport_libraries-extras.cmake
-- Installing: /home/sjmock/ros2_ws/src/install/turtlesim_pkg_msgs/share/turtlesim_pkg_msgs/cmake/turtlesim_pkg_msgsConfig.cmake
-- Installing: /home/sjmock/ros2_ws/src/install/turtlesim_pkg_msgs/share/turtlesim_pkg_msgs/cmake/turtlesim_pkg_msgsConfig-version.cmake
-- Installing: /home/sjmock/ros2_ws/src/install/turtlesim_pkg_msgs/share/turtlesim_pkg_msgs/package.xml
