[0.009s] Invoking command in '/home/sjmock/ros2_ws/src/build/turtlesim_pkg_msgs': CMAKE_PREFIX_PATH=${CMAKE_PREFIX_PATH}:/home/sjmock/ros2_ws/install/turtlesim_pkg:/home/sjmock/ros2_ws/install/my_py_pkg:/opt/ros/humble /usr/bin/cmake /home/sjmock/ros2_ws/src/turtlesim_pkg_msgs -DCMAKE_INSTALL_PREFIX=/home/sjmock/ros2_ws/src/install/turtlesim_pkg_msgs
[0.017s] -- Found ament_cmake: 1.3.5 (/opt/ros/humble/share/ament_cmake/cmake)
[0.123s] -- Found rosidl_default_generators: 1.2.0 (/opt/ros/humble/share/rosidl_default_generators/cmake)
[0.125s] -- Using all available rosidl_typesupport_c: rosidl_typesupport_fastrtps_c;rosidl_typesupport_introspection_c
[0.129s] -- Found rosidl_adapter: 3.1.5 (/opt/ros/humble/share/rosidl_adapter/cmake)
[0.161s] -- Using all available rosidl_typesupport_cpp: rosidl_typesupport_fastrtps_cpp;rosidl_typesupport_introspection_cpp
[0.381s] -- Found ament_cmake_ros: 0.10.0 (/opt/ros/humble/share/ament_cmake_ros/cmake)
[0.554s] -- Using all available rosidl_typesupport_c: rosidl_typesupport_fastrtps_c;rosidl_typesupport_introspection_c
[0.812s] -- Using all available rosidl_typesupport_cpp: rosidl_typesupport_fastrtps_cpp;rosidl_typesupport_introspection_cpp
[0.848s] -- Found PythonInterp: /usr/bin/python3 (found suitable version "3.10.12", minimum required is "3.6") 
[0.851s] -- Found python_cmake_module: 0.10.0 (/opt/ros/humble/share/python_cmake_module/cmake)
[0.890s] -- Found PythonLibs: /usr/lib/x86_64-linux-gnu/libpython3.10.so (found suitable version "3.10.12", minimum required is "3.5") 
[0.891s] -- Using PYTHON_EXECUTABLE: /usr/bin/python3
[0.892s] -- Using PYTHON_INCLUDE_DIRS: /usr/include/python3.10
[0.892s] -- Using PYTHON_LIBRARIES: /usr/lib/x86_64-linux-gnu/libpython3.10.so
[0.932s] -- Found PythonExtra: .so  
[1.009s] -- Configuring done
[1.079s] -- Generating done
[1.082s] -- Build files have been written to: /home/sjmock/ros2_ws/src/build/turtlesim_pkg_msgs
[1.093s] Invoked command in '/home/sjmock/ros2_ws/src/build/turtlesim_pkg_msgs' returned '0': CMAKE_PREFIX_PATH=${CMAKE_PREFIX_PATH}:/home/sjmock/ros2_ws/install/turtlesim_pkg:/home/sjmock/ros2_ws/install/my_py_pkg:/opt/ros/humble /usr/bin/cmake /home/sjmock/ros2_ws/src/turtlesim_pkg_msgs -DCMAKE_INSTALL_PREFIX=/home/sjmock/ros2_ws/src/install/turtlesim_pkg_msgs
[1.102s] Invoking command in '/home/sjmock/ros2_ws/src/build/turtlesim_pkg_msgs': CMAKE_PREFIX_PATH=${CMAKE_PREFIX_PATH}:/home/sjmock/ros2_ws/install/turtlesim_pkg:/home/sjmock/ros2_ws/install/my_py_pkg:/opt/ros/humble /usr/bin/cmake --build /home/sjmock/ros2_ws/src/build/turtlesim_pkg_msgs -- -j16 -l16
[1.246s] [  2%] [34m[1mGenerating C code for ROS interfaces[0m
[1.254s] [  4%] [34m[1mGenerating C++ code for ROS interfaces[0m
[1.273s] [  4%] Built target ament_cmake_python_copy_turtlesim_pkg_msgs
[1.528s] running egg_info
[1.529s] creating turtlesim_pkg_msgs.egg-info
[1.529s] writing turtlesim_pkg_msgs.egg-info/PKG-INFO
[1.529s] writing dependency_links to turtlesim_pkg_msgs.egg-info/dependency_links.txt
[1.529s] writing top-level names to turtlesim_pkg_msgs.egg-info/top_level.txt
[1.529s] writing manifest file 'turtlesim_pkg_msgs.egg-info/SOURCES.txt'
[1.532s] reading manifest file 'turtlesim_pkg_msgs.egg-info/SOURCES.txt'
[1.532s] writing manifest file 'turtlesim_pkg_msgs.egg-info/SOURCES.txt'
[1.569s] [  4%] Built target ament_cmake_python_build_turtlesim_pkg_msgs_egg
[1.595s] [  4%] Built target turtlesim_pkg_msgs__cpp
[1.602s] [  6%] [34m[1mGenerating C++ type support for eProsima Fast-RTPS[0m
[1.602s] [  8%] [34m[1mGenerating C++ introspection for ROS interfaces[0m
[1.603s] [ 10%] [34m[1mGenerating C++ type support dispatch for ROS interfaces[0m
[1.647s] [ 14%] [32mBuilding C object CMakeFiles/turtlesim_pkg_msgs__rosidl_generator_c.dir/rosidl_generator_c/turtlesim_pkg_msgs/msg/detail/turtle__functions.c.o[0m
[1.647s] [ 14%] [32mBuilding C object CMakeFiles/turtlesim_pkg_msgs__rosidl_generator_c.dir/rosidl_generator_c/turtlesim_pkg_msgs/msg/detail/turtle_array__functions.c.o[0m
[1.648s] [ 17%] [32mBuilding C object CMakeFiles/turtlesim_pkg_msgs__rosidl_generator_c.dir/rosidl_generator_c/turtlesim_pkg_msgs/srv/detail/catch_turtle__functions.c.o[0m
[1.712s] [ 19%] [32m[1mLinking C shared library libturtlesim_pkg_msgs__rosidl_generator_c.so[0m
[1.746s] [ 19%] Built target turtlesim_pkg_msgs__rosidl_generator_c
[1.756s] [ 23%] [34m[1mGenerating C type support for eProsima Fast-RTPS[0m
[1.756s] [ 23%] [34m[1mGenerating C type support dispatch for ROS interfaces[0m
[1.757s] [ 25%] [34m[1mGenerating C introspection for ROS interfaces[0m
[1.897s] [ 27%] [32mBuilding CXX object CMakeFiles/turtlesim_pkg_msgs__rosidl_typesupport_cpp.dir/rosidl_typesupport_cpp/turtlesim_pkg_msgs/srv/catch_turtle__type_support.cpp.o[0m
[1.898s] [ 31%] [32mBuilding CXX object CMakeFiles/turtlesim_pkg_msgs__rosidl_typesupport_cpp.dir/rosidl_typesupport_cpp/turtlesim_pkg_msgs/msg/turtle_array__type_support.cpp.o[0m
[1.898s] [ 31%] [32mBuilding CXX object CMakeFiles/turtlesim_pkg_msgs__rosidl_typesupport_cpp.dir/rosidl_typesupport_cpp/turtlesim_pkg_msgs/msg/turtle__type_support.cpp.o[0m
[1.919s] [ 36%] [32mBuilding CXX object CMakeFiles/turtlesim_pkg_msgs__rosidl_typesupport_introspection_cpp.dir/rosidl_typesupport_introspection_cpp/turtlesim_pkg_msgs/msg/detail/turtle__type_support.cpp.o[0m
[1.919s] [ 36%] [32mBuilding CXX object CMakeFiles/turtlesim_pkg_msgs__rosidl_typesupport_introspection_cpp.dir/rosidl_typesupport_introspection_cpp/turtlesim_pkg_msgs/srv/detail/catch_turtle__type_support.cpp.o[0m
[1.929s] [ 38%] [32mBuilding CXX object CMakeFiles/turtlesim_pkg_msgs__rosidl_typesupport_introspection_cpp.dir/rosidl_typesupport_introspection_cpp/turtlesim_pkg_msgs/msg/detail/turtle_array__type_support.cpp.o[0m
[2.019s] [ 42%] [32mBuilding CXX object CMakeFiles/turtlesim_pkg_msgs__rosidl_typesupport_fastrtps_cpp.dir/rosidl_typesupport_fastrtps_cpp/turtlesim_pkg_msgs/srv/detail/dds_fastrtps/catch_turtle__type_support.cpp.o[0m
[2.020s] [ 42%] [32mBuilding CXX object CMakeFiles/turtlesim_pkg_msgs__rosidl_typesupport_fastrtps_cpp.dir/rosidl_typesupport_fastrtps_cpp/turtlesim_pkg_msgs/msg/detail/dds_fastrtps/turtle_array__type_support.cpp.o[0m
[2.020s] [ 44%] [32mBuilding CXX object CMakeFiles/turtlesim_pkg_msgs__rosidl_typesupport_fastrtps_cpp.dir/rosidl_typesupport_fastrtps_cpp/turtlesim_pkg_msgs/msg/detail/dds_fastrtps/turtle__type_support.cpp.o[0m
[2.101s] [ 46%] [32mBuilding CXX object CMakeFiles/turtlesim_pkg_msgs__rosidl_typesupport_c.dir/rosidl_typesupport_c/turtlesim_pkg_msgs/msg/turtle_array__type_support.cpp.o[0m
[2.101s] [ 48%] [32mBuilding CXX object CMakeFiles/turtlesim_pkg_msgs__rosidl_typesupport_c.dir/rosidl_typesupport_c/turtlesim_pkg_msgs/msg/turtle__type_support.cpp.o[0m
[2.103s] [ 51%] [32mBuilding CXX object CMakeFiles/turtlesim_pkg_msgs__rosidl_typesupport_c.dir/rosidl_typesupport_c/turtlesim_pkg_msgs/srv/catch_turtle__type_support.cpp.o[0m
[2.169s] [ 53%] [32m[1mLinking CXX shared library libturtlesim_pkg_msgs__rosidl_typesupport_c.so[0m
[2.204s] [ 55%] [32mBuilding CXX object CMakeFiles/turtlesim_pkg_msgs__rosidl_typesupport_fastrtps_c.dir/rosidl_typesupport_fastrtps_c/turtlesim_pkg_msgs/msg/detail/turtle_array__type_support_c.cpp.o[0m
[2.213s] [ 57%] [32mBuilding CXX object CMakeFiles/turtlesim_pkg_msgs__rosidl_typesupport_fastrtps_c.dir/rosidl_typesupport_fastrtps_c/turtlesim_pkg_msgs/srv/detail/catch_turtle__type_support_c.cpp.o[0m
[2.231s] [ 59%] [32mBuilding CXX object CMakeFiles/turtlesim_pkg_msgs__rosidl_typesupport_fastrtps_c.dir/rosidl_typesupport_fastrtps_c/turtlesim_pkg_msgs/msg/detail/turtle__type_support_c.cpp.o[0m
[2.250s] [ 59%] Built target turtlesim_pkg_msgs__rosidl_typesupport_c
[2.290s] [ 61%] [32mBuilding C object CMakeFiles/turtlesim_pkg_msgs__rosidl_typesupport_introspection_c.dir/rosidl_typesupport_introspection_c/turtlesim_pkg_msgs/msg/detail/turtle__type_support.c.o[0m
[2.291s] [ 63%] [32mBuilding C object CMakeFiles/turtlesim_pkg_msgs__rosidl_typesupport_introspection_c.dir/rosidl_typesupport_introspection_c/turtlesim_pkg_msgs/msg/detail/turtle_array__type_support.c.o[0m
[2.295s] [ 65%] [32mBuilding C object CMakeFiles/turtlesim_pkg_msgs__rosidl_typesupport_introspection_c.dir/rosidl_typesupport_introspection_c/turtlesim_pkg_msgs/srv/detail/catch_turtle__type_support.c.o[0m
[2.342s] [ 68%] [32m[1mLinking CXX shared library libturtlesim_pkg_msgs__rosidl_typesupport_cpp.so[0m
[2.355s] [ 70%] [32m[1mLinking C shared library libturtlesim_pkg_msgs__rosidl_typesupport_introspection_c.so[0m
[2.398s] [ 70%] Built target turtlesim_pkg_msgs__rosidl_typesupport_cpp
[2.402s] [ 70%] Built target turtlesim_pkg_msgs__rosidl_typesupport_introspection_c
[2.611s] [ 72%] [32m[1mLinking CXX shared library libturtlesim_pkg_msgs__rosidl_typesupport_introspection_cpp.so[0m
[2.721s] [ 74%] [32m[1mLinking CXX shared library libturtlesim_pkg_msgs__rosidl_typesupport_fastrtps_cpp.so[0m
[2.753s] [ 76%] [32m[1mLinking CXX shared library libturtlesim_pkg_msgs__rosidl_typesupport_fastrtps_c.so[0m
[2.764s] [ 76%] Built target turtlesim_pkg_msgs__rosidl_typesupport_introspection_cpp
[2.842s] [ 76%] Built target turtlesim_pkg_msgs__rosidl_typesupport_fastrtps_cpp
[2.854s] [ 76%] Built target turtlesim_pkg_msgs__rosidl_typesupport_fastrtps_c
[2.867s] [ 76%] Built target turtlesim_pkg_msgs
[2.882s] [ 78%] [34m[1mGenerating Python code for ROS interfaces[0m
[3.279s] [ 78%] Built target turtlesim_pkg_msgs__py
[3.293s] [ 85%] [32mBuilding C object CMakeFiles/turtlesim_pkg_msgs__rosidl_generator_py.dir/rosidl_generator_py/turtlesim_pkg_msgs/msg/_turtle_array_s.c.o[0m
[3.293s] [ 85%] [32mBuilding C object CMakeFiles/turtlesim_pkg_msgs__rosidl_generator_py.dir/rosidl_generator_py/turtlesim_pkg_msgs/srv/_catch_turtle_s.c.o[0m
[3.293s] [ 85%] [32mBuilding C object CMakeFiles/turtlesim_pkg_msgs__rosidl_generator_py.dir/rosidl_generator_py/turtlesim_pkg_msgs/msg/_turtle_s.c.o[0m
[3.369s] [ 87%] [32m[1mLinking C shared library rosidl_generator_py/turtlesim_pkg_msgs/libturtlesim_pkg_msgs__rosidl_generator_py.so[0m
[3.397s] [ 87%] Built target turtlesim_pkg_msgs__rosidl_generator_py
[3.412s] [ 93%] [32mBuilding C object CMakeFiles/turtlesim_pkg_msgs__rosidl_typesupport_c__pyext.dir/rosidl_generator_py/turtlesim_pkg_msgs/_turtlesim_pkg_msgs_s.ep.rosidl_typesupport_c.c.o[0m
[3.412s] [ 93%] [32mBuilding C object CMakeFiles/turtlesim_pkg_msgs__rosidl_typesupport_fastrtps_c__pyext.dir/rosidl_generator_py/turtlesim_pkg_msgs/_turtlesim_pkg_msgs_s.ep.rosidl_typesupport_fastrtps_c.c.o[0m
[3.412s] [ 93%] [32mBuilding C object CMakeFiles/turtlesim_pkg_msgs__rosidl_typesupport_introspection_c__pyext.dir/rosidl_generator_py/turtlesim_pkg_msgs/_turtlesim_pkg_msgs_s.ep.rosidl_typesupport_introspection_c.c.o[0m
[3.481s] [ 97%] [32m[1mLinking C shared library rosidl_generator_py/turtlesim_pkg_msgs/turtlesim_pkg_msgs_s__rosidl_typesupport_c.cpython-310-x86_64-linux-gnu.so[0m
[3.481s] [ 97%] [32m[1mLinking C shared library rosidl_generator_py/turtlesim_pkg_msgs/turtlesim_pkg_msgs_s__rosidl_typesupport_introspection_c.cpython-310-x86_64-linux-gnu.so[0m
[3.482s] [100%] [32m[1mLinking C shared library rosidl_generator_py/turtlesim_pkg_msgs/turtlesim_pkg_msgs_s__rosidl_typesupport_fastrtps_c.cpython-310-x86_64-linux-gnu.so[0m
[3.504s] [100%] Built target turtlesim_pkg_msgs__rosidl_typesupport_introspection_c__pyext
[3.505s] [100%] Built target turtlesim_pkg_msgs__rosidl_typesupport_fastrtps_c__pyext
[3.505s] [100%] Built target turtlesim_pkg_msgs__rosidl_typesupport_c__pyext
[3.512s] Invoked command in '/home/sjmock/ros2_ws/src/build/turtlesim_pkg_msgs' returned '0': CMAKE_PREFIX_PATH=${CMAKE_PREFIX_PATH}:/home/sjmock/ros2_ws/install/turtlesim_pkg:/home/sjmock/ros2_ws/install/my_py_pkg:/opt/ros/humble /usr/bin/cmake --build /home/sjmock/ros2_ws/src/build/turtlesim_pkg_msgs -- -j16 -l16
[3.571s] Invoking command in '/home/sjmock/ros2_ws/src/build/turtlesim_pkg_msgs': CMAKE_PREFIX_PATH=${CMAKE_PREFIX_PATH}:/home/sjmock/ros2_ws/install/turtlesim_pkg:/home/sjmock/ros2_ws/install/my_py_pkg:/opt/ros/humble /usr/bin/cmake --install /home/sjmock/ros2_ws/src/build/turtlesim_pkg_msgs
[3.578s] -- Install configuration: ""
[3.578s] -- Installing: /home/sjmock/ros2_ws/src/install/turtlesim_pkg_msgs/share/ament_index/resource_index/rosidl_interfaces/turtlesim_pkg_msgs
[3.578s] -- Installing: /home/sjmock/ros2_ws/src/install/turtlesim_pkg_msgs/include/turtlesim_pkg_msgs/turtlesim_pkg_msgs
[3.578s] -- Installing: /home/sjmock/ros2_ws/src/install/turtlesim_pkg_msgs/include/turtlesim_pkg_msgs/turtlesim_pkg_msgs/srv
[3.579s] -- Installing: /home/sjmock/ros2_ws/src/install/turtlesim_pkg_msgs/include/turtlesim_pkg_msgs/turtlesim_pkg_msgs/srv/detail
[3.579s] -- Installing: /home/sjmock/ros2_ws/src/install/turtlesim_pkg_msgs/include/turtlesim_pkg_msgs/turtlesim_pkg_msgs/srv/detail/catch_turtle__struct.h
[3.579s] -- Installing: /home/sjmock/ros2_ws/src/install/turtlesim_pkg_msgs/include/turtlesim_pkg_msgs/turtlesim_pkg_msgs/srv/detail/catch_turtle__functions.h
[3.579s] -- Installing: /home/sjmock/ros2_ws/src/install/turtlesim_pkg_msgs/include/turtlesim_pkg_msgs/turtlesim_pkg_msgs/srv/detail/catch_turtle__type_support.h
[3.579s] -- Installing: /home/sjmock/ros2_ws/src/install/turtlesim_pkg_msgs/include/turtlesim_pkg_msgs/turtlesim_pkg_msgs/srv/detail/catch_turtle__functions.c
[3.579s] -- Installing: /home/sjmock/ros2_ws/src/install/turtlesim_pkg_msgs/include/turtlesim_pkg_msgs/turtlesim_pkg_msgs/srv/catch_turtle.h
[3.579s] -- Installing: /home/sjmock/ros2_ws/src/install/turtlesim_pkg_msgs/include/turtlesim_pkg_msgs/turtlesim_pkg_msgs/msg
[3.579s] -- Installing: /home/sjmock/ros2_ws/src/install/turtlesim_pkg_msgs/include/turtlesim_pkg_msgs/turtlesim_pkg_msgs/msg/turtle.h
[3.579s] -- Installing: /home/sjmock/ros2_ws/src/install/turtlesim_pkg_msgs/include/turtlesim_pkg_msgs/turtlesim_pkg_msgs/msg/detail
[3.580s] -- Installing: /home/sjmock/ros2_ws/src/install/turtlesim_pkg_msgs/include/turtlesim_pkg_msgs/turtlesim_pkg_msgs/msg/detail/turtle_array__functions.h
[3.580s] -- Installing: /home/sjmock/ros2_ws/src/install/turtlesim_pkg_msgs/include/turtlesim_pkg_msgs/turtlesim_pkg_msgs/msg/detail/turtle__type_support.h
[3.580s] -- Installing: /home/sjmock/ros2_ws/src/install/turtlesim_pkg_msgs/include/turtlesim_pkg_msgs/turtlesim_pkg_msgs/msg/detail/turtle_array__functions.c
[3.580s] -- Installing: /home/sjmock/ros2_ws/src/install/turtlesim_pkg_msgs/include/turtlesim_pkg_msgs/turtlesim_pkg_msgs/msg/detail/turtle_array__type_support.h
[3.580s] -- Installing: /home/sjmock/ros2_ws/src/install/turtlesim_pkg_msgs/include/turtlesim_pkg_msgs/turtlesim_pkg_msgs/msg/detail/turtle_array__struct.h
[3.580s] -- Installing: /home/sjmock/ros2_ws/src/install/turtlesim_pkg_msgs/include/turtlesim_pkg_msgs/turtlesim_pkg_msgs/msg/detail/turtle__struct.h
[3.580s] -- Installing: /home/sjmock/ros2_ws/src/install/turtlesim_pkg_msgs/include/turtlesim_pkg_msgs/turtlesim_pkg_msgs/msg/detail/turtle__functions.c
[3.580s] -- Installing: /home/sjmock/ros2_ws/src/install/turtlesim_pkg_msgs/include/turtlesim_pkg_msgs/turtlesim_pkg_msgs/msg/detail/turtle__functions.h
[3.580s] -- Installing: /home/sjmock/ros2_ws/src/install/turtlesim_pkg_msgs/include/turtlesim_pkg_msgs/turtlesim_pkg_msgs/msg/rosidl_generator_c__visibility_control.h
[3.580s] -- Installing: /home/sjmock/ros2_ws/src/install/turtlesim_pkg_msgs/include/turtlesim_pkg_msgs/turtlesim_pkg_msgs/msg/turtle_array.h
[3.580s] -- Installing: /home/sjmock/ros2_ws/src/install/turtlesim_pkg_msgs/share/turtlesim_pkg_msgs/environment/library_path.sh
[3.580s] -- Installing: /home/sjmock/ros2_ws/src/install/turtlesim_pkg_msgs/share/turtlesim_pkg_msgs/environment/library_path.dsv
[3.580s] -- Installing: /home/sjmock/ros2_ws/src/install/turtlesim_pkg_msgs/lib/libturtlesim_pkg_msgs__rosidl_generator_c.so
[3.580s] -- Set runtime path of "/home/sjmock/ros2_ws/src/install/turtlesim_pkg_msgs/lib/libturtlesim_pkg_msgs__rosidl_generator_c.so" to ""
[3.580s] -- Up-to-date: /home/sjmock/ros2_ws/src/install/turtlesim_pkg_msgs/include/turtlesim_pkg_msgs/turtlesim_pkg_msgs
[3.580s] -- Up-to-date: /home/sjmock/ros2_ws/src/install/turtlesim_pkg_msgs/include/turtlesim_pkg_msgs/turtlesim_pkg_msgs/srv
[3.581s] -- Up-to-date: /home/sjmock/ros2_ws/src/install/turtlesim_pkg_msgs/include/turtlesim_pkg_msgs/turtlesim_pkg_msgs/srv/detail
[3.581s] -- Installing: /home/sjmock/ros2_ws/src/install/turtlesim_pkg_msgs/include/turtlesim_pkg_msgs/turtlesim_pkg_msgs/srv/detail/catch_turtle__rosidl_typesupport_fastrtps_c.h
[3.581s] -- Up-to-date: /home/sjmock/ros2_ws/src/install/turtlesim_pkg_msgs/include/turtlesim_pkg_msgs/turtlesim_pkg_msgs/msg
[3.581s] -- Installing: /home/sjmock/ros2_ws/src/install/turtlesim_pkg_msgs/include/turtlesim_pkg_msgs/turtlesim_pkg_msgs/msg/rosidl_typesupport_fastrtps_c__visibility_control.h
[3.581s] -- Up-to-date: /home/sjmock/ros2_ws/src/install/turtlesim_pkg_msgs/include/turtlesim_pkg_msgs/turtlesim_pkg_msgs/msg/detail
[3.581s] -- Installing: /home/sjmock/ros2_ws/src/install/turtlesim_pkg_msgs/include/turtlesim_pkg_msgs/turtlesim_pkg_msgs/msg/detail/turtle__rosidl_typesupport_fastrtps_c.h
[3.581s] -- Installing: /home/sjmock/ros2_ws/src/install/turtlesim_pkg_msgs/include/turtlesim_pkg_msgs/turtlesim_pkg_msgs/msg/detail/turtle_array__rosidl_typesupport_fastrtps_c.h
[3.581s] -- Installing: /home/sjmock/ros2_ws/src/install/turtlesim_pkg_msgs/lib/libturtlesim_pkg_msgs__rosidl_typesupport_fastrtps_c.so
[3.581s] -- Set runtime path of "/home/sjmock/ros2_ws/src/install/turtlesim_pkg_msgs/lib/libturtlesim_pkg_msgs__rosidl_typesupport_fastrtps_c.so" to ""
[3.581s] -- Up-to-date: /home/sjmock/ros2_ws/src/install/turtlesim_pkg_msgs/include/turtlesim_pkg_msgs/turtlesim_pkg_msgs
[3.581s] -- Up-to-date: /home/sjmock/ros2_ws/src/install/turtlesim_pkg_msgs/include/turtlesim_pkg_msgs/turtlesim_pkg_msgs/srv
[3.581s] -- Up-to-date: /home/sjmock/ros2_ws/src/install/turtlesim_pkg_msgs/include/turtlesim_pkg_msgs/turtlesim_pkg_msgs/srv/detail
[3.581s] -- Installing: /home/sjmock/ros2_ws/src/install/turtlesim_pkg_msgs/include/turtlesim_pkg_msgs/turtlesim_pkg_msgs/srv/detail/catch_turtle__rosidl_typesupport_introspection_c.h
[3.581s] -- Installing: /home/sjmock/ros2_ws/src/install/turtlesim_pkg_msgs/include/turtlesim_pkg_msgs/turtlesim_pkg_msgs/srv/detail/catch_turtle__type_support.c
[3.581s] -- Up-to-date: /home/sjmock/ros2_ws/src/install/turtlesim_pkg_msgs/include/turtlesim_pkg_msgs/turtlesim_pkg_msgs/msg
[3.582s] -- Installing: /home/sjmock/ros2_ws/src/install/turtlesim_pkg_msgs/include/turtlesim_pkg_msgs/turtlesim_pkg_msgs/msg/rosidl_typesupport_introspection_c__visibility_control.h
[3.582s] -- Up-to-date: /home/sjmock/ros2_ws/src/install/turtlesim_pkg_msgs/include/turtlesim_pkg_msgs/turtlesim_pkg_msgs/msg/detail
[3.582s] -- Installing: /home/sjmock/ros2_ws/src/install/turtlesim_pkg_msgs/include/turtlesim_pkg_msgs/turtlesim_pkg_msgs/msg/detail/turtle__rosidl_typesupport_introspection_c.h
[3.582s] -- Installing: /home/sjmock/ros2_ws/src/install/turtlesim_pkg_msgs/include/turtlesim_pkg_msgs/turtlesim_pkg_msgs/msg/detail/turtle_array__rosidl_typesupport_introspection_c.h
[3.582s] -- Installing: /home/sjmock/ros2_ws/src/install/turtlesim_pkg_msgs/include/turtlesim_pkg_msgs/turtlesim_pkg_msgs/msg/detail/turtle_array__type_support.c
[3.582s] -- Installing: /home/sjmock/ros2_ws/src/install/turtlesim_pkg_msgs/include/turtlesim_pkg_msgs/turtlesim_pkg_msgs/msg/detail/turtle__type_support.c
[3.582s] -- Installing: /home/sjmock/ros2_ws/src/install/turtlesim_pkg_msgs/lib/libturtlesim_pkg_msgs__rosidl_typesupport_introspection_c.so
[3.582s] -- Set runtime path of "/home/sjmock/ros2_ws/src/install/turtlesim_pkg_msgs/lib/libturtlesim_pkg_msgs__rosidl_typesupport_introspection_c.so" to ""
[3.582s] -- Installing: /home/sjmock/ros2_ws/src/install/turtlesim_pkg_msgs/lib/libturtlesim_pkg_msgs__rosidl_typesupport_c.so
[3.582s] -- Set runtime path of "/home/sjmock/ros2_ws/src/install/turtlesim_pkg_msgs/lib/libturtlesim_pkg_msgs__rosidl_typesupport_c.so" to ""
[3.582s] -- Up-to-date: /home/sjmock/ros2_ws/src/install/turtlesim_pkg_msgs/include/turtlesim_pkg_msgs/turtlesim_pkg_msgs
[3.582s] -- Up-to-date: /home/sjmock/ros2_ws/src/install/turtlesim_pkg_msgs/include/turtlesim_pkg_msgs/turtlesim_pkg_msgs/srv
[3.582s] -- Installing: /home/sjmock/ros2_ws/src/install/turtlesim_pkg_msgs/include/turtlesim_pkg_msgs/turtlesim_pkg_msgs/srv/catch_turtle.hpp
[3.582s] -- Up-to-date: /home/sjmock/ros2_ws/src/install/turtlesim_pkg_msgs/include/turtlesim_pkg_msgs/turtlesim_pkg_msgs/srv/detail
[3.582s] -- Installing: /home/sjmock/ros2_ws/src/install/turtlesim_pkg_msgs/include/turtlesim_pkg_msgs/turtlesim_pkg_msgs/srv/detail/catch_turtle__traits.hpp
[3.582s] -- Installing: /home/sjmock/ros2_ws/src/install/turtlesim_pkg_msgs/include/turtlesim_pkg_msgs/turtlesim_pkg_msgs/srv/detail/catch_turtle__struct.hpp
[3.583s] -- Installing: /home/sjmock/ros2_ws/src/install/turtlesim_pkg_msgs/include/turtlesim_pkg_msgs/turtlesim_pkg_msgs/srv/detail/catch_turtle__builder.hpp
[3.583s] -- Up-to-date: /home/sjmock/ros2_ws/src/install/turtlesim_pkg_msgs/include/turtlesim_pkg_msgs/turtlesim_pkg_msgs/msg
[3.583s] -- Up-to-date: /home/sjmock/ros2_ws/src/install/turtlesim_pkg_msgs/include/turtlesim_pkg_msgs/turtlesim_pkg_msgs/msg/detail
[3.583s] -- Installing: /home/sjmock/ros2_ws/src/install/turtlesim_pkg_msgs/include/turtlesim_pkg_msgs/turtlesim_pkg_msgs/msg/detail/turtle_array__traits.hpp
[3.583s] -- Installing: /home/sjmock/ros2_ws/src/install/turtlesim_pkg_msgs/include/turtlesim_pkg_msgs/turtlesim_pkg_msgs/msg/detail/turtle__struct.hpp
[3.583s] -- Installing: /home/sjmock/ros2_ws/src/install/turtlesim_pkg_msgs/include/turtlesim_pkg_msgs/turtlesim_pkg_msgs/msg/detail/turtle__traits.hpp
[3.583s] -- Installing: /home/sjmock/ros2_ws/src/install/turtlesim_pkg_msgs/include/turtlesim_pkg_msgs/turtlesim_pkg_msgs/msg/detail/turtle__builder.hpp
[3.583s] -- Installing: /home/sjmock/ros2_ws/src/install/turtlesim_pkg_msgs/include/turtlesim_pkg_msgs/turtlesim_pkg_msgs/msg/detail/turtle_array__builder.hpp
[3.583s] -- Installing: /home/sjmock/ros2_ws/src/install/turtlesim_pkg_msgs/include/turtlesim_pkg_msgs/turtlesim_pkg_msgs/msg/detail/turtle_array__struct.hpp
[3.583s] -- Installing: /home/sjmock/ros2_ws/src/install/turtlesim_pkg_msgs/include/turtlesim_pkg_msgs/turtlesim_pkg_msgs/msg/turtle.hpp
[3.583s] -- Installing: /home/sjmock/ros2_ws/src/install/turtlesim_pkg_msgs/include/turtlesim_pkg_msgs/turtlesim_pkg_msgs/msg/turtle_array.hpp
[3.583s] -- Up-to-date: /home/sjmock/ros2_ws/src/install/turtlesim_pkg_msgs/include/turtlesim_pkg_msgs/turtlesim_pkg_msgs
[3.583s] -- Up-to-date: /home/sjmock/ros2_ws/src/install/turtlesim_pkg_msgs/include/turtlesim_pkg_msgs/turtlesim_pkg_msgs/srv
[3.583s] -- Up-to-date: /home/sjmock/ros2_ws/src/install/turtlesim_pkg_msgs/include/turtlesim_pkg_msgs/turtlesim_pkg_msgs/srv/detail
[3.583s] -- Installing: /home/sjmock/ros2_ws/src/install/turtlesim_pkg_msgs/include/turtlesim_pkg_msgs/turtlesim_pkg_msgs/srv/detail/catch_turtle__rosidl_typesupport_fastrtps_cpp.hpp
[3.583s] -- Installing: /home/sjmock/ros2_ws/src/install/turtlesim_pkg_msgs/include/turtlesim_pkg_msgs/turtlesim_pkg_msgs/srv/detail/dds_fastrtps
[3.583s] -- Up-to-date: /home/sjmock/ros2_ws/src/install/turtlesim_pkg_msgs/include/turtlesim_pkg_msgs/turtlesim_pkg_msgs/msg
[3.584s] -- Up-to-date: /home/sjmock/ros2_ws/src/install/turtlesim_pkg_msgs/include/turtlesim_pkg_msgs/turtlesim_pkg_msgs/msg/detail
[3.584s] -- Installing: /home/sjmock/ros2_ws/src/install/turtlesim_pkg_msgs/include/turtlesim_pkg_msgs/turtlesim_pkg_msgs/msg/detail/turtle__rosidl_typesupport_fastrtps_cpp.hpp
[3.584s] -- Installing: /home/sjmock/ros2_ws/src/install/turtlesim_pkg_msgs/include/turtlesim_pkg_msgs/turtlesim_pkg_msgs/msg/detail/dds_fastrtps
[3.584s] -- Installing: /home/sjmock/ros2_ws/src/install/turtlesim_pkg_msgs/include/turtlesim_pkg_msgs/turtlesim_pkg_msgs/msg/detail/turtle_array__rosidl_typesupport_fastrtps_cpp.hpp
[3.584s] -- Installing: /home/sjmock/ros2_ws/src/install/turtlesim_pkg_msgs/include/turtlesim_pkg_msgs/turtlesim_pkg_msgs/msg/rosidl_typesupport_fastrtps_cpp__visibility_control.h
[3.584s] -- Installing: /home/sjmock/ros2_ws/src/install/turtlesim_pkg_msgs/lib/libturtlesim_pkg_msgs__rosidl_typesupport_fastrtps_cpp.so
[3.584s] -- Set runtime path of "/home/sjmock/ros2_ws/src/install/turtlesim_pkg_msgs/lib/libturtlesim_pkg_msgs__rosidl_typesupport_fastrtps_cpp.so" to ""
[3.584s] -- Up-to-date: /home/sjmock/ros2_ws/src/install/turtlesim_pkg_msgs/include/turtlesim_pkg_msgs/turtlesim_pkg_msgs
[3.584s] -- Up-to-date: /home/sjmock/ros2_ws/src/install/turtlesim_pkg_msgs/include/turtlesim_pkg_msgs/turtlesim_pkg_msgs/srv
[3.584s] -- Up-to-date: /home/sjmock/ros2_ws/src/install/turtlesim_pkg_msgs/include/turtlesim_pkg_msgs/turtlesim_pkg_msgs/srv/detail
[3.584s] -- Installing: /home/sjmock/ros2_ws/src/install/turtlesim_pkg_msgs/include/turtlesim_pkg_msgs/turtlesim_pkg_msgs/srv/detail/catch_turtle__rosidl_typesupport_introspection_cpp.hpp
[3.584s] -- Installing: /home/sjmock/ros2_ws/src/install/turtlesim_pkg_msgs/include/turtlesim_pkg_msgs/turtlesim_pkg_msgs/srv/detail/catch_turtle__type_support.cpp
[3.584s] -- Up-to-date: /home/sjmock/ros2_ws/src/install/turtlesim_pkg_msgs/include/turtlesim_pkg_msgs/turtlesim_pkg_msgs/msg
[3.584s] -- Up-to-date: /home/sjmock/ros2_ws/src/install/turtlesim_pkg_msgs/include/turtlesim_pkg_msgs/turtlesim_pkg_msgs/msg/detail
[3.584s] -- Installing: /home/sjmock/ros2_ws/src/install/turtlesim_pkg_msgs/include/turtlesim_pkg_msgs/turtlesim_pkg_msgs/msg/detail/turtle__rosidl_typesupport_introspection_cpp.hpp
[3.584s] -- Installing: /home/sjmock/ros2_ws/src/install/turtlesim_pkg_msgs/include/turtlesim_pkg_msgs/turtlesim_pkg_msgs/msg/detail/turtle_array__rosidl_typesupport_introspection_cpp.hpp
[3.584s] -- Installing: /home/sjmock/ros2_ws/src/install/turtlesim_pkg_msgs/include/turtlesim_pkg_msgs/turtlesim_pkg_msgs/msg/detail/turtle__type_support.cpp
[3.584s] -- Installing: /home/sjmock/ros2_ws/src/install/turtlesim_pkg_msgs/include/turtlesim_pkg_msgs/turtlesim_pkg_msgs/msg/detail/turtle_array__type_support.cpp
[3.585s] -- Installing: /home/sjmock/ros2_ws/src/install/turtlesim_pkg_msgs/lib/libturtlesim_pkg_msgs__rosidl_typesupport_introspection_cpp.so
[3.585s] -- Set runtime path of "/home/sjmock/ros2_ws/src/install/turtlesim_pkg_msgs/lib/libturtlesim_pkg_msgs__rosidl_typesupport_introspection_cpp.so" to ""
[3.585s] -- Installing: /home/sjmock/ros2_ws/src/install/turtlesim_pkg_msgs/lib/libturtlesim_pkg_msgs__rosidl_typesupport_cpp.so
[3.585s] -- Set runtime path of "/home/sjmock/ros2_ws/src/install/turtlesim_pkg_msgs/lib/libturtlesim_pkg_msgs__rosidl_typesupport_cpp.so" to ""
[3.585s] -- Installing: /home/sjmock/ros2_ws/src/install/turtlesim_pkg_msgs/share/turtlesim_pkg_msgs/environment/pythonpath.sh
[3.585s] -- Installing: /home/sjmock/ros2_ws/src/install/turtlesim_pkg_msgs/share/turtlesim_pkg_msgs/environment/pythonpath.dsv
[3.585s] -- Installing: /home/sjmock/ros2_ws/src/install/turtlesim_pkg_msgs/local/lib/python3.10/dist-packages/turtlesim_pkg_msgs-0.0.0-py3.10.egg-info
[3.585s] -- Installing: /home/sjmock/ros2_ws/src/install/turtlesim_pkg_msgs/local/lib/python3.10/dist-packages/turtlesim_pkg_msgs-0.0.0-py3.10.egg-info/dependency_links.txt
[3.585s] -- Installing: /home/sjmock/ros2_ws/src/install/turtlesim_pkg_msgs/local/lib/python3.10/dist-packages/turtlesim_pkg_msgs-0.0.0-py3.10.egg-info/PKG-INFO
[3.585s] -- Installing: /home/sjmock/ros2_ws/src/install/turtlesim_pkg_msgs/local/lib/python3.10/dist-packages/turtlesim_pkg_msgs-0.0.0-py3.10.egg-info/SOURCES.txt
[3.585s] -- Installing: /home/sjmock/ros2_ws/src/install/turtlesim_pkg_msgs/local/lib/python3.10/dist-packages/turtlesim_pkg_msgs-0.0.0-py3.10.egg-info/top_level.txt
[3.585s] -- Installing: /home/sjmock/ros2_ws/src/install/turtlesim_pkg_msgs/local/lib/python3.10/dist-packages/turtlesim_pkg_msgs
[3.585s] -- Installing: /home/sjmock/ros2_ws/src/install/turtlesim_pkg_msgs/local/lib/python3.10/dist-packages/turtlesim_pkg_msgs/turtlesim_pkg_msgs_s__rosidl_typesupport_c.cpython-310-x86_64-linux-gnu.so
[3.585s] -- Installing: /home/sjmock/ros2_ws/src/install/turtlesim_pkg_msgs/local/lib/python3.10/dist-packages/turtlesim_pkg_msgs/srv
[3.585s] -- Installing: /home/sjmock/ros2_ws/src/install/turtlesim_pkg_msgs/local/lib/python3.10/dist-packages/turtlesim_pkg_msgs/srv/_catch_turtle.py
[3.585s] -- Installing: /home/sjmock/ros2_ws/src/install/turtlesim_pkg_msgs/local/lib/python3.10/dist-packages/turtlesim_pkg_msgs/srv/__init__.py
[3.586s] -- Installing: /home/sjmock/ros2_ws/src/install/turtlesim_pkg_msgs/local/lib/python3.10/dist-packages/turtlesim_pkg_msgs/srv/_catch_turtle_s.c
[3.586s] -- Installing: /home/sjmock/ros2_ws/src/install/turtlesim_pkg_msgs/local/lib/python3.10/dist-packages/turtlesim_pkg_msgs/__init__.py
[3.586s] -- Installing: /home/sjmock/ros2_ws/src/install/turtlesim_pkg_msgs/local/lib/python3.10/dist-packages/turtlesim_pkg_msgs/turtlesim_pkg_msgs_s__rosidl_typesupport_introspection_c.cpython-310-x86_64-linux-gnu.so
[3.586s] -- Installing: /home/sjmock/ros2_ws/src/install/turtlesim_pkg_msgs/local/lib/python3.10/dist-packages/turtlesim_pkg_msgs/turtlesim_pkg_msgs_s__rosidl_typesupport_fastrtps_c.cpython-310-x86_64-linux-gnu.so
[3.586s] -- Installing: /home/sjmock/ros2_ws/src/install/turtlesim_pkg_msgs/local/lib/python3.10/dist-packages/turtlesim_pkg_msgs/_turtlesim_pkg_msgs_s.ep.rosidl_typesupport_fastrtps_c.c
[3.586s] -- Installing: /home/sjmock/ros2_ws/src/install/turtlesim_pkg_msgs/local/lib/python3.10/dist-packages/turtlesim_pkg_msgs/msg
[3.586s] -- Installing: /home/sjmock/ros2_ws/src/install/turtlesim_pkg_msgs/local/lib/python3.10/dist-packages/turtlesim_pkg_msgs/msg/_turtle_s.c
[3.586s] -- Installing: /home/sjmock/ros2_ws/src/install/turtlesim_pkg_msgs/local/lib/python3.10/dist-packages/turtlesim_pkg_msgs/msg/_turtle_array.py
[3.586s] -- Installing: /home/sjmock/ros2_ws/src/install/turtlesim_pkg_msgs/local/lib/python3.10/dist-packages/turtlesim_pkg_msgs/msg/__init__.py
[3.586s] -- Installing: /home/sjmock/ros2_ws/src/install/turtlesim_pkg_msgs/local/lib/python3.10/dist-packages/turtlesim_pkg_msgs/msg/_turtle_array_s.c
[3.586s] -- Installing: /home/sjmock/ros2_ws/src/install/turtlesim_pkg_msgs/local/lib/python3.10/dist-packages/turtlesim_pkg_msgs/msg/_turtle.py
[3.586s] -- Installing: /home/sjmock/ros2_ws/src/install/turtlesim_pkg_msgs/local/lib/python3.10/dist-packages/turtlesim_pkg_msgs/libturtlesim_pkg_msgs__rosidl_generator_py.so
[3.586s] -- Installing: /home/sjmock/ros2_ws/src/install/turtlesim_pkg_msgs/local/lib/python3.10/dist-packages/turtlesim_pkg_msgs/_turtlesim_pkg_msgs_s.ep.rosidl_typesupport_c.c
[3.586s] -- Installing: /home/sjmock/ros2_ws/src/install/turtlesim_pkg_msgs/local/lib/python3.10/dist-packages/turtlesim_pkg_msgs/_turtlesim_pkg_msgs_s.ep.rosidl_typesupport_introspection_c.c
[3.616s] Listing '/home/sjmock/ros2_ws/src/install/turtlesim_pkg_msgs/local/lib/python3.10/dist-packages/turtlesim_pkg_msgs'...
[3.616s] Compiling '/home/sjmock/ros2_ws/src/install/turtlesim_pkg_msgs/local/lib/python3.10/dist-packages/turtlesim_pkg_msgs/__init__.py'...
[3.616s] Listing '/home/sjmock/ros2_ws/src/install/turtlesim_pkg_msgs/local/lib/python3.10/dist-packages/turtlesim_pkg_msgs/msg'...
[3.616s] Compiling '/home/sjmock/ros2_ws/src/install/turtlesim_pkg_msgs/local/lib/python3.10/dist-packages/turtlesim_pkg_msgs/msg/__init__.py'...
[3.616s] Compiling '/home/sjmock/ros2_ws/src/install/turtlesim_pkg_msgs/local/lib/python3.10/dist-packages/turtlesim_pkg_msgs/msg/_turtle.py'...
[3.616s] Compiling '/home/sjmock/ros2_ws/src/install/turtlesim_pkg_msgs/local/lib/python3.10/dist-packages/turtlesim_pkg_msgs/msg/_turtle_array.py'...
[3.616s] Listing '/home/sjmock/ros2_ws/src/install/turtlesim_pkg_msgs/local/lib/python3.10/dist-packages/turtlesim_pkg_msgs/srv'...
[3.616s] Compiling '/home/sjmock/ros2_ws/src/install/turtlesim_pkg_msgs/local/lib/python3.10/dist-packages/turtlesim_pkg_msgs/srv/__init__.py'...
[3.617s] Compiling '/home/sjmock/ros2_ws/src/install/turtlesim_pkg_msgs/local/lib/python3.10/dist-packages/turtlesim_pkg_msgs/srv/_catch_turtle.py'...
[3.620s] -- Installing: /home/sjmock/ros2_ws/src/install/turtlesim_pkg_msgs/local/lib/python3.10/dist-packages/turtlesim_pkg_msgs/turtlesim_pkg_msgs_s__rosidl_typesupport_fastrtps_c.cpython-310-x86_64-linux-gnu.so
[3.620s] -- Set runtime path of "/home/sjmock/ros2_ws/src/install/turtlesim_pkg_msgs/local/lib/python3.10/dist-packages/turtlesim_pkg_msgs/turtlesim_pkg_msgs_s__rosidl_typesupport_fastrtps_c.cpython-310-x86_64-linux-gnu.so" to ""
[3.620s] -- Installing: /home/sjmock/ros2_ws/src/install/turtlesim_pkg_msgs/local/lib/python3.10/dist-packages/turtlesim_pkg_msgs/turtlesim_pkg_msgs_s__rosidl_typesupport_introspection_c.cpython-310-x86_64-linux-gnu.so
[3.621s] -- Set runtime path of "/home/sjmock/ros2_ws/src/install/turtlesim_pkg_msgs/local/lib/python3.10/dist-packages/turtlesim_pkg_msgs/turtlesim_pkg_msgs_s__rosidl_typesupport_introspection_c.cpython-310-x86_64-linux-gnu.so" to ""
[3.621s] -- Installing: /home/sjmock/ros2_ws/src/install/turtlesim_pkg_msgs/local/lib/python3.10/dist-packages/turtlesim_pkg_msgs/turtlesim_pkg_msgs_s__rosidl_typesupport_c.cpython-310-x86_64-linux-gnu.so
[3.621s] -- Set runtime path of "/home/sjmock/ros2_ws/src/install/turtlesim_pkg_msgs/local/lib/python3.10/dist-packages/turtlesim_pkg_msgs/turtlesim_pkg_msgs_s__rosidl_typesupport_c.cpython-310-x86_64-linux-gnu.so" to ""
[3.621s] -- Installing: /home/sjmock/ros2_ws/src/install/turtlesim_pkg_msgs/lib/libturtlesim_pkg_msgs__rosidl_generator_py.so
[3.621s] -- Set runtime path of "/home/sjmock/ros2_ws/src/install/turtlesim_pkg_msgs/lib/libturtlesim_pkg_msgs__rosidl_generator_py.so" to ""
[3.621s] -- Installing: /home/sjmock/ros2_ws/src/install/turtlesim_pkg_msgs/share/turtlesim_pkg_msgs/msg/Turtle.idl
[3.621s] -- Installing: /home/sjmock/ros2_ws/src/install/turtlesim_pkg_msgs/share/turtlesim_pkg_msgs/msg/TurtleArray.idl
[3.622s] -- Installing: /home/sjmock/ros2_ws/src/install/turtlesim_pkg_msgs/share/turtlesim_pkg_msgs/srv/CatchTurtle.idl
[3.622s] -- Installing: /home/sjmock/ros2_ws/src/install/turtlesim_pkg_msgs/share/turtlesim_pkg_msgs/msg/Turtle.msg
[3.622s] -- Installing: /home/sjmock/ros2_ws/src/install/turtlesim_pkg_msgs/share/turtlesim_pkg_msgs/msg/TurtleArray.msg
[3.622s] -- Installing: /home/sjmock/ros2_ws/src/install/turtlesim_pkg_msgs/share/turtlesim_pkg_msgs/srv/CatchTurtle.srv
[3.622s] -- Installing: /home/sjmock/ros2_ws/src/install/turtlesim_pkg_msgs/share/turtlesim_pkg_msgs/srv/CatchTurtle_Request.msg
[3.622s] -- Installing: /home/sjmock/ros2_ws/src/install/turtlesim_pkg_msgs/share/turtlesim_pkg_msgs/srv/CatchTurtle_Response.msg
[3.622s] -- Installing: /home/sjmock/ros2_ws/src/install/turtlesim_pkg_msgs/share/ament_index/resource_index/package_run_dependencies/turtlesim_pkg_msgs
[3.622s] -- Installing: /home/sjmock/ros2_ws/src/install/turtlesim_pkg_msgs/share/ament_index/resource_index/parent_prefix_path/turtlesim_pkg_msgs
[3.622s] -- Installing: /home/sjmock/ros2_ws/src/install/turtlesim_pkg_msgs/share/turtlesim_pkg_msgs/environment/ament_prefix_path.sh
[3.622s] -- Installing: /home/sjmock/ros2_ws/src/install/turtlesim_pkg_msgs/share/turtlesim_pkg_msgs/environment/ament_prefix_path.dsv
[3.623s] -- Installing: /home/sjmock/ros2_ws/src/install/turtlesim_pkg_msgs/share/turtlesim_pkg_msgs/environment/path.sh
[3.623s] -- Installing: /home/sjmock/ros2_ws/src/install/turtlesim_pkg_msgs/share/turtlesim_pkg_msgs/environment/path.dsv
[3.623s] -- Installing: /home/sjmock/ros2_ws/src/install/turtlesim_pkg_msgs/share/turtlesim_pkg_msgs/local_setup.bash
[3.623s] -- Installing: /home/sjmock/ros2_ws/src/install/turtlesim_pkg_msgs/share/turtlesim_pkg_msgs/local_setup.sh
[3.623s] -- Installing: /home/sjmock/ros2_ws/src/install/turtlesim_pkg_msgs/share/turtlesim_pkg_msgs/local_setup.zsh
[3.623s] -- Installing: /home/sjmock/ros2_ws/src/install/turtlesim_pkg_msgs/share/turtlesim_pkg_msgs/local_setup.dsv
[3.623s] -- Installing: /home/sjmock/ros2_ws/src/install/turtlesim_pkg_msgs/share/turtlesim_pkg_msgs/package.dsv
[3.623s] -- Installing: /home/sjmock/ros2_ws/src/install/turtlesim_pkg_msgs/share/ament_index/resource_index/packages/turtlesim_pkg_msgs
[3.623s] -- Installing: /home/sjmock/ros2_ws/src/install/turtlesim_pkg_msgs/share/turtlesim_pkg_msgs/cmake/export_turtlesim_pkg_msgs__rosidl_generator_cExport.cmake
[3.623s] -- Installing: /home/sjmock/ros2_ws/src/install/turtlesim_pkg_msgs/share/turtlesim_pkg_msgs/cmake/export_turtlesim_pkg_msgs__rosidl_generator_cExport-noconfig.cmake
[3.623s] -- Installing: /home/sjmock/ros2_ws/src/install/turtlesim_pkg_msgs/share/turtlesim_pkg_msgs/cmake/export_turtlesim_pkg_msgs__rosidl_typesupport_fastrtps_cExport.cmake
[3.624s] -- Installing: /home/sjmock/ros2_ws/src/install/turtlesim_pkg_msgs/share/turtlesim_pkg_msgs/cmake/export_turtlesim_pkg_msgs__rosidl_typesupport_fastrtps_cExport-noconfig.cmake
[3.624s] -- Installing: /home/sjmock/ros2_ws/src/install/turtlesim_pkg_msgs/share/turtlesim_pkg_msgs/cmake/turtlesim_pkg_msgs__rosidl_typesupport_introspection_cExport.cmake
[3.624s] -- Installing: /home/sjmock/ros2_ws/src/install/turtlesim_pkg_msgs/share/turtlesim_pkg_msgs/cmake/turtlesim_pkg_msgs__rosidl_typesupport_introspection_cExport-noconfig.cmake
[3.624s] -- Installing: /home/sjmock/ros2_ws/src/install/turtlesim_pkg_msgs/share/turtlesim_pkg_msgs/cmake/turtlesim_pkg_msgs__rosidl_typesupport_cExport.cmake
[3.624s] -- Installing: /home/sjmock/ros2_ws/src/install/turtlesim_pkg_msgs/share/turtlesim_pkg_msgs/cmake/turtlesim_pkg_msgs__rosidl_typesupport_cExport-noconfig.cmake
[3.624s] -- Installing: /home/sjmock/ros2_ws/src/install/turtlesim_pkg_msgs/share/turtlesim_pkg_msgs/cmake/export_turtlesim_pkg_msgs__rosidl_generator_cppExport.cmake
[3.624s] -- Installing: /home/sjmock/ros2_ws/src/install/turtlesim_pkg_msgs/share/turtlesim_pkg_msgs/cmake/export_turtlesim_pkg_msgs__rosidl_typesupport_fastrtps_cppExport.cmake
[3.624s] -- Installing: /home/sjmock/ros2_ws/src/install/turtlesim_pkg_msgs/share/turtlesim_pkg_msgs/cmake/export_turtlesim_pkg_msgs__rosidl_typesupport_fastrtps_cppExport-noconfig.cmake
[3.625s] -- Installing: /home/sjmock/ros2_ws/src/install/turtlesim_pkg_msgs/share/turtlesim_pkg_msgs/cmake/turtlesim_pkg_msgs__rosidl_typesupport_introspection_cppExport.cmake
[3.625s] -- Installing: /home/sjmock/ros2_ws/src/install/turtlesim_pkg_msgs/share/turtlesim_pkg_msgs/cmake/turtlesim_pkg_msgs__rosidl_typesupport_introspection_cppExport-noconfig.cmake
[3.625s] -- Installing: /home/sjmock/ros2_ws/src/install/turtlesim_pkg_msgs/share/turtlesim_pkg_msgs/cmake/turtlesim_pkg_msgs__rosidl_typesupport_cppExport.cmake
[3.625s] -- Installing: /home/sjmock/ros2_ws/src/install/turtlesim_pkg_msgs/share/turtlesim_pkg_msgs/cmake/turtlesim_pkg_msgs__rosidl_typesupport_cppExport-noconfig.cmake
[3.625s] -- Installing: /home/sjmock/ros2_ws/src/install/turtlesim_pkg_msgs/share/turtlesim_pkg_msgs/cmake/export_turtlesim_pkg_msgs__rosidl_generator_pyExport.cmake
[3.625s] -- Installing: /home/sjmock/ros2_ws/src/install/turtlesim_pkg_msgs/share/turtlesim_pkg_msgs/cmake/export_turtlesim_pkg_msgs__rosidl_generator_pyExport-noconfig.cmake
[3.625s] -- Installing: /home/sjmock/ros2_ws/src/install/turtlesim_pkg_msgs/share/turtlesim_pkg_msgs/cmake/rosidl_cmake-extras.cmake
[3.625s] -- Installing: /home/sjmock/ros2_ws/src/install/turtlesim_pkg_msgs/share/turtlesim_pkg_msgs/cmake/ament_cmake_export_include_directories-extras.cmake
[3.625s] -- Installing: /home/sjmock/ros2_ws/src/install/turtlesim_pkg_msgs/share/turtlesim_pkg_msgs/cmake/ament_cmake_export_libraries-extras.cmake
[3.626s] -- Installing: /home/sjmock/ros2_ws/src/install/turtlesim_pkg_msgs/share/turtlesim_pkg_msgs/cmake/ament_cmake_export_targets-extras.cmake
[3.626s] -- Installing: /home/sjmock/ros2_ws/src/install/turtlesim_pkg_msgs/share/turtlesim_pkg_msgs/cmake/rosidl_cmake_export_typesupport_targets-extras.cmake
[3.626s] -- Installing: /home/sjmock/ros2_ws/src/install/turtlesim_pkg_msgs/share/turtlesim_pkg_msgs/cmake/ament_cmake_export_dependencies-extras.cmake
[3.626s] -- Installing: /home/sjmock/ros2_ws/src/install/turtlesim_pkg_msgs/share/turtlesim_pkg_msgs/cmake/rosidl_cmake_export_typesupport_libraries-extras.cmake
[3.626s] -- Installing: /home/sjmock/ros2_ws/src/install/turtlesim_pkg_msgs/share/turtlesim_pkg_msgs/cmake/turtlesim_pkg_msgsConfig.cmake
[3.626s] -- Installing: /home/sjmock/ros2_ws/src/install/turtlesim_pkg_msgs/share/turtlesim_pkg_msgs/cmake/turtlesim_pkg_msgsConfig-version.cmake
[3.626s] -- Installing: /home/sjmock/ros2_ws/src/install/turtlesim_pkg_msgs/share/turtlesim_pkg_msgs/package.xml
[3.631s] Invoked command in '/home/sjmock/ros2_ws/src/build/turtlesim_pkg_msgs' returned '0': CMAKE_PREFIX_PATH=${CMAKE_PREFIX_PATH}:/home/sjmock/ros2_ws/install/turtlesim_pkg:/home/sjmock/ros2_ws/install/my_py_pkg:/opt/ros/humble /usr/bin/cmake --install /home/sjmock/ros2_ws/src/build/turtlesim_pkg_msgs
