running egg_info
writing ../build/turtlesim_pkg/turtlesim_pkg.egg-info/PKG-INFO
writing dependency_links to ../build/turtlesim_pkg/turtlesim_pkg.egg-info/dependency_links.txt
writing entry points to ../build/turtlesim_pkg/turtlesim_pkg.egg-info/entry_points.txt
writing requirements to ../build/turtlesim_pkg/turtlesim_pkg.egg-info/requires.txt
writing top-level names to ../build/turtlesim_pkg/turtlesim_pkg.egg-info/top_level.txt
reading manifest file '../build/turtlesim_pkg/turtlesim_pkg.egg-info/SOURCES.txt'
writing manifest file '../build/turtlesim_pkg/turtlesim_pkg.egg-info/SOURCES.txt'
running build
running build_py
copying turtlesim_pkg/turtle_spawner.py -> /home/sjmock/ros2_ws/src/build/turtlesim_pkg/build/lib/turtlesim_pkg
running install
running install_lib
copying /home/sjmock/ros2_ws/src/build/turtlesim_pkg/build/lib/turtlesim_pkg/turtle_spawner.py -> /home/sjmock/ros2_ws/src/install/turtlesim_pkg/lib/python3.10/site-packages/turtlesim_pkg
byte-compiling /home/sjmock/ros2_ws/src/install/turtlesim_pkg/lib/python3.10/site-packages/turtlesim_pkg/turtle_spawner.py to turtle_spawner.cpython-310.pyc
running install_data
running install_egg_info
removing '/home/sjmock/ros2_ws/src/install/turtlesim_pkg/lib/python3.10/site-packages/turtlesim_pkg-0.0.0-py3.10.egg-info' (and everything under it)
Copying ../build/turtlesim_pkg/turtlesim_pkg.egg-info to /home/sjmock/ros2_ws/src/install/turtlesim_pkg/lib/python3.10/site-packages/turtlesim_pkg-0.0.0-py3.10.egg-info
running install_scripts
Installing turtle_controller script to /home/sjmock/ros2_ws/src/install/turtlesim_pkg/lib/turtlesim_pkg
Installing turtle_spawner script to /home/sjmock/ros2_ws/src/install/turtlesim_pkg/lib/turtlesim_pkg
writing list of installed files to '/home/sjmock/ros2_ws/src/build/turtlesim_pkg/install.log'
