[0.747s] Invoking command in '/home/sjmock/ros2_ws/src/turtlesim_pkg': AMENT_PREFIX_PATH=/home/sjmock/ros2_ws/src/install/turtlesim_pkg_msgs:${AMENT_PREFIX_PATH} CMAKE_PREFIX_PATH=/home/sjmock/ros2_ws/src/install/turtlesim_pkg_msgs:${CMAKE_PREFIX_PATH} LD_LIBRARY_PATH=/home/sjmock/ros2_ws/src/install/turtlesim_pkg_msgs/lib:${LD_LIBRARY_PATH} PYTHONPATH=/home/sjmock/ros2_ws/src/build/turtlesim_pkg/prefix_override:/home/sjmock/ros2_ws/src/install/turtlesim_pkg/lib/python3.10/site-packages:/home/sjmock/ros2_ws/src/install/turtlesim_pkg_msgs/local/lib/python3.10/dist-packages:${PYTHONPATH} /usr/bin/python3 setup.py egg_info --egg-base ../build/turtlesim_pkg build --build-base /home/sjmock/ros2_ws/src/build/turtlesim_pkg/build install --record /home/sjmock/ros2_ws/src/build/turtlesim_pkg/install.log --single-version-externally-managed
[0.926s] running egg_info
[0.927s] writing ../build/turtlesim_pkg/turtlesim_pkg.egg-info/PKG-INFO
[0.927s] writing dependency_links to ../build/turtlesim_pkg/turtlesim_pkg.egg-info/dependency_links.txt
[0.927s] writing entry points to ../build/turtlesim_pkg/turtlesim_pkg.egg-info/entry_points.txt
[0.927s] writing requirements to ../build/turtlesim_pkg/turtlesim_pkg.egg-info/requires.txt
[0.927s] writing top-level names to ../build/turtlesim_pkg/turtlesim_pkg.egg-info/top_level.txt
[0.928s] reading manifest file '../build/turtlesim_pkg/turtlesim_pkg.egg-info/SOURCES.txt'
[0.929s] writing manifest file '../build/turtlesim_pkg/turtlesim_pkg.egg-info/SOURCES.txt'
[0.929s] running build
[0.929s] running build_py
[0.929s] copying turtlesim_pkg/turtle_spawner.py -> /home/sjmock/ros2_ws/src/build/turtlesim_pkg/build/lib/turtlesim_pkg
[0.929s] running install
[0.929s] running install_lib
[0.930s] copying /home/sjmock/ros2_ws/src/build/turtlesim_pkg/build/lib/turtlesim_pkg/turtle_spawner.py -> /home/sjmock/ros2_ws/src/install/turtlesim_pkg/lib/python3.10/site-packages/turtlesim_pkg
[0.930s] byte-compiling /home/sjmock/ros2_ws/src/install/turtlesim_pkg/lib/python3.10/site-packages/turtlesim_pkg/turtle_spawner.py to turtle_spawner.cpython-310.pyc
[0.931s] running install_data
[0.931s] running install_egg_info
[0.933s] removing '/home/sjmock/ros2_ws/src/install/turtlesim_pkg/lib/python3.10/site-packages/turtlesim_pkg-0.0.0-py3.10.egg-info' (and everything under it)
[0.933s] Copying ../build/turtlesim_pkg/turtlesim_pkg.egg-info to /home/sjmock/ros2_ws/src/install/turtlesim_pkg/lib/python3.10/site-packages/turtlesim_pkg-0.0.0-py3.10.egg-info
[0.934s] running install_scripts
[0.948s] Installing turtle_controller script to /home/sjmock/ros2_ws/src/install/turtlesim_pkg/lib/turtlesim_pkg
[0.948s] Installing turtle_spawner script to /home/sjmock/ros2_ws/src/install/turtlesim_pkg/lib/turtlesim_pkg
[0.948s] writing list of installed files to '/home/sjmock/ros2_ws/src/build/turtlesim_pkg/install.log'
[0.985s] Invoked command in '/home/sjmock/ros2_ws/src/turtlesim_pkg' returned '0': AMENT_PREFIX_PATH=/home/sjmock/ros2_ws/src/install/turtlesim_pkg_msgs:${AMENT_PREFIX_PATH} CMAKE_PREFIX_PATH=/home/sjmock/ros2_ws/src/install/turtlesim_pkg_msgs:${CMAKE_PREFIX_PATH} LD_LIBRARY_PATH=/home/sjmock/ros2_ws/src/install/turtlesim_pkg_msgs/lib:${LD_LIBRARY_PATH} PYTHONPATH=/home/sjmock/ros2_ws/src/build/turtlesim_pkg/prefix_override:/home/sjmock/ros2_ws/src/install/turtlesim_pkg/lib/python3.10/site-packages:/home/sjmock/ros2_ws/src/install/turtlesim_pkg_msgs/local/lib/python3.10/dist-packages:${PYTHONPATH} /usr/bin/python3 setup.py egg_info --egg-base ../build/turtlesim_pkg build --build-base /home/sjmock/ros2_ws/src/build/turtlesim_pkg/build install --record /home/sjmock/ros2_ws/src/build/turtlesim_pkg/install.log --single-version-externally-managed
